[0.178s] Invoking command in '/home/rens/linorobot2_ws/build/linorobot2_description': CMAKE_PREFIX_PATH=${CMAKE_PREFIX_PATH}:/opt/ros/jazzy /usr/bin/cmake --build /home/rens/linorobot2_ws/build/linorobot2_description -- -j4 -l4
[0.593s] Invoked command in '/home/rens/linorobot2_ws/build/linorobot2_description' returned '0': CMAKE_PREFIX_PATH=${CMAKE_PREFIX_PATH}:/opt/ros/jazzy /usr/bin/cmake --build /home/rens/linorobot2_ws/build/linorobot2_description -- -j4 -l4
[0.602s] Invoking command in '/home/rens/linorobot2_ws/build/linorobot2_description': CMAKE_PREFIX_PATH=${CMAKE_PREFIX_PATH}:/opt/ros/jazzy /usr/bin/cmake --install /home/rens/linorobot2_ws/build/linorobot2_description
[0.705s] -- Install configuration: ""
[0.708s] -- Execute custom install script
[0.714s] -- Up-to-date symlink: /home/rens/linorobot2_ws/install/linorobot2_description/share/linorobot2_description/launch/description.launch.py
[0.715s] -- Up-to-date symlink: /home/rens/linorobot2_ws/install/linorobot2_description/share/linorobot2_description/launch/visualize.launch.py
[0.721s] -- Up-to-date symlink: /home/rens/linorobot2_ws/install/linorobot2_description/share/linorobot2_description/urdf/2wd_properties.urdf.xacro
[0.722s] -- Up-to-date symlink: /home/rens/linorobot2_ws/install/linorobot2_description/share/linorobot2_description/urdf/4wd_properties.urdf.xacro
[0.724s] -- Up-to-date symlink: /home/rens/linorobot2_ws/install/linorobot2_description/share/linorobot2_description/urdf/controllers/diff_drive.urdf.xacro
[0.728s] -- Up-to-date symlink: /home/rens/linorobot2_ws/install/linorobot2_description/share/linorobot2_description/urdf/controllers/omni_drive.urdf.xacro
[0.729s] -- Up-to-date symlink: /home/rens/linorobot2_ws/install/linorobot2_description/share/linorobot2_description/urdf/controllers/skid_steer.urdf.xacro
[0.733s] -- Up-to-date symlink: /home/rens/linorobot2_ws/install/linorobot2_description/share/linorobot2_description/urdf/mecanum_properties.urdf.xacro
[0.734s] -- Up-to-date symlink: /home/rens/linorobot2_ws/install/linorobot2_description/share/linorobot2_description/urdf/mech/base.urdf.xacro
[0.737s] -- Up-to-date symlink: /home/rens/linorobot2_ws/install/linorobot2_description/share/linorobot2_description/urdf/mech/caster_wheel.urdf.xacro
[0.741s] -- Up-to-date symlink: /home/rens/linorobot2_ws/install/linorobot2_description/share/linorobot2_description/urdf/mech/mecanum_wheel.urdf.xacro
[0.742s] -- Up-to-date symlink: /home/rens/linorobot2_ws/install/linorobot2_description/share/linorobot2_description/urdf/mech/wheel.urdf.xacro
[0.746s] -- Up-to-date symlink: /home/rens/linorobot2_ws/install/linorobot2_description/share/linorobot2_description/urdf/robots/2wd.urdf.xacro
[0.747s] -- Up-to-date symlink: /home/rens/linorobot2_ws/install/linorobot2_description/share/linorobot2_description/urdf/robots/4wd.urdf.xacro
[0.749s] -- Up-to-date symlink: /home/rens/linorobot2_ws/install/linorobot2_description/share/linorobot2_description/urdf/robots/mecanum.urdf.xacro
[0.754s] -- Up-to-date symlink: /home/rens/linorobot2_ws/install/linorobot2_description/share/linorobot2_description/urdf/robots/turtlebot.urdf.xacro
[0.754s] -- Up-to-date symlink: /home/rens/linorobot2_ws/install/linorobot2_description/share/linorobot2_description/urdf/robots/vattenkar.urdf.xacro
[0.757s] -- Up-to-date symlink: /home/rens/linorobot2_ws/install/linorobot2_description/share/linorobot2_description/urdf/sensors/depth_sensor.urdf.xacro
[0.760s] -- Up-to-date symlink: /home/rens/linorobot2_ws/install/linorobot2_description/share/linorobot2_description/urdf/sensors/generic_laser.urdf.xacro
[0.764s] -- Up-to-date symlink: /home/rens/linorobot2_ws/install/linorobot2_description/share/linorobot2_description/urdf/sensors/imu.urdf.xacro
[0.765s] -- Up-to-date symlink: /home/rens/linorobot2_ws/install/linorobot2_description/share/linorobot2_description/urdf/sensors/laser.urdf.xacro
[0.770s] -- Up-to-date symlink: /home/rens/linorobot2_ws/install/linorobot2_description/share/linorobot2_description/urdf/sensors/plugins.urdf.xacro
[0.770s] -- Up-to-date symlink: /home/rens/linorobot2_ws/install/linorobot2_description/share/linorobot2_description/rviz/description.rviz
[0.775s] -- Up-to-date symlink: /home/rens/linorobot2_ws/install/linorobot2_description/share/linorobot2_description/meshes/base.dae
[0.777s] -- Up-to-date symlink: /home/rens/linorobot2_ws/install/linorobot2_description/share/linorobot2_description/meshes/tire.dae
[0.780s] -- Up-to-date symlink: /home/rens/linorobot2_ws/install/linorobot2_description/share/ament_index/resource_index/package_run_dependencies/linorobot2_description
[0.783s] -- Up-to-date symlink: /home/rens/linorobot2_ws/install/linorobot2_description/share/ament_index/resource_index/parent_prefix_path/linorobot2_description
[0.787s] -- Up-to-date symlink: /home/rens/linorobot2_ws/install/linorobot2_description/share/linorobot2_description/environment/ament_prefix_path.sh
[0.789s] -- Up-to-date symlink: /home/rens/linorobot2_ws/install/linorobot2_description/share/linorobot2_description/environment/ament_prefix_path.dsv
[0.792s] -- Up-to-date symlink: /home/rens/linorobot2_ws/install/linorobot2_description/share/linorobot2_description/environment/path.sh
[0.796s] -- Up-to-date symlink: /home/rens/linorobot2_ws/install/linorobot2_description/share/linorobot2_description/environment/path.dsv
[0.798s] -- Up-to-date symlink: /home/rens/linorobot2_ws/install/linorobot2_description/share/linorobot2_description/local_setup.bash
[0.801s] -- Up-to-date symlink: /home/rens/linorobot2_ws/install/linorobot2_description/share/linorobot2_description/local_setup.sh
[0.804s] -- Up-to-date symlink: /home/rens/linorobot2_ws/install/linorobot2_description/share/linorobot2_description/local_setup.zsh
[0.808s] -- Up-to-date symlink: /home/rens/linorobot2_ws/install/linorobot2_description/share/linorobot2_description/local_setup.dsv
[0.808s] -- Symlinking: /home/rens/linorobot2_ws/install/linorobot2_description/share/linorobot2_description/package.dsv
[0.933s] -- Up-to-date symlink: /home/rens/linorobot2_ws/install/linorobot2_description/share/ament_index/resource_index/packages/linorobot2_description
[0.934s] -- Up-to-date symlink: /home/rens/linorobot2_ws/install/linorobot2_description/share/linorobot2_description/cmake/linorobot2_descriptionConfig.cmake
[0.952s] -- Up-to-date symlink: /home/rens/linorobot2_ws/install/linorobot2_description/share/linorobot2_description/cmake/linorobot2_descriptionConfig-version.cmake
[0.953s] -- Up-to-date symlink: /home/rens/linorobot2_ws/install/linorobot2_description/share/linorobot2_description/package.xml
[1.056s] Invoked command in '/home/rens/linorobot2_ws/build/linorobot2_description' returned '0': CMAKE_PREFIX_PATH=${CMAKE_PREFIX_PATH}:/opt/ros/jazzy /usr/bin/cmake --install /home/rens/linorobot2_ws/build/linorobot2_description
