[9.305s] Invoking command in '/home/rens/linorobot2_ws/build/linorobot2_gazebo': PYTHONPATH=/home/rens/linorobot2_ws/build/linorobot2_gazebo/prefix_override:/usr/lib/python3/dist-packages/colcon_core/task/python/colcon_distutils_commands:/home/rens/linorobot2_ws/install/linorobot2_gazebo/lib/python3.12/site-packages:${PYTHONPATH} /usr/bin/python3 -W ignore:setup.py install is deprecated -W ignore:easy_install command is deprecated setup.py develop --editable --build-directory /home/rens/linorobot2_ws/build/linorobot2_gazebo/build --no-deps symlink_data
[10.813s] running develop
[11.823s] running egg_info
[11.823s] creating linorobot2_gazebo.egg-info
[11.911s] writing linorobot2_gazebo.egg-info/PKG-INFO
[11.912s] writing dependency_links to linorobot2_gazebo.egg-info/dependency_links.txt
[11.913s] writing entry points to linorobot2_gazebo.egg-info/entry_points.txt
[11.913s] writing top-level names to linorobot2_gazebo.egg-info/top_level.txt
[11.914s] writing manifest file 'linorobot2_gazebo.egg-info/SOURCES.txt'
[12.093s] reading manifest file 'linorobot2_gazebo.egg-info/SOURCES.txt'
[12.096s] writing manifest file 'linorobot2_gazebo.egg-info/SOURCES.txt'
[12.189s] running build_ext
[12.190s] Creating /home/rens/linorobot2_ws/install/linorobot2_gazebo/lib/python3.12/site-packages/linorobot2-gazebo.egg-link (link to .)
[12.193s] Installing command_timeout script to /home/rens/linorobot2_ws/install/linorobot2_gazebo/lib/linorobot2_gazebo
[12.194s] 
[12.195s] Installed /home/rens/linorobot2_ws/build/linorobot2_gazebo
[12.196s] running symlink_data
[12.196s] creating /home/rens/linorobot2_ws/install/linorobot2_gazebo/share/ament_index
[12.197s] creating /home/rens/linorobot2_ws/install/linorobot2_gazebo/share/ament_index/resource_index
[12.198s] creating /home/rens/linorobot2_ws/install/linorobot2_gazebo/share/ament_index/resource_index/packages
[12.198s] symbolically linking /home/rens/linorobot2_ws/build/linorobot2_gazebo/resource/linorobot2_gazebo -> /home/rens/linorobot2_ws/install/linorobot2_gazebo/share/ament_index/resource_index/packages
[12.199s] symbolically linking /home/rens/linorobot2_ws/build/linorobot2_gazebo/package.xml -> /home/rens/linorobot2_ws/install/linorobot2_gazebo/share/linorobot2_gazebo
[12.199s] creating /home/rens/linorobot2_ws/install/linorobot2_gazebo/share/linorobot2_gazebo/launch
[12.200s] symbolically linking /home/rens/linorobot2_ws/build/linorobot2_gazebo/launch/gazebo.launch.py -> /home/rens/linorobot2_ws/install/linorobot2_gazebo/share/linorobot2_gazebo/launch
[12.200s] creating /home/rens/linorobot2_ws/install/linorobot2_gazebo/share/linorobot2_gazebo/worlds
[12.201s] symbolically linking /home/rens/linorobot2_ws/build/linorobot2_gazebo/worlds/turtlebot3_world.sdf -> /home/rens/linorobot2_ws/install/linorobot2_gazebo/share/linorobot2_gazebo/worlds
[12.202s] symbolically linking /home/rens/linorobot2_ws/build/linorobot2_gazebo/worlds/playground.sdf -> /home/rens/linorobot2_ws/install/linorobot2_gazebo/share/linorobot2_gazebo/worlds
[12.202s] creating /home/rens/linorobot2_ws/install/linorobot2_gazebo/share/linorobot2_gazebo/rviz
[12.203s] symbolically linking /home/rens/linorobot2_ws/build/linorobot2_gazebo/rviz/view_urdf.rviz -> /home/rens/linorobot2_ws/install/linorobot2_gazebo/share/linorobot2_gazebo/rviz
[12.203s] symbolically linking /home/rens/linorobot2_ws/build/linorobot2_gazebo/hook/linorobot2_gazebo.sh -> /home/rens/linorobot2_ws/install/linorobot2_gazebo/share/linorobot2_gazebo/hook
[12.204s] creating /home/rens/linorobot2_ws/install/linorobot2_gazebo/share/linorobot2_gazebo/models
[12.204s] creating /home/rens/linorobot2_ws/install/linorobot2_gazebo/share/linorobot2_gazebo/models/turtlebot3_world
[12.205s] symbolically linking /home/rens/linorobot2_ws/build/linorobot2_gazebo/models/turtlebot3_world/model.sdf -> /home/rens/linorobot2_ws/install/linorobot2_gazebo/share/linorobot2_gazebo/models/turtlebot3_world
[12.205s] symbolically linking /home/rens/linorobot2_ws/build/linorobot2_gazebo/models/turtlebot3_world/model-1_4.sdf -> /home/rens/linorobot2_ws/install/linorobot2_gazebo/share/linorobot2_gazebo/models/turtlebot3_world
[12.206s] symbolically linking /home/rens/linorobot2_ws/build/linorobot2_gazebo/models/turtlebot3_world/model.config -> /home/rens/linorobot2_ws/install/linorobot2_gazebo/share/linorobot2_gazebo/models/turtlebot3_world
[12.207s] creating /home/rens/linorobot2_ws/install/linorobot2_gazebo/share/linorobot2_gazebo/models/turtlebot3_world/meshes
[12.207s] symbolically linking /home/rens/linorobot2_ws/build/linorobot2_gazebo/models/turtlebot3_world/meshes/wall.dae -> /home/rens/linorobot2_ws/install/linorobot2_gazebo/share/linorobot2_gazebo/models/turtlebot3_world/meshes
[12.208s] symbolically linking /home/rens/linorobot2_ws/build/linorobot2_gazebo/models/turtlebot3_world/meshes/hexagon.dae -> /home/rens/linorobot2_ws/install/linorobot2_gazebo/share/linorobot2_gazebo/models/turtlebot3_world/meshes
[12.373s] Invoked command in '/home/rens/linorobot2_ws/build/linorobot2_gazebo' returned '0': PYTHONPATH=/home/rens/linorobot2_ws/build/linorobot2_gazebo/prefix_override:/usr/lib/python3/dist-packages/colcon_core/task/python/colcon_distutils_commands:/home/rens/linorobot2_ws/install/linorobot2_gazebo/lib/python3.12/site-packages:${PYTHONPATH} /usr/bin/python3 -W ignore:setup.py install is deprecated -W ignore:easy_install command is deprecated setup.py develop --editable --build-directory /home/rens/linorobot2_ws/build/linorobot2_gazebo/build --no-deps symlink_data
