[0.148s] Invoking command in '/home/rens/linorobot2_ws/build/micro_ros_msgs': CMAKE_PREFIX_PATH=${CMAKE_PREFIX_PATH}:/home/rens/linorobot2_ws/install/linorobot2_gazebo:/opt/ros/jazzy /usr/bin/cmake --build /home/rens/linorobot2_ws/build/micro_ros_msgs -- -j4 -l4
[0.748s] [  0%] Built target ament_cmake_python_symlink_micro_ros_msgs
[0.764s] [  1%] Built target micro_ros_msgs__rosidl_generator_type_description
[1.172s] [  3%] Built target micro_ros_msgs__cpp
[1.185s] [ 24%] Built target micro_ros_msgs__rosidl_generator_c
[1.655s] [ 33%] Built target micro_ros_msgs__rosidl_typesupport_cpp
[1.696s] [ 42%] Built target micro_ros_msgs__rosidl_typesupport_fastrtps_c
[1.697s] [ 51%] Built target micro_ros_msgs__rosidl_typesupport_introspection_c
[2.211s] [ 61%] Built target micro_ros_msgs__rosidl_typesupport_introspection_cpp
[2.225s] [ 70%] Built target micro_ros_msgs__rosidl_typesupport_fastrtps_cpp
[2.265s] [ 79%] Built target micro_ros_msgs__rosidl_typesupport_c
[2.619s] [ 79%] Built target micro_ros_msgs
[3.021s] [ 81%] Built target micro_ros_msgs__py
[3.333s] [ 88%] Built target micro_ros_msgs__rosidl_generator_py
[3.833s] [ 92%] Built target micro_ros_msgs_s__rosidl_typesupport_fastrtps_c
[3.871s] [ 96%] Built target micro_ros_msgs_s__rosidl_typesupport_introspection_c
[3.899s] [100%] Built target micro_ros_msgs_s__rosidl_typesupport_c
[3.939s] running egg_info
[4.116s] writing micro_ros_msgs.egg-info/PKG-INFO
[4.120s] writing dependency_links to micro_ros_msgs.egg-info/dependency_links.txt
[4.123s] writing top-level names to micro_ros_msgs.egg-info/top_level.txt
[4.670s] reading manifest file 'micro_ros_msgs.egg-info/SOURCES.txt'
[4.677s] writing manifest file 'micro_ros_msgs.egg-info/SOURCES.txt'
[4.930s] [100%] Built target ament_cmake_python_build_micro_ros_msgs_egg
[5.263s] Invoked command in '/home/rens/linorobot2_ws/build/micro_ros_msgs' returned '0': CMAKE_PREFIX_PATH=${CMAKE_PREFIX_PATH}:/home/rens/linorobot2_ws/install/linorobot2_gazebo:/opt/ros/jazzy /usr/bin/cmake --build /home/rens/linorobot2_ws/build/micro_ros_msgs -- -j4 -l4
[5.270s] Invoking command in '/home/rens/linorobot2_ws/build/micro_ros_msgs': CMAKE_PREFIX_PATH=${CMAKE_PREFIX_PATH}:/home/rens/linorobot2_ws/install/linorobot2_gazebo:/opt/ros/jazzy /usr/bin/cmake --install /home/rens/linorobot2_ws/build/micro_ros_msgs
[5.339s] -- Install configuration: ""
[5.354s] -- Execute custom install script
[5.354s] -- Up-to-date symlink: /home/rens/linorobot2_ws/install/micro_ros_msgs/share/ament_index/resource_index/rosidl_interfaces/micro_ros_msgs
[5.355s] -- Up-to-date symlink: /home/rens/linorobot2_ws/install/micro_ros_msgs/share/micro_ros_msgs/msg/Graph.json
[5.356s] -- Up-to-date symlink: /home/rens/linorobot2_ws/install/micro_ros_msgs/share/micro_ros_msgs/msg/Node.json
[5.356s] -- Up-to-date symlink: /home/rens/linorobot2_ws/install/micro_ros_msgs/share/micro_ros_msgs/msg/Entity.json
[5.357s] -- Up-to-date symlink: /home/rens/linorobot2_ws/install/micro_ros_msgs/include/micro_ros_msgs/micro_ros_msgs/msg/detail/entity__functions.h
[5.357s] -- Up-to-date symlink: /home/rens/linorobot2_ws/install/micro_ros_msgs/include/micro_ros_msgs/micro_ros_msgs/msg/detail/entity__struct.h
[5.358s] -- Up-to-date symlink: /home/rens/linorobot2_ws/install/micro_ros_msgs/include/micro_ros_msgs/micro_ros_msgs/msg/detail/entity__type_support.h
[5.359s] -- Up-to-date symlink: /home/rens/linorobot2_ws/install/micro_ros_msgs/include/micro_ros_msgs/micro_ros_msgs/msg/detail/graph__functions.h
[5.359s] -- Up-to-date symlink: /home/rens/linorobot2_ws/install/micro_ros_msgs/include/micro_ros_msgs/micro_ros_msgs/msg/detail/graph__struct.h
[5.360s] -- Up-to-date symlink: /home/rens/linorobot2_ws/install/micro_ros_msgs/include/micro_ros_msgs/micro_ros_msgs/msg/detail/graph__type_support.h
[5.361s] -- Up-to-date symlink: /home/rens/linorobot2_ws/install/micro_ros_msgs/include/micro_ros_msgs/micro_ros_msgs/msg/detail/node__functions.h
[5.361s] -- Up-to-date symlink: /home/rens/linorobot2_ws/install/micro_ros_msgs/include/micro_ros_msgs/micro_ros_msgs/msg/detail/node__struct.h
[5.362s] -- Up-to-date symlink: /home/rens/linorobot2_ws/install/micro_ros_msgs/include/micro_ros_msgs/micro_ros_msgs/msg/detail/node__type_support.h
[5.363s] -- Up-to-date symlink: /home/rens/linorobot2_ws/install/micro_ros_msgs/include/micro_ros_msgs/micro_ros_msgs/msg/entity.h
[5.369s] -- Up-to-date symlink: /home/rens/linorobot2_ws/install/micro_ros_msgs/include/micro_ros_msgs/micro_ros_msgs/msg/graph.h
[5.369s] -- Up-to-date symlink: /home/rens/linorobot2_ws/install/micro_ros_msgs/include/micro_ros_msgs/micro_ros_msgs/msg/node.h
[5.370s] -- Up-to-date symlink: /home/rens/linorobot2_ws/install/micro_ros_msgs/include/micro_ros_msgs/micro_ros_msgs/msg/rosidl_generator_c__visibility_control.h
[5.375s] -- Up-to-date symlink: /home/rens/linorobot2_ws/install/micro_ros_msgs/share/micro_ros_msgs/environment/library_path.sh
[5.378s] -- Up-to-date symlink: /home/rens/linorobot2_ws/install/micro_ros_msgs/share/micro_ros_msgs/environment/library_path.dsv
[5.382s] -- Up-to-date symlink: /home/rens/linorobot2_ws/install/micro_ros_msgs/include/micro_ros_msgs/micro_ros_msgs/msg/detail/entity__rosidl_typesupport_fastrtps_c.h
[5.386s] -- Up-to-date symlink: /home/rens/linorobot2_ws/install/micro_ros_msgs/include/micro_ros_msgs/micro_ros_msgs/msg/detail/graph__rosidl_typesupport_fastrtps_c.h
[5.390s] -- Up-to-date symlink: /home/rens/linorobot2_ws/install/micro_ros_msgs/include/micro_ros_msgs/micro_ros_msgs/msg/detail/node__rosidl_typesupport_fastrtps_c.h
[5.390s] -- Up-to-date symlink: /home/rens/linorobot2_ws/install/micro_ros_msgs/include/micro_ros_msgs/micro_ros_msgs/msg/rosidl_typesupport_fastrtps_c__visibility_control.h
[5.396s] -- Up-to-date symlink: /home/rens/linorobot2_ws/install/micro_ros_msgs/include/micro_ros_msgs/micro_ros_msgs/msg/detail/entity__rosidl_typesupport_introspection_c.h
[5.402s] -- Up-to-date symlink: /home/rens/linorobot2_ws/install/micro_ros_msgs/include/micro_ros_msgs/micro_ros_msgs/msg/detail/graph__rosidl_typesupport_introspection_c.h
[5.409s] -- Up-to-date symlink: /home/rens/linorobot2_ws/install/micro_ros_msgs/include/micro_ros_msgs/micro_ros_msgs/msg/detail/node__rosidl_typesupport_introspection_c.h
[5.413s] -- Up-to-date symlink: /home/rens/linorobot2_ws/install/micro_ros_msgs/include/micro_ros_msgs/micro_ros_msgs/msg/rosidl_typesupport_introspection_c__visibility_control.h
[5.414s] -- Up-to-date symlink: /home/rens/linorobot2_ws/install/micro_ros_msgs/include/micro_ros_msgs/micro_ros_msgs/msg/detail/entity__builder.hpp
[5.418s] -- Up-to-date symlink: /home/rens/linorobot2_ws/install/micro_ros_msgs/include/micro_ros_msgs/micro_ros_msgs/msg/detail/entity__struct.hpp
[5.422s] -- Up-to-date symlink: /home/rens/linorobot2_ws/install/micro_ros_msgs/include/micro_ros_msgs/micro_ros_msgs/msg/detail/entity__traits.hpp
[5.426s] -- Up-to-date symlink: /home/rens/linorobot2_ws/install/micro_ros_msgs/include/micro_ros_msgs/micro_ros_msgs/msg/detail/entity__type_support.hpp
[5.427s] -- Up-to-date symlink: /home/rens/linorobot2_ws/install/micro_ros_msgs/include/micro_ros_msgs/micro_ros_msgs/msg/detail/graph__builder.hpp
[5.428s] -- Up-to-date symlink: /home/rens/linorobot2_ws/install/micro_ros_msgs/include/micro_ros_msgs/micro_ros_msgs/msg/detail/graph__struct.hpp
[5.432s] -- Up-to-date symlink: /home/rens/linorobot2_ws/install/micro_ros_msgs/include/micro_ros_msgs/micro_ros_msgs/msg/detail/graph__traits.hpp
[5.435s] -- Up-to-date symlink: /home/rens/linorobot2_ws/install/micro_ros_msgs/include/micro_ros_msgs/micro_ros_msgs/msg/detail/graph__type_support.hpp
[5.436s] -- Up-to-date symlink: /home/rens/linorobot2_ws/install/micro_ros_msgs/include/micro_ros_msgs/micro_ros_msgs/msg/detail/node__builder.hpp
[5.437s] -- Up-to-date symlink: /home/rens/linorobot2_ws/install/micro_ros_msgs/include/micro_ros_msgs/micro_ros_msgs/msg/detail/node__struct.hpp
[5.437s] -- Up-to-date symlink: /home/rens/linorobot2_ws/install/micro_ros_msgs/include/micro_ros_msgs/micro_ros_msgs/msg/detail/node__traits.hpp
[5.438s] -- Up-to-date symlink: /home/rens/linorobot2_ws/install/micro_ros_msgs/include/micro_ros_msgs/micro_ros_msgs/msg/detail/node__type_support.hpp
[5.438s] -- Up-to-date symlink: /home/rens/linorobot2_ws/install/micro_ros_msgs/include/micro_ros_msgs/micro_ros_msgs/msg/entity.hpp
[5.442s] -- Up-to-date symlink: /home/rens/linorobot2_ws/install/micro_ros_msgs/include/micro_ros_msgs/micro_ros_msgs/msg/graph.hpp
[5.445s] -- Up-to-date symlink: /home/rens/linorobot2_ws/install/micro_ros_msgs/include/micro_ros_msgs/micro_ros_msgs/msg/node.hpp
[5.450s] -- Up-to-date symlink: /home/rens/linorobot2_ws/install/micro_ros_msgs/include/micro_ros_msgs/micro_ros_msgs/msg/rosidl_generator_cpp__visibility_control.hpp
[5.450s] -- Up-to-date symlink: /home/rens/linorobot2_ws/install/micro_ros_msgs/include/micro_ros_msgs/micro_ros_msgs/msg/detail/entity__rosidl_typesupport_fastrtps_cpp.hpp
[5.459s] -- Up-to-date symlink: /home/rens/linorobot2_ws/install/micro_ros_msgs/include/micro_ros_msgs/micro_ros_msgs/msg/detail/graph__rosidl_typesupport_fastrtps_cpp.hpp
[5.459s] -- Up-to-date symlink: /home/rens/linorobot2_ws/install/micro_ros_msgs/include/micro_ros_msgs/micro_ros_msgs/msg/detail/node__rosidl_typesupport_fastrtps_cpp.hpp
[5.460s] -- Up-to-date symlink: /home/rens/linorobot2_ws/install/micro_ros_msgs/include/micro_ros_msgs/micro_ros_msgs/msg/rosidl_typesupport_fastrtps_cpp__visibility_control.h
[5.461s] -- Up-to-date symlink: /home/rens/linorobot2_ws/install/micro_ros_msgs/include/micro_ros_msgs/micro_ros_msgs/msg/detail/entity__rosidl_typesupport_introspection_cpp.hpp
[5.462s] -- Up-to-date symlink: /home/rens/linorobot2_ws/install/micro_ros_msgs/include/micro_ros_msgs/micro_ros_msgs/msg/detail/graph__rosidl_typesupport_introspection_cpp.hpp
[5.463s] -- Up-to-date symlink: /home/rens/linorobot2_ws/install/micro_ros_msgs/include/micro_ros_msgs/micro_ros_msgs/msg/detail/node__rosidl_typesupport_introspection_cpp.hpp
[5.465s] -- Up-to-date symlink: /home/rens/linorobot2_ws/install/micro_ros_msgs/share/micro_ros_msgs/environment/pythonpath.sh
[5.466s] -- Up-to-date symlink: /home/rens/linorobot2_ws/install/micro_ros_msgs/share/micro_ros_msgs/environment/pythonpath.dsv
[5.466s] -- Up-to-date symlink: /home/rens/linorobot2_ws/install/micro_ros_msgs/lib/python3.12/site-packages/micro_ros_msgs-5.0.2-py3.12.egg-info/PKG-INFO
[5.470s] -- Up-to-date symlink: /home/rens/linorobot2_ws/install/micro_ros_msgs/lib/python3.12/site-packages/micro_ros_msgs-5.0.2-py3.12.egg-info/SOURCES.txt
[5.471s] -- Up-to-date symlink: /home/rens/linorobot2_ws/install/micro_ros_msgs/lib/python3.12/site-packages/micro_ros_msgs-5.0.2-py3.12.egg-info/dependency_links.txt
[5.475s] -- Up-to-date symlink: /home/rens/linorobot2_ws/install/micro_ros_msgs/lib/python3.12/site-packages/micro_ros_msgs-5.0.2-py3.12.egg-info/top_level.txt
[5.476s] -- Up-to-date symlink: /home/rens/linorobot2_ws/install/micro_ros_msgs/lib/python3.12/site-packages/micro_ros_msgs/__init__.py
[5.477s] -- Up-to-date symlink: /home/rens/linorobot2_ws/install/micro_ros_msgs/lib/python3.12/site-packages/micro_ros_msgs/_micro_ros_msgs_s.ep.rosidl_typesupport_c.c
[5.481s] -- Up-to-date symlink: /home/rens/linorobot2_ws/install/micro_ros_msgs/lib/python3.12/site-packages/micro_ros_msgs/_micro_ros_msgs_s.ep.rosidl_typesupport_fastrtps_c.c
[5.482s] -- Up-to-date symlink: /home/rens/linorobot2_ws/install/micro_ros_msgs/lib/python3.12/site-packages/micro_ros_msgs/_micro_ros_msgs_s.ep.rosidl_typesupport_introspection_c.c
[5.482s] -- Up-to-date symlink: /home/rens/linorobot2_ws/install/micro_ros_msgs/lib/python3.12/site-packages/micro_ros_msgs/micro_ros_msgs_s__rosidl_typesupport_c.so
[5.487s] -- Up-to-date symlink: /home/rens/linorobot2_ws/install/micro_ros_msgs/lib/python3.12/site-packages/micro_ros_msgs/micro_ros_msgs_s__rosidl_typesupport_fastrtps_c.so
[5.488s] -- Up-to-date symlink: /home/rens/linorobot2_ws/install/micro_ros_msgs/lib/python3.12/site-packages/micro_ros_msgs/micro_ros_msgs_s__rosidl_typesupport_introspection_c.so
[5.495s] -- Up-to-date symlink: /home/rens/linorobot2_ws/install/micro_ros_msgs/lib/python3.12/site-packages/micro_ros_msgs/msg/__init__.py
[5.496s] -- Up-to-date symlink: /home/rens/linorobot2_ws/install/micro_ros_msgs/lib/python3.12/site-packages/micro_ros_msgs/msg/_entity.py
[5.499s] -- Up-to-date symlink: /home/rens/linorobot2_ws/install/micro_ros_msgs/lib/python3.12/site-packages/micro_ros_msgs/msg/_entity_s.c
[5.499s] -- Up-to-date symlink: /home/rens/linorobot2_ws/install/micro_ros_msgs/lib/python3.12/site-packages/micro_ros_msgs/msg/_graph.py
[5.500s] -- Up-to-date symlink: /home/rens/linorobot2_ws/install/micro_ros_msgs/lib/python3.12/site-packages/micro_ros_msgs/msg/_graph_s.c
[5.507s] -- Up-to-date symlink: /home/rens/linorobot2_ws/install/micro_ros_msgs/lib/python3.12/site-packages/micro_ros_msgs/msg/_node.py
[5.510s] -- Up-to-date symlink: /home/rens/linorobot2_ws/install/micro_ros_msgs/lib/python3.12/site-packages/micro_ros_msgs/msg/_node_s.c
[5.515s] -- Up-to-date symlink: /home/rens/linorobot2_ws/install/micro_ros_msgs/lib/python3.12/site-packages/micro_ros_msgs/micro_ros_msgs_s__rosidl_typesupport_fastrtps_c.so
[5.517s] -- Up-to-date symlink: /home/rens/linorobot2_ws/install/micro_ros_msgs/lib/python3.12/site-packages/micro_ros_msgs/micro_ros_msgs_s__rosidl_typesupport_introspection_c.so
[5.522s] -- Up-to-date symlink: /home/rens/linorobot2_ws/install/micro_ros_msgs/lib/python3.12/site-packages/micro_ros_msgs/micro_ros_msgs_s__rosidl_typesupport_c.so
[5.529s] -- Up-to-date symlink: /home/rens/linorobot2_ws/install/micro_ros_msgs/share/micro_ros_msgs/msg/Graph.idl
[5.530s] -- Up-to-date symlink: /home/rens/linorobot2_ws/install/micro_ros_msgs/share/micro_ros_msgs/msg/Node.idl
[5.533s] -- Up-to-date symlink: /home/rens/linorobot2_ws/install/micro_ros_msgs/share/micro_ros_msgs/msg/Entity.idl
[5.538s] -- Up-to-date symlink: /home/rens/linorobot2_ws/install/micro_ros_msgs/share/micro_ros_msgs/msg/Graph.msg
[5.542s] -- Up-to-date symlink: /home/rens/linorobot2_ws/install/micro_ros_msgs/share/micro_ros_msgs/msg/Node.msg
[5.543s] -- Up-to-date symlink: /home/rens/linorobot2_ws/install/micro_ros_msgs/share/micro_ros_msgs/msg/Entity.msg
[5.549s] -- Up-to-date symlink: /home/rens/linorobot2_ws/install/micro_ros_msgs/share/ament_index/resource_index/package_run_dependencies/micro_ros_msgs
[5.551s] -- Up-to-date symlink: /home/rens/linorobot2_ws/install/micro_ros_msgs/share/ament_index/resource_index/parent_prefix_path/micro_ros_msgs
[5.555s] -- Up-to-date symlink: /home/rens/linorobot2_ws/install/micro_ros_msgs/share/micro_ros_msgs/environment/ament_prefix_path.sh
[5.561s] -- Up-to-date symlink: /home/rens/linorobot2_ws/install/micro_ros_msgs/share/micro_ros_msgs/environment/ament_prefix_path.dsv
[5.563s] -- Up-to-date symlink: /home/rens/linorobot2_ws/install/micro_ros_msgs/share/micro_ros_msgs/environment/path.sh
[5.567s] -- Up-to-date symlink: /home/rens/linorobot2_ws/install/micro_ros_msgs/share/micro_ros_msgs/environment/path.dsv
[5.568s] -- Up-to-date symlink: /home/rens/linorobot2_ws/install/micro_ros_msgs/share/micro_ros_msgs/local_setup.bash
[5.568s] -- Up-to-date symlink: /home/rens/linorobot2_ws/install/micro_ros_msgs/share/micro_ros_msgs/local_setup.sh
[5.572s] -- Up-to-date symlink: /home/rens/linorobot2_ws/install/micro_ros_msgs/share/micro_ros_msgs/local_setup.zsh
[5.574s] -- Up-to-date symlink: /home/rens/linorobot2_ws/install/micro_ros_msgs/share/micro_ros_msgs/local_setup.dsv
[5.574s] -- Symlinking: /home/rens/linorobot2_ws/install/micro_ros_msgs/share/micro_ros_msgs/package.dsv
[5.674s] -- Up-to-date symlink: /home/rens/linorobot2_ws/install/micro_ros_msgs/share/ament_index/resource_index/packages/micro_ros_msgs
[5.675s] -- Up-to-date symlink: /home/rens/linorobot2_ws/install/micro_ros_msgs/share/micro_ros_msgs/cmake/rosidl_cmake-extras.cmake
[5.676s] -- Up-to-date symlink: /home/rens/linorobot2_ws/install/micro_ros_msgs/share/micro_ros_msgs/cmake/ament_cmake_export_include_directories-extras.cmake
[5.679s] -- Up-to-date symlink: /home/rens/linorobot2_ws/install/micro_ros_msgs/share/micro_ros_msgs/cmake/ament_cmake_export_libraries-extras.cmake
[5.681s] -- Up-to-date symlink: /home/rens/linorobot2_ws/install/micro_ros_msgs/share/micro_ros_msgs/cmake/ament_cmake_export_targets-extras.cmake
[5.682s] -- Up-to-date symlink: /home/rens/linorobot2_ws/install/micro_ros_msgs/share/micro_ros_msgs/cmake/rosidl_cmake_export_typesupport_targets-extras.cmake
[5.683s] -- Up-to-date symlink: /home/rens/linorobot2_ws/install/micro_ros_msgs/share/micro_ros_msgs/cmake/ament_cmake_export_dependencies-extras.cmake
[5.684s] -- Up-to-date symlink: /home/rens/linorobot2_ws/install/micro_ros_msgs/share/micro_ros_msgs/cmake/rosidl_cmake_export_typesupport_libraries-extras.cmake
[5.685s] -- Up-to-date symlink: /home/rens/linorobot2_ws/install/micro_ros_msgs/share/micro_ros_msgs/cmake/micro_ros_msgsConfig.cmake
[5.685s] -- Up-to-date symlink: /home/rens/linorobot2_ws/install/micro_ros_msgs/share/micro_ros_msgs/cmake/micro_ros_msgsConfig-version.cmake
[5.686s] -- Up-to-date symlink: /home/rens/linorobot2_ws/install/micro_ros_msgs/share/micro_ros_msgs/package.xml
[5.709s] -- Up-to-date: /home/rens/linorobot2_ws/install/micro_ros_msgs/lib/libmicro_ros_msgs__rosidl_generator_c.so
[5.714s] -- Up-to-date: /home/rens/linorobot2_ws/install/micro_ros_msgs/lib/libmicro_ros_msgs__rosidl_typesupport_fastrtps_c.so
[5.722s] -- Up-to-date: /home/rens/linorobot2_ws/install/micro_ros_msgs/lib/libmicro_ros_msgs__rosidl_typesupport_introspection_c.so
[5.725s] -- Up-to-date: /home/rens/linorobot2_ws/install/micro_ros_msgs/lib/libmicro_ros_msgs__rosidl_typesupport_c.so
[5.748s] -- Up-to-date: /home/rens/linorobot2_ws/install/micro_ros_msgs/lib/libmicro_ros_msgs__rosidl_typesupport_fastrtps_cpp.so
[5.748s] -- Up-to-date: /home/rens/linorobot2_ws/install/micro_ros_msgs/lib/libmicro_ros_msgs__rosidl_typesupport_introspection_cpp.so
[5.755s] -- Up-to-date: /home/rens/linorobot2_ws/install/micro_ros_msgs/lib/libmicro_ros_msgs__rosidl_typesupport_cpp.so
[6.017s] Listing '/home/rens/linorobot2_ws/install/micro_ros_msgs/lib/python3.12/site-packages/micro_ros_msgs'...
[6.027s] Listing '/home/rens/linorobot2_ws/install/micro_ros_msgs/lib/python3.12/site-packages/micro_ros_msgs/msg'...
[6.069s] -- Up-to-date: /home/rens/linorobot2_ws/install/micro_ros_msgs/lib/libmicro_ros_msgs__rosidl_generator_py.so
[6.075s] -- Up-to-date: /home/rens/linorobot2_ws/install/micro_ros_msgs/share/micro_ros_msgs/cmake/export_micro_ros_msgs__rosidl_generator_cExport.cmake
[6.082s] -- Up-to-date: /home/rens/linorobot2_ws/install/micro_ros_msgs/share/micro_ros_msgs/cmake/export_micro_ros_msgs__rosidl_generator_cExport-noconfig.cmake
[6.088s] -- Up-to-date: /home/rens/linorobot2_ws/install/micro_ros_msgs/share/micro_ros_msgs/cmake/export_micro_ros_msgs__rosidl_typesupport_fastrtps_cExport.cmake
[6.092s] -- Up-to-date: /home/rens/linorobot2_ws/install/micro_ros_msgs/share/micro_ros_msgs/cmake/export_micro_ros_msgs__rosidl_typesupport_fastrtps_cExport-noconfig.cmake
[6.098s] -- Up-to-date: /home/rens/linorobot2_ws/install/micro_ros_msgs/share/micro_ros_msgs/cmake/micro_ros_msgs__rosidl_typesupport_introspection_cExport.cmake
[6.103s] -- Up-to-date: /home/rens/linorobot2_ws/install/micro_ros_msgs/share/micro_ros_msgs/cmake/micro_ros_msgs__rosidl_typesupport_introspection_cExport-noconfig.cmake
[6.107s] -- Up-to-date: /home/rens/linorobot2_ws/install/micro_ros_msgs/share/micro_ros_msgs/cmake/micro_ros_msgs__rosidl_typesupport_cExport.cmake
[6.116s] -- Up-to-date: /home/rens/linorobot2_ws/install/micro_ros_msgs/share/micro_ros_msgs/cmake/micro_ros_msgs__rosidl_typesupport_cExport-noconfig.cmake
[6.121s] -- Up-to-date: /home/rens/linorobot2_ws/install/micro_ros_msgs/share/micro_ros_msgs/cmake/export_micro_ros_msgs__rosidl_generator_cppExport.cmake
[6.129s] -- Up-to-date: /home/rens/linorobot2_ws/install/micro_ros_msgs/share/micro_ros_msgs/cmake/export_micro_ros_msgs__rosidl_typesupport_fastrtps_cppExport.cmake
[6.138s] -- Up-to-date: /home/rens/linorobot2_ws/install/micro_ros_msgs/share/micro_ros_msgs/cmake/export_micro_ros_msgs__rosidl_typesupport_fastrtps_cppExport-noconfig.cmake
[6.150s] -- Up-to-date: /home/rens/linorobot2_ws/install/micro_ros_msgs/share/micro_ros_msgs/cmake/micro_ros_msgs__rosidl_typesupport_introspection_cppExport.cmake
[6.157s] -- Up-to-date: /home/rens/linorobot2_ws/install/micro_ros_msgs/share/micro_ros_msgs/cmake/micro_ros_msgs__rosidl_typesupport_introspection_cppExport-noconfig.cmake
[6.174s] -- Up-to-date: /home/rens/linorobot2_ws/install/micro_ros_msgs/share/micro_ros_msgs/cmake/micro_ros_msgs__rosidl_typesupport_cppExport.cmake
[6.181s] -- Up-to-date: /home/rens/linorobot2_ws/install/micro_ros_msgs/share/micro_ros_msgs/cmake/micro_ros_msgs__rosidl_typesupport_cppExport-noconfig.cmake
[6.191s] -- Up-to-date: /home/rens/linorobot2_ws/install/micro_ros_msgs/share/micro_ros_msgs/cmake/export_micro_ros_msgs__rosidl_generator_pyExport.cmake
[6.192s] -- Up-to-date: /home/rens/linorobot2_ws/install/micro_ros_msgs/share/micro_ros_msgs/cmake/export_micro_ros_msgs__rosidl_generator_pyExport-noconfig.cmake
[6.928s] Invoked command in '/home/rens/linorobot2_ws/build/micro_ros_msgs' returned '0': CMAKE_PREFIX_PATH=${CMAKE_PREFIX_PATH}:/home/rens/linorobot2_ws/install/linorobot2_gazebo:/opt/ros/jazzy /usr/bin/cmake --install /home/rens/linorobot2_ws/build/micro_ros_msgs
