[0.536s] Invoking command in '/home/rens/linorobot2_ws/build/linorobot2_description': CMAKE_PREFIX_PATH=${CMAKE_PREFIX_PATH}:/opt/ros/jazzy /usr/bin/cmake --build /home/rens/linorobot2_ws/build/linorobot2_description -- -j4 -l4
[1.272s] Invoked command in '/home/rens/linorobot2_ws/build/linorobot2_description' returned '0': CMAKE_PREFIX_PATH=${CMAKE_PREFIX_PATH}:/opt/ros/jazzy /usr/bin/cmake --build /home/rens/linorobot2_ws/build/linorobot2_description -- -j4 -l4
[1.294s] Invoking command in '/home/rens/linorobot2_ws/build/linorobot2_description': CMAKE_PREFIX_PATH=${CMAKE_PREFIX_PATH}:/opt/ros/jazzy /usr/bin/cmake --install /home/rens/linorobot2_ws/build/linorobot2_description
[1.405s] -- Install configuration: ""
[1.406s] -- Execute custom install script
[1.414s] -- Up-to-date symlink: /home/rens/linorobot2_ws/install/linorobot2_description/share/linorobot2_description/launch/description.launch.py
[1.415s] -- Up-to-date symlink: /home/rens/linorobot2_ws/install/linorobot2_description/share/linorobot2_description/launch/visualize.launch.py
[1.422s] -- Up-to-date symlink: /home/rens/linorobot2_ws/install/linorobot2_description/share/linorobot2_description/urdf/2wd_properties.urdf.xacro
[1.423s] -- Up-to-date symlink: /home/rens/linorobot2_ws/install/linorobot2_description/share/linorobot2_description/urdf/4wd_properties.urdf.xacro
[1.427s] -- Up-to-date symlink: /home/rens/linorobot2_ws/install/linorobot2_description/share/linorobot2_description/urdf/controllers/diff_drive.urdf.xacro
[1.434s] -- Up-to-date symlink: /home/rens/linorobot2_ws/install/linorobot2_description/share/linorobot2_description/urdf/controllers/omni_drive.urdf.xacro
[1.442s] -- Up-to-date symlink: /home/rens/linorobot2_ws/install/linorobot2_description/share/linorobot2_description/urdf/controllers/skid_steer.urdf.xacro
[1.442s] -- Up-to-date symlink: /home/rens/linorobot2_ws/install/linorobot2_description/share/linorobot2_description/urdf/mecanum_properties.urdf.xacro
[1.443s] -- Up-to-date symlink: /home/rens/linorobot2_ws/install/linorobot2_description/share/linorobot2_description/urdf/mech/base.urdf.xacro
[1.446s] -- Up-to-date symlink: /home/rens/linorobot2_ws/install/linorobot2_description/share/linorobot2_description/urdf/mech/caster_wheel.urdf.xacro
[1.447s] -- Up-to-date symlink: /home/rens/linorobot2_ws/install/linorobot2_description/share/linorobot2_description/urdf/mech/mecanum_wheel.urdf.xacro
[1.447s] -- Up-to-date symlink: /home/rens/linorobot2_ws/install/linorobot2_description/share/linorobot2_description/urdf/mech/wheel.urdf.xacro
[1.454s] -- Up-to-date symlink: /home/rens/linorobot2_ws/install/linorobot2_description/share/linorobot2_description/urdf/robots/2wd.urdf.xacro
[1.455s] -- Up-to-date symlink: /home/rens/linorobot2_ws/install/linorobot2_description/share/linorobot2_description/urdf/robots/4wd.urdf.xacro
[1.456s] -- Up-to-date symlink: /home/rens/linorobot2_ws/install/linorobot2_description/share/linorobot2_description/urdf/robots/mecanum.urdf.xacro
[1.459s] -- Up-to-date symlink: /home/rens/linorobot2_ws/install/linorobot2_description/share/linorobot2_description/urdf/robots/turtlebot.urdf.xacro
[1.464s] -- Up-to-date symlink: /home/rens/linorobot2_ws/install/linorobot2_description/share/linorobot2_description/urdf/robots/vattenkar.urdf.xacro
[1.468s] -- Up-to-date symlink: /home/rens/linorobot2_ws/install/linorobot2_description/share/linorobot2_description/urdf/sensors/depth_sensor.urdf.xacro
[1.474s] -- Up-to-date symlink: /home/rens/linorobot2_ws/install/linorobot2_description/share/linorobot2_description/urdf/sensors/generic_laser.urdf.xacro
[1.474s] -- Up-to-date symlink: /home/rens/linorobot2_ws/install/linorobot2_description/share/linorobot2_description/urdf/sensors/imu.urdf.xacro
[1.482s] -- Up-to-date symlink: /home/rens/linorobot2_ws/install/linorobot2_description/share/linorobot2_description/urdf/sensors/laser.urdf.xacro
[1.482s] -- Up-to-date symlink: /home/rens/linorobot2_ws/install/linorobot2_description/share/linorobot2_description/urdf/sensors/plugins.urdf.xacro
[1.483s] -- Up-to-date symlink: /home/rens/linorobot2_ws/install/linorobot2_description/share/linorobot2_description/rviz/description.rviz
[1.489s] -- Up-to-date symlink: /home/rens/linorobot2_ws/install/linorobot2_description/share/linorobot2_description/meshes/base.dae
[1.489s] -- Up-to-date symlink: /home/rens/linorobot2_ws/install/linorobot2_description/share/linorobot2_description/meshes/tire.dae
[1.494s] -- Up-to-date symlink: /home/rens/linorobot2_ws/install/linorobot2_description/share/ament_index/resource_index/package_run_dependencies/linorobot2_description
[1.497s] -- Up-to-date symlink: /home/rens/linorobot2_ws/install/linorobot2_description/share/ament_index/resource_index/parent_prefix_path/linorobot2_description
[1.498s] -- Up-to-date symlink: /home/rens/linorobot2_ws/install/linorobot2_description/share/linorobot2_description/environment/ament_prefix_path.sh
[1.500s] -- Up-to-date symlink: /home/rens/linorobot2_ws/install/linorobot2_description/share/linorobot2_description/environment/ament_prefix_path.dsv
[1.500s] -- Up-to-date symlink: /home/rens/linorobot2_ws/install/linorobot2_description/share/linorobot2_description/environment/path.sh
[1.504s] -- Up-to-date symlink: /home/rens/linorobot2_ws/install/linorobot2_description/share/linorobot2_description/environment/path.dsv
[1.505s] -- Up-to-date symlink: /home/rens/linorobot2_ws/install/linorobot2_description/share/linorobot2_description/local_setup.bash
[1.510s] -- Up-to-date symlink: /home/rens/linorobot2_ws/install/linorobot2_description/share/linorobot2_description/local_setup.sh
[1.511s] -- Up-to-date symlink: /home/rens/linorobot2_ws/install/linorobot2_description/share/linorobot2_description/local_setup.zsh
[1.513s] -- Up-to-date symlink: /home/rens/linorobot2_ws/install/linorobot2_description/share/linorobot2_description/local_setup.dsv
[1.516s] -- Symlinking: /home/rens/linorobot2_ws/install/linorobot2_description/share/linorobot2_description/package.dsv
[1.622s] -- Up-to-date symlink: /home/rens/linorobot2_ws/install/linorobot2_description/share/ament_index/resource_index/packages/linorobot2_description
[1.622s] -- Up-to-date symlink: /home/rens/linorobot2_ws/install/linorobot2_description/share/linorobot2_description/cmake/linorobot2_descriptionConfig.cmake
[1.623s] -- Up-to-date symlink: /home/rens/linorobot2_ws/install/linorobot2_description/share/linorobot2_description/cmake/linorobot2_descriptionConfig-version.cmake
[1.627s] -- Up-to-date symlink: /home/rens/linorobot2_ws/install/linorobot2_description/share/linorobot2_description/package.xml
[1.635s] Invoked command in '/home/rens/linorobot2_ws/build/linorobot2_description' returned '0': CMAKE_PREFIX_PATH=${CMAKE_PREFIX_PATH}:/opt/ros/jazzy /usr/bin/cmake --install /home/rens/linorobot2_ws/build/linorobot2_description
