[0.121s] Invoking command in '/home/rens/linorobot2_ws/build/drive_base_msgs': CMAKE_PREFIX_PATH=${CMAKE_PREFIX_PATH}:/opt/ros/jazzy /usr/bin/cmake --build /home/rens/linorobot2_ws/build/drive_base_msgs -- -j4 -l4
[0.522s] [  1%] Built target drive_base_msgs__rosidl_generator_type_description
[0.781s] [  1%] Built target ament_cmake_python_symlink_drive_base_msgs
[0.965s] [ 23%] Built target drive_base_msgs__rosidl_generator_c
[2.669s] running egg_info
[2.695s] writing drive_base_msgs.egg-info/PKG-INFO
[2.695s] writing dependency_links to drive_base_msgs.egg-info/dependency_links.txt
[2.702s] writing top-level names to drive_base_msgs.egg-info/top_level.txt
[3.114s] reading manifest file 'drive_base_msgs.egg-info/SOURCES.txt'
[3.115s] writing manifest file 'drive_base_msgs.egg-info/SOURCES.txt'
[3.363s] [ 23%] Built target ament_cmake_python_build_drive_base_msgs_egg
[3.519s] [ 32%] Built target drive_base_msgs__rosidl_typesupport_introspection_c
[3.675s] [ 42%] Built target drive_base_msgs__rosidl_typesupport_c
[3.841s] [ 51%] Built target drive_base_msgs__rosidl_typesupport_fastrtps_c
[3.990s] [ 53%] Built target drive_base_msgs__cpp
[4.156s] [ 62%] Built target drive_base_msgs__rosidl_typesupport_cpp
[4.320s] [ 71%] Built target drive_base_msgs__rosidl_typesupport_introspection_cpp
[4.492s] [ 81%] Built target drive_base_msgs__rosidl_typesupport_fastrtps_cpp
[4.634s] [ 81%] Built target drive_base_msgs
[4.784s] [ 82%] Built target drive_base_msgs__py
[4.942s] [ 90%] Built target drive_base_msgs__rosidl_generator_py
[5.098s] [ 93%] Built target drive_base_msgs_s__rosidl_typesupport_fastrtps_c
[5.255s] [ 96%] Built target drive_base_msgs_s__rosidl_typesupport_c
[5.413s] [100%] Built target drive_base_msgs_s__rosidl_typesupport_introspection_c
[5.493s] Invoked command in '/home/rens/linorobot2_ws/build/drive_base_msgs' returned '0': CMAKE_PREFIX_PATH=${CMAKE_PREFIX_PATH}:/opt/ros/jazzy /usr/bin/cmake --build /home/rens/linorobot2_ws/build/drive_base_msgs -- -j4 -l4
[5.502s] Invoking command in '/home/rens/linorobot2_ws/build/drive_base_msgs': CMAKE_PREFIX_PATH=${CMAKE_PREFIX_PATH}:/opt/ros/jazzy /usr/bin/cmake --install /home/rens/linorobot2_ws/build/drive_base_msgs
[5.561s] -- Install configuration: ""
[5.563s] -- Execute custom install script
[5.567s] -- Up-to-date symlink: /home/rens/linorobot2_ws/install/drive_base_msgs/share/ament_index/resource_index/rosidl_interfaces/drive_base_msgs
[5.570s] -- Up-to-date symlink: /home/rens/linorobot2_ws/install/drive_base_msgs/share/drive_base_msgs/msg/CommandHeader.json
[5.571s] -- Up-to-date symlink: /home/rens/linorobot2_ws/install/drive_base_msgs/share/drive_base_msgs/msg/BaseInfo.json
[5.571s] -- Up-to-date symlink: /home/rens/linorobot2_ws/install/drive_base_msgs/share/drive_base_msgs/msg/CommandStatus.json
[5.572s] -- Up-to-date symlink: /home/rens/linorobot2_ws/install/drive_base_msgs/share/drive_base_msgs/msg/TRVCommand.json
[5.578s] -- Up-to-date symlink: /home/rens/linorobot2_ws/install/drive_base_msgs/include/drive_base_msgs/drive_base_msgs/msg/base_info.h
[5.584s] -- Up-to-date symlink: /home/rens/linorobot2_ws/install/drive_base_msgs/include/drive_base_msgs/drive_base_msgs/msg/command_header.h
[5.585s] -- Up-to-date symlink: /home/rens/linorobot2_ws/install/drive_base_msgs/include/drive_base_msgs/drive_base_msgs/msg/command_status.h
[5.592s] -- Up-to-date symlink: /home/rens/linorobot2_ws/install/drive_base_msgs/include/drive_base_msgs/drive_base_msgs/msg/detail/base_info__functions.h
[5.596s] -- Up-to-date symlink: /home/rens/linorobot2_ws/install/drive_base_msgs/include/drive_base_msgs/drive_base_msgs/msg/detail/base_info__struct.h
[5.597s] -- Up-to-date symlink: /home/rens/linorobot2_ws/install/drive_base_msgs/include/drive_base_msgs/drive_base_msgs/msg/detail/base_info__type_support.h
[5.598s] -- Up-to-date symlink: /home/rens/linorobot2_ws/install/drive_base_msgs/include/drive_base_msgs/drive_base_msgs/msg/detail/command_header__functions.h
[5.602s] -- Up-to-date symlink: /home/rens/linorobot2_ws/install/drive_base_msgs/include/drive_base_msgs/drive_base_msgs/msg/detail/command_header__struct.h
[5.602s] -- Up-to-date symlink: /home/rens/linorobot2_ws/install/drive_base_msgs/include/drive_base_msgs/drive_base_msgs/msg/detail/command_header__type_support.h
[5.603s] -- Up-to-date symlink: /home/rens/linorobot2_ws/install/drive_base_msgs/include/drive_base_msgs/drive_base_msgs/msg/detail/command_status__functions.h
[5.603s] -- Up-to-date symlink: /home/rens/linorobot2_ws/install/drive_base_msgs/include/drive_base_msgs/drive_base_msgs/msg/detail/command_status__struct.h
[5.605s] -- Up-to-date symlink: /home/rens/linorobot2_ws/install/drive_base_msgs/include/drive_base_msgs/drive_base_msgs/msg/detail/command_status__type_support.h
[5.606s] -- Up-to-date symlink: /home/rens/linorobot2_ws/install/drive_base_msgs/include/drive_base_msgs/drive_base_msgs/msg/detail/trv_command__functions.h
[5.608s] -- Up-to-date symlink: /home/rens/linorobot2_ws/install/drive_base_msgs/include/drive_base_msgs/drive_base_msgs/msg/detail/trv_command__struct.h
[5.608s] -- Up-to-date symlink: /home/rens/linorobot2_ws/install/drive_base_msgs/include/drive_base_msgs/drive_base_msgs/msg/detail/trv_command__type_support.h
[5.610s] -- Up-to-date symlink: /home/rens/linorobot2_ws/install/drive_base_msgs/include/drive_base_msgs/drive_base_msgs/msg/rosidl_generator_c__visibility_control.h
[5.612s] -- Up-to-date symlink: /home/rens/linorobot2_ws/install/drive_base_msgs/include/drive_base_msgs/drive_base_msgs/msg/trv_command.h
[5.615s] -- Up-to-date symlink: /home/rens/linorobot2_ws/install/drive_base_msgs/share/drive_base_msgs/environment/library_path.sh
[5.618s] -- Up-to-date symlink: /home/rens/linorobot2_ws/install/drive_base_msgs/share/drive_base_msgs/environment/library_path.dsv
[5.623s] -- Up-to-date symlink: /home/rens/linorobot2_ws/install/drive_base_msgs/include/drive_base_msgs/drive_base_msgs/msg/detail/base_info__rosidl_typesupport_fastrtps_c.h
[5.624s] -- Up-to-date symlink: /home/rens/linorobot2_ws/install/drive_base_msgs/include/drive_base_msgs/drive_base_msgs/msg/detail/command_header__rosidl_typesupport_fastrtps_c.h
[5.624s] -- Up-to-date symlink: /home/rens/linorobot2_ws/install/drive_base_msgs/include/drive_base_msgs/drive_base_msgs/msg/detail/command_status__rosidl_typesupport_fastrtps_c.h
[5.627s] -- Up-to-date symlink: /home/rens/linorobot2_ws/install/drive_base_msgs/include/drive_base_msgs/drive_base_msgs/msg/detail/trv_command__rosidl_typesupport_fastrtps_c.h
[5.628s] -- Up-to-date symlink: /home/rens/linorobot2_ws/install/drive_base_msgs/include/drive_base_msgs/drive_base_msgs/msg/rosidl_typesupport_fastrtps_c__visibility_control.h
[5.630s] -- Up-to-date symlink: /home/rens/linorobot2_ws/install/drive_base_msgs/include/drive_base_msgs/drive_base_msgs/msg/base_info.hpp
[5.633s] -- Up-to-date symlink: /home/rens/linorobot2_ws/install/drive_base_msgs/include/drive_base_msgs/drive_base_msgs/msg/command_header.hpp
[5.634s] -- Up-to-date symlink: /home/rens/linorobot2_ws/install/drive_base_msgs/include/drive_base_msgs/drive_base_msgs/msg/command_status.hpp
[5.634s] -- Up-to-date symlink: /home/rens/linorobot2_ws/install/drive_base_msgs/include/drive_base_msgs/drive_base_msgs/msg/detail/base_info__builder.hpp
[5.635s] -- Up-to-date symlink: /home/rens/linorobot2_ws/install/drive_base_msgs/include/drive_base_msgs/drive_base_msgs/msg/detail/base_info__struct.hpp
[5.636s] -- Up-to-date symlink: /home/rens/linorobot2_ws/install/drive_base_msgs/include/drive_base_msgs/drive_base_msgs/msg/detail/base_info__traits.hpp
[5.639s] -- Up-to-date symlink: /home/rens/linorobot2_ws/install/drive_base_msgs/include/drive_base_msgs/drive_base_msgs/msg/detail/base_info__type_support.hpp
[5.640s] -- Up-to-date symlink: /home/rens/linorobot2_ws/install/drive_base_msgs/include/drive_base_msgs/drive_base_msgs/msg/detail/command_header__builder.hpp
[5.640s] -- Up-to-date symlink: /home/rens/linorobot2_ws/install/drive_base_msgs/include/drive_base_msgs/drive_base_msgs/msg/detail/command_header__struct.hpp
[5.642s] -- Up-to-date symlink: /home/rens/linorobot2_ws/install/drive_base_msgs/include/drive_base_msgs/drive_base_msgs/msg/detail/command_header__traits.hpp
[5.643s] -- Up-to-date symlink: /home/rens/linorobot2_ws/install/drive_base_msgs/include/drive_base_msgs/drive_base_msgs/msg/detail/command_header__type_support.hpp
[5.645s] -- Up-to-date symlink: /home/rens/linorobot2_ws/install/drive_base_msgs/include/drive_base_msgs/drive_base_msgs/msg/detail/command_status__builder.hpp
[5.645s] -- Up-to-date symlink: /home/rens/linorobot2_ws/install/drive_base_msgs/include/drive_base_msgs/drive_base_msgs/msg/detail/command_status__struct.hpp
[5.648s] -- Up-to-date symlink: /home/rens/linorobot2_ws/install/drive_base_msgs/include/drive_base_msgs/drive_base_msgs/msg/detail/command_status__traits.hpp
[5.650s] -- Up-to-date symlink: /home/rens/linorobot2_ws/install/drive_base_msgs/include/drive_base_msgs/drive_base_msgs/msg/detail/command_status__type_support.hpp
[5.651s] -- Up-to-date symlink: /home/rens/linorobot2_ws/install/drive_base_msgs/include/drive_base_msgs/drive_base_msgs/msg/detail/trv_command__builder.hpp
[5.652s] -- Up-to-date symlink: /home/rens/linorobot2_ws/install/drive_base_msgs/include/drive_base_msgs/drive_base_msgs/msg/detail/trv_command__struct.hpp
[5.657s] -- Up-to-date symlink: /home/rens/linorobot2_ws/install/drive_base_msgs/include/drive_base_msgs/drive_base_msgs/msg/detail/trv_command__traits.hpp
[5.657s] -- Up-to-date symlink: /home/rens/linorobot2_ws/install/drive_base_msgs/include/drive_base_msgs/drive_base_msgs/msg/detail/trv_command__type_support.hpp
[5.659s] -- Up-to-date symlink: /home/rens/linorobot2_ws/install/drive_base_msgs/include/drive_base_msgs/drive_base_msgs/msg/rosidl_generator_cpp__visibility_control.hpp
[5.661s] -- Up-to-date symlink: /home/rens/linorobot2_ws/install/drive_base_msgs/include/drive_base_msgs/drive_base_msgs/msg/trv_command.hpp
[5.663s] -- Up-to-date symlink: /home/rens/linorobot2_ws/install/drive_base_msgs/include/drive_base_msgs/drive_base_msgs/msg/detail/base_info__rosidl_typesupport_fastrtps_cpp.hpp
[5.665s] -- Up-to-date symlink: /home/rens/linorobot2_ws/install/drive_base_msgs/include/drive_base_msgs/drive_base_msgs/msg/detail/command_header__rosidl_typesupport_fastrtps_cpp.hpp
[5.668s] -- Up-to-date symlink: /home/rens/linorobot2_ws/install/drive_base_msgs/include/drive_base_msgs/drive_base_msgs/msg/detail/command_status__rosidl_typesupport_fastrtps_cpp.hpp
[5.669s] -- Up-to-date symlink: /home/rens/linorobot2_ws/install/drive_base_msgs/include/drive_base_msgs/drive_base_msgs/msg/detail/trv_command__rosidl_typesupport_fastrtps_cpp.hpp
[5.669s] -- Up-to-date symlink: /home/rens/linorobot2_ws/install/drive_base_msgs/include/drive_base_msgs/drive_base_msgs/msg/rosidl_typesupport_fastrtps_cpp__visibility_control.h
[5.670s] -- Up-to-date symlink: /home/rens/linorobot2_ws/install/drive_base_msgs/include/drive_base_msgs/drive_base_msgs/msg/detail/base_info__rosidl_typesupport_introspection_c.h
[5.673s] -- Up-to-date symlink: /home/rens/linorobot2_ws/install/drive_base_msgs/include/drive_base_msgs/drive_base_msgs/msg/detail/command_header__rosidl_typesupport_introspection_c.h
[5.674s] -- Up-to-date symlink: /home/rens/linorobot2_ws/install/drive_base_msgs/include/drive_base_msgs/drive_base_msgs/msg/detail/command_status__rosidl_typesupport_introspection_c.h
[5.674s] -- Up-to-date symlink: /home/rens/linorobot2_ws/install/drive_base_msgs/include/drive_base_msgs/drive_base_msgs/msg/detail/trv_command__rosidl_typesupport_introspection_c.h
[5.674s] -- Up-to-date symlink: /home/rens/linorobot2_ws/install/drive_base_msgs/include/drive_base_msgs/drive_base_msgs/msg/rosidl_typesupport_introspection_c__visibility_control.h
[5.676s] -- Up-to-date symlink: /home/rens/linorobot2_ws/install/drive_base_msgs/include/drive_base_msgs/drive_base_msgs/msg/detail/base_info__rosidl_typesupport_introspection_cpp.hpp
[5.678s] -- Up-to-date symlink: /home/rens/linorobot2_ws/install/drive_base_msgs/include/drive_base_msgs/drive_base_msgs/msg/detail/command_header__rosidl_typesupport_introspection_cpp.hpp
[5.680s] -- Up-to-date symlink: /home/rens/linorobot2_ws/install/drive_base_msgs/include/drive_base_msgs/drive_base_msgs/msg/detail/command_status__rosidl_typesupport_introspection_cpp.hpp
[5.681s] -- Up-to-date symlink: /home/rens/linorobot2_ws/install/drive_base_msgs/include/drive_base_msgs/drive_base_msgs/msg/detail/trv_command__rosidl_typesupport_introspection_cpp.hpp
[5.682s] -- Up-to-date symlink: /home/rens/linorobot2_ws/install/drive_base_msgs/share/drive_base_msgs/environment/pythonpath.sh
[5.683s] -- Up-to-date symlink: /home/rens/linorobot2_ws/install/drive_base_msgs/share/drive_base_msgs/environment/pythonpath.dsv
[5.685s] -- Up-to-date symlink: /home/rens/linorobot2_ws/install/drive_base_msgs/lib/python3.12/site-packages/drive_base_msgs-0.0.0-py3.12.egg-info/PKG-INFO
[5.686s] -- Up-to-date symlink: /home/rens/linorobot2_ws/install/drive_base_msgs/lib/python3.12/site-packages/drive_base_msgs-0.0.0-py3.12.egg-info/SOURCES.txt
[5.687s] -- Up-to-date symlink: /home/rens/linorobot2_ws/install/drive_base_msgs/lib/python3.12/site-packages/drive_base_msgs-0.0.0-py3.12.egg-info/dependency_links.txt
[5.689s] -- Up-to-date symlink: /home/rens/linorobot2_ws/install/drive_base_msgs/lib/python3.12/site-packages/drive_base_msgs-0.0.0-py3.12.egg-info/top_level.txt
[5.692s] -- Up-to-date symlink: /home/rens/linorobot2_ws/install/drive_base_msgs/lib/python3.12/site-packages/drive_base_msgs/__init__.py
[5.693s] -- Up-to-date symlink: /home/rens/linorobot2_ws/install/drive_base_msgs/lib/python3.12/site-packages/drive_base_msgs/_drive_base_msgs_s.ep.rosidl_typesupport_c.c
[5.694s] -- Up-to-date symlink: /home/rens/linorobot2_ws/install/drive_base_msgs/lib/python3.12/site-packages/drive_base_msgs/_drive_base_msgs_s.ep.rosidl_typesupport_fastrtps_c.c
[5.695s] -- Up-to-date symlink: /home/rens/linorobot2_ws/install/drive_base_msgs/lib/python3.12/site-packages/drive_base_msgs/_drive_base_msgs_s.ep.rosidl_typesupport_introspection_c.c
[5.697s] -- Up-to-date symlink: /home/rens/linorobot2_ws/install/drive_base_msgs/lib/python3.12/site-packages/drive_base_msgs/drive_base_msgs_s__rosidl_typesupport_c.so
[5.698s] -- Up-to-date symlink: /home/rens/linorobot2_ws/install/drive_base_msgs/lib/python3.12/site-packages/drive_base_msgs/drive_base_msgs_s__rosidl_typesupport_fastrtps_c.so
[5.700s] -- Up-to-date symlink: /home/rens/linorobot2_ws/install/drive_base_msgs/lib/python3.12/site-packages/drive_base_msgs/drive_base_msgs_s__rosidl_typesupport_introspection_c.so
[5.701s] -- Up-to-date symlink: /home/rens/linorobot2_ws/install/drive_base_msgs/lib/python3.12/site-packages/drive_base_msgs/msg/__init__.py
[5.702s] -- Up-to-date symlink: /home/rens/linorobot2_ws/install/drive_base_msgs/lib/python3.12/site-packages/drive_base_msgs/msg/_base_info.py
[5.703s] -- Up-to-date symlink: /home/rens/linorobot2_ws/install/drive_base_msgs/lib/python3.12/site-packages/drive_base_msgs/msg/_base_info_s.c
[5.706s] -- Up-to-date symlink: /home/rens/linorobot2_ws/install/drive_base_msgs/lib/python3.12/site-packages/drive_base_msgs/msg/_command_header.py
[5.706s] -- Up-to-date symlink: /home/rens/linorobot2_ws/install/drive_base_msgs/lib/python3.12/site-packages/drive_base_msgs/msg/_command_header_s.c
[5.707s] -- Up-to-date symlink: /home/rens/linorobot2_ws/install/drive_base_msgs/lib/python3.12/site-packages/drive_base_msgs/msg/_command_status.py
[5.708s] -- Up-to-date symlink: /home/rens/linorobot2_ws/install/drive_base_msgs/lib/python3.12/site-packages/drive_base_msgs/msg/_command_status_s.c
[5.709s] -- Up-to-date symlink: /home/rens/linorobot2_ws/install/drive_base_msgs/lib/python3.12/site-packages/drive_base_msgs/msg/_trv_command.py
[5.710s] -- Up-to-date symlink: /home/rens/linorobot2_ws/install/drive_base_msgs/lib/python3.12/site-packages/drive_base_msgs/msg/_trv_command_s.c
[5.712s] -- Up-to-date symlink: /home/rens/linorobot2_ws/install/drive_base_msgs/lib/python3.12/site-packages/drive_base_msgs/drive_base_msgs_s__rosidl_typesupport_fastrtps_c.so
[5.713s] -- Up-to-date symlink: /home/rens/linorobot2_ws/install/drive_base_msgs/lib/python3.12/site-packages/drive_base_msgs/drive_base_msgs_s__rosidl_typesupport_introspection_c.so
[5.715s] -- Up-to-date symlink: /home/rens/linorobot2_ws/install/drive_base_msgs/lib/python3.12/site-packages/drive_base_msgs/drive_base_msgs_s__rosidl_typesupport_c.so
[5.717s] -- Up-to-date symlink: /home/rens/linorobot2_ws/install/drive_base_msgs/share/drive_base_msgs/msg/CommandHeader.idl
[5.717s] -- Up-to-date symlink: /home/rens/linorobot2_ws/install/drive_base_msgs/share/drive_base_msgs/msg/BaseInfo.idl
[5.719s] -- Up-to-date symlink: /home/rens/linorobot2_ws/install/drive_base_msgs/share/drive_base_msgs/msg/CommandStatus.idl
[5.720s] -- Up-to-date symlink: /home/rens/linorobot2_ws/install/drive_base_msgs/share/drive_base_msgs/msg/TRVCommand.idl
[5.720s] -- Up-to-date symlink: /home/rens/linorobot2_ws/install/drive_base_msgs/share/drive_base_msgs/msg/CommandHeader.msg
[5.721s] -- Up-to-date symlink: /home/rens/linorobot2_ws/install/drive_base_msgs/share/drive_base_msgs/msg/BaseInfo.msg
[5.721s] -- Up-to-date symlink: /home/rens/linorobot2_ws/install/drive_base_msgs/share/drive_base_msgs/msg/CommandStatus.msg
[5.722s] -- Up-to-date symlink: /home/rens/linorobot2_ws/install/drive_base_msgs/share/drive_base_msgs/msg/TRVCommand.msg
[5.722s] -- Up-to-date symlink: /home/rens/linorobot2_ws/install/drive_base_msgs/share/ament_index/resource_index/package_run_dependencies/drive_base_msgs
[5.723s] -- Up-to-date symlink: /home/rens/linorobot2_ws/install/drive_base_msgs/share/ament_index/resource_index/parent_prefix_path/drive_base_msgs
[5.723s] -- Up-to-date symlink: /home/rens/linorobot2_ws/install/drive_base_msgs/share/drive_base_msgs/environment/ament_prefix_path.sh
[5.724s] -- Up-to-date symlink: /home/rens/linorobot2_ws/install/drive_base_msgs/share/drive_base_msgs/environment/ament_prefix_path.dsv
[5.724s] -- Up-to-date symlink: /home/rens/linorobot2_ws/install/drive_base_msgs/share/drive_base_msgs/environment/path.sh
[5.724s] -- Up-to-date symlink: /home/rens/linorobot2_ws/install/drive_base_msgs/share/drive_base_msgs/environment/path.dsv
[5.725s] -- Up-to-date symlink: /home/rens/linorobot2_ws/install/drive_base_msgs/share/drive_base_msgs/local_setup.bash
[5.726s] -- Up-to-date symlink: /home/rens/linorobot2_ws/install/drive_base_msgs/share/drive_base_msgs/local_setup.sh
[5.726s] -- Up-to-date symlink: /home/rens/linorobot2_ws/install/drive_base_msgs/share/drive_base_msgs/local_setup.zsh
[5.727s] -- Up-to-date symlink: /home/rens/linorobot2_ws/install/drive_base_msgs/share/drive_base_msgs/local_setup.dsv
[5.727s] -- Symlinking: /home/rens/linorobot2_ws/install/drive_base_msgs/share/drive_base_msgs/package.dsv
[5.791s] -- Up-to-date symlink: /home/rens/linorobot2_ws/install/drive_base_msgs/share/ament_index/resource_index/packages/drive_base_msgs
[5.793s] -- Up-to-date symlink: /home/rens/linorobot2_ws/install/drive_base_msgs/share/drive_base_msgs/cmake/rosidl_cmake-extras.cmake
[5.794s] -- Up-to-date symlink: /home/rens/linorobot2_ws/install/drive_base_msgs/share/drive_base_msgs/cmake/ament_cmake_export_dependencies-extras.cmake
[5.795s] -- Up-to-date symlink: /home/rens/linorobot2_ws/install/drive_base_msgs/share/drive_base_msgs/cmake/ament_cmake_export_include_directories-extras.cmake
[5.797s] -- Up-to-date symlink: /home/rens/linorobot2_ws/install/drive_base_msgs/share/drive_base_msgs/cmake/ament_cmake_export_libraries-extras.cmake
[5.798s] -- Up-to-date symlink: /home/rens/linorobot2_ws/install/drive_base_msgs/share/drive_base_msgs/cmake/ament_cmake_export_targets-extras.cmake
[5.800s] -- Up-to-date symlink: /home/rens/linorobot2_ws/install/drive_base_msgs/share/drive_base_msgs/cmake/rosidl_cmake_export_typesupport_targets-extras.cmake
[5.801s] -- Up-to-date symlink: /home/rens/linorobot2_ws/install/drive_base_msgs/share/drive_base_msgs/cmake/rosidl_cmake_export_typesupport_libraries-extras.cmake
[5.803s] -- Up-to-date symlink: /home/rens/linorobot2_ws/install/drive_base_msgs/share/drive_base_msgs/cmake/drive_base_msgsConfig.cmake
[5.803s] -- Up-to-date symlink: /home/rens/linorobot2_ws/install/drive_base_msgs/share/drive_base_msgs/cmake/drive_base_msgsConfig-version.cmake
[5.804s] -- Up-to-date symlink: /home/rens/linorobot2_ws/install/drive_base_msgs/share/drive_base_msgs/package.xml
[5.806s] -- Up-to-date: /home/rens/linorobot2_ws/install/drive_base_msgs/lib/libdrive_base_msgs__rosidl_generator_c.so
[5.808s] -- Up-to-date: /home/rens/linorobot2_ws/install/drive_base_msgs/lib/libdrive_base_msgs__rosidl_typesupport_fastrtps_c.so
[5.811s] -- Up-to-date: /home/rens/linorobot2_ws/install/drive_base_msgs/lib/libdrive_base_msgs__rosidl_typesupport_fastrtps_cpp.so
[5.814s] -- Up-to-date: /home/rens/linorobot2_ws/install/drive_base_msgs/lib/libdrive_base_msgs__rosidl_typesupport_introspection_c.so
[5.816s] -- Up-to-date: /home/rens/linorobot2_ws/install/drive_base_msgs/lib/libdrive_base_msgs__rosidl_typesupport_c.so
[5.819s] -- Up-to-date: /home/rens/linorobot2_ws/install/drive_base_msgs/lib/libdrive_base_msgs__rosidl_typesupport_introspection_cpp.so
[5.821s] -- Up-to-date: /home/rens/linorobot2_ws/install/drive_base_msgs/lib/libdrive_base_msgs__rosidl_typesupport_cpp.so
[6.017s] Listing '/home/rens/linorobot2_ws/install/drive_base_msgs/lib/python3.12/site-packages/drive_base_msgs'...
[6.018s] Listing '/home/rens/linorobot2_ws/install/drive_base_msgs/lib/python3.12/site-packages/drive_base_msgs/msg'...
[6.074s] -- Up-to-date: /home/rens/linorobot2_ws/install/drive_base_msgs/lib/libdrive_base_msgs__rosidl_generator_py.so
[6.075s] -- Up-to-date: /home/rens/linorobot2_ws/install/drive_base_msgs/share/drive_base_msgs/cmake/export_drive_base_msgs__rosidl_generator_cExport.cmake
[6.076s] -- Up-to-date: /home/rens/linorobot2_ws/install/drive_base_msgs/share/drive_base_msgs/cmake/export_drive_base_msgs__rosidl_generator_cExport-noconfig.cmake
[6.076s] -- Up-to-date: /home/rens/linorobot2_ws/install/drive_base_msgs/share/drive_base_msgs/cmake/export_drive_base_msgs__rosidl_typesupport_fastrtps_cExport.cmake
[6.077s] -- Up-to-date: /home/rens/linorobot2_ws/install/drive_base_msgs/share/drive_base_msgs/cmake/export_drive_base_msgs__rosidl_typesupport_fastrtps_cExport-noconfig.cmake
[6.078s] -- Up-to-date: /home/rens/linorobot2_ws/install/drive_base_msgs/share/drive_base_msgs/cmake/export_drive_base_msgs__rosidl_generator_cppExport.cmake
[6.079s] -- Up-to-date: /home/rens/linorobot2_ws/install/drive_base_msgs/share/drive_base_msgs/cmake/export_drive_base_msgs__rosidl_typesupport_fastrtps_cppExport.cmake
[6.079s] -- Up-to-date: /home/rens/linorobot2_ws/install/drive_base_msgs/share/drive_base_msgs/cmake/export_drive_base_msgs__rosidl_typesupport_fastrtps_cppExport-noconfig.cmake
[6.079s] -- Up-to-date: /home/rens/linorobot2_ws/install/drive_base_msgs/share/drive_base_msgs/cmake/drive_base_msgs__rosidl_typesupport_introspection_cExport.cmake
[6.080s] -- Up-to-date: /home/rens/linorobot2_ws/install/drive_base_msgs/share/drive_base_msgs/cmake/drive_base_msgs__rosidl_typesupport_introspection_cExport-noconfig.cmake
[6.080s] -- Up-to-date: /home/rens/linorobot2_ws/install/drive_base_msgs/share/drive_base_msgs/cmake/drive_base_msgs__rosidl_typesupport_cExport.cmake
[6.081s] -- Up-to-date: /home/rens/linorobot2_ws/install/drive_base_msgs/share/drive_base_msgs/cmake/drive_base_msgs__rosidl_typesupport_cExport-noconfig.cmake
[6.081s] -- Up-to-date: /home/rens/linorobot2_ws/install/drive_base_msgs/share/drive_base_msgs/cmake/drive_base_msgs__rosidl_typesupport_introspection_cppExport.cmake
[6.081s] -- Up-to-date: /home/rens/linorobot2_ws/install/drive_base_msgs/share/drive_base_msgs/cmake/drive_base_msgs__rosidl_typesupport_introspection_cppExport-noconfig.cmake
[6.082s] -- Up-to-date: /home/rens/linorobot2_ws/install/drive_base_msgs/share/drive_base_msgs/cmake/drive_base_msgs__rosidl_typesupport_cppExport.cmake
[6.082s] -- Up-to-date: /home/rens/linorobot2_ws/install/drive_base_msgs/share/drive_base_msgs/cmake/drive_base_msgs__rosidl_typesupport_cppExport-noconfig.cmake
[6.083s] -- Up-to-date: /home/rens/linorobot2_ws/install/drive_base_msgs/share/drive_base_msgs/cmake/export_drive_base_msgs__rosidl_generator_pyExport.cmake
[6.083s] -- Up-to-date: /home/rens/linorobot2_ws/install/drive_base_msgs/share/drive_base_msgs/cmake/export_drive_base_msgs__rosidl_generator_pyExport-noconfig.cmake
[6.210s] Invoked command in '/home/rens/linorobot2_ws/build/drive_base_msgs' returned '0': CMAKE_PREFIX_PATH=${CMAKE_PREFIX_PATH}:/opt/ros/jazzy /usr/bin/cmake --install /home/rens/linorobot2_ws/build/drive_base_msgs
