[0.150s] Invoking command in '/home/rens/linorobot2_ws/build/drive_base_msgs': CMAKE_PREFIX_PATH=${CMAKE_PREFIX_PATH}:/home/rens/linorobot2_ws/install/linorobot2_gazebo:/opt/ros/jazzy /usr/bin/cmake --build /home/rens/linorobot2_ws/build/drive_base_msgs -- -j4 -l4
[0.928s] [  1%] Built target drive_base_msgs__rosidl_generator_type_description
[1.005s] [  1%] Built target ament_cmake_python_symlink_drive_base_msgs
[1.287s] [ 23%] Built target drive_base_msgs__rosidl_generator_c
[1.304s] [ 25%] Built target drive_base_msgs__cpp
[1.747s] [ 34%] Built target drive_base_msgs__rosidl_typesupport_introspection_c
[1.845s] [ 43%] Built target drive_base_msgs__rosidl_typesupport_c
[1.862s] [ 53%] Built target drive_base_msgs__rosidl_typesupport_fastrtps_c
[2.122s] [ 62%] Built target drive_base_msgs__rosidl_typesupport_introspection_cpp
[2.272s] [ 71%] Built target drive_base_msgs__rosidl_typesupport_cpp
[2.291s] [ 81%] Built target drive_base_msgs__rosidl_typesupport_fastrtps_cpp
[2.514s] [ 81%] Built target drive_base_msgs
[2.714s] [ 82%] Built target drive_base_msgs__py
[2.972s] [ 90%] Built target drive_base_msgs__rosidl_generator_py
[3.078s] running egg_info
[3.307s] writing drive_base_msgs.egg-info/PKG-INFO
[3.309s] writing dependency_links to drive_base_msgs.egg-info/dependency_links.txt
[3.312s] writing top-level names to drive_base_msgs.egg-info/top_level.txt
[3.402s] [ 93%] Built target drive_base_msgs_s__rosidl_typesupport_c
[3.426s] [ 96%] Built target drive_base_msgs_s__rosidl_typesupport_fastrtps_c
[3.440s] [100%] Built target drive_base_msgs_s__rosidl_typesupport_introspection_c
[3.735s] reading manifest file 'drive_base_msgs.egg-info/SOURCES.txt'
[3.738s] writing manifest file 'drive_base_msgs.egg-info/SOURCES.txt'
[3.941s] [100%] Built target ament_cmake_python_build_drive_base_msgs_egg
