[0.108s] Invoking command in '/home/rens/linorobot2_ws/build/linorobot2': CMAKE_PREFIX_PATH=${CMAKE_PREFIX_PATH}:/opt/ros/jazzy /usr/bin/cmake --build /home/rens/linorobot2_ws/build/linorobot2 -- -j4 -l4
[0.660s] Invoked command in '/home/rens/linorobot2_ws/build/linorobot2' returned '0': CMAKE_PREFIX_PATH=${CMAKE_PREFIX_PATH}:/opt/ros/jazzy /usr/bin/cmake --build /home/rens/linorobot2_ws/build/linorobot2 -- -j4 -l4
[0.668s] Invoking command in '/home/rens/linorobot2_ws/build/linorobot2': CMAKE_PREFIX_PATH=${CMAKE_PREFIX_PATH}:/opt/ros/jazzy /usr/bin/cmake --install /home/rens/linorobot2_ws/build/linorobot2
[0.814s] -- Install configuration: ""
[0.826s] -- Execute custom install script
[0.827s] -- Up-to-date symlink: /home/rens/linorobot2_ws/install/linorobot2/share/ament_index/resource_index/package_run_dependencies/linorobot2
[0.833s] -- Up-to-date symlink: /home/rens/linorobot2_ws/install/linorobot2/share/ament_index/resource_index/parent_prefix_path/linorobot2
[0.834s] -- Up-to-date symlink: /home/rens/linorobot2_ws/install/linorobot2/share/linorobot2/environment/ament_prefix_path.sh
[0.836s] -- Up-to-date symlink: /home/rens/linorobot2_ws/install/linorobot2/share/linorobot2/environment/ament_prefix_path.dsv
[0.841s] -- Up-to-date symlink: /home/rens/linorobot2_ws/install/linorobot2/share/linorobot2/environment/path.sh
[0.841s] -- Up-to-date symlink: /home/rens/linorobot2_ws/install/linorobot2/share/linorobot2/environment/path.dsv
[0.842s] -- Up-to-date symlink: /home/rens/linorobot2_ws/install/linorobot2/share/linorobot2/local_setup.bash
[0.842s] -- Up-to-date symlink: /home/rens/linorobot2_ws/install/linorobot2/share/linorobot2/local_setup.sh
[0.846s] -- Up-to-date symlink: /home/rens/linorobot2_ws/install/linorobot2/share/linorobot2/local_setup.zsh
[0.847s] -- Up-to-date symlink: /home/rens/linorobot2_ws/install/linorobot2/share/linorobot2/local_setup.dsv
[0.851s] -- Symlinking: /home/rens/linorobot2_ws/install/linorobot2/share/linorobot2/package.dsv
[1.006s] -- Up-to-date symlink: /home/rens/linorobot2_ws/install/linorobot2/share/ament_index/resource_index/packages/linorobot2
[1.008s] -- Up-to-date symlink: /home/rens/linorobot2_ws/install/linorobot2/share/linorobot2/cmake/linorobot2Config.cmake
[1.012s] -- Up-to-date symlink: /home/rens/linorobot2_ws/install/linorobot2/share/linorobot2/cmake/linorobot2Config-version.cmake
[1.013s] -- Up-to-date symlink: /home/rens/linorobot2_ws/install/linorobot2/share/linorobot2/package.xml
[1.377s] Invoked command in '/home/rens/linorobot2_ws/build/linorobot2' returned '0': CMAKE_PREFIX_PATH=${CMAKE_PREFIX_PATH}:/opt/ros/jazzy /usr/bin/cmake --install /home/rens/linorobot2_ws/build/linorobot2
