[0.324s] Invoking command in '/home/rens/linorobot2_ws/build/linorobot2_description': CMAKE_PREFIX_PATH=${CMAKE_PREFIX_PATH}:/opt/ros/jazzy /usr/bin/cmake --build /home/rens/linorobot2_ws/build/linorobot2_description -- -j4 -l4
[1.015s] Invoked command in '/home/rens/linorobot2_ws/build/linorobot2_description' returned '0': CMAKE_PREFIX_PATH=${CMAKE_PREFIX_PATH}:/opt/ros/jazzy /usr/bin/cmake --build /home/rens/linorobot2_ws/build/linorobot2_description -- -j4 -l4
[1.039s] Invoking command in '/home/rens/linorobot2_ws/build/linorobot2_description': CMAKE_PREFIX_PATH=${CMAKE_PREFIX_PATH}:/opt/ros/jazzy /usr/bin/cmake --install /home/rens/linorobot2_ws/build/linorobot2_description
[1.199s] -- Install configuration: ""
[1.206s] -- Execute custom install script
[1.219s] -- Up-to-date symlink: /home/rens/linorobot2_ws/install/linorobot2_description/share/linorobot2_description/launch/description.launch.py
[1.227s] -- Up-to-date symlink: /home/rens/linorobot2_ws/install/linorobot2_description/share/linorobot2_description/launch/visualize.launch.py
[1.245s] -- Up-to-date symlink: /home/rens/linorobot2_ws/install/linorobot2_description/share/linorobot2_description/urdf/2wd_properties.urdf.xacro
[1.252s] -- Up-to-date symlink: /home/rens/linorobot2_ws/install/linorobot2_description/share/linorobot2_description/urdf/4wd_properties.urdf.xacro
[1.287s] -- Up-to-date symlink: /home/rens/linorobot2_ws/install/linorobot2_description/share/linorobot2_description/urdf/controllers/diff_drive.urdf.xacro
[1.291s] -- Up-to-date symlink: /home/rens/linorobot2_ws/install/linorobot2_description/share/linorobot2_description/urdf/controllers/omni_drive.urdf.xacro
[1.300s] -- Up-to-date symlink: /home/rens/linorobot2_ws/install/linorobot2_description/share/linorobot2_description/urdf/controllers/skid_steer.urdf.xacro
[1.301s] -- Up-to-date symlink: /home/rens/linorobot2_ws/install/linorobot2_description/share/linorobot2_description/urdf/mecanum_properties.urdf.xacro
[1.317s] -- Up-to-date symlink: /home/rens/linorobot2_ws/install/linorobot2_description/share/linorobot2_description/urdf/mech/base.urdf.xacro
[1.320s] -- Up-to-date symlink: /home/rens/linorobot2_ws/install/linorobot2_description/share/linorobot2_description/urdf/mech/caster_wheel.urdf.xacro
[1.324s] -- Up-to-date symlink: /home/rens/linorobot2_ws/install/linorobot2_description/share/linorobot2_description/urdf/mech/mecanum_wheel.urdf.xacro
[1.327s] -- Up-to-date symlink: /home/rens/linorobot2_ws/install/linorobot2_description/share/linorobot2_description/urdf/mech/wheel.urdf.xacro
[1.331s] -- Up-to-date symlink: /home/rens/linorobot2_ws/install/linorobot2_description/share/linorobot2_description/urdf/robots/2wd.urdf.xacro
[1.354s] -- Up-to-date symlink: /home/rens/linorobot2_ws/install/linorobot2_description/share/linorobot2_description/urdf/robots/4wd.urdf.xacro
[1.355s] -- Up-to-date symlink: /home/rens/linorobot2_ws/install/linorobot2_description/share/linorobot2_description/urdf/robots/mecanum.urdf.xacro
[1.355s] -- Up-to-date symlink: /home/rens/linorobot2_ws/install/linorobot2_description/share/linorobot2_description/urdf/robots/turtlebot.urdf.xacro
[1.365s] -- Up-to-date symlink: /home/rens/linorobot2_ws/install/linorobot2_description/share/linorobot2_description/urdf/robots/vattenkar.urdf.xacro
[1.375s] -- Up-to-date symlink: /home/rens/linorobot2_ws/install/linorobot2_description/share/linorobot2_description/urdf/sensors/depth_sensor.urdf.xacro
[1.381s] -- Up-to-date symlink: /home/rens/linorobot2_ws/install/linorobot2_description/share/linorobot2_description/urdf/sensors/generic_laser.urdf.xacro
[1.394s] -- Up-to-date symlink: /home/rens/linorobot2_ws/install/linorobot2_description/share/linorobot2_description/urdf/sensors/imu.urdf.xacro
[1.405s] -- Up-to-date symlink: /home/rens/linorobot2_ws/install/linorobot2_description/share/linorobot2_description/urdf/sensors/laser.urdf.xacro
[1.406s] -- Up-to-date symlink: /home/rens/linorobot2_ws/install/linorobot2_description/share/linorobot2_description/urdf/sensors/plugins.urdf.xacro
[1.411s] -- Up-to-date symlink: /home/rens/linorobot2_ws/install/linorobot2_description/share/linorobot2_description/rviz/description.rviz
[1.412s] -- Up-to-date symlink: /home/rens/linorobot2_ws/install/linorobot2_description/share/linorobot2_description/meshes/base.dae
[1.415s] -- Up-to-date symlink: /home/rens/linorobot2_ws/install/linorobot2_description/share/linorobot2_description/meshes/tire.dae
[1.418s] -- Up-to-date symlink: /home/rens/linorobot2_ws/install/linorobot2_description/share/ament_index/resource_index/package_run_dependencies/linorobot2_description
[1.420s] -- Up-to-date symlink: /home/rens/linorobot2_ws/install/linorobot2_description/share/ament_index/resource_index/parent_prefix_path/linorobot2_description
[1.421s] -- Up-to-date symlink: /home/rens/linorobot2_ws/install/linorobot2_description/share/linorobot2_description/environment/ament_prefix_path.sh
[1.424s] -- Up-to-date symlink: /home/rens/linorobot2_ws/install/linorobot2_description/share/linorobot2_description/environment/ament_prefix_path.dsv
[1.424s] -- Up-to-date symlink: /home/rens/linorobot2_ws/install/linorobot2_description/share/linorobot2_description/environment/path.sh
[1.425s] -- Up-to-date symlink: /home/rens/linorobot2_ws/install/linorobot2_description/share/linorobot2_description/environment/path.dsv
[1.425s] -- Up-to-date symlink: /home/rens/linorobot2_ws/install/linorobot2_description/share/linorobot2_description/local_setup.bash
[1.431s] -- Up-to-date symlink: /home/rens/linorobot2_ws/install/linorobot2_description/share/linorobot2_description/local_setup.sh
[1.439s] -- Up-to-date symlink: /home/rens/linorobot2_ws/install/linorobot2_description/share/linorobot2_description/local_setup.zsh
[1.448s] -- Up-to-date symlink: /home/rens/linorobot2_ws/install/linorobot2_description/share/linorobot2_description/local_setup.dsv
[1.454s] -- Symlinking: /home/rens/linorobot2_ws/install/linorobot2_description/share/linorobot2_description/package.dsv
[1.599s] -- Up-to-date symlink: /home/rens/linorobot2_ws/install/linorobot2_description/share/ament_index/resource_index/packages/linorobot2_description
[1.607s] -- Up-to-date symlink: /home/rens/linorobot2_ws/install/linorobot2_description/share/linorobot2_description/cmake/linorobot2_descriptionConfig.cmake
[1.611s] -- Up-to-date symlink: /home/rens/linorobot2_ws/install/linorobot2_description/share/linorobot2_description/cmake/linorobot2_descriptionConfig-version.cmake
[1.617s] -- Up-to-date symlink: /home/rens/linorobot2_ws/install/linorobot2_description/share/linorobot2_description/package.xml
[1.639s] Invoked command in '/home/rens/linorobot2_ws/build/linorobot2_description' returned '0': CMAKE_PREFIX_PATH=${CMAKE_PREFIX_PATH}:/opt/ros/jazzy /usr/bin/cmake --install /home/rens/linorobot2_ws/build/linorobot2_description
