[0.106s] Invoking command in '/home/rens/linorobot2_ws/build/linorobot2': CMAKE_PREFIX_PATH=${CMAKE_PREFIX_PATH}:/opt/ros/jazzy /usr/bin/cmake /home/rens/linorobot2_ws/src/linorobot2/linorobot2 -DAMENT_CMAKE_SYMLINK_INSTALL=1 -DCMAKE_INSTALL_PREFIX=/home/rens/linorobot2_ws/install/linorobot2
[0.694s] -- The C compiler identification is GNU 13.3.0
[1.356s] -- The CXX compiler identification is GNU 13.3.0
[1.529s] -- Detecting C compiler ABI info
[2.515s] -- Detecting C compiler ABI info - done
[2.584s] -- Check for working C compiler: /usr/bin/cc - skipped
[2.589s] -- Detecting C compile features
[2.593s] -- Detecting C compile features - done
[2.674s] -- Detecting CXX compiler ABI info
[3.723s] -- Detecting CXX compiler ABI info - done
[3.809s] -- Check for working CXX compiler: /usr/bin/c++ - skipped
[3.812s] -- Detecting CXX compile features
[3.812s] -- Detecting CXX compile features - done
[3.881s] -- Found ament_cmake: 2.5.4 (/opt/ros/jazzy/share/ament_cmake/cmake)
[5.826s] -- Found Python3: /usr/bin/python3 (found version "3.12.3") found components: Interpreter 
[6.693s] -- Override CMake install command with custom implementation using symlinks instead of copying resources
[8.886s] -- Configuring done (8.7s)
[8.917s] -- Generating done (0.0s)
[8.934s] -- Build files have been written to: /home/rens/linorobot2_ws/build/linorobot2
[8.969s] Invoked command in '/home/rens/linorobot2_ws/build/linorobot2' returned '0': CMAKE_PREFIX_PATH=${CMAKE_PREFIX_PATH}:/opt/ros/jazzy /usr/bin/cmake /home/rens/linorobot2_ws/src/linorobot2/linorobot2 -DAMENT_CMAKE_SYMLINK_INSTALL=1 -DCMAKE_INSTALL_PREFIX=/home/rens/linorobot2_ws/install/linorobot2
[8.978s] Invoking command in '/home/rens/linorobot2_ws/build/linorobot2': CMAKE_PREFIX_PATH=${CMAKE_PREFIX_PATH}:/opt/ros/jazzy /usr/bin/cmake --build /home/rens/linorobot2_ws/build/linorobot2 -- -j4 -l4
[9.551s] Invoked command in '/home/rens/linorobot2_ws/build/linorobot2' returned '0': CMAKE_PREFIX_PATH=${CMAKE_PREFIX_PATH}:/opt/ros/jazzy /usr/bin/cmake --build /home/rens/linorobot2_ws/build/linorobot2 -- -j4 -l4
[9.667s] Invoking command in '/home/rens/linorobot2_ws/build/linorobot2': CMAKE_PREFIX_PATH=${CMAKE_PREFIX_PATH}:/opt/ros/jazzy /usr/bin/cmake --install /home/rens/linorobot2_ws/build/linorobot2
[9.782s] -- Install configuration: ""
[9.786s] -- Execute custom install script
[9.791s] -- Symlinking: /home/rens/linorobot2_ws/install/linorobot2/share/ament_index/resource_index/package_run_dependencies/linorobot2
[9.877s] -- Symlinking: /home/rens/linorobot2_ws/install/linorobot2/share/ament_index/resource_index/parent_prefix_path/linorobot2
[10.019s] -- Symlinking: /home/rens/linorobot2_ws/install/linorobot2/share/linorobot2/environment/ament_prefix_path.sh
[10.115s] -- Symlinking: /home/rens/linorobot2_ws/install/linorobot2/share/linorobot2/environment/ament_prefix_path.dsv
[10.264s] -- Symlinking: /home/rens/linorobot2_ws/install/linorobot2/share/linorobot2/environment/path.sh
[10.422s] -- Symlinking: /home/rens/linorobot2_ws/install/linorobot2/share/linorobot2/environment/path.dsv
[10.517s] -- Symlinking: /home/rens/linorobot2_ws/install/linorobot2/share/linorobot2/local_setup.bash
[10.604s] -- Symlinking: /home/rens/linorobot2_ws/install/linorobot2/share/linorobot2/local_setup.sh
[10.686s] -- Symlinking: /home/rens/linorobot2_ws/install/linorobot2/share/linorobot2/local_setup.zsh
[10.832s] -- Symlinking: /home/rens/linorobot2_ws/install/linorobot2/share/linorobot2/local_setup.dsv
[10.907s] -- Symlinking: /home/rens/linorobot2_ws/install/linorobot2/share/linorobot2/package.dsv
[11.003s] -- Symlinking: /home/rens/linorobot2_ws/install/linorobot2/share/ament_index/resource_index/packages/linorobot2
[11.093s] -- Symlinking: /home/rens/linorobot2_ws/install/linorobot2/share/linorobot2/cmake/linorobot2Config.cmake
[11.170s] -- Symlinking: /home/rens/linorobot2_ws/install/linorobot2/share/linorobot2/cmake/linorobot2Config-version.cmake
[11.237s] -- Symlinking: /home/rens/linorobot2_ws/install/linorobot2/share/linorobot2/package.xml
[11.320s] Invoked command in '/home/rens/linorobot2_ws/build/linorobot2' returned '0': CMAKE_PREFIX_PATH=${CMAKE_PREFIX_PATH}:/opt/ros/jazzy /usr/bin/cmake --install /home/rens/linorobot2_ws/build/linorobot2
