[0.069s] Invoking command in '/home/rens/linorobot2_ws/build/linorobot2_navigation': CMAKE_PREFIX_PATH=${CMAKE_PREFIX_PATH}:/opt/ros/jazzy /usr/bin/cmake /home/rens/linorobot2_ws/src/linorobot2/linorobot2_navigation -DCMAKE_INSTALL_PREFIX=/home/rens/linorobot2_ws/install/linorobot2_navigation
[0.202s] -- Found ament_cmake: 2.5.4 (/opt/ros/jazzy/share/ament_cmake/cmake)
[1.851s] -- Override CMake install command with custom implementation using symlinks instead of copying resources
[2.576s] -- Configuring done (2.4s)
[2.620s] -- Generating done (0.0s)
[2.660s] -- Build files have been written to: /home/rens/linorobot2_ws/build/linorobot2_navigation
[2.680s] Invoked command in '/home/rens/linorobot2_ws/build/linorobot2_navigation' returned '0': CMAKE_PREFIX_PATH=${CMAKE_PREFIX_PATH}:/opt/ros/jazzy /usr/bin/cmake /home/rens/linorobot2_ws/src/linorobot2/linorobot2_navigation -DCMAKE_INSTALL_PREFIX=/home/rens/linorobot2_ws/install/linorobot2_navigation
[2.694s] Invoking command in '/home/rens/linorobot2_ws/build/linorobot2_navigation': CMAKE_PREFIX_PATH=${CMAKE_PREFIX_PATH}:/opt/ros/jazzy /usr/bin/cmake --build /home/rens/linorobot2_ws/build/linorobot2_navigation -- -j4 -l4
[3.036s] Invoked command in '/home/rens/linorobot2_ws/build/linorobot2_navigation' returned '0': CMAKE_PREFIX_PATH=${CMAKE_PREFIX_PATH}:/opt/ros/jazzy /usr/bin/cmake --build /home/rens/linorobot2_ws/build/linorobot2_navigation -- -j4 -l4
[3.046s] Invoking command in '/home/rens/linorobot2_ws/build/linorobot2_navigation': CMAKE_PREFIX_PATH=${CMAKE_PREFIX_PATH}:/opt/ros/jazzy /usr/bin/cmake --install /home/rens/linorobot2_ws/build/linorobot2_navigation
[3.144s] -- Install configuration: ""
[3.153s] -- Execute custom install script
[3.154s] -- Up-to-date symlink: /home/rens/linorobot2_ws/install/linorobot2_navigation/share/linorobot2_navigation/launch/navigation.launch.py
[3.162s] -- Up-to-date symlink: /home/rens/linorobot2_ws/install/linorobot2_navigation/share/linorobot2_navigation/launch/slam.launch.py
[3.165s] -- Up-to-date symlink: /home/rens/linorobot2_ws/install/linorobot2_navigation/share/linorobot2_navigation/rviz/linorobot2_navigation.rviz
[3.173s] -- Up-to-date symlink: /home/rens/linorobot2_ws/install/linorobot2_navigation/share/linorobot2_navigation/rviz/linorobot2_navigation_minimal.rviz
[3.173s] -- Up-to-date symlink: /home/rens/linorobot2_ws/install/linorobot2_navigation/share/linorobot2_navigation/rviz/linorobot2_slam.rviz
[3.184s] -- Up-to-date symlink: /home/rens/linorobot2_ws/install/linorobot2_navigation/share/linorobot2_navigation/config/navigation.yaml
[3.191s] -- Up-to-date symlink: /home/rens/linorobot2_ws/install/linorobot2_navigation/share/linorobot2_navigation/config/slam.yaml
[3.192s] -- Up-to-date symlink: /home/rens/linorobot2_ws/install/linorobot2_navigation/share/linorobot2_navigation/maps/map.pgm
[3.193s] -- Up-to-date symlink: /home/rens/linorobot2_ws/install/linorobot2_navigation/share/linorobot2_navigation/maps/map.yaml
[3.195s] -- Up-to-date symlink: /home/rens/linorobot2_ws/install/linorobot2_navigation/share/linorobot2_navigation/maps/playground.pgm
[3.196s] -- Up-to-date symlink: /home/rens/linorobot2_ws/install/linorobot2_navigation/share/linorobot2_navigation/maps/playground.yaml
[3.197s] -- Up-to-date symlink: /home/rens/linorobot2_ws/install/linorobot2_navigation/share/linorobot2_navigation/maps/turtlebot3_world.pgm
[3.200s] -- Up-to-date symlink: /home/rens/linorobot2_ws/install/linorobot2_navigation/share/linorobot2_navigation/maps/turtlebot3_world.yaml
[3.201s] -- Up-to-date symlink: /home/rens/linorobot2_ws/install/linorobot2_navigation/share/ament_index/resource_index/package_run_dependencies/linorobot2_navigation
[3.202s] -- Up-to-date symlink: /home/rens/linorobot2_ws/install/linorobot2_navigation/share/ament_index/resource_index/parent_prefix_path/linorobot2_navigation
[3.204s] -- Up-to-date symlink: /home/rens/linorobot2_ws/install/linorobot2_navigation/share/linorobot2_navigation/environment/ament_prefix_path.sh
[3.207s] -- Up-to-date symlink: /home/rens/linorobot2_ws/install/linorobot2_navigation/share/linorobot2_navigation/environment/ament_prefix_path.dsv
[3.210s] -- Up-to-date symlink: /home/rens/linorobot2_ws/install/linorobot2_navigation/share/linorobot2_navigation/environment/path.sh
[3.214s] -- Up-to-date symlink: /home/rens/linorobot2_ws/install/linorobot2_navigation/share/linorobot2_navigation/environment/path.dsv
[3.217s] -- Up-to-date symlink: /home/rens/linorobot2_ws/install/linorobot2_navigation/share/linorobot2_navigation/local_setup.bash
[3.221s] -- Up-to-date symlink: /home/rens/linorobot2_ws/install/linorobot2_navigation/share/linorobot2_navigation/local_setup.sh
[3.226s] -- Up-to-date symlink: /home/rens/linorobot2_ws/install/linorobot2_navigation/share/linorobot2_navigation/local_setup.zsh
[3.228s] -- Up-to-date symlink: /home/rens/linorobot2_ws/install/linorobot2_navigation/share/linorobot2_navigation/local_setup.dsv
[3.231s] -- Symlinking: /home/rens/linorobot2_ws/install/linorobot2_navigation/share/linorobot2_navigation/package.dsv
[3.330s] -- Up-to-date symlink: /home/rens/linorobot2_ws/install/linorobot2_navigation/share/ament_index/resource_index/packages/linorobot2_navigation
[3.335s] -- Up-to-date symlink: /home/rens/linorobot2_ws/install/linorobot2_navigation/share/linorobot2_navigation/cmake/linorobot2_navigationConfig.cmake
[3.340s] -- Up-to-date symlink: /home/rens/linorobot2_ws/install/linorobot2_navigation/share/linorobot2_navigation/cmake/linorobot2_navigationConfig-version.cmake
[3.345s] -- Up-to-date symlink: /home/rens/linorobot2_ws/install/linorobot2_navigation/share/linorobot2_navigation/package.xml
[3.353s] Invoked command in '/home/rens/linorobot2_ws/build/linorobot2_navigation' returned '0': CMAKE_PREFIX_PATH=${CMAKE_PREFIX_PATH}:/opt/ros/jazzy /usr/bin/cmake --install /home/rens/linorobot2_ws/build/linorobot2_navigation
