[0.108s] Invoking command in '/home/rens/linorobot2_ws/build/linorobot2': CMAKE_PREFIX_PATH=${CMAKE_PREFIX_PATH}:/opt/ros/jazzy /usr/bin/cmake --build /home/rens/linorobot2_ws/build/linorobot2 -- -j4 -l4
[0.451s] Invoked command in '/home/rens/linorobot2_ws/build/linorobot2' returned '0': CMAKE_PREFIX_PATH=${CMAKE_PREFIX_PATH}:/opt/ros/jazzy /usr/bin/cmake --build /home/rens/linorobot2_ws/build/linorobot2 -- -j4 -l4
[0.531s] Invoking command in '/home/rens/linorobot2_ws/build/linorobot2': CMAKE_PREFIX_PATH=${CMAKE_PREFIX_PATH}:/opt/ros/jazzy /usr/bin/cmake --install /home/rens/linorobot2_ws/build/linorobot2
[0.598s] -- Install configuration: ""
[0.598s] -- Execute custom install script
[0.604s] -- Up-to-date symlink: /home/rens/linorobot2_ws/install/linorobot2/share/ament_index/resource_index/package_run_dependencies/linorobot2
[0.605s] -- Up-to-date symlink: /home/rens/linorobot2_ws/install/linorobot2/share/ament_index/resource_index/parent_prefix_path/linorobot2
[0.609s] -- Up-to-date symlink: /home/rens/linorobot2_ws/install/linorobot2/share/linorobot2/environment/ament_prefix_path.sh
[0.610s] -- Up-to-date symlink: /home/rens/linorobot2_ws/install/linorobot2/share/linorobot2/environment/ament_prefix_path.dsv
[0.614s] -- Up-to-date symlink: /home/rens/linorobot2_ws/install/linorobot2/share/linorobot2/environment/path.sh
[0.618s] -- Up-to-date symlink: /home/rens/linorobot2_ws/install/linorobot2/share/linorobot2/environment/path.dsv
[0.618s] -- Up-to-date symlink: /home/rens/linorobot2_ws/install/linorobot2/share/linorobot2/local_setup.bash
[0.622s] -- Up-to-date symlink: /home/rens/linorobot2_ws/install/linorobot2/share/linorobot2/local_setup.sh
[0.623s] -- Up-to-date symlink: /home/rens/linorobot2_ws/install/linorobot2/share/linorobot2/local_setup.zsh
[0.628s] -- Up-to-date symlink: /home/rens/linorobot2_ws/install/linorobot2/share/linorobot2/local_setup.dsv
[0.631s] -- Symlinking: /home/rens/linorobot2_ws/install/linorobot2/share/linorobot2/package.dsv
[0.725s] -- Up-to-date symlink: /home/rens/linorobot2_ws/install/linorobot2/share/ament_index/resource_index/packages/linorobot2
[0.726s] -- Up-to-date symlink: /home/rens/linorobot2_ws/install/linorobot2/share/linorobot2/cmake/linorobot2Config.cmake
[0.731s] -- Up-to-date symlink: /home/rens/linorobot2_ws/install/linorobot2/share/linorobot2/cmake/linorobot2Config-version.cmake
[0.734s] -- Up-to-date symlink: /home/rens/linorobot2_ws/install/linorobot2/share/linorobot2/package.xml
[0.751s] Invoked command in '/home/rens/linorobot2_ws/build/linorobot2' returned '0': CMAKE_PREFIX_PATH=${CMAKE_PREFIX_PATH}:/opt/ros/jazzy /usr/bin/cmake --install /home/rens/linorobot2_ws/build/linorobot2
