[0.072s] Invoking command in '/home/rens/linorobot2_ws/build/micro_ros_setup': CMAKE_PREFIX_PATH=${CMAKE_PREFIX_PATH}:/opt/ros/jazzy /usr/bin/cmake /home/rens/linorobot2_ws/src/micro_ros_setup -DCMAKE_INSTALL_PREFIX=/home/rens/linorobot2_ws/install/micro_ros_setup
[0.281s] -- Found ament_cmake: 2.5.4 (/opt/ros/jazzy/share/ament_cmake/cmake)
[1.960s] -- Override CMake install command with custom implementation using symlinks instead of copying resources
[2.054s] -- Found ament_lint_auto: 0.17.3 (/opt/ros/jazzy/share/ament_lint_auto/cmake)
[3.118s] -- Configuring done (2.9s)
[3.231s] -- Generating done (0.1s)
[3.262s] -- Build files have been written to: /home/rens/linorobot2_ws/build/micro_ros_setup
[3.299s] Invoked command in '/home/rens/linorobot2_ws/build/micro_ros_setup' returned '0': CMAKE_PREFIX_PATH=${CMAKE_PREFIX_PATH}:/opt/ros/jazzy /usr/bin/cmake /home/rens/linorobot2_ws/src/micro_ros_setup -DCMAKE_INSTALL_PREFIX=/home/rens/linorobot2_ws/install/micro_ros_setup
[3.304s] Invoking command in '/home/rens/linorobot2_ws/build/micro_ros_setup': CMAKE_PREFIX_PATH=${CMAKE_PREFIX_PATH}:/opt/ros/jazzy /usr/bin/cmake --build /home/rens/linorobot2_ws/build/micro_ros_setup -- -j4 -l4
[3.828s] Invoked command in '/home/rens/linorobot2_ws/build/micro_ros_setup' returned '0': CMAKE_PREFIX_PATH=${CMAKE_PREFIX_PATH}:/opt/ros/jazzy /usr/bin/cmake --build /home/rens/linorobot2_ws/build/micro_ros_setup -- -j4 -l4
[3.842s] Invoking command in '/home/rens/linorobot2_ws/build/micro_ros_setup': CMAKE_PREFIX_PATH=${CMAKE_PREFIX_PATH}:/opt/ros/jazzy /usr/bin/cmake --install /home/rens/linorobot2_ws/build/micro_ros_setup
[3.931s] -- Install configuration: ""
[3.936s] -- Execute custom install script
[3.942s] -- Up-to-date symlink: /home/rens/linorobot2_ws/install/micro_ros_setup/share/ament_index/resource_index/package_run_dependencies/micro_ros_setup
[3.946s] -- Up-to-date symlink: /home/rens/linorobot2_ws/install/micro_ros_setup/share/ament_index/resource_index/parent_prefix_path/micro_ros_setup
[3.953s] -- Up-to-date symlink: /home/rens/linorobot2_ws/install/micro_ros_setup/share/micro_ros_setup/environment/ament_prefix_path.sh
[3.956s] -- Up-to-date symlink: /home/rens/linorobot2_ws/install/micro_ros_setup/share/micro_ros_setup/environment/ament_prefix_path.dsv
[3.961s] -- Up-to-date symlink: /home/rens/linorobot2_ws/install/micro_ros_setup/share/micro_ros_setup/environment/path.sh
[3.966s] -- Up-to-date symlink: /home/rens/linorobot2_ws/install/micro_ros_setup/share/micro_ros_setup/environment/path.dsv
[3.971s] -- Up-to-date symlink: /home/rens/linorobot2_ws/install/micro_ros_setup/share/micro_ros_setup/local_setup.bash
[3.972s] -- Up-to-date symlink: /home/rens/linorobot2_ws/install/micro_ros_setup/share/micro_ros_setup/local_setup.sh
[3.979s] -- Up-to-date symlink: /home/rens/linorobot2_ws/install/micro_ros_setup/share/micro_ros_setup/local_setup.zsh
[3.983s] -- Up-to-date symlink: /home/rens/linorobot2_ws/install/micro_ros_setup/share/micro_ros_setup/local_setup.dsv
[3.985s] -- Symlinking: /home/rens/linorobot2_ws/install/micro_ros_setup/share/micro_ros_setup/package.dsv
[4.148s] -- Up-to-date symlink: /home/rens/linorobot2_ws/install/micro_ros_setup/share/ament_index/resource_index/packages/micro_ros_setup
[4.155s] -- Up-to-date symlink: /home/rens/linorobot2_ws/install/micro_ros_setup/share/micro_ros_setup/cmake/micro_ros_setupConfig.cmake
[4.172s] -- Up-to-date symlink: /home/rens/linorobot2_ws/install/micro_ros_setup/share/micro_ros_setup/cmake/micro_ros_setupConfig-version.cmake
[4.172s] -- Up-to-date symlink: /home/rens/linorobot2_ws/install/micro_ros_setup/share/micro_ros_setup/package.xml
[4.173s] -- Up-to-date symlink: /home/rens/linorobot2_ws/install/micro_ros_setup/lib/micro_ros_setup/create_ws.sh
[4.189s] -- Up-to-date symlink: /home/rens/linorobot2_ws/install/micro_ros_setup/lib/micro_ros_setup/create_agent_ws.sh
[4.197s] -- Up-to-date symlink: /home/rens/linorobot2_ws/install/micro_ros_setup/lib/micro_ros_setup/create_firmware_ws.sh
[4.207s] -- Up-to-date symlink: /home/rens/linorobot2_ws/install/micro_ros_setup/lib/micro_ros_setup/configure_firmware.sh
[4.209s] -- Up-to-date symlink: /home/rens/linorobot2_ws/install/micro_ros_setup/lib/micro_ros_setup/flash_firmware.sh
[4.213s] -- Up-to-date symlink: /home/rens/linorobot2_ws/install/micro_ros_setup/lib/micro_ros_setup/build_firmware.sh
[4.213s] -- Up-to-date symlink: /home/rens/linorobot2_ws/install/micro_ros_setup/lib/micro_ros_setup/build_agent.sh
[4.214s] -- Up-to-date symlink: /home/rens/linorobot2_ws/install/micro_ros_setup/lib/micro_ros_setup/yaml_filter.py
[4.214s] -- Up-to-date symlink: /home/rens/linorobot2_ws/install/micro_ros_setup/lib/micro_ros_setup/clean_env.sh
[4.223s] -- Up-to-date symlink: /home/rens/linorobot2_ws/install/micro_ros_setup/lib/micro_ros_setup/component
[4.223s] -- Up-to-date: /home/rens/linorobot2_ws/install/micro_ros_setup/./config
[4.224s] -- Up-to-date: /home/rens/linorobot2_ws/install/micro_ros_setup/./config/generate_lib
[4.230s] -- Up-to-date: /home/rens/linorobot2_ws/install/micro_ros_setup/./config/generate_lib/generic
[4.230s] -- Up-to-date: /home/rens/linorobot2_ws/install/micro_ros_setup/./config/generate_lib/generic/demo_toolchain.cmake
[4.231s] -- Up-to-date: /home/rens/linorobot2_ws/install/micro_ros_setup/./config/generate_lib/generic/package.xml
[4.232s] -- Up-to-date: /home/rens/linorobot2_ws/install/micro_ros_setup/./config/generate_lib/generic/flash.sh
[4.232s] -- Up-to-date: /home/rens/linorobot2_ws/install/micro_ros_setup/./config/generate_lib/generic/client-colcon.meta
[4.240s] -- Up-to-date: /home/rens/linorobot2_ws/install/micro_ros_setup/./config/generate_lib/generic/create.sh
[4.241s] -- Up-to-date: /home/rens/linorobot2_ws/install/micro_ros_setup/./config/generate_lib/generic/client_uros_packages.repos
[4.251s] -- Up-to-date: /home/rens/linorobot2_ws/install/micro_ros_setup/./config/generate_lib/generic/build.sh
[4.255s] -- Up-to-date: /home/rens/linorobot2_ws/install/micro_ros_setup/./config/generate_lib/dev_ros2_packages.txt
[4.265s] -- Up-to-date: /home/rens/linorobot2_ws/install/micro_ros_setup/./config/generate_lib/dev_uros_packages.repos
[4.266s] -- Up-to-date: /home/rens/linorobot2_ws/install/micro_ros_setup/./config/host
[4.266s] -- Up-to-date: /home/rens/linorobot2_ws/install/micro_ros_setup/./config/host/client_ros2_packages.txt
[4.267s] -- Up-to-date: /home/rens/linorobot2_ws/install/micro_ros_setup/./config/host/generic
[4.282s] -- Up-to-date: /home/rens/linorobot2_ws/install/micro_ros_setup/./config/host/generic/client-host-colcon.meta
[4.283s] -- Up-to-date: /home/rens/linorobot2_ws/install/micro_ros_setup/./config/host/generic/package.xml
[4.283s] -- Up-to-date: /home/rens/linorobot2_ws/install/micro_ros_setup/./config/host/generic/flash.sh
[4.283s] -- Up-to-date: /home/rens/linorobot2_ws/install/micro_ros_setup/./config/host/generic/create.sh
[4.291s] -- Up-to-date: /home/rens/linorobot2_ws/install/micro_ros_setup/./config/host/generic/client_host_packages.repos
[4.301s] -- Up-to-date: /home/rens/linorobot2_ws/install/micro_ros_setup/./config/host/generic/build.sh
[4.302s] -- Up-to-date: /home/rens/linorobot2_ws/install/micro_ros_setup/./config/host/dev_ros2_packages.txt
[4.303s] -- Up-to-date: /home/rens/linorobot2_ws/install/micro_ros_setup/./config/host/dev_uros_packages.repos
[4.305s] -- Up-to-date: /home/rens/linorobot2_ws/install/micro_ros_setup/./config/utils.sh
[4.310s] -- Up-to-date: /home/rens/linorobot2_ws/install/micro_ros_setup/./config/zephyr
[4.311s] -- Up-to-date: /home/rens/linorobot2_ws/install/micro_ros_setup/./config/zephyr/list_apps.sh
[4.312s] -- Up-to-date: /home/rens/linorobot2_ws/install/micro_ros_setup/./config/zephyr/generic
[4.312s] -- Up-to-date: /home/rens/linorobot2_ws/install/micro_ros_setup/./config/zephyr/generic/package.xml
[4.316s] -- Up-to-date: /home/rens/linorobot2_ws/install/micro_ros_setup/./config/zephyr/generic/flash.sh
[4.317s] -- Up-to-date: /home/rens/linorobot2_ws/install/micro_ros_setup/./config/zephyr/generic/supported_platforms
[4.324s] -- Up-to-date: /home/rens/linorobot2_ws/install/micro_ros_setup/./config/zephyr/generic/client-colcon.meta
[4.327s] -- Up-to-date: /home/rens/linorobot2_ws/install/micro_ros_setup/./config/zephyr/generic/create.sh
[4.329s] -- Up-to-date: /home/rens/linorobot2_ws/install/micro_ros_setup/./config/zephyr/generic/client_uros_packages.repos
[4.329s] -- Up-to-date: /home/rens/linorobot2_ws/install/micro_ros_setup/./config/zephyr/generic/board.repos
[4.330s] -- Up-to-date: /home/rens/linorobot2_ws/install/micro_ros_setup/./config/zephyr/generic/build.sh
[4.334s] -- Up-to-date: /home/rens/linorobot2_ws/install/micro_ros_setup/./config/zephyr/generic/configure.sh
[4.336s] -- Up-to-date: /home/rens/linorobot2_ws/install/micro_ros_setup/./config/zephyr/dev_ros2_packages.txt
[4.337s] -- Up-to-date: /home/rens/linorobot2_ws/install/micro_ros_setup/./config/zephyr/dev_uros_packages.repos
[4.337s] -- Up-to-date: /home/rens/linorobot2_ws/install/micro_ros_setup/./config/client_ros2_packages.txt
[4.350s] -- Up-to-date: /home/rens/linorobot2_ws/install/micro_ros_setup/./config/agent_uros_packages.repos
[4.351s] -- Up-to-date: /home/rens/linorobot2_ws/install/micro_ros_setup/./config/raspbian
[4.351s] -- Up-to-date: /home/rens/linorobot2_ws/install/micro_ros_setup/./config/raspbian/generic
[4.352s] -- Up-to-date: /home/rens/linorobot2_ws/install/micro_ros_setup/./config/raspbian/generic/flash.sh
[4.358s] -- Up-to-date: /home/rens/linorobot2_ws/install/micro_ros_setup/./config/raspbian/generic/supported_platforms
[4.364s] -- Up-to-date: /home/rens/linorobot2_ws/install/micro_ros_setup/./config/raspbian/generic/client-colcon.meta
[4.364s] -- Up-to-date: /home/rens/linorobot2_ws/install/micro_ros_setup/./config/raspbian/generic/create.sh
[4.368s] -- Up-to-date: /home/rens/linorobot2_ws/install/micro_ros_setup/./config/raspbian/generic/client_uros_packages.repos
[4.369s] -- Up-to-date: /home/rens/linorobot2_ws/install/micro_ros_setup/./config/raspbian/generic/build.sh
[4.381s] -- Up-to-date: /home/rens/linorobot2_ws/install/micro_ros_setup/./config/raspbian/generic/configure.sh
[4.382s] -- Up-to-date: /home/rens/linorobot2_ws/install/micro_ros_setup/./config/raspbian/dev_ros2_packages.txt
[4.386s] -- Up-to-date: /home/rens/linorobot2_ws/install/micro_ros_setup/./config/raspbian/dev_uros_packages.repos
[4.386s] -- Up-to-date: /home/rens/linorobot2_ws/install/micro_ros_setup/./config/client_uros_packages.repos
[4.387s] -- Up-to-date: /home/rens/linorobot2_ws/install/micro_ros_setup/./config/android
[4.388s] -- Up-to-date: /home/rens/linorobot2_ws/install/micro_ros_setup/./config/android/generic
[4.388s] -- Up-to-date: /home/rens/linorobot2_ws/install/micro_ros_setup/./config/android/generic/package.xml
[4.395s] -- Up-to-date: /home/rens/linorobot2_ws/install/micro_ros_setup/./config/android/generic/flash.sh
[4.396s] -- Up-to-date: /home/rens/linorobot2_ws/install/micro_ros_setup/./config/android/generic/client-colcon.meta
[4.396s] -- Up-to-date: /home/rens/linorobot2_ws/install/micro_ros_setup/./config/android/generic/create.sh
[4.402s] -- Up-to-date: /home/rens/linorobot2_ws/install/micro_ros_setup/./config/android/generic/client_uros_packages.repos
[4.403s] -- Up-to-date: /home/rens/linorobot2_ws/install/micro_ros_setup/./config/android/generic/build.sh
[4.403s] -- Up-to-date: /home/rens/linorobot2_ws/install/micro_ros_setup/./config/android/dev_ros2_packages.txt
[4.404s] -- Up-to-date: /home/rens/linorobot2_ws/install/micro_ros_setup/./config/android/dev_uros_packages.repos
[4.404s] -- Up-to-date: /home/rens/linorobot2_ws/install/micro_ros_setup/./config/freertos
[4.410s] -- Up-to-date: /home/rens/linorobot2_ws/install/micro_ros_setup/./config/freertos/list_apps.sh
[4.410s] -- Up-to-date: /home/rens/linorobot2_ws/install/micro_ros_setup/./config/freertos/nucleo_f446re
[4.411s] -- Up-to-date: /home/rens/linorobot2_ws/install/micro_ros_setup/./config/freertos/nucleo_f446re/package.xml
[4.411s] -- Up-to-date: /home/rens/linorobot2_ws/install/micro_ros_setup/./config/freertos/nucleo_f446re/flash.sh
[4.412s] -- Up-to-date: /home/rens/linorobot2_ws/install/micro_ros_setup/./config/freertos/nucleo_f446re/client-colcon.meta
[4.412s] -- Up-to-date: /home/rens/linorobot2_ws/install/micro_ros_setup/./config/freertos/nucleo_f446re/create.sh
[4.418s] -- Up-to-date: /home/rens/linorobot2_ws/install/micro_ros_setup/./config/freertos/nucleo_f446re/client_uros_packages.repos
[4.419s] -- Up-to-date: /home/rens/linorobot2_ws/install/micro_ros_setup/./config/freertos/nucleo_f446re/board.repos
[4.419s] -- Up-to-date: /home/rens/linorobot2_ws/install/micro_ros_setup/./config/freertos/nucleo_f446re/build.sh
[4.420s] -- Up-to-date: /home/rens/linorobot2_ws/install/micro_ros_setup/./config/freertos/nucleo_f446re/configure.sh
[4.420s] -- Up-to-date: /home/rens/linorobot2_ws/install/micro_ros_setup/./config/freertos/nucleo_f446ze
[4.425s] -- Up-to-date: /home/rens/linorobot2_ws/install/micro_ros_setup/./config/freertos/nucleo_f446ze/package.xml
[4.425s] -- Up-to-date: /home/rens/linorobot2_ws/install/micro_ros_setup/./config/freertos/nucleo_f446ze/flash.sh
[4.426s] -- Up-to-date: /home/rens/linorobot2_ws/install/micro_ros_setup/./config/freertos/nucleo_f446ze/client-colcon.meta
[4.426s] -- Up-to-date: /home/rens/linorobot2_ws/install/micro_ros_setup/./config/freertos/nucleo_f446ze/create.sh
[4.428s] -- Up-to-date: /home/rens/linorobot2_ws/install/micro_ros_setup/./config/freertos/nucleo_f446ze/client_uros_packages.repos
[4.429s] -- Up-to-date: /home/rens/linorobot2_ws/install/micro_ros_setup/./config/freertos/nucleo_f446ze/board.repos
[4.429s] -- Up-to-date: /home/rens/linorobot2_ws/install/micro_ros_setup/./config/freertos/nucleo_f446ze/build.sh
[4.430s] -- Up-to-date: /home/rens/linorobot2_ws/install/micro_ros_setup/./config/freertos/nucleo_f446ze/configure.sh
[4.430s] -- Up-to-date: /home/rens/linorobot2_ws/install/micro_ros_setup/./config/freertos/olimex-stm32-e407
[4.439s] -- Up-to-date: /home/rens/linorobot2_ws/install/micro_ros_setup/./config/freertos/olimex-stm32-e407/package.xml
[4.440s] -- Up-to-date: /home/rens/linorobot2_ws/install/micro_ros_setup/./config/freertos/olimex-stm32-e407/flash.sh
[4.480s] -- Up-to-date: /home/rens/linorobot2_ws/install/micro_ros_setup/./config/freertos/olimex-stm32-e407/client-colcon.meta
[4.481s] -- Up-to-date: /home/rens/linorobot2_ws/install/micro_ros_setup/./config/freertos/olimex-stm32-e407/create.sh
[4.484s] -- Up-to-date: /home/rens/linorobot2_ws/install/micro_ros_setup/./config/freertos/olimex-stm32-e407/client_uros_packages.repos
[4.485s] -- Up-to-date: /home/rens/linorobot2_ws/install/micro_ros_setup/./config/freertos/olimex-stm32-e407/board.repos
[4.485s] -- Up-to-date: /home/rens/linorobot2_ws/install/micro_ros_setup/./config/freertos/olimex-stm32-e407/build.sh
[4.492s] -- Up-to-date: /home/rens/linorobot2_ws/install/micro_ros_setup/./config/freertos/olimex-stm32-e407/configure.sh
[4.493s] -- Up-to-date: /home/rens/linorobot2_ws/install/micro_ros_setup/./config/freertos/nucleo_f767zi
[4.494s] -- Up-to-date: /home/rens/linorobot2_ws/install/micro_ros_setup/./config/freertos/nucleo_f767zi/package.xml
[4.494s] -- Up-to-date: /home/rens/linorobot2_ws/install/micro_ros_setup/./config/freertos/nucleo_f767zi/flash.sh
[4.495s] -- Up-to-date: /home/rens/linorobot2_ws/install/micro_ros_setup/./config/freertos/nucleo_f767zi/client-colcon.meta
[4.520s] -- Up-to-date: /home/rens/linorobot2_ws/install/micro_ros_setup/./config/freertos/nucleo_f767zi/create.sh
[4.520s] -- Up-to-date: /home/rens/linorobot2_ws/install/micro_ros_setup/./config/freertos/nucleo_f767zi/client_uros_packages.repos
[4.521s] -- Up-to-date: /home/rens/linorobot2_ws/install/micro_ros_setup/./config/freertos/nucleo_f767zi/board.repos
[4.521s] -- Up-to-date: /home/rens/linorobot2_ws/install/micro_ros_setup/./config/freertos/nucleo_f767zi/build.sh
[4.522s] -- Up-to-date: /home/rens/linorobot2_ws/install/micro_ros_setup/./config/freertos/nucleo_f767zi/configure.sh
[4.522s] -- Up-to-date: /home/rens/linorobot2_ws/install/micro_ros_setup/./config/freertos/nucleo_f746zg
[4.535s] -- Up-to-date: /home/rens/linorobot2_ws/install/micro_ros_setup/./config/freertos/nucleo_f746zg/package.xml
[4.538s] -- Up-to-date: /home/rens/linorobot2_ws/install/micro_ros_setup/./config/freertos/nucleo_f746zg/flash.sh
[4.540s] -- Up-to-date: /home/rens/linorobot2_ws/install/micro_ros_setup/./config/freertos/nucleo_f746zg/client-colcon.meta
[4.545s] -- Up-to-date: /home/rens/linorobot2_ws/install/micro_ros_setup/./config/freertos/nucleo_f746zg/create.sh
[4.546s] -- Up-to-date: /home/rens/linorobot2_ws/install/micro_ros_setup/./config/freertos/nucleo_f746zg/client_uros_packages.repos
[4.551s] -- Up-to-date: /home/rens/linorobot2_ws/install/micro_ros_setup/./config/freertos/nucleo_f746zg/board.repos
[4.551s] -- Up-to-date: /home/rens/linorobot2_ws/install/micro_ros_setup/./config/freertos/nucleo_f746zg/build.sh
[4.552s] -- Up-to-date: /home/rens/linorobot2_ws/install/micro_ros_setup/./config/freertos/nucleo_f746zg/configure.sh
[4.557s] -- Up-to-date: /home/rens/linorobot2_ws/install/micro_ros_setup/./config/freertos/dev_ros2_packages.txt
[4.557s] -- Up-to-date: /home/rens/linorobot2_ws/install/micro_ros_setup/./config/freertos/crazyflie21
[4.558s] -- Up-to-date: /home/rens/linorobot2_ws/install/micro_ros_setup/./config/freertos/crazyflie21/package.xml
[4.562s] -- Up-to-date: /home/rens/linorobot2_ws/install/micro_ros_setup/./config/freertos/crazyflie21/flash.sh
[4.565s] -- Up-to-date: /home/rens/linorobot2_ws/install/micro_ros_setup/./config/freertos/crazyflie21/client-colcon.meta
[4.566s] -- Up-to-date: /home/rens/linorobot2_ws/install/micro_ros_setup/./config/freertos/crazyflie21/create.sh
[4.571s] -- Up-to-date: /home/rens/linorobot2_ws/install/micro_ros_setup/./config/freertos/crazyflie21/client_uros_packages.repos
[4.573s] -- Up-to-date: /home/rens/linorobot2_ws/install/micro_ros_setup/./config/freertos/crazyflie21/board.repos
[4.578s] -- Up-to-date: /home/rens/linorobot2_ws/install/micro_ros_setup/./config/freertos/crazyflie21/build.sh
[4.580s] -- Up-to-date: /home/rens/linorobot2_ws/install/micro_ros_setup/./config/freertos/crazyflie21/configure.sh
[4.581s] -- Up-to-date: /home/rens/linorobot2_ws/install/micro_ros_setup/./config/freertos/esp32
[4.589s] -- Up-to-date: /home/rens/linorobot2_ws/install/micro_ros_setup/./config/freertos/esp32/package.xml
[4.590s] -- Up-to-date: /home/rens/linorobot2_ws/install/micro_ros_setup/./config/freertos/esp32/flash.sh
[4.591s] -- Up-to-date: /home/rens/linorobot2_ws/install/micro_ros_setup/./config/freertos/esp32/client-colcon.meta
[4.604s] -- Up-to-date: /home/rens/linorobot2_ws/install/micro_ros_setup/./config/freertos/esp32/create.sh
[4.605s] -- Up-to-date: /home/rens/linorobot2_ws/install/micro_ros_setup/./config/freertos/esp32/client_uros_packages.repos
[4.606s] -- Up-to-date: /home/rens/linorobot2_ws/install/micro_ros_setup/./config/freertos/esp32/board.repos
[4.619s] -- Up-to-date: /home/rens/linorobot2_ws/install/micro_ros_setup/./config/freertos/esp32/README.md
[4.620s] -- Up-to-date: /home/rens/linorobot2_ws/install/micro_ros_setup/./config/freertos/esp32/build.sh
[4.621s] -- Up-to-date: /home/rens/linorobot2_ws/install/micro_ros_setup/./config/freertos/esp32/configure.sh
[4.624s] -- Up-to-date: /home/rens/linorobot2_ws/install/micro_ros_setup/./config/freertos/dev_uros_packages.repos
[4.625s] -- Up-to-date: /home/rens/linorobot2_ws/install/micro_ros_setup/./config/agent_ros2_packages.txt
[4.626s] Invoked command in '/home/rens/linorobot2_ws/build/micro_ros_setup' returned '0': CMAKE_PREFIX_PATH=${CMAKE_PREFIX_PATH}:/opt/ros/jazzy /usr/bin/cmake --install /home/rens/linorobot2_ws/build/micro_ros_setup
