[0.132s] Invoking command in '/home/rens/linorobot2_ws/build/drive_base_msgs': CMAKE_PREFIX_PATH=${CMAKE_PREFIX_PATH}:/opt/ros/jazzy /usr/bin/cmake /home/rens/linorobot2_ws/src/uros/drive_base/drive_base_msgs -DAMENT_CMAKE_SYMLINK_INSTALL=1 -DCMAKE_INSTALL_PREFIX=/home/rens/linorobot2_ws/install/drive_base_msgs
[0.526s] -- Found ament_cmake: 2.5.4 (/opt/ros/jazzy/share/ament_cmake/cmake)
[0.736s] -- Found Python3: /usr/bin/python3 (found version "3.12.3") found components: Interpreter 
[1.364s] -- Override CMake install command with custom implementation using symlinks instead of copying resources
[1.478s] -- Found std_msgs: 5.3.6 (/opt/ros/jazzy/share/std_msgs/cmake)
[1.760s] -- Found rosidl_generator_c: 4.6.6 (/opt/ros/jazzy/share/rosidl_generator_c/cmake)
[1.824s] -- Found rosidl_generator_cpp: 4.6.6 (/opt/ros/jazzy/share/rosidl_generator_cpp/cmake)
[1.935s] -- Using all available rosidl_typesupport_c: rosidl_typesupport_fastrtps_c;rosidl_typesupport_introspection_c
[2.034s] -- Using all available rosidl_typesupport_cpp: rosidl_typesupport_fastrtps_cpp;rosidl_typesupport_introspection_cpp
[2.226s] -- Found rosidl_default_generators: 1.6.0 (/opt/ros/jazzy/share/rosidl_default_generators/cmake)
[2.289s] -- Found rosidl_adapter: 4.6.6 (/opt/ros/jazzy/share/rosidl_adapter/cmake)
[4.285s] -- Found ament_cmake_cppcheck: 0.17.3 (/opt/ros/jazzy/share/ament_cmake_cppcheck/cmake)
[4.293s] -- Found ament_cmake_cpplint: 0.17.3 (/opt/ros/jazzy/share/ament_cmake_cpplint/cmake)
[4.297s] -- Found ament_cmake_uncrustify: 0.17.3 (/opt/ros/jazzy/share/ament_cmake_uncrustify/cmake)
[4.305s] -- Found ament_cmake_ros: 0.12.0 (/opt/ros/jazzy/share/ament_cmake_ros/cmake)
[5.860s] -- Using all available rosidl_typesupport_c: rosidl_typesupport_fastrtps_c;rosidl_typesupport_introspection_c
[6.492s] -- Using all available rosidl_typesupport_cpp: rosidl_typesupport_fastrtps_cpp;rosidl_typesupport_introspection_cpp
[6.505s] -- Found python_cmake_module: 0.11.1 (/opt/ros/jazzy/share/python_cmake_module/cmake)
[8.386s] -- Found Python3: /usr/bin/python3 (found version "3.12.3") found components: Interpreter Development NumPy Development.Module Development.Embed 
[8.727s] -- Found ament_cmake_flake8: 0.17.3 (/opt/ros/jazzy/share/ament_cmake_flake8/cmake)
[8.732s] -- Found ament_cmake_pep257: 0.17.3 (/opt/ros/jazzy/share/ament_cmake_pep257/cmake)
[8.854s] -- Configuring done (8.4s)
[9.443s] -- Generating done (0.5s)
[9.561s] -- Build files have been written to: /home/rens/linorobot2_ws/build/drive_base_msgs
[9.624s] Invoked command in '/home/rens/linorobot2_ws/build/drive_base_msgs' returned '0': CMAKE_PREFIX_PATH=${CMAKE_PREFIX_PATH}:/opt/ros/jazzy /usr/bin/cmake /home/rens/linorobot2_ws/src/uros/drive_base/drive_base_msgs -DAMENT_CMAKE_SYMLINK_INSTALL=1 -DCMAKE_INSTALL_PREFIX=/home/rens/linorobot2_ws/install/drive_base_msgs
[9.631s] Invoking command in '/home/rens/linorobot2_ws/build/drive_base_msgs': CMAKE_PREFIX_PATH=${CMAKE_PREFIX_PATH}:/opt/ros/jazzy /usr/bin/cmake --build /home/rens/linorobot2_ws/build/drive_base_msgs -- -j4 -l4
[10.535s] [  1%] Built target drive_base_msgs__rosidl_generator_type_description
[10.651s] [  1%] Built target ament_cmake_python_symlink_drive_base_msgs
[10.718s] [  3%] Built target drive_base_msgs__cpp
[10.796s] [ 25%] Built target drive_base_msgs__rosidl_generator_c
[11.141s] [ 34%] Built target drive_base_msgs__rosidl_typesupport_introspection_c
[11.172s] [ 43%] Built target drive_base_msgs__rosidl_typesupport_fastrtps_c
[11.216s] [ 53%] Built target drive_base_msgs__rosidl_typesupport_fastrtps_cpp
[11.563s] [ 62%] Built target drive_base_msgs__rosidl_typesupport_introspection_cpp
[11.583s] [ 71%] Built target drive_base_msgs__rosidl_typesupport_c
[11.625s] [ 81%] Built target drive_base_msgs__rosidl_typesupport_cpp
[11.816s] [ 81%] Built target drive_base_msgs
[12.000s] [ 82%] Built target drive_base_msgs__py
[12.214s] [ 90%] Built target drive_base_msgs__rosidl_generator_py
[12.481s] [ 93%] Built target drive_base_msgs_s__rosidl_typesupport_c
[12.540s] [ 96%] Built target drive_base_msgs_s__rosidl_typesupport_fastrtps_c
[12.543s] running egg_info
[12.556s] [100%] Built target drive_base_msgs_s__rosidl_typesupport_introspection_c
[12.739s] writing drive_base_msgs.egg-info/PKG-INFO
[12.741s] writing dependency_links to drive_base_msgs.egg-info/dependency_links.txt
[12.742s] writing top-level names to drive_base_msgs.egg-info/top_level.txt
[13.122s] reading manifest file 'drive_base_msgs.egg-info/SOURCES.txt'
[13.127s] writing manifest file 'drive_base_msgs.egg-info/SOURCES.txt'
[13.335s] [100%] Built target ament_cmake_python_build_drive_base_msgs_egg
[13.419s] Invoked command in '/home/rens/linorobot2_ws/build/drive_base_msgs' returned '0': CMAKE_PREFIX_PATH=${CMAKE_PREFIX_PATH}:/opt/ros/jazzy /usr/bin/cmake --build /home/rens/linorobot2_ws/build/drive_base_msgs -- -j4 -l4
[13.421s] Invoking command in '/home/rens/linorobot2_ws/build/drive_base_msgs': CMAKE_PREFIX_PATH=${CMAKE_PREFIX_PATH}:/opt/ros/jazzy /usr/bin/cmake --install /home/rens/linorobot2_ws/build/drive_base_msgs
[13.485s] -- Install configuration: ""
[13.487s] -- Execute custom install script
[13.491s] -- Up-to-date symlink: /home/rens/linorobot2_ws/install/drive_base_msgs/share/ament_index/resource_index/rosidl_interfaces/drive_base_msgs
[13.495s] -- Up-to-date symlink: /home/rens/linorobot2_ws/install/drive_base_msgs/share/drive_base_msgs/msg/CommandHeader.json
[13.496s] -- Up-to-date symlink: /home/rens/linorobot2_ws/install/drive_base_msgs/share/drive_base_msgs/msg/BaseInfo.json
[13.499s] -- Up-to-date symlink: /home/rens/linorobot2_ws/install/drive_base_msgs/share/drive_base_msgs/msg/CommandStatus.json
[13.501s] -- Up-to-date symlink: /home/rens/linorobot2_ws/install/drive_base_msgs/share/drive_base_msgs/msg/TRVCommand.json
[13.512s] -- Up-to-date symlink: /home/rens/linorobot2_ws/install/drive_base_msgs/include/drive_base_msgs/drive_base_msgs/msg/base_info.h
[13.515s] -- Up-to-date symlink: /home/rens/linorobot2_ws/install/drive_base_msgs/include/drive_base_msgs/drive_base_msgs/msg/command_header.h
[13.516s] -- Up-to-date symlink: /home/rens/linorobot2_ws/install/drive_base_msgs/include/drive_base_msgs/drive_base_msgs/msg/command_status.h
[13.518s] -- Up-to-date symlink: /home/rens/linorobot2_ws/install/drive_base_msgs/include/drive_base_msgs/drive_base_msgs/msg/detail/base_info__functions.h
[13.520s] -- Up-to-date symlink: /home/rens/linorobot2_ws/install/drive_base_msgs/include/drive_base_msgs/drive_base_msgs/msg/detail/base_info__struct.h
[13.527s] -- Up-to-date symlink: /home/rens/linorobot2_ws/install/drive_base_msgs/include/drive_base_msgs/drive_base_msgs/msg/detail/base_info__type_support.h
[13.527s] -- Up-to-date symlink: /home/rens/linorobot2_ws/install/drive_base_msgs/include/drive_base_msgs/drive_base_msgs/msg/detail/command_header__functions.h
[13.528s] -- Up-to-date symlink: /home/rens/linorobot2_ws/install/drive_base_msgs/include/drive_base_msgs/drive_base_msgs/msg/detail/command_header__struct.h
[13.529s] -- Up-to-date symlink: /home/rens/linorobot2_ws/install/drive_base_msgs/include/drive_base_msgs/drive_base_msgs/msg/detail/command_header__type_support.h
[13.532s] -- Up-to-date symlink: /home/rens/linorobot2_ws/install/drive_base_msgs/include/drive_base_msgs/drive_base_msgs/msg/detail/command_status__functions.h
[13.535s] -- Up-to-date symlink: /home/rens/linorobot2_ws/install/drive_base_msgs/include/drive_base_msgs/drive_base_msgs/msg/detail/command_status__struct.h
[13.536s] -- Up-to-date symlink: /home/rens/linorobot2_ws/install/drive_base_msgs/include/drive_base_msgs/drive_base_msgs/msg/detail/command_status__type_support.h
[13.537s] -- Up-to-date symlink: /home/rens/linorobot2_ws/install/drive_base_msgs/include/drive_base_msgs/drive_base_msgs/msg/detail/trv_command__functions.h
[13.541s] -- Up-to-date symlink: /home/rens/linorobot2_ws/install/drive_base_msgs/include/drive_base_msgs/drive_base_msgs/msg/detail/trv_command__struct.h
[13.545s] -- Up-to-date symlink: /home/rens/linorobot2_ws/install/drive_base_msgs/include/drive_base_msgs/drive_base_msgs/msg/detail/trv_command__type_support.h
[13.547s] -- Up-to-date symlink: /home/rens/linorobot2_ws/install/drive_base_msgs/include/drive_base_msgs/drive_base_msgs/msg/rosidl_generator_c__visibility_control.h
[13.550s] -- Up-to-date symlink: /home/rens/linorobot2_ws/install/drive_base_msgs/include/drive_base_msgs/drive_base_msgs/msg/trv_command.h
[13.552s] -- Up-to-date symlink: /home/rens/linorobot2_ws/install/drive_base_msgs/share/drive_base_msgs/environment/library_path.sh
[13.558s] -- Up-to-date symlink: /home/rens/linorobot2_ws/install/drive_base_msgs/share/drive_base_msgs/environment/library_path.dsv
[13.562s] -- Up-to-date symlink: /home/rens/linorobot2_ws/install/drive_base_msgs/include/drive_base_msgs/drive_base_msgs/msg/detail/base_info__rosidl_typesupport_fastrtps_c.h
[13.568s] -- Up-to-date symlink: /home/rens/linorobot2_ws/install/drive_base_msgs/include/drive_base_msgs/drive_base_msgs/msg/detail/command_header__rosidl_typesupport_fastrtps_c.h
[13.572s] -- Up-to-date symlink: /home/rens/linorobot2_ws/install/drive_base_msgs/include/drive_base_msgs/drive_base_msgs/msg/detail/command_status__rosidl_typesupport_fastrtps_c.h
[13.573s] -- Up-to-date symlink: /home/rens/linorobot2_ws/install/drive_base_msgs/include/drive_base_msgs/drive_base_msgs/msg/detail/trv_command__rosidl_typesupport_fastrtps_c.h
[13.574s] -- Up-to-date symlink: /home/rens/linorobot2_ws/install/drive_base_msgs/include/drive_base_msgs/drive_base_msgs/msg/rosidl_typesupport_fastrtps_c__visibility_control.h
[13.579s] -- Up-to-date symlink: /home/rens/linorobot2_ws/install/drive_base_msgs/include/drive_base_msgs/drive_base_msgs/msg/base_info.hpp
[13.583s] -- Up-to-date symlink: /home/rens/linorobot2_ws/install/drive_base_msgs/include/drive_base_msgs/drive_base_msgs/msg/command_header.hpp
[13.584s] -- Up-to-date symlink: /home/rens/linorobot2_ws/install/drive_base_msgs/include/drive_base_msgs/drive_base_msgs/msg/command_status.hpp
[13.587s] -- Up-to-date symlink: /home/rens/linorobot2_ws/install/drive_base_msgs/include/drive_base_msgs/drive_base_msgs/msg/detail/base_info__builder.hpp
[13.589s] -- Up-to-date symlink: /home/rens/linorobot2_ws/install/drive_base_msgs/include/drive_base_msgs/drive_base_msgs/msg/detail/base_info__struct.hpp
[13.591s] -- Up-to-date symlink: /home/rens/linorobot2_ws/install/drive_base_msgs/include/drive_base_msgs/drive_base_msgs/msg/detail/base_info__traits.hpp
[13.596s] -- Up-to-date symlink: /home/rens/linorobot2_ws/install/drive_base_msgs/include/drive_base_msgs/drive_base_msgs/msg/detail/base_info__type_support.hpp
[13.598s] -- Up-to-date symlink: /home/rens/linorobot2_ws/install/drive_base_msgs/include/drive_base_msgs/drive_base_msgs/msg/detail/command_header__builder.hpp
[13.601s] -- Up-to-date symlink: /home/rens/linorobot2_ws/install/drive_base_msgs/include/drive_base_msgs/drive_base_msgs/msg/detail/command_header__struct.hpp
[13.604s] -- Up-to-date symlink: /home/rens/linorobot2_ws/install/drive_base_msgs/include/drive_base_msgs/drive_base_msgs/msg/detail/command_header__traits.hpp
[13.607s] -- Up-to-date symlink: /home/rens/linorobot2_ws/install/drive_base_msgs/include/drive_base_msgs/drive_base_msgs/msg/detail/command_header__type_support.hpp
[13.609s] -- Up-to-date symlink: /home/rens/linorobot2_ws/install/drive_base_msgs/include/drive_base_msgs/drive_base_msgs/msg/detail/command_status__builder.hpp
[13.611s] -- Up-to-date symlink: /home/rens/linorobot2_ws/install/drive_base_msgs/include/drive_base_msgs/drive_base_msgs/msg/detail/command_status__struct.hpp
[13.617s] -- Up-to-date symlink: /home/rens/linorobot2_ws/install/drive_base_msgs/include/drive_base_msgs/drive_base_msgs/msg/detail/command_status__traits.hpp
[13.625s] -- Up-to-date symlink: /home/rens/linorobot2_ws/install/drive_base_msgs/include/drive_base_msgs/drive_base_msgs/msg/detail/command_status__type_support.hpp
[13.627s] -- Up-to-date symlink: /home/rens/linorobot2_ws/install/drive_base_msgs/include/drive_base_msgs/drive_base_msgs/msg/detail/trv_command__builder.hpp
[13.629s] -- Up-to-date symlink: /home/rens/linorobot2_ws/install/drive_base_msgs/include/drive_base_msgs/drive_base_msgs/msg/detail/trv_command__struct.hpp
[13.631s] -- Up-to-date symlink: /home/rens/linorobot2_ws/install/drive_base_msgs/include/drive_base_msgs/drive_base_msgs/msg/detail/trv_command__traits.hpp
[13.635s] -- Up-to-date symlink: /home/rens/linorobot2_ws/install/drive_base_msgs/include/drive_base_msgs/drive_base_msgs/msg/detail/trv_command__type_support.hpp
[13.640s] -- Up-to-date symlink: /home/rens/linorobot2_ws/install/drive_base_msgs/include/drive_base_msgs/drive_base_msgs/msg/rosidl_generator_cpp__visibility_control.hpp
[13.644s] -- Up-to-date symlink: /home/rens/linorobot2_ws/install/drive_base_msgs/include/drive_base_msgs/drive_base_msgs/msg/trv_command.hpp
[13.656s] -- Up-to-date symlink: /home/rens/linorobot2_ws/install/drive_base_msgs/include/drive_base_msgs/drive_base_msgs/msg/detail/base_info__rosidl_typesupport_fastrtps_cpp.hpp
[13.659s] -- Up-to-date symlink: /home/rens/linorobot2_ws/install/drive_base_msgs/include/drive_base_msgs/drive_base_msgs/msg/detail/command_header__rosidl_typesupport_fastrtps_cpp.hpp
[13.664s] -- Up-to-date symlink: /home/rens/linorobot2_ws/install/drive_base_msgs/include/drive_base_msgs/drive_base_msgs/msg/detail/command_status__rosidl_typesupport_fastrtps_cpp.hpp
[13.668s] -- Up-to-date symlink: /home/rens/linorobot2_ws/install/drive_base_msgs/include/drive_base_msgs/drive_base_msgs/msg/detail/trv_command__rosidl_typesupport_fastrtps_cpp.hpp
[13.673s] -- Up-to-date symlink: /home/rens/linorobot2_ws/install/drive_base_msgs/include/drive_base_msgs/drive_base_msgs/msg/rosidl_typesupport_fastrtps_cpp__visibility_control.h
[13.678s] -- Up-to-date symlink: /home/rens/linorobot2_ws/install/drive_base_msgs/include/drive_base_msgs/drive_base_msgs/msg/detail/base_info__rosidl_typesupport_introspection_c.h
[13.683s] -- Up-to-date symlink: /home/rens/linorobot2_ws/install/drive_base_msgs/include/drive_base_msgs/drive_base_msgs/msg/detail/command_header__rosidl_typesupport_introspection_c.h
[13.684s] -- Up-to-date symlink: /home/rens/linorobot2_ws/install/drive_base_msgs/include/drive_base_msgs/drive_base_msgs/msg/detail/command_status__rosidl_typesupport_introspection_c.h
[13.685s] -- Up-to-date symlink: /home/rens/linorobot2_ws/install/drive_base_msgs/include/drive_base_msgs/drive_base_msgs/msg/detail/trv_command__rosidl_typesupport_introspection_c.h
[13.689s] -- Up-to-date symlink: /home/rens/linorobot2_ws/install/drive_base_msgs/include/drive_base_msgs/drive_base_msgs/msg/rosidl_typesupport_introspection_c__visibility_control.h
[13.692s] -- Up-to-date symlink: /home/rens/linorobot2_ws/install/drive_base_msgs/include/drive_base_msgs/drive_base_msgs/msg/detail/base_info__rosidl_typesupport_introspection_cpp.hpp
[13.693s] -- Up-to-date symlink: /home/rens/linorobot2_ws/install/drive_base_msgs/include/drive_base_msgs/drive_base_msgs/msg/detail/command_header__rosidl_typesupport_introspection_cpp.hpp
[13.695s] -- Up-to-date symlink: /home/rens/linorobot2_ws/install/drive_base_msgs/include/drive_base_msgs/drive_base_msgs/msg/detail/command_status__rosidl_typesupport_introspection_cpp.hpp
[13.697s] -- Up-to-date symlink: /home/rens/linorobot2_ws/install/drive_base_msgs/include/drive_base_msgs/drive_base_msgs/msg/detail/trv_command__rosidl_typesupport_introspection_cpp.hpp
[13.699s] -- Up-to-date symlink: /home/rens/linorobot2_ws/install/drive_base_msgs/share/drive_base_msgs/environment/pythonpath.sh
[13.702s] -- Up-to-date symlink: /home/rens/linorobot2_ws/install/drive_base_msgs/share/drive_base_msgs/environment/pythonpath.dsv
[13.717s] -- Up-to-date symlink: /home/rens/linorobot2_ws/install/drive_base_msgs/lib/python3.12/site-packages/drive_base_msgs-0.0.0-py3.12.egg-info/PKG-INFO
[13.723s] -- Up-to-date symlink: /home/rens/linorobot2_ws/install/drive_base_msgs/lib/python3.12/site-packages/drive_base_msgs-0.0.0-py3.12.egg-info/SOURCES.txt
[13.726s] -- Up-to-date symlink: /home/rens/linorobot2_ws/install/drive_base_msgs/lib/python3.12/site-packages/drive_base_msgs-0.0.0-py3.12.egg-info/dependency_links.txt
[13.727s] -- Up-to-date symlink: /home/rens/linorobot2_ws/install/drive_base_msgs/lib/python3.12/site-packages/drive_base_msgs-0.0.0-py3.12.egg-info/top_level.txt
[13.737s] -- Up-to-date symlink: /home/rens/linorobot2_ws/install/drive_base_msgs/lib/python3.12/site-packages/drive_base_msgs/__init__.py
[13.739s] -- Up-to-date symlink: /home/rens/linorobot2_ws/install/drive_base_msgs/lib/python3.12/site-packages/drive_base_msgs/_drive_base_msgs_s.ep.rosidl_typesupport_c.c
[13.741s] -- Up-to-date symlink: /home/rens/linorobot2_ws/install/drive_base_msgs/lib/python3.12/site-packages/drive_base_msgs/_drive_base_msgs_s.ep.rosidl_typesupport_fastrtps_c.c
[13.743s] -- Up-to-date symlink: /home/rens/linorobot2_ws/install/drive_base_msgs/lib/python3.12/site-packages/drive_base_msgs/_drive_base_msgs_s.ep.rosidl_typesupport_introspection_c.c
[13.744s] -- Up-to-date symlink: /home/rens/linorobot2_ws/install/drive_base_msgs/lib/python3.12/site-packages/drive_base_msgs/drive_base_msgs_s__rosidl_typesupport_c.so
[13.748s] -- Up-to-date symlink: /home/rens/linorobot2_ws/install/drive_base_msgs/lib/python3.12/site-packages/drive_base_msgs/drive_base_msgs_s__rosidl_typesupport_fastrtps_c.so
[13.751s] -- Up-to-date symlink: /home/rens/linorobot2_ws/install/drive_base_msgs/lib/python3.12/site-packages/drive_base_msgs/drive_base_msgs_s__rosidl_typesupport_introspection_c.so
[13.756s] -- Up-to-date symlink: /home/rens/linorobot2_ws/install/drive_base_msgs/lib/python3.12/site-packages/drive_base_msgs/msg/__init__.py
[13.758s] -- Up-to-date symlink: /home/rens/linorobot2_ws/install/drive_base_msgs/lib/python3.12/site-packages/drive_base_msgs/msg/_base_info.py
[13.759s] -- Up-to-date symlink: /home/rens/linorobot2_ws/install/drive_base_msgs/lib/python3.12/site-packages/drive_base_msgs/msg/_base_info_s.c
[13.760s] -- Up-to-date symlink: /home/rens/linorobot2_ws/install/drive_base_msgs/lib/python3.12/site-packages/drive_base_msgs/msg/_command_header.py
[13.761s] -- Up-to-date symlink: /home/rens/linorobot2_ws/install/drive_base_msgs/lib/python3.12/site-packages/drive_base_msgs/msg/_command_header_s.c
[13.763s] -- Up-to-date symlink: /home/rens/linorobot2_ws/install/drive_base_msgs/lib/python3.12/site-packages/drive_base_msgs/msg/_command_status.py
[13.764s] -- Up-to-date symlink: /home/rens/linorobot2_ws/install/drive_base_msgs/lib/python3.12/site-packages/drive_base_msgs/msg/_command_status_s.c
[13.767s] -- Up-to-date symlink: /home/rens/linorobot2_ws/install/drive_base_msgs/lib/python3.12/site-packages/drive_base_msgs/msg/_trv_command.py
[13.772s] -- Up-to-date symlink: /home/rens/linorobot2_ws/install/drive_base_msgs/lib/python3.12/site-packages/drive_base_msgs/msg/_trv_command_s.c
[13.773s] -- Up-to-date symlink: /home/rens/linorobot2_ws/install/drive_base_msgs/lib/python3.12/site-packages/drive_base_msgs/drive_base_msgs_s__rosidl_typesupport_fastrtps_c.so
[13.776s] -- Up-to-date symlink: /home/rens/linorobot2_ws/install/drive_base_msgs/lib/python3.12/site-packages/drive_base_msgs/drive_base_msgs_s__rosidl_typesupport_introspection_c.so
[13.777s] -- Up-to-date symlink: /home/rens/linorobot2_ws/install/drive_base_msgs/lib/python3.12/site-packages/drive_base_msgs/drive_base_msgs_s__rosidl_typesupport_c.so
[13.778s] -- Up-to-date symlink: /home/rens/linorobot2_ws/install/drive_base_msgs/share/drive_base_msgs/msg/CommandHeader.idl
[13.779s] -- Up-to-date symlink: /home/rens/linorobot2_ws/install/drive_base_msgs/share/drive_base_msgs/msg/BaseInfo.idl
[13.783s] -- Up-to-date symlink: /home/rens/linorobot2_ws/install/drive_base_msgs/share/drive_base_msgs/msg/CommandStatus.idl
[13.786s] -- Up-to-date symlink: /home/rens/linorobot2_ws/install/drive_base_msgs/share/drive_base_msgs/msg/TRVCommand.idl
[13.789s] -- Up-to-date symlink: /home/rens/linorobot2_ws/install/drive_base_msgs/share/drive_base_msgs/msg/CommandHeader.msg
[13.790s] -- Up-to-date symlink: /home/rens/linorobot2_ws/install/drive_base_msgs/share/drive_base_msgs/msg/BaseInfo.msg
[13.793s] -- Up-to-date symlink: /home/rens/linorobot2_ws/install/drive_base_msgs/share/drive_base_msgs/msg/CommandStatus.msg
[13.793s] -- Up-to-date symlink: /home/rens/linorobot2_ws/install/drive_base_msgs/share/drive_base_msgs/msg/TRVCommand.msg
[13.796s] -- Up-to-date symlink: /home/rens/linorobot2_ws/install/drive_base_msgs/share/ament_index/resource_index/package_run_dependencies/drive_base_msgs
[13.797s] -- Up-to-date symlink: /home/rens/linorobot2_ws/install/drive_base_msgs/share/ament_index/resource_index/parent_prefix_path/drive_base_msgs
[13.800s] -- Up-to-date symlink: /home/rens/linorobot2_ws/install/drive_base_msgs/share/drive_base_msgs/environment/ament_prefix_path.sh
[13.807s] -- Up-to-date symlink: /home/rens/linorobot2_ws/install/drive_base_msgs/share/drive_base_msgs/environment/ament_prefix_path.dsv
[13.810s] -- Up-to-date symlink: /home/rens/linorobot2_ws/install/drive_base_msgs/share/drive_base_msgs/environment/path.sh
[13.810s] -- Up-to-date symlink: /home/rens/linorobot2_ws/install/drive_base_msgs/share/drive_base_msgs/environment/path.dsv
[13.812s] -- Up-to-date symlink: /home/rens/linorobot2_ws/install/drive_base_msgs/share/drive_base_msgs/local_setup.bash
[13.817s] -- Up-to-date symlink: /home/rens/linorobot2_ws/install/drive_base_msgs/share/drive_base_msgs/local_setup.sh
[13.817s] -- Up-to-date symlink: /home/rens/linorobot2_ws/install/drive_base_msgs/share/drive_base_msgs/local_setup.zsh
[13.818s] -- Up-to-date symlink: /home/rens/linorobot2_ws/install/drive_base_msgs/share/drive_base_msgs/local_setup.dsv
[13.818s] -- Symlinking: /home/rens/linorobot2_ws/install/drive_base_msgs/share/drive_base_msgs/package.dsv
[13.885s] -- Up-to-date symlink: /home/rens/linorobot2_ws/install/drive_base_msgs/share/ament_index/resource_index/packages/drive_base_msgs
[13.890s] -- Up-to-date symlink: /home/rens/linorobot2_ws/install/drive_base_msgs/share/drive_base_msgs/cmake/rosidl_cmake-extras.cmake
[13.891s] -- Up-to-date symlink: /home/rens/linorobot2_ws/install/drive_base_msgs/share/drive_base_msgs/cmake/ament_cmake_export_dependencies-extras.cmake
[13.894s] -- Up-to-date symlink: /home/rens/linorobot2_ws/install/drive_base_msgs/share/drive_base_msgs/cmake/ament_cmake_export_include_directories-extras.cmake
[13.895s] -- Up-to-date symlink: /home/rens/linorobot2_ws/install/drive_base_msgs/share/drive_base_msgs/cmake/ament_cmake_export_libraries-extras.cmake
[13.896s] -- Up-to-date symlink: /home/rens/linorobot2_ws/install/drive_base_msgs/share/drive_base_msgs/cmake/ament_cmake_export_targets-extras.cmake
[13.899s] -- Up-to-date symlink: /home/rens/linorobot2_ws/install/drive_base_msgs/share/drive_base_msgs/cmake/rosidl_cmake_export_typesupport_targets-extras.cmake
[13.900s] -- Up-to-date symlink: /home/rens/linorobot2_ws/install/drive_base_msgs/share/drive_base_msgs/cmake/rosidl_cmake_export_typesupport_libraries-extras.cmake
[13.902s] -- Up-to-date symlink: /home/rens/linorobot2_ws/install/drive_base_msgs/share/drive_base_msgs/cmake/drive_base_msgsConfig.cmake
[13.907s] -- Up-to-date symlink: /home/rens/linorobot2_ws/install/drive_base_msgs/share/drive_base_msgs/cmake/drive_base_msgsConfig-version.cmake
[13.907s] -- Up-to-date symlink: /home/rens/linorobot2_ws/install/drive_base_msgs/share/drive_base_msgs/package.xml
[13.915s] -- Up-to-date: /home/rens/linorobot2_ws/install/drive_base_msgs/lib/libdrive_base_msgs__rosidl_generator_c.so
[13.917s] -- Up-to-date: /home/rens/linorobot2_ws/install/drive_base_msgs/lib/libdrive_base_msgs__rosidl_typesupport_fastrtps_c.so
[13.926s] -- Up-to-date: /home/rens/linorobot2_ws/install/drive_base_msgs/lib/libdrive_base_msgs__rosidl_typesupport_fastrtps_cpp.so
[13.934s] -- Up-to-date: /home/rens/linorobot2_ws/install/drive_base_msgs/lib/libdrive_base_msgs__rosidl_typesupport_introspection_c.so
[13.936s] -- Up-to-date: /home/rens/linorobot2_ws/install/drive_base_msgs/lib/libdrive_base_msgs__rosidl_typesupport_c.so
[13.940s] -- Up-to-date: /home/rens/linorobot2_ws/install/drive_base_msgs/lib/libdrive_base_msgs__rosidl_typesupport_introspection_cpp.so
[13.945s] -- Up-to-date: /home/rens/linorobot2_ws/install/drive_base_msgs/lib/libdrive_base_msgs__rosidl_typesupport_cpp.so
[14.157s] Listing '/home/rens/linorobot2_ws/install/drive_base_msgs/lib/python3.12/site-packages/drive_base_msgs'...
[14.160s] Compiling '/home/rens/linorobot2_ws/install/drive_base_msgs/lib/python3.12/site-packages/drive_base_msgs/__init__.py'...
[14.163s] Listing '/home/rens/linorobot2_ws/install/drive_base_msgs/lib/python3.12/site-packages/drive_base_msgs/msg'...
[14.207s] -- Up-to-date: /home/rens/linorobot2_ws/install/drive_base_msgs/lib/libdrive_base_msgs__rosidl_generator_py.so
[14.210s] -- Up-to-date: /home/rens/linorobot2_ws/install/drive_base_msgs/share/drive_base_msgs/cmake/export_drive_base_msgs__rosidl_generator_cExport.cmake
[14.213s] -- Up-to-date: /home/rens/linorobot2_ws/install/drive_base_msgs/share/drive_base_msgs/cmake/export_drive_base_msgs__rosidl_generator_cExport-noconfig.cmake
[14.214s] -- Up-to-date: /home/rens/linorobot2_ws/install/drive_base_msgs/share/drive_base_msgs/cmake/export_drive_base_msgs__rosidl_typesupport_fastrtps_cExport.cmake
[14.215s] -- Up-to-date: /home/rens/linorobot2_ws/install/drive_base_msgs/share/drive_base_msgs/cmake/export_drive_base_msgs__rosidl_typesupport_fastrtps_cExport-noconfig.cmake
[14.216s] -- Up-to-date: /home/rens/linorobot2_ws/install/drive_base_msgs/share/drive_base_msgs/cmake/export_drive_base_msgs__rosidl_generator_cppExport.cmake
[14.218s] -- Up-to-date: /home/rens/linorobot2_ws/install/drive_base_msgs/share/drive_base_msgs/cmake/export_drive_base_msgs__rosidl_typesupport_fastrtps_cppExport.cmake
[14.219s] -- Up-to-date: /home/rens/linorobot2_ws/install/drive_base_msgs/share/drive_base_msgs/cmake/export_drive_base_msgs__rosidl_typesupport_fastrtps_cppExport-noconfig.cmake
[14.221s] -- Up-to-date: /home/rens/linorobot2_ws/install/drive_base_msgs/share/drive_base_msgs/cmake/drive_base_msgs__rosidl_typesupport_introspection_cExport.cmake
[14.222s] -- Up-to-date: /home/rens/linorobot2_ws/install/drive_base_msgs/share/drive_base_msgs/cmake/drive_base_msgs__rosidl_typesupport_introspection_cExport-noconfig.cmake
[14.224s] -- Up-to-date: /home/rens/linorobot2_ws/install/drive_base_msgs/share/drive_base_msgs/cmake/drive_base_msgs__rosidl_typesupport_cExport.cmake
[14.225s] -- Up-to-date: /home/rens/linorobot2_ws/install/drive_base_msgs/share/drive_base_msgs/cmake/drive_base_msgs__rosidl_typesupport_cExport-noconfig.cmake
[14.227s] -- Up-to-date: /home/rens/linorobot2_ws/install/drive_base_msgs/share/drive_base_msgs/cmake/drive_base_msgs__rosidl_typesupport_introspection_cppExport.cmake
[14.228s] -- Up-to-date: /home/rens/linorobot2_ws/install/drive_base_msgs/share/drive_base_msgs/cmake/drive_base_msgs__rosidl_typesupport_introspection_cppExport-noconfig.cmake
[14.231s] -- Up-to-date: /home/rens/linorobot2_ws/install/drive_base_msgs/share/drive_base_msgs/cmake/drive_base_msgs__rosidl_typesupport_cppExport.cmake
[14.235s] -- Up-to-date: /home/rens/linorobot2_ws/install/drive_base_msgs/share/drive_base_msgs/cmake/drive_base_msgs__rosidl_typesupport_cppExport-noconfig.cmake
[14.236s] -- Up-to-date: /home/rens/linorobot2_ws/install/drive_base_msgs/share/drive_base_msgs/cmake/export_drive_base_msgs__rosidl_generator_pyExport.cmake
[14.237s] -- Up-to-date: /home/rens/linorobot2_ws/install/drive_base_msgs/share/drive_base_msgs/cmake/export_drive_base_msgs__rosidl_generator_pyExport-noconfig.cmake
[14.271s] Invoked command in '/home/rens/linorobot2_ws/build/drive_base_msgs' returned '0': CMAKE_PREFIX_PATH=${CMAKE_PREFIX_PATH}:/opt/ros/jazzy /usr/bin/cmake --install /home/rens/linorobot2_ws/build/drive_base_msgs
