[0.531s] Invoking command in '/home/rens/linorobot2_ws/build/micro_ros_setup': CMAKE_PREFIX_PATH=${CMAKE_PREFIX_PATH}:/opt/ros/jazzy /usr/bin/cmake --build /home/rens/linorobot2_ws/build/micro_ros_setup -- -j4 -l4
[1.408s] Invoked command in '/home/rens/linorobot2_ws/build/micro_ros_setup' returned '0': CMAKE_PREFIX_PATH=${CMAKE_PREFIX_PATH}:/opt/ros/jazzy /usr/bin/cmake --build /home/rens/linorobot2_ws/build/micro_ros_setup -- -j4 -l4
[1.415s] Invoking command in '/home/rens/linorobot2_ws/build/micro_ros_setup': CMAKE_PREFIX_PATH=${CMAKE_PREFIX_PATH}:/opt/ros/jazzy /usr/bin/cmake --install /home/rens/linorobot2_ws/build/micro_ros_setup
[1.681s] -- Install configuration: ""
[1.689s] -- Execute custom install script
[1.698s] -- Up-to-date symlink: /home/rens/linorobot2_ws/install/micro_ros_setup/share/ament_index/resource_index/package_run_dependencies/micro_ros_setup
[1.704s] -- Up-to-date symlink: /home/rens/linorobot2_ws/install/micro_ros_setup/share/ament_index/resource_index/parent_prefix_path/micro_ros_setup
[1.713s] -- Up-to-date symlink: /home/rens/linorobot2_ws/install/micro_ros_setup/share/micro_ros_setup/environment/ament_prefix_path.sh
[1.717s] -- Up-to-date symlink: /home/rens/linorobot2_ws/install/micro_ros_setup/share/micro_ros_setup/environment/ament_prefix_path.dsv
[1.727s] -- Up-to-date symlink: /home/rens/linorobot2_ws/install/micro_ros_setup/share/micro_ros_setup/environment/path.sh
[1.734s] -- Up-to-date symlink: /home/rens/linorobot2_ws/install/micro_ros_setup/share/micro_ros_setup/environment/path.dsv
[1.743s] -- Up-to-date symlink: /home/rens/linorobot2_ws/install/micro_ros_setup/share/micro_ros_setup/local_setup.bash
[1.756s] -- Up-to-date symlink: /home/rens/linorobot2_ws/install/micro_ros_setup/share/micro_ros_setup/local_setup.sh
[1.760s] -- Up-to-date symlink: /home/rens/linorobot2_ws/install/micro_ros_setup/share/micro_ros_setup/local_setup.zsh
[1.766s] -- Up-to-date symlink: /home/rens/linorobot2_ws/install/micro_ros_setup/share/micro_ros_setup/local_setup.dsv
[1.773s] -- Symlinking: /home/rens/linorobot2_ws/install/micro_ros_setup/share/micro_ros_setup/package.dsv
[1.808s] -- Up-to-date symlink: /home/rens/linorobot2_ws/install/micro_ros_setup/share/ament_index/resource_index/packages/micro_ros_setup
[1.814s] -- Up-to-date symlink: /home/rens/linorobot2_ws/install/micro_ros_setup/share/micro_ros_setup/cmake/micro_ros_setupConfig.cmake
[1.815s] -- Up-to-date symlink: /home/rens/linorobot2_ws/install/micro_ros_setup/share/micro_ros_setup/cmake/micro_ros_setupConfig-version.cmake
[1.815s] -- Up-to-date symlink: /home/rens/linorobot2_ws/install/micro_ros_setup/share/micro_ros_setup/package.xml
[1.832s] -- Up-to-date symlink: /home/rens/linorobot2_ws/install/micro_ros_setup/lib/micro_ros_setup/create_ws.sh
[1.844s] -- Up-to-date symlink: /home/rens/linorobot2_ws/install/micro_ros_setup/lib/micro_ros_setup/create_agent_ws.sh
[1.850s] -- Up-to-date symlink: /home/rens/linorobot2_ws/install/micro_ros_setup/lib/micro_ros_setup/create_firmware_ws.sh
[1.851s] -- Up-to-date symlink: /home/rens/linorobot2_ws/install/micro_ros_setup/lib/micro_ros_setup/configure_firmware.sh
[1.857s] -- Up-to-date symlink: /home/rens/linorobot2_ws/install/micro_ros_setup/lib/micro_ros_setup/flash_firmware.sh
[1.864s] -- Up-to-date symlink: /home/rens/linorobot2_ws/install/micro_ros_setup/lib/micro_ros_setup/build_firmware.sh
[1.865s] -- Up-to-date symlink: /home/rens/linorobot2_ws/install/micro_ros_setup/lib/micro_ros_setup/build_agent.sh
[1.866s] -- Up-to-date symlink: /home/rens/linorobot2_ws/install/micro_ros_setup/lib/micro_ros_setup/yaml_filter.py
[1.887s] -- Up-to-date symlink: /home/rens/linorobot2_ws/install/micro_ros_setup/lib/micro_ros_setup/clean_env.sh
[1.888s] -- Up-to-date symlink: /home/rens/linorobot2_ws/install/micro_ros_setup/lib/micro_ros_setup/component
[1.888s] -- Up-to-date: /home/rens/linorobot2_ws/install/micro_ros_setup/./config
[1.889s] -- Up-to-date: /home/rens/linorobot2_ws/install/micro_ros_setup/./config/generate_lib
[1.905s] -- Up-to-date: /home/rens/linorobot2_ws/install/micro_ros_setup/./config/generate_lib/generic
[1.910s] -- Up-to-date: /home/rens/linorobot2_ws/install/micro_ros_setup/./config/generate_lib/generic/demo_toolchain.cmake
[1.911s] -- Up-to-date: /home/rens/linorobot2_ws/install/micro_ros_setup/./config/generate_lib/generic/package.xml
[1.911s] -- Up-to-date: /home/rens/linorobot2_ws/install/micro_ros_setup/./config/generate_lib/generic/flash.sh
[1.920s] -- Up-to-date: /home/rens/linorobot2_ws/install/micro_ros_setup/./config/generate_lib/generic/client-colcon.meta
[1.921s] -- Up-to-date: /home/rens/linorobot2_ws/install/micro_ros_setup/./config/generate_lib/generic/create.sh
[1.922s] -- Up-to-date: /home/rens/linorobot2_ws/install/micro_ros_setup/./config/generate_lib/generic/client_uros_packages.repos
[1.941s] -- Up-to-date: /home/rens/linorobot2_ws/install/micro_ros_setup/./config/generate_lib/generic/build.sh
[1.942s] -- Up-to-date: /home/rens/linorobot2_ws/install/micro_ros_setup/./config/generate_lib/dev_ros2_packages.txt
[1.943s] -- Up-to-date: /home/rens/linorobot2_ws/install/micro_ros_setup/./config/generate_lib/dev_uros_packages.repos
[1.958s] -- Up-to-date: /home/rens/linorobot2_ws/install/micro_ros_setup/./config/host
[1.962s] -- Up-to-date: /home/rens/linorobot2_ws/install/micro_ros_setup/./config/host/client_ros2_packages.txt
[1.965s] -- Up-to-date: /home/rens/linorobot2_ws/install/micro_ros_setup/./config/host/generic
[1.966s] -- Up-to-date: /home/rens/linorobot2_ws/install/micro_ros_setup/./config/host/generic/client-host-colcon.meta
[1.967s] -- Up-to-date: /home/rens/linorobot2_ws/install/micro_ros_setup/./config/host/generic/package.xml
[1.977s] -- Up-to-date: /home/rens/linorobot2_ws/install/micro_ros_setup/./config/host/generic/flash.sh
[1.978s] -- Up-to-date: /home/rens/linorobot2_ws/install/micro_ros_setup/./config/host/generic/create.sh
[1.978s] -- Up-to-date: /home/rens/linorobot2_ws/install/micro_ros_setup/./config/host/generic/client_host_packages.repos
[1.979s] -- Up-to-date: /home/rens/linorobot2_ws/install/micro_ros_setup/./config/host/generic/build.sh
[1.984s] -- Up-to-date: /home/rens/linorobot2_ws/install/micro_ros_setup/./config/host/dev_ros2_packages.txt
[1.987s] -- Up-to-date: /home/rens/linorobot2_ws/install/micro_ros_setup/./config/host/dev_uros_packages.repos
[1.988s] -- Up-to-date: /home/rens/linorobot2_ws/install/micro_ros_setup/./config/utils.sh
[1.989s] -- Up-to-date: /home/rens/linorobot2_ws/install/micro_ros_setup/./config/zephyr
[1.991s] -- Up-to-date: /home/rens/linorobot2_ws/install/micro_ros_setup/./config/zephyr/list_apps.sh
[1.992s] -- Up-to-date: /home/rens/linorobot2_ws/install/micro_ros_setup/./config/zephyr/generic
[2.004s] -- Up-to-date: /home/rens/linorobot2_ws/install/micro_ros_setup/./config/zephyr/generic/package.xml
[2.005s] -- Up-to-date: /home/rens/linorobot2_ws/install/micro_ros_setup/./config/zephyr/generic/flash.sh
[2.006s] -- Up-to-date: /home/rens/linorobot2_ws/install/micro_ros_setup/./config/zephyr/generic/supported_platforms
[2.006s] -- Up-to-date: /home/rens/linorobot2_ws/install/micro_ros_setup/./config/zephyr/generic/client-colcon.meta
[2.015s] -- Up-to-date: /home/rens/linorobot2_ws/install/micro_ros_setup/./config/zephyr/generic/create.sh
[2.016s] -- Up-to-date: /home/rens/linorobot2_ws/install/micro_ros_setup/./config/zephyr/generic/client_uros_packages.repos
[2.016s] -- Up-to-date: /home/rens/linorobot2_ws/install/micro_ros_setup/./config/zephyr/generic/board.repos
[2.017s] -- Up-to-date: /home/rens/linorobot2_ws/install/micro_ros_setup/./config/zephyr/generic/build.sh
[2.017s] -- Up-to-date: /home/rens/linorobot2_ws/install/micro_ros_setup/./config/zephyr/generic/configure.sh
[2.019s] -- Up-to-date: /home/rens/linorobot2_ws/install/micro_ros_setup/./config/zephyr/dev_ros2_packages.txt
[2.027s] -- Up-to-date: /home/rens/linorobot2_ws/install/micro_ros_setup/./config/zephyr/dev_uros_packages.repos
[2.027s] -- Up-to-date: /home/rens/linorobot2_ws/install/micro_ros_setup/./config/client_ros2_packages.txt
[2.028s] -- Up-to-date: /home/rens/linorobot2_ws/install/micro_ros_setup/./config/agent_uros_packages.repos
[2.040s] -- Up-to-date: /home/rens/linorobot2_ws/install/micro_ros_setup/./config/raspbian
[2.041s] -- Up-to-date: /home/rens/linorobot2_ws/install/micro_ros_setup/./config/raspbian/generic
[2.050s] -- Up-to-date: /home/rens/linorobot2_ws/install/micro_ros_setup/./config/raspbian/generic/flash.sh
[2.052s] -- Up-to-date: /home/rens/linorobot2_ws/install/micro_ros_setup/./config/raspbian/generic/supported_platforms
[2.053s] -- Up-to-date: /home/rens/linorobot2_ws/install/micro_ros_setup/./config/raspbian/generic/client-colcon.meta
[2.054s] -- Up-to-date: /home/rens/linorobot2_ws/install/micro_ros_setup/./config/raspbian/generic/create.sh
[2.055s] -- Up-to-date: /home/rens/linorobot2_ws/install/micro_ros_setup/./config/raspbian/generic/client_uros_packages.repos
[2.055s] -- Up-to-date: /home/rens/linorobot2_ws/install/micro_ros_setup/./config/raspbian/generic/build.sh
[2.056s] -- Up-to-date: /home/rens/linorobot2_ws/install/micro_ros_setup/./config/raspbian/generic/configure.sh
[2.057s] -- Up-to-date: /home/rens/linorobot2_ws/install/micro_ros_setup/./config/raspbian/dev_ros2_packages.txt
[2.058s] -- Up-to-date: /home/rens/linorobot2_ws/install/micro_ros_setup/./config/raspbian/dev_uros_packages.repos
[2.059s] -- Up-to-date: /home/rens/linorobot2_ws/install/micro_ros_setup/./config/client_uros_packages.repos
[2.061s] -- Up-to-date: /home/rens/linorobot2_ws/install/micro_ros_setup/./config/android
[2.062s] -- Up-to-date: /home/rens/linorobot2_ws/install/micro_ros_setup/./config/android/generic
[2.063s] -- Up-to-date: /home/rens/linorobot2_ws/install/micro_ros_setup/./config/android/generic/package.xml
[2.063s] -- Up-to-date: /home/rens/linorobot2_ws/install/micro_ros_setup/./config/android/generic/flash.sh
[2.064s] -- Up-to-date: /home/rens/linorobot2_ws/install/micro_ros_setup/./config/android/generic/client-colcon.meta
[2.065s] -- Up-to-date: /home/rens/linorobot2_ws/install/micro_ros_setup/./config/android/generic/create.sh
[2.066s] -- Up-to-date: /home/rens/linorobot2_ws/install/micro_ros_setup/./config/android/generic/client_uros_packages.repos
[2.069s] -- Up-to-date: /home/rens/linorobot2_ws/install/micro_ros_setup/./config/android/generic/build.sh
[2.070s] -- Up-to-date: /home/rens/linorobot2_ws/install/micro_ros_setup/./config/android/dev_ros2_packages.txt
[2.070s] -- Up-to-date: /home/rens/linorobot2_ws/install/micro_ros_setup/./config/android/dev_uros_packages.repos
[2.071s] -- Up-to-date: /home/rens/linorobot2_ws/install/micro_ros_setup/./config/freertos
[2.072s] -- Up-to-date: /home/rens/linorobot2_ws/install/micro_ros_setup/./config/freertos/list_apps.sh
[2.074s] -- Up-to-date: /home/rens/linorobot2_ws/install/micro_ros_setup/./config/freertos/nucleo_f446re
[2.077s] -- Up-to-date: /home/rens/linorobot2_ws/install/micro_ros_setup/./config/freertos/nucleo_f446re/package.xml
[2.081s] -- Up-to-date: /home/rens/linorobot2_ws/install/micro_ros_setup/./config/freertos/nucleo_f446re/flash.sh
[2.082s] -- Up-to-date: /home/rens/linorobot2_ws/install/micro_ros_setup/./config/freertos/nucleo_f446re/client-colcon.meta
[2.086s] -- Up-to-date: /home/rens/linorobot2_ws/install/micro_ros_setup/./config/freertos/nucleo_f446re/create.sh
[2.087s] -- Up-to-date: /home/rens/linorobot2_ws/install/micro_ros_setup/./config/freertos/nucleo_f446re/client_uros_packages.repos
[2.089s] -- Up-to-date: /home/rens/linorobot2_ws/install/micro_ros_setup/./config/freertos/nucleo_f446re/board.repos
[2.090s] -- Up-to-date: /home/rens/linorobot2_ws/install/micro_ros_setup/./config/freertos/nucleo_f446re/build.sh
[2.091s] -- Up-to-date: /home/rens/linorobot2_ws/install/micro_ros_setup/./config/freertos/nucleo_f446re/configure.sh
[2.091s] -- Up-to-date: /home/rens/linorobot2_ws/install/micro_ros_setup/./config/freertos/nucleo_f446ze
[2.101s] -- Up-to-date: /home/rens/linorobot2_ws/install/micro_ros_setup/./config/freertos/nucleo_f446ze/package.xml
[2.102s] -- Up-to-date: /home/rens/linorobot2_ws/install/micro_ros_setup/./config/freertos/nucleo_f446ze/flash.sh
[2.111s] -- Up-to-date: /home/rens/linorobot2_ws/install/micro_ros_setup/./config/freertos/nucleo_f446ze/client-colcon.meta
[2.113s] -- Up-to-date: /home/rens/linorobot2_ws/install/micro_ros_setup/./config/freertos/nucleo_f446ze/create.sh
[2.113s] -- Up-to-date: /home/rens/linorobot2_ws/install/micro_ros_setup/./config/freertos/nucleo_f446ze/client_uros_packages.repos
[2.125s] -- Up-to-date: /home/rens/linorobot2_ws/install/micro_ros_setup/./config/freertos/nucleo_f446ze/board.repos
[2.126s] -- Up-to-date: /home/rens/linorobot2_ws/install/micro_ros_setup/./config/freertos/nucleo_f446ze/build.sh
[2.127s] -- Up-to-date: /home/rens/linorobot2_ws/install/micro_ros_setup/./config/freertos/nucleo_f446ze/configure.sh
[2.136s] -- Up-to-date: /home/rens/linorobot2_ws/install/micro_ros_setup/./config/freertos/olimex-stm32-e407
[2.143s] -- Up-to-date: /home/rens/linorobot2_ws/install/micro_ros_setup/./config/freertos/olimex-stm32-e407/package.xml
[2.143s] -- Up-to-date: /home/rens/linorobot2_ws/install/micro_ros_setup/./config/freertos/olimex-stm32-e407/flash.sh
[2.149s] -- Up-to-date: /home/rens/linorobot2_ws/install/micro_ros_setup/./config/freertos/olimex-stm32-e407/client-colcon.meta
[2.150s] -- Up-to-date: /home/rens/linorobot2_ws/install/micro_ros_setup/./config/freertos/olimex-stm32-e407/create.sh
[2.161s] -- Up-to-date: /home/rens/linorobot2_ws/install/micro_ros_setup/./config/freertos/olimex-stm32-e407/client_uros_packages.repos
[2.170s] -- Up-to-date: /home/rens/linorobot2_ws/install/micro_ros_setup/./config/freertos/olimex-stm32-e407/board.repos
[2.171s] -- Up-to-date: /home/rens/linorobot2_ws/install/micro_ros_setup/./config/freertos/olimex-stm32-e407/build.sh
[2.172s] -- Up-to-date: /home/rens/linorobot2_ws/install/micro_ros_setup/./config/freertos/olimex-stm32-e407/configure.sh
[2.181s] -- Up-to-date: /home/rens/linorobot2_ws/install/micro_ros_setup/./config/freertos/nucleo_f767zi
[2.195s] -- Up-to-date: /home/rens/linorobot2_ws/install/micro_ros_setup/./config/freertos/nucleo_f767zi/package.xml
[2.196s] -- Up-to-date: /home/rens/linorobot2_ws/install/micro_ros_setup/./config/freertos/nucleo_f767zi/flash.sh
[2.197s] -- Up-to-date: /home/rens/linorobot2_ws/install/micro_ros_setup/./config/freertos/nucleo_f767zi/client-colcon.meta
[2.197s] -- Up-to-date: /home/rens/linorobot2_ws/install/micro_ros_setup/./config/freertos/nucleo_f767zi/create.sh
[2.202s] -- Up-to-date: /home/rens/linorobot2_ws/install/micro_ros_setup/./config/freertos/nucleo_f767zi/client_uros_packages.repos
[2.206s] -- Up-to-date: /home/rens/linorobot2_ws/install/micro_ros_setup/./config/freertos/nucleo_f767zi/board.repos
[2.207s] -- Up-to-date: /home/rens/linorobot2_ws/install/micro_ros_setup/./config/freertos/nucleo_f767zi/build.sh
[2.207s] -- Up-to-date: /home/rens/linorobot2_ws/install/micro_ros_setup/./config/freertos/nucleo_f767zi/configure.sh
[2.208s] -- Up-to-date: /home/rens/linorobot2_ws/install/micro_ros_setup/./config/freertos/nucleo_f746zg
[2.210s] -- Up-to-date: /home/rens/linorobot2_ws/install/micro_ros_setup/./config/freertos/nucleo_f746zg/package.xml
[2.211s] -- Up-to-date: /home/rens/linorobot2_ws/install/micro_ros_setup/./config/freertos/nucleo_f746zg/flash.sh
[2.212s] -- Up-to-date: /home/rens/linorobot2_ws/install/micro_ros_setup/./config/freertos/nucleo_f746zg/client-colcon.meta
[2.217s] -- Up-to-date: /home/rens/linorobot2_ws/install/micro_ros_setup/./config/freertos/nucleo_f746zg/create.sh
[2.218s] -- Up-to-date: /home/rens/linorobot2_ws/install/micro_ros_setup/./config/freertos/nucleo_f746zg/client_uros_packages.repos
[2.219s] -- Up-to-date: /home/rens/linorobot2_ws/install/micro_ros_setup/./config/freertos/nucleo_f746zg/board.repos
[2.219s] -- Up-to-date: /home/rens/linorobot2_ws/install/micro_ros_setup/./config/freertos/nucleo_f746zg/build.sh
[2.243s] -- Up-to-date: /home/rens/linorobot2_ws/install/micro_ros_setup/./config/freertos/nucleo_f746zg/configure.sh
[2.243s] -- Up-to-date: /home/rens/linorobot2_ws/install/micro_ros_setup/./config/freertos/dev_ros2_packages.txt
[2.253s] -- Up-to-date: /home/rens/linorobot2_ws/install/micro_ros_setup/./config/freertos/crazyflie21
[2.253s] -- Up-to-date: /home/rens/linorobot2_ws/install/micro_ros_setup/./config/freertos/crazyflie21/package.xml
[2.254s] -- Up-to-date: /home/rens/linorobot2_ws/install/micro_ros_setup/./config/freertos/crazyflie21/flash.sh
[2.257s] -- Up-to-date: /home/rens/linorobot2_ws/install/micro_ros_setup/./config/freertos/crazyflie21/client-colcon.meta
[2.260s] -- Up-to-date: /home/rens/linorobot2_ws/install/micro_ros_setup/./config/freertos/crazyflie21/create.sh
[2.261s] -- Up-to-date: /home/rens/linorobot2_ws/install/micro_ros_setup/./config/freertos/crazyflie21/client_uros_packages.repos
[2.261s] -- Up-to-date: /home/rens/linorobot2_ws/install/micro_ros_setup/./config/freertos/crazyflie21/board.repos
[2.290s] -- Up-to-date: /home/rens/linorobot2_ws/install/micro_ros_setup/./config/freertos/crazyflie21/build.sh
[2.290s] -- Up-to-date: /home/rens/linorobot2_ws/install/micro_ros_setup/./config/freertos/crazyflie21/configure.sh
[2.291s] -- Up-to-date: /home/rens/linorobot2_ws/install/micro_ros_setup/./config/freertos/esp32
[2.306s] -- Up-to-date: /home/rens/linorobot2_ws/install/micro_ros_setup/./config/freertos/esp32/package.xml
[2.311s] -- Up-to-date: /home/rens/linorobot2_ws/install/micro_ros_setup/./config/freertos/esp32/flash.sh
[2.311s] -- Up-to-date: /home/rens/linorobot2_ws/install/micro_ros_setup/./config/freertos/esp32/client-colcon.meta
[2.336s] -- Up-to-date: /home/rens/linorobot2_ws/install/micro_ros_setup/./config/freertos/esp32/create.sh
[2.337s] -- Up-to-date: /home/rens/linorobot2_ws/install/micro_ros_setup/./config/freertos/esp32/client_uros_packages.repos
[2.338s] -- Up-to-date: /home/rens/linorobot2_ws/install/micro_ros_setup/./config/freertos/esp32/board.repos
[2.343s] -- Up-to-date: /home/rens/linorobot2_ws/install/micro_ros_setup/./config/freertos/esp32/README.md
[2.344s] -- Up-to-date: /home/rens/linorobot2_ws/install/micro_ros_setup/./config/freertos/esp32/build.sh
[2.345s] -- Up-to-date: /home/rens/linorobot2_ws/install/micro_ros_setup/./config/freertos/esp32/configure.sh
[2.371s] -- Up-to-date: /home/rens/linorobot2_ws/install/micro_ros_setup/./config/freertos/dev_uros_packages.repos
[2.372s] -- Up-to-date: /home/rens/linorobot2_ws/install/micro_ros_setup/./config/agent_ros2_packages.txt
[2.373s] Invoked command in '/home/rens/linorobot2_ws/build/micro_ros_setup' returned '0': CMAKE_PREFIX_PATH=${CMAKE_PREFIX_PATH}:/opt/ros/jazzy /usr/bin/cmake --install /home/rens/linorobot2_ws/build/micro_ros_setup
