[0.173s] Invoking command in '/home/rens/linorobot2_ws/build/micro_ros_msgs': CMAKE_PREFIX_PATH=${CMAKE_PREFIX_PATH}:/home/rens/linorobot2_ws/install/linorobot2_gazebo:/opt/ros/jazzy /usr/bin/cmake /home/rens/linorobot2_ws/src/uros/micro_ros_msgs -DAMENT_CMAKE_SYMLINK_INSTALL=1 -DCMAKE_INSTALL_PREFIX=/home/rens/linorobot2_ws/install/micro_ros_msgs
[0.571s] -- Found ament_cmake: 2.5.4 (/opt/ros/jazzy/share/ament_cmake/cmake)
[0.788s] -- Found Python3: /usr/bin/python3 (found version "3.12.3") found components: Interpreter 
[1.417s] -- Override CMake install command with custom implementation using symlinks instead of copying resources
[1.559s] -- Found rosidl_default_generators: 1.6.0 (/opt/ros/jazzy/share/rosidl_default_generators/cmake)
[1.609s] -- Using all available rosidl_typesupport_c: rosidl_typesupport_fastrtps_c;rosidl_typesupport_introspection_c
[2.092s] -- Using all available rosidl_typesupport_cpp: rosidl_typesupport_fastrtps_cpp;rosidl_typesupport_introspection_cpp
[2.345s] -- Found rosidl_adapter: 4.6.6 (/opt/ros/jazzy/share/rosidl_adapter/cmake)
[2.364s] -- Found ament_lint_auto: 0.17.3 (/opt/ros/jazzy/share/ament_lint_auto/cmake)
[4.432s] -- Found ament_cmake_ros: 0.12.0 (/opt/ros/jazzy/share/ament_cmake_ros/cmake)
[5.184s] -- Using all available rosidl_typesupport_c: rosidl_typesupport_fastrtps_c;rosidl_typesupport_introspection_c
[6.196s] -- Using all available rosidl_typesupport_cpp: rosidl_typesupport_fastrtps_cpp;rosidl_typesupport_introspection_cpp
[6.208s] -- Found python_cmake_module: 0.11.1 (/opt/ros/jazzy/share/python_cmake_module/cmake)
[9.037s] -- Found Python3: /usr/bin/python3 (found version "3.12.3") found components: Interpreter Development NumPy Development.Module Development.Embed 
[9.212s] -- Added test 'copyright' to check source files copyright and LICENSE
[9.329s] -- Added test 'lint_cmake' to check CMake code style
[9.412s] -- Added test 'xmllint' to check XML markup files
[9.529s] -- Configuring done (9.1s)
[10.272s] -- Generating done (0.7s)
[10.395s] -- Build files have been written to: /home/rens/linorobot2_ws/build/micro_ros_msgs
[10.490s] Invoked command in '/home/rens/linorobot2_ws/build/micro_ros_msgs' returned '0': CMAKE_PREFIX_PATH=${CMAKE_PREFIX_PATH}:/home/rens/linorobot2_ws/install/linorobot2_gazebo:/opt/ros/jazzy /usr/bin/cmake /home/rens/linorobot2_ws/src/uros/micro_ros_msgs -DAMENT_CMAKE_SYMLINK_INSTALL=1 -DCMAKE_INSTALL_PREFIX=/home/rens/linorobot2_ws/install/micro_ros_msgs
[10.499s] Invoking command in '/home/rens/linorobot2_ws/build/micro_ros_msgs': CMAKE_PREFIX_PATH=${CMAKE_PREFIX_PATH}:/home/rens/linorobot2_ws/install/linorobot2_gazebo:/opt/ros/jazzy /usr/bin/cmake --build /home/rens/linorobot2_ws/build/micro_ros_msgs -- -j4 -l4
[11.131s] [  1%] Built target micro_ros_msgs__rosidl_generator_type_description
[11.231s] [  1%] Built target ament_cmake_python_symlink_micro_ros_msgs
[11.476s] [ 22%] Built target micro_ros_msgs__rosidl_generator_c
[11.501s] [ 24%] Built target micro_ros_msgs__cpp
[12.050s] [ 33%] Built target micro_ros_msgs__rosidl_typesupport_introspection_c
[12.070s] [ 42%] Built target micro_ros_msgs__rosidl_typesupport_c
[12.070s] [ 51%] Built target micro_ros_msgs__rosidl_typesupport_fastrtps_c
[12.434s] [ 61%] Built target micro_ros_msgs__rosidl_typesupport_fastrtps_cpp
[12.544s] [ 70%] Built target micro_ros_msgs__rosidl_typesupport_cpp
[12.645s] [ 79%] Built target micro_ros_msgs__rosidl_typesupport_introspection_cpp
[13.004s] [ 79%] Built target micro_ros_msgs
[13.423s] [ 81%] Built target micro_ros_msgs__py
[13.970s] [ 88%] Built target micro_ros_msgs__rosidl_generator_py
[14.343s] [ 92%] Built target micro_ros_msgs_s__rosidl_typesupport_introspection_c
[14.385s] [ 96%] Built target micro_ros_msgs_s__rosidl_typesupport_c
[14.422s] [100%] Built target micro_ros_msgs_s__rosidl_typesupport_fastrtps_c
[14.889s] running egg_info
[15.121s] writing micro_ros_msgs.egg-info/PKG-INFO
[15.123s] writing dependency_links to micro_ros_msgs.egg-info/dependency_links.txt
[15.125s] writing top-level names to micro_ros_msgs.egg-info/top_level.txt
[15.687s] reading manifest file 'micro_ros_msgs.egg-info/SOURCES.txt'
[15.695s] writing manifest file 'micro_ros_msgs.egg-info/SOURCES.txt'
[15.944s] [100%] Built target ament_cmake_python_build_micro_ros_msgs_egg
[16.053s] Invoked command in '/home/rens/linorobot2_ws/build/micro_ros_msgs' returned '0': CMAKE_PREFIX_PATH=${CMAKE_PREFIX_PATH}:/home/rens/linorobot2_ws/install/linorobot2_gazebo:/opt/ros/jazzy /usr/bin/cmake --build /home/rens/linorobot2_ws/build/micro_ros_msgs -- -j4 -l4
[16.070s] Invoking command in '/home/rens/linorobot2_ws/build/micro_ros_msgs': CMAKE_PREFIX_PATH=${CMAKE_PREFIX_PATH}:/home/rens/linorobot2_ws/install/linorobot2_gazebo:/opt/ros/jazzy /usr/bin/cmake --install /home/rens/linorobot2_ws/build/micro_ros_msgs
[16.184s] -- Install configuration: ""
[16.190s] -- Execute custom install script
[16.191s] -- Up-to-date symlink: /home/rens/linorobot2_ws/install/micro_ros_msgs/share/ament_index/resource_index/rosidl_interfaces/micro_ros_msgs
[16.192s] -- Up-to-date symlink: /home/rens/linorobot2_ws/install/micro_ros_msgs/share/micro_ros_msgs/msg/Graph.json
[16.195s] -- Up-to-date symlink: /home/rens/linorobot2_ws/install/micro_ros_msgs/share/micro_ros_msgs/msg/Node.json
[16.199s] -- Up-to-date symlink: /home/rens/linorobot2_ws/install/micro_ros_msgs/share/micro_ros_msgs/msg/Entity.json
[16.203s] -- Up-to-date symlink: /home/rens/linorobot2_ws/install/micro_ros_msgs/include/micro_ros_msgs/micro_ros_msgs/msg/detail/entity__functions.h
[16.206s] -- Up-to-date symlink: /home/rens/linorobot2_ws/install/micro_ros_msgs/include/micro_ros_msgs/micro_ros_msgs/msg/detail/entity__struct.h
[16.210s] -- Up-to-date symlink: /home/rens/linorobot2_ws/install/micro_ros_msgs/include/micro_ros_msgs/micro_ros_msgs/msg/detail/entity__type_support.h
[16.211s] -- Up-to-date symlink: /home/rens/linorobot2_ws/install/micro_ros_msgs/include/micro_ros_msgs/micro_ros_msgs/msg/detail/graph__functions.h
[16.212s] -- Up-to-date symlink: /home/rens/linorobot2_ws/install/micro_ros_msgs/include/micro_ros_msgs/micro_ros_msgs/msg/detail/graph__struct.h
[16.218s] -- Up-to-date symlink: /home/rens/linorobot2_ws/install/micro_ros_msgs/include/micro_ros_msgs/micro_ros_msgs/msg/detail/graph__type_support.h
[16.219s] -- Up-to-date symlink: /home/rens/linorobot2_ws/install/micro_ros_msgs/include/micro_ros_msgs/micro_ros_msgs/msg/detail/node__functions.h
[16.219s] -- Up-to-date symlink: /home/rens/linorobot2_ws/install/micro_ros_msgs/include/micro_ros_msgs/micro_ros_msgs/msg/detail/node__struct.h
[16.220s] -- Up-to-date symlink: /home/rens/linorobot2_ws/install/micro_ros_msgs/include/micro_ros_msgs/micro_ros_msgs/msg/detail/node__type_support.h
[16.221s] -- Up-to-date symlink: /home/rens/linorobot2_ws/install/micro_ros_msgs/include/micro_ros_msgs/micro_ros_msgs/msg/entity.h
[16.226s] -- Up-to-date symlink: /home/rens/linorobot2_ws/install/micro_ros_msgs/include/micro_ros_msgs/micro_ros_msgs/msg/graph.h
[16.226s] -- Up-to-date symlink: /home/rens/linorobot2_ws/install/micro_ros_msgs/include/micro_ros_msgs/micro_ros_msgs/msg/node.h
[16.235s] -- Up-to-date symlink: /home/rens/linorobot2_ws/install/micro_ros_msgs/include/micro_ros_msgs/micro_ros_msgs/msg/rosidl_generator_c__visibility_control.h
[16.236s] -- Up-to-date symlink: /home/rens/linorobot2_ws/install/micro_ros_msgs/share/micro_ros_msgs/environment/library_path.sh
[16.237s] -- Up-to-date symlink: /home/rens/linorobot2_ws/install/micro_ros_msgs/share/micro_ros_msgs/environment/library_path.dsv
[16.247s] -- Up-to-date symlink: /home/rens/linorobot2_ws/install/micro_ros_msgs/include/micro_ros_msgs/micro_ros_msgs/msg/detail/entity__rosidl_typesupport_fastrtps_c.h
[16.247s] -- Up-to-date symlink: /home/rens/linorobot2_ws/install/micro_ros_msgs/include/micro_ros_msgs/micro_ros_msgs/msg/detail/graph__rosidl_typesupport_fastrtps_c.h
[16.248s] -- Up-to-date symlink: /home/rens/linorobot2_ws/install/micro_ros_msgs/include/micro_ros_msgs/micro_ros_msgs/msg/detail/node__rosidl_typesupport_fastrtps_c.h
[16.249s] -- Up-to-date symlink: /home/rens/linorobot2_ws/install/micro_ros_msgs/include/micro_ros_msgs/micro_ros_msgs/msg/rosidl_typesupport_fastrtps_c__visibility_control.h
[16.256s] -- Up-to-date symlink: /home/rens/linorobot2_ws/install/micro_ros_msgs/include/micro_ros_msgs/micro_ros_msgs/msg/detail/entity__rosidl_typesupport_introspection_c.h
[16.257s] -- Up-to-date symlink: /home/rens/linorobot2_ws/install/micro_ros_msgs/include/micro_ros_msgs/micro_ros_msgs/msg/detail/graph__rosidl_typesupport_introspection_c.h
[16.258s] -- Up-to-date symlink: /home/rens/linorobot2_ws/install/micro_ros_msgs/include/micro_ros_msgs/micro_ros_msgs/msg/detail/node__rosidl_typesupport_introspection_c.h
[16.258s] -- Up-to-date symlink: /home/rens/linorobot2_ws/install/micro_ros_msgs/include/micro_ros_msgs/micro_ros_msgs/msg/rosidl_typesupport_introspection_c__visibility_control.h
[16.265s] -- Up-to-date symlink: /home/rens/linorobot2_ws/install/micro_ros_msgs/include/micro_ros_msgs/micro_ros_msgs/msg/detail/entity__builder.hpp
[16.270s] -- Up-to-date symlink: /home/rens/linorobot2_ws/install/micro_ros_msgs/include/micro_ros_msgs/micro_ros_msgs/msg/detail/entity__struct.hpp
[16.274s] -- Up-to-date symlink: /home/rens/linorobot2_ws/install/micro_ros_msgs/include/micro_ros_msgs/micro_ros_msgs/msg/detail/entity__traits.hpp
[16.274s] -- Up-to-date symlink: /home/rens/linorobot2_ws/install/micro_ros_msgs/include/micro_ros_msgs/micro_ros_msgs/msg/detail/entity__type_support.hpp
[16.279s] -- Up-to-date symlink: /home/rens/linorobot2_ws/install/micro_ros_msgs/include/micro_ros_msgs/micro_ros_msgs/msg/detail/graph__builder.hpp
[16.280s] -- Up-to-date symlink: /home/rens/linorobot2_ws/install/micro_ros_msgs/include/micro_ros_msgs/micro_ros_msgs/msg/detail/graph__struct.hpp
[16.281s] -- Up-to-date symlink: /home/rens/linorobot2_ws/install/micro_ros_msgs/include/micro_ros_msgs/micro_ros_msgs/msg/detail/graph__traits.hpp
[16.281s] -- Up-to-date symlink: /home/rens/linorobot2_ws/install/micro_ros_msgs/include/micro_ros_msgs/micro_ros_msgs/msg/detail/graph__type_support.hpp
[16.287s] -- Up-to-date symlink: /home/rens/linorobot2_ws/install/micro_ros_msgs/include/micro_ros_msgs/micro_ros_msgs/msg/detail/node__builder.hpp
[16.287s] -- Up-to-date symlink: /home/rens/linorobot2_ws/install/micro_ros_msgs/include/micro_ros_msgs/micro_ros_msgs/msg/detail/node__struct.hpp
[16.289s] -- Up-to-date symlink: /home/rens/linorobot2_ws/install/micro_ros_msgs/include/micro_ros_msgs/micro_ros_msgs/msg/detail/node__traits.hpp
[16.293s] -- Up-to-date symlink: /home/rens/linorobot2_ws/install/micro_ros_msgs/include/micro_ros_msgs/micro_ros_msgs/msg/detail/node__type_support.hpp
[16.293s] -- Up-to-date symlink: /home/rens/linorobot2_ws/install/micro_ros_msgs/include/micro_ros_msgs/micro_ros_msgs/msg/entity.hpp
[16.294s] -- Up-to-date symlink: /home/rens/linorobot2_ws/install/micro_ros_msgs/include/micro_ros_msgs/micro_ros_msgs/msg/graph.hpp
[16.296s] -- Up-to-date symlink: /home/rens/linorobot2_ws/install/micro_ros_msgs/include/micro_ros_msgs/micro_ros_msgs/msg/node.hpp
[16.296s] -- Up-to-date symlink: /home/rens/linorobot2_ws/install/micro_ros_msgs/include/micro_ros_msgs/micro_ros_msgs/msg/rosidl_generator_cpp__visibility_control.hpp
[16.300s] -- Up-to-date symlink: /home/rens/linorobot2_ws/install/micro_ros_msgs/include/micro_ros_msgs/micro_ros_msgs/msg/detail/entity__rosidl_typesupport_fastrtps_cpp.hpp
[16.301s] -- Up-to-date symlink: /home/rens/linorobot2_ws/install/micro_ros_msgs/include/micro_ros_msgs/micro_ros_msgs/msg/detail/graph__rosidl_typesupport_fastrtps_cpp.hpp
[16.305s] -- Up-to-date symlink: /home/rens/linorobot2_ws/install/micro_ros_msgs/include/micro_ros_msgs/micro_ros_msgs/msg/detail/node__rosidl_typesupport_fastrtps_cpp.hpp
[16.306s] -- Up-to-date symlink: /home/rens/linorobot2_ws/install/micro_ros_msgs/include/micro_ros_msgs/micro_ros_msgs/msg/rosidl_typesupport_fastrtps_cpp__visibility_control.h
[16.311s] -- Up-to-date symlink: /home/rens/linorobot2_ws/install/micro_ros_msgs/include/micro_ros_msgs/micro_ros_msgs/msg/detail/entity__rosidl_typesupport_introspection_cpp.hpp
[16.315s] -- Up-to-date symlink: /home/rens/linorobot2_ws/install/micro_ros_msgs/include/micro_ros_msgs/micro_ros_msgs/msg/detail/graph__rosidl_typesupport_introspection_cpp.hpp
[16.317s] -- Up-to-date symlink: /home/rens/linorobot2_ws/install/micro_ros_msgs/include/micro_ros_msgs/micro_ros_msgs/msg/detail/node__rosidl_typesupport_introspection_cpp.hpp
[16.320s] -- Up-to-date symlink: /home/rens/linorobot2_ws/install/micro_ros_msgs/share/micro_ros_msgs/environment/pythonpath.sh
[16.321s] -- Up-to-date symlink: /home/rens/linorobot2_ws/install/micro_ros_msgs/share/micro_ros_msgs/environment/pythonpath.dsv
[16.324s] -- Up-to-date symlink: /home/rens/linorobot2_ws/install/micro_ros_msgs/lib/python3.12/site-packages/micro_ros_msgs-5.0.2-py3.12.egg-info/PKG-INFO
[16.326s] -- Up-to-date symlink: /home/rens/linorobot2_ws/install/micro_ros_msgs/lib/python3.12/site-packages/micro_ros_msgs-5.0.2-py3.12.egg-info/SOURCES.txt
[16.333s] -- Up-to-date symlink: /home/rens/linorobot2_ws/install/micro_ros_msgs/lib/python3.12/site-packages/micro_ros_msgs-5.0.2-py3.12.egg-info/dependency_links.txt
[16.334s] -- Up-to-date symlink: /home/rens/linorobot2_ws/install/micro_ros_msgs/lib/python3.12/site-packages/micro_ros_msgs-5.0.2-py3.12.egg-info/top_level.txt
[16.340s] -- Up-to-date symlink: /home/rens/linorobot2_ws/install/micro_ros_msgs/lib/python3.12/site-packages/micro_ros_msgs/__init__.py
[16.341s] -- Up-to-date symlink: /home/rens/linorobot2_ws/install/micro_ros_msgs/lib/python3.12/site-packages/micro_ros_msgs/_micro_ros_msgs_s.ep.rosidl_typesupport_c.c
[16.342s] -- Up-to-date symlink: /home/rens/linorobot2_ws/install/micro_ros_msgs/lib/python3.12/site-packages/micro_ros_msgs/_micro_ros_msgs_s.ep.rosidl_typesupport_fastrtps_c.c
[16.347s] -- Up-to-date symlink: /home/rens/linorobot2_ws/install/micro_ros_msgs/lib/python3.12/site-packages/micro_ros_msgs/_micro_ros_msgs_s.ep.rosidl_typesupport_introspection_c.c
[16.351s] -- Up-to-date symlink: /home/rens/linorobot2_ws/install/micro_ros_msgs/lib/python3.12/site-packages/micro_ros_msgs/micro_ros_msgs_s__rosidl_typesupport_c.so
[16.355s] -- Up-to-date symlink: /home/rens/linorobot2_ws/install/micro_ros_msgs/lib/python3.12/site-packages/micro_ros_msgs/micro_ros_msgs_s__rosidl_typesupport_fastrtps_c.so
[16.357s] -- Up-to-date symlink: /home/rens/linorobot2_ws/install/micro_ros_msgs/lib/python3.12/site-packages/micro_ros_msgs/micro_ros_msgs_s__rosidl_typesupport_introspection_c.so
[16.361s] -- Up-to-date symlink: /home/rens/linorobot2_ws/install/micro_ros_msgs/lib/python3.12/site-packages/micro_ros_msgs/msg/__init__.py
[16.363s] -- Up-to-date symlink: /home/rens/linorobot2_ws/install/micro_ros_msgs/lib/python3.12/site-packages/micro_ros_msgs/msg/_entity.py
[16.371s] -- Up-to-date symlink: /home/rens/linorobot2_ws/install/micro_ros_msgs/lib/python3.12/site-packages/micro_ros_msgs/msg/_entity_s.c
[16.372s] -- Up-to-date symlink: /home/rens/linorobot2_ws/install/micro_ros_msgs/lib/python3.12/site-packages/micro_ros_msgs/msg/_graph.py
[16.380s] -- Up-to-date symlink: /home/rens/linorobot2_ws/install/micro_ros_msgs/lib/python3.12/site-packages/micro_ros_msgs/msg/_graph_s.c
[16.381s] -- Up-to-date symlink: /home/rens/linorobot2_ws/install/micro_ros_msgs/lib/python3.12/site-packages/micro_ros_msgs/msg/_node.py
[16.385s] -- Up-to-date symlink: /home/rens/linorobot2_ws/install/micro_ros_msgs/lib/python3.12/site-packages/micro_ros_msgs/msg/_node_s.c
[16.387s] -- Up-to-date symlink: /home/rens/linorobot2_ws/install/micro_ros_msgs/lib/python3.12/site-packages/micro_ros_msgs/micro_ros_msgs_s__rosidl_typesupport_fastrtps_c.so
[16.393s] -- Up-to-date symlink: /home/rens/linorobot2_ws/install/micro_ros_msgs/lib/python3.12/site-packages/micro_ros_msgs/micro_ros_msgs_s__rosidl_typesupport_introspection_c.so
[16.400s] -- Up-to-date symlink: /home/rens/linorobot2_ws/install/micro_ros_msgs/lib/python3.12/site-packages/micro_ros_msgs/micro_ros_msgs_s__rosidl_typesupport_c.so
[16.404s] -- Up-to-date symlink: /home/rens/linorobot2_ws/install/micro_ros_msgs/share/micro_ros_msgs/msg/Graph.idl
[16.407s] -- Up-to-date symlink: /home/rens/linorobot2_ws/install/micro_ros_msgs/share/micro_ros_msgs/msg/Node.idl
[16.412s] -- Up-to-date symlink: /home/rens/linorobot2_ws/install/micro_ros_msgs/share/micro_ros_msgs/msg/Entity.idl
[16.416s] -- Up-to-date symlink: /home/rens/linorobot2_ws/install/micro_ros_msgs/share/micro_ros_msgs/msg/Graph.msg
[16.418s] -- Up-to-date symlink: /home/rens/linorobot2_ws/install/micro_ros_msgs/share/micro_ros_msgs/msg/Node.msg
[16.423s] -- Up-to-date symlink: /home/rens/linorobot2_ws/install/micro_ros_msgs/share/micro_ros_msgs/msg/Entity.msg
[16.425s] -- Up-to-date symlink: /home/rens/linorobot2_ws/install/micro_ros_msgs/share/ament_index/resource_index/package_run_dependencies/micro_ros_msgs
[16.428s] -- Up-to-date symlink: /home/rens/linorobot2_ws/install/micro_ros_msgs/share/ament_index/resource_index/parent_prefix_path/micro_ros_msgs
[16.434s] -- Up-to-date symlink: /home/rens/linorobot2_ws/install/micro_ros_msgs/share/micro_ros_msgs/environment/ament_prefix_path.sh
[16.437s] -- Up-to-date symlink: /home/rens/linorobot2_ws/install/micro_ros_msgs/share/micro_ros_msgs/environment/ament_prefix_path.dsv
[16.441s] -- Up-to-date symlink: /home/rens/linorobot2_ws/install/micro_ros_msgs/share/micro_ros_msgs/environment/path.sh
[16.447s] -- Up-to-date symlink: /home/rens/linorobot2_ws/install/micro_ros_msgs/share/micro_ros_msgs/environment/path.dsv
[16.448s] -- Up-to-date symlink: /home/rens/linorobot2_ws/install/micro_ros_msgs/share/micro_ros_msgs/local_setup.bash
[16.452s] -- Up-to-date symlink: /home/rens/linorobot2_ws/install/micro_ros_msgs/share/micro_ros_msgs/local_setup.sh
[16.453s] -- Up-to-date symlink: /home/rens/linorobot2_ws/install/micro_ros_msgs/share/micro_ros_msgs/local_setup.zsh
[16.454s] -- Up-to-date symlink: /home/rens/linorobot2_ws/install/micro_ros_msgs/share/micro_ros_msgs/local_setup.dsv
[16.457s] -- Symlinking: /home/rens/linorobot2_ws/install/micro_ros_msgs/share/micro_ros_msgs/package.dsv
[16.529s] -- Up-to-date symlink: /home/rens/linorobot2_ws/install/micro_ros_msgs/share/ament_index/resource_index/packages/micro_ros_msgs
[16.536s] -- Up-to-date symlink: /home/rens/linorobot2_ws/install/micro_ros_msgs/share/micro_ros_msgs/cmake/rosidl_cmake-extras.cmake
[16.542s] -- Up-to-date symlink: /home/rens/linorobot2_ws/install/micro_ros_msgs/share/micro_ros_msgs/cmake/ament_cmake_export_include_directories-extras.cmake
[16.543s] -- Up-to-date symlink: /home/rens/linorobot2_ws/install/micro_ros_msgs/share/micro_ros_msgs/cmake/ament_cmake_export_libraries-extras.cmake
[16.548s] -- Up-to-date symlink: /home/rens/linorobot2_ws/install/micro_ros_msgs/share/micro_ros_msgs/cmake/ament_cmake_export_targets-extras.cmake
[16.548s] -- Up-to-date symlink: /home/rens/linorobot2_ws/install/micro_ros_msgs/share/micro_ros_msgs/cmake/rosidl_cmake_export_typesupport_targets-extras.cmake
[16.555s] -- Up-to-date symlink: /home/rens/linorobot2_ws/install/micro_ros_msgs/share/micro_ros_msgs/cmake/ament_cmake_export_dependencies-extras.cmake
[16.556s] -- Up-to-date symlink: /home/rens/linorobot2_ws/install/micro_ros_msgs/share/micro_ros_msgs/cmake/rosidl_cmake_export_typesupport_libraries-extras.cmake
[16.560s] -- Up-to-date symlink: /home/rens/linorobot2_ws/install/micro_ros_msgs/share/micro_ros_msgs/cmake/micro_ros_msgsConfig.cmake
[16.567s] -- Up-to-date symlink: /home/rens/linorobot2_ws/install/micro_ros_msgs/share/micro_ros_msgs/cmake/micro_ros_msgsConfig-version.cmake
[16.570s] -- Up-to-date symlink: /home/rens/linorobot2_ws/install/micro_ros_msgs/share/micro_ros_msgs/package.xml
[16.575s] -- Up-to-date: /home/rens/linorobot2_ws/install/micro_ros_msgs/lib/libmicro_ros_msgs__rosidl_generator_c.so
[16.588s] -- Up-to-date: /home/rens/linorobot2_ws/install/micro_ros_msgs/lib/libmicro_ros_msgs__rosidl_typesupport_fastrtps_c.so
[16.600s] -- Up-to-date: /home/rens/linorobot2_ws/install/micro_ros_msgs/lib/libmicro_ros_msgs__rosidl_typesupport_introspection_c.so
[16.612s] -- Up-to-date: /home/rens/linorobot2_ws/install/micro_ros_msgs/lib/libmicro_ros_msgs__rosidl_typesupport_c.so
[16.618s] -- Up-to-date: /home/rens/linorobot2_ws/install/micro_ros_msgs/lib/libmicro_ros_msgs__rosidl_typesupport_fastrtps_cpp.so
[16.623s] -- Up-to-date: /home/rens/linorobot2_ws/install/micro_ros_msgs/lib/libmicro_ros_msgs__rosidl_typesupport_introspection_cpp.so
[16.627s] -- Up-to-date: /home/rens/linorobot2_ws/install/micro_ros_msgs/lib/libmicro_ros_msgs__rosidl_typesupport_cpp.so
[17.074s] Listing '/home/rens/linorobot2_ws/install/micro_ros_msgs/lib/python3.12/site-packages/micro_ros_msgs'...
[17.083s] Compiling '/home/rens/linorobot2_ws/install/micro_ros_msgs/lib/python3.12/site-packages/micro_ros_msgs/__init__.py'...
[17.084s] Listing '/home/rens/linorobot2_ws/install/micro_ros_msgs/lib/python3.12/site-packages/micro_ros_msgs/msg'...
[17.124s] -- Up-to-date: /home/rens/linorobot2_ws/install/micro_ros_msgs/lib/libmicro_ros_msgs__rosidl_generator_py.so
[17.136s] -- Up-to-date: /home/rens/linorobot2_ws/install/micro_ros_msgs/share/micro_ros_msgs/cmake/export_micro_ros_msgs__rosidl_generator_cExport.cmake
[17.137s] -- Up-to-date: /home/rens/linorobot2_ws/install/micro_ros_msgs/share/micro_ros_msgs/cmake/export_micro_ros_msgs__rosidl_generator_cExport-noconfig.cmake
[17.151s] -- Up-to-date: /home/rens/linorobot2_ws/install/micro_ros_msgs/share/micro_ros_msgs/cmake/export_micro_ros_msgs__rosidl_typesupport_fastrtps_cExport.cmake
[17.167s] -- Up-to-date: /home/rens/linorobot2_ws/install/micro_ros_msgs/share/micro_ros_msgs/cmake/export_micro_ros_msgs__rosidl_typesupport_fastrtps_cExport-noconfig.cmake
[17.169s] -- Up-to-date: /home/rens/linorobot2_ws/install/micro_ros_msgs/share/micro_ros_msgs/cmake/micro_ros_msgs__rosidl_typesupport_introspection_cExport.cmake
[17.177s] -- Up-to-date: /home/rens/linorobot2_ws/install/micro_ros_msgs/share/micro_ros_msgs/cmake/micro_ros_msgs__rosidl_typesupport_introspection_cExport-noconfig.cmake
[17.183s] -- Up-to-date: /home/rens/linorobot2_ws/install/micro_ros_msgs/share/micro_ros_msgs/cmake/micro_ros_msgs__rosidl_typesupport_cExport.cmake
[17.184s] -- Up-to-date: /home/rens/linorobot2_ws/install/micro_ros_msgs/share/micro_ros_msgs/cmake/micro_ros_msgs__rosidl_typesupport_cExport-noconfig.cmake
[17.187s] -- Up-to-date: /home/rens/linorobot2_ws/install/micro_ros_msgs/share/micro_ros_msgs/cmake/export_micro_ros_msgs__rosidl_generator_cppExport.cmake
[17.188s] -- Up-to-date: /home/rens/linorobot2_ws/install/micro_ros_msgs/share/micro_ros_msgs/cmake/export_micro_ros_msgs__rosidl_typesupport_fastrtps_cppExport.cmake
[17.189s] -- Up-to-date: /home/rens/linorobot2_ws/install/micro_ros_msgs/share/micro_ros_msgs/cmake/export_micro_ros_msgs__rosidl_typesupport_fastrtps_cppExport-noconfig.cmake
[17.190s] -- Up-to-date: /home/rens/linorobot2_ws/install/micro_ros_msgs/share/micro_ros_msgs/cmake/micro_ros_msgs__rosidl_typesupport_introspection_cppExport.cmake
[17.191s] -- Up-to-date: /home/rens/linorobot2_ws/install/micro_ros_msgs/share/micro_ros_msgs/cmake/micro_ros_msgs__rosidl_typesupport_introspection_cppExport-noconfig.cmake
[17.195s] -- Up-to-date: /home/rens/linorobot2_ws/install/micro_ros_msgs/share/micro_ros_msgs/cmake/micro_ros_msgs__rosidl_typesupport_cppExport.cmake
[17.196s] -- Up-to-date: /home/rens/linorobot2_ws/install/micro_ros_msgs/share/micro_ros_msgs/cmake/micro_ros_msgs__rosidl_typesupport_cppExport-noconfig.cmake
[17.199s] -- Up-to-date: /home/rens/linorobot2_ws/install/micro_ros_msgs/share/micro_ros_msgs/cmake/export_micro_ros_msgs__rosidl_generator_pyExport.cmake
[17.203s] -- Up-to-date: /home/rens/linorobot2_ws/install/micro_ros_msgs/share/micro_ros_msgs/cmake/export_micro_ros_msgs__rosidl_generator_pyExport-noconfig.cmake
[17.226s] Invoked command in '/home/rens/linorobot2_ws/build/micro_ros_msgs' returned '0': CMAKE_PREFIX_PATH=${CMAKE_PREFIX_PATH}:/home/rens/linorobot2_ws/install/linorobot2_gazebo:/opt/ros/jazzy /usr/bin/cmake --install /home/rens/linorobot2_ws/build/micro_ros_msgs
