[0.202s] Invoking command in '/home/rens/linorobot2_ws/build/sllidar_ros2': CMAKE_PREFIX_PATH=${CMAKE_PREFIX_PATH}:/opt/ros/jazzy /usr/bin/cmake --build /home/rens/linorobot2_ws/build/sllidar_ros2 -- -j4 -l4
[0.968s] [ 10%] Built target sllidar_client
[1.002s] [100%] Built target sllidar_node
[1.329s] Invoked command in '/home/rens/linorobot2_ws/build/sllidar_ros2' returned '0': CMAKE_PREFIX_PATH=${CMAKE_PREFIX_PATH}:/opt/ros/jazzy /usr/bin/cmake --build /home/rens/linorobot2_ws/build/sllidar_ros2 -- -j4 -l4
[1.405s] Invoking command in '/home/rens/linorobot2_ws/build/sllidar_ros2': CMAKE_PREFIX_PATH=${CMAKE_PREFIX_PATH}:/opt/ros/jazzy /usr/bin/cmake --install /home/rens/linorobot2_ws/build/sllidar_ros2
[1.485s] -- Install configuration: ""
[1.486s] -- Execute custom install script
[1.486s] -- Up-to-date symlink: /home/rens/linorobot2_ws/install/sllidar_ros2/share/sllidar_ros2/launch/sllidar_a1_launch.py
[1.491s] -- Up-to-date symlink: /home/rens/linorobot2_ws/install/sllidar_ros2/share/sllidar_ros2/launch/sllidar_a2m12_launch .py
[1.493s] -- Up-to-date symlink: /home/rens/linorobot2_ws/install/sllidar_ros2/share/sllidar_ros2/launch/sllidar_a2m7_launch.py
[1.493s] -- Up-to-date symlink: /home/rens/linorobot2_ws/install/sllidar_ros2/share/sllidar_ros2/launch/sllidar_a2m8_launch.py
[1.494s] -- Up-to-date symlink: /home/rens/linorobot2_ws/install/sllidar_ros2/share/sllidar_ros2/launch/sllidar_a3_launch.py
[1.495s] -- Up-to-date symlink: /home/rens/linorobot2_ws/install/sllidar_ros2/share/sllidar_ros2/launch/sllidar_c1_launch.py
[1.495s] -- Up-to-date symlink: /home/rens/linorobot2_ws/install/sllidar_ros2/share/sllidar_ros2/launch/sllidar_s1_launch.py
[1.497s] -- Up-to-date symlink: /home/rens/linorobot2_ws/install/sllidar_ros2/share/sllidar_ros2/launch/sllidar_s1_tcp_launch.py
[1.498s] -- Up-to-date symlink: /home/rens/linorobot2_ws/install/sllidar_ros2/share/sllidar_ros2/launch/sllidar_s2_launch.py
[1.499s] -- Up-to-date symlink: /home/rens/linorobot2_ws/install/sllidar_ros2/share/sllidar_ros2/launch/sllidar_s2e_launch.py
[1.500s] -- Up-to-date symlink: /home/rens/linorobot2_ws/install/sllidar_ros2/share/sllidar_ros2/launch/sllidar_s3_launch.py
[1.500s] -- Up-to-date symlink: /home/rens/linorobot2_ws/install/sllidar_ros2/share/sllidar_ros2/launch/sllidar_t1_launch.py
[1.501s] -- Up-to-date symlink: /home/rens/linorobot2_ws/install/sllidar_ros2/share/sllidar_ros2/launch/view_sllidar_a1_launch.py
[1.502s] -- Up-to-date symlink: /home/rens/linorobot2_ws/install/sllidar_ros2/share/sllidar_ros2/launch/view_sllidar_a2m12_launch.py
[1.505s] -- Up-to-date symlink: /home/rens/linorobot2_ws/install/sllidar_ros2/share/sllidar_ros2/launch/view_sllidar_a2m7_launch.py
[1.507s] -- Up-to-date symlink: /home/rens/linorobot2_ws/install/sllidar_ros2/share/sllidar_ros2/launch/view_sllidar_a2m8_launch.py
[1.508s] -- Up-to-date symlink: /home/rens/linorobot2_ws/install/sllidar_ros2/share/sllidar_ros2/launch/view_sllidar_a3_launch.py
[1.508s] -- Up-to-date symlink: /home/rens/linorobot2_ws/install/sllidar_ros2/share/sllidar_ros2/launch/view_sllidar_c1_launch.py
[1.509s] -- Up-to-date symlink: /home/rens/linorobot2_ws/install/sllidar_ros2/share/sllidar_ros2/launch/view_sllidar_s1_launch.py
[1.510s] -- Up-to-date symlink: /home/rens/linorobot2_ws/install/sllidar_ros2/share/sllidar_ros2/launch/view_sllidar_s1_tcp_launch.py
[1.511s] -- Up-to-date symlink: /home/rens/linorobot2_ws/install/sllidar_ros2/share/sllidar_ros2/launch/view_sllidar_s2_launch.py
[1.511s] -- Up-to-date symlink: /home/rens/linorobot2_ws/install/sllidar_ros2/share/sllidar_ros2/launch/view_sllidar_s2e_launch.py
[1.515s] -- Up-to-date symlink: /home/rens/linorobot2_ws/install/sllidar_ros2/share/sllidar_ros2/launch/view_sllidar_s3_launch.py
[1.515s] -- Up-to-date symlink: /home/rens/linorobot2_ws/install/sllidar_ros2/share/sllidar_ros2/launch/view_sllidar_t1_launch.py
[1.516s] -- Up-to-date symlink: /home/rens/linorobot2_ws/install/sllidar_ros2/share/sllidar_ros2/rviz/sllidar_ros2.rviz
[1.516s] -- Up-to-date symlink: /home/rens/linorobot2_ws/install/sllidar_ros2/lib/sllidar_ros2/sllidar_node
[1.517s] -- Up-to-date symlink: /home/rens/linorobot2_ws/install/sllidar_ros2/lib/sllidar_ros2/sllidar_client
[1.517s] -- Up-to-date symlink: /home/rens/linorobot2_ws/install/sllidar_ros2/share/ament_index/resource_index/package_run_dependencies/sllidar_ros2
[1.518s] -- Up-to-date symlink: /home/rens/linorobot2_ws/install/sllidar_ros2/share/ament_index/resource_index/parent_prefix_path/sllidar_ros2
[1.519s] -- Up-to-date symlink: /home/rens/linorobot2_ws/install/sllidar_ros2/share/sllidar_ros2/environment/ament_prefix_path.sh
[1.520s] -- Up-to-date symlink: /home/rens/linorobot2_ws/install/sllidar_ros2/share/sllidar_ros2/environment/ament_prefix_path.dsv
[1.521s] -- Up-to-date symlink: /home/rens/linorobot2_ws/install/sllidar_ros2/share/sllidar_ros2/environment/path.sh
[1.522s] -- Up-to-date symlink: /home/rens/linorobot2_ws/install/sllidar_ros2/share/sllidar_ros2/environment/path.dsv
[1.522s] -- Up-to-date symlink: /home/rens/linorobot2_ws/install/sllidar_ros2/share/sllidar_ros2/local_setup.bash
[1.527s] -- Up-to-date symlink: /home/rens/linorobot2_ws/install/sllidar_ros2/share/sllidar_ros2/local_setup.sh
[1.528s] -- Up-to-date symlink: /home/rens/linorobot2_ws/install/sllidar_ros2/share/sllidar_ros2/local_setup.zsh
[1.529s] -- Up-to-date symlink: /home/rens/linorobot2_ws/install/sllidar_ros2/share/sllidar_ros2/local_setup.dsv
[1.529s] -- Symlinking: /home/rens/linorobot2_ws/install/sllidar_ros2/share/sllidar_ros2/package.dsv
[1.529s] -- Up-to-date symlink: /home/rens/linorobot2_ws/install/sllidar_ros2/share/ament_index/resource_index/packages/sllidar_ros2
[1.530s] -- Up-to-date symlink: /home/rens/linorobot2_ws/install/sllidar_ros2/share/sllidar_ros2/cmake/ament_cmake_export_dependencies-extras.cmake
[1.530s] -- Up-to-date symlink: /home/rens/linorobot2_ws/install/sllidar_ros2/share/sllidar_ros2/cmake/ament_cmake_export_include_directories-extras.cmake
[1.531s] -- Up-to-date symlink: /home/rens/linorobot2_ws/install/sllidar_ros2/share/sllidar_ros2/cmake/sllidar_ros2Config.cmake
[1.531s] -- Up-to-date symlink: /home/rens/linorobot2_ws/install/sllidar_ros2/share/sllidar_ros2/cmake/sllidar_ros2Config-version.cmake
[1.532s] -- Up-to-date symlink: /home/rens/linorobot2_ws/install/sllidar_ros2/share/sllidar_ros2/package.xml
[1.538s] Invoked command in '/home/rens/linorobot2_ws/build/sllidar_ros2' returned '0': CMAKE_PREFIX_PATH=${CMAKE_PREFIX_PATH}:/opt/ros/jazzy /usr/bin/cmake --install /home/rens/linorobot2_ws/build/sllidar_ros2
