[0.106s] Invoking command in '/home/rens/linorobot2_ws/build/linorobot2': CMAKE_PREFIX_PATH=${CMAKE_PREFIX_PATH}:/opt/ros/jazzy /usr/bin/cmake --build /home/rens/linorobot2_ws/build/linorobot2 -- -j4 -l4
[0.459s] Invoked command in '/home/rens/linorobot2_ws/build/linorobot2' returned '0': CMAKE_PREFIX_PATH=${CMAKE_PREFIX_PATH}:/opt/ros/jazzy /usr/bin/cmake --build /home/rens/linorobot2_ws/build/linorobot2 -- -j4 -l4
[0.556s] Invoking command in '/home/rens/linorobot2_ws/build/linorobot2': CMAKE_PREFIX_PATH=${CMAKE_PREFIX_PATH}:/opt/ros/jazzy /usr/bin/cmake --install /home/rens/linorobot2_ws/build/linorobot2
[0.687s] -- Install configuration: ""
[0.690s] -- Execute custom install script
[0.701s] -- Up-to-date symlink: /home/rens/linorobot2_ws/install/linorobot2/share/ament_index/resource_index/package_run_dependencies/linorobot2
[0.713s] -- Up-to-date symlink: /home/rens/linorobot2_ws/install/linorobot2/share/ament_index/resource_index/parent_prefix_path/linorobot2
[0.713s] -- Up-to-date symlink: /home/rens/linorobot2_ws/install/linorobot2/share/linorobot2/environment/ament_prefix_path.sh
[0.714s] -- Up-to-date symlink: /home/rens/linorobot2_ws/install/linorobot2/share/linorobot2/environment/ament_prefix_path.dsv
[0.723s] -- Up-to-date symlink: /home/rens/linorobot2_ws/install/linorobot2/share/linorobot2/environment/path.sh
[0.727s] -- Up-to-date symlink: /home/rens/linorobot2_ws/install/linorobot2/share/linorobot2/environment/path.dsv
[0.728s] -- Up-to-date symlink: /home/rens/linorobot2_ws/install/linorobot2/share/linorobot2/local_setup.bash
[0.734s] -- Up-to-date symlink: /home/rens/linorobot2_ws/install/linorobot2/share/linorobot2/local_setup.sh
[0.737s] -- Up-to-date symlink: /home/rens/linorobot2_ws/install/linorobot2/share/linorobot2/local_setup.zsh
[0.742s] -- Up-to-date symlink: /home/rens/linorobot2_ws/install/linorobot2/share/linorobot2/local_setup.dsv
[0.753s] -- Symlinking: /home/rens/linorobot2_ws/install/linorobot2/share/linorobot2/package.dsv
[0.908s] -- Up-to-date symlink: /home/rens/linorobot2_ws/install/linorobot2/share/ament_index/resource_index/packages/linorobot2
[0.912s] -- Up-to-date symlink: /home/rens/linorobot2_ws/install/linorobot2/share/linorobot2/cmake/linorobot2Config.cmake
[0.914s] -- Up-to-date symlink: /home/rens/linorobot2_ws/install/linorobot2/share/linorobot2/cmake/linorobot2Config-version.cmake
[0.919s] -- Up-to-date symlink: /home/rens/linorobot2_ws/install/linorobot2/share/linorobot2/package.xml
[0.965s] Invoked command in '/home/rens/linorobot2_ws/build/linorobot2' returned '0': CMAKE_PREFIX_PATH=${CMAKE_PREFIX_PATH}:/opt/ros/jazzy /usr/bin/cmake --install /home/rens/linorobot2_ws/build/linorobot2
