[0.177s] Invoking command in '/home/rens/linorobot2_ws/build/micro_ros_msgs': CMAKE_PREFIX_PATH=${CMAKE_PREFIX_PATH}:/home/rens/linorobot2_ws/install/linorobot2_gazebo:/opt/ros/jazzy /usr/bin/cmake --build /home/rens/linorobot2_ws/build/micro_ros_msgs -- -j4 -l4
[0.974s] [  1%] Built target micro_ros_msgs__rosidl_generator_type_description
[1.134s] [  1%] Built target ament_cmake_python_symlink_micro_ros_msgs
[1.247s] [  3%] Built target micro_ros_msgs__cpp
[1.337s] [ 24%] Built target micro_ros_msgs__rosidl_generator_c
[1.885s] [ 33%] Built target micro_ros_msgs__rosidl_typesupport_introspection_c
[1.921s] [ 42%] Built target micro_ros_msgs__rosidl_typesupport_fastrtps_c
[1.922s] [ 51%] Built target micro_ros_msgs__rosidl_typesupport_cpp
[2.226s] [ 61%] Built target micro_ros_msgs__rosidl_typesupport_c
[2.319s] [ 70%] Built target micro_ros_msgs__rosidl_typesupport_introspection_cpp
[2.372s] [ 79%] Built target micro_ros_msgs__rosidl_typesupport_fastrtps_cpp
[2.626s] [ 79%] Built target micro_ros_msgs
[2.832s] [ 81%] Built target micro_ros_msgs__py
[3.038s] [ 88%] Built target micro_ros_msgs__rosidl_generator_py
[3.438s] running egg_info
[3.520s] [ 92%] Built target micro_ros_msgs_s__rosidl_typesupport_fastrtps_c
[3.524s] [ 96%] Built target micro_ros_msgs_s__rosidl_typesupport_c
[3.556s] [100%] Built target micro_ros_msgs_s__rosidl_typesupport_introspection_c
[3.598s] writing micro_ros_msgs.egg-info/PKG-INFO
[3.598s] writing dependency_links to micro_ros_msgs.egg-info/dependency_links.txt
[3.601s] writing top-level names to micro_ros_msgs.egg-info/top_level.txt
[3.967s] reading manifest file 'micro_ros_msgs.egg-info/SOURCES.txt'
[3.973s] writing manifest file 'micro_ros_msgs.egg-info/SOURCES.txt'
[4.160s] [100%] Built target ament_cmake_python_build_micro_ros_msgs_egg
