[0.179s] Invoking command in '/home/rens/linorobot2_ws/build/drive_base_msgs': CMAKE_PREFIX_PATH=${CMAKE_PREFIX_PATH}:/opt/ros/jazzy /usr/bin/cmake --build /home/rens/linorobot2_ws/build/drive_base_msgs -- -j4 -l4
[1.053s] [  1%] Built target drive_base_msgs__rosidl_generator_type_description
[1.661s] [  1%] Built target ament_cmake_python_symlink_drive_base_msgs
[1.918s] [  3%] Built target drive_base_msgs__cpp
[5.196s] running egg_info
[5.636s] writing drive_base_msgs.egg-info/PKG-INFO
[5.649s] writing dependency_links to drive_base_msgs.egg-info/dependency_links.txt
[5.662s] writing top-level names to drive_base_msgs.egg-info/top_level.txt
[6.822s] reading manifest file 'drive_base_msgs.egg-info/SOURCES.txt'
[6.836s] writing manifest file 'drive_base_msgs.egg-info/SOURCES.txt'
[7.381s] [  3%] Built target ament_cmake_python_build_drive_base_msgs_egg
[7.795s] [ 25%] Built target drive_base_msgs__rosidl_generator_c
[8.055s] [ 34%] Built target drive_base_msgs__rosidl_typesupport_fastrtps_c
[8.310s] [ 43%] Built target drive_base_msgs__rosidl_typesupport_c
[8.596s] [ 53%] Built target drive_base_msgs__rosidl_typesupport_introspection_cpp
[8.910s] [ 62%] Built target drive_base_msgs__rosidl_typesupport_cpp
[9.182s] [ 71%] Built target drive_base_msgs__rosidl_typesupport_introspection_c
[9.463s] [ 81%] Built target drive_base_msgs__rosidl_typesupport_fastrtps_cpp
[9.715s] [ 81%] Built target drive_base_msgs
[9.968s] [ 82%] Built target drive_base_msgs__py
[10.275s] [ 90%] Built target drive_base_msgs__rosidl_generator_py
[10.545s] [ 93%] Built target drive_base_msgs_s__rosidl_typesupport_fastrtps_c
[10.806s] [ 96%] Built target drive_base_msgs_s__rosidl_typesupport_c
[11.090s] [100%] Built target drive_base_msgs_s__rosidl_typesupport_introspection_c
[11.262s] Invoked command in '/home/rens/linorobot2_ws/build/drive_base_msgs' returned '0': CMAKE_PREFIX_PATH=${CMAKE_PREFIX_PATH}:/opt/ros/jazzy /usr/bin/cmake --build /home/rens/linorobot2_ws/build/drive_base_msgs -- -j4 -l4
[11.271s] Invoking command in '/home/rens/linorobot2_ws/build/drive_base_msgs': CMAKE_PREFIX_PATH=${CMAKE_PREFIX_PATH}:/opt/ros/jazzy /usr/bin/cmake --install /home/rens/linorobot2_ws/build/drive_base_msgs
[11.345s] -- Install configuration: ""
[11.359s] -- Execute custom install script
[11.360s] -- Up-to-date symlink: /home/rens/linorobot2_ws/install/drive_base_msgs/share/ament_index/resource_index/rosidl_interfaces/drive_base_msgs
[11.369s] -- Up-to-date symlink: /home/rens/linorobot2_ws/install/drive_base_msgs/share/drive_base_msgs/msg/CommandHeader.json
[11.373s] -- Up-to-date symlink: /home/rens/linorobot2_ws/install/drive_base_msgs/share/drive_base_msgs/msg/BaseInfo.json
[11.377s] -- Up-to-date symlink: /home/rens/linorobot2_ws/install/drive_base_msgs/share/drive_base_msgs/msg/CommandStatus.json
[11.382s] -- Up-to-date symlink: /home/rens/linorobot2_ws/install/drive_base_msgs/share/drive_base_msgs/msg/TRVCommand.json
[11.385s] -- Up-to-date symlink: /home/rens/linorobot2_ws/install/drive_base_msgs/include/drive_base_msgs/drive_base_msgs/msg/base_info.h
[11.388s] -- Up-to-date symlink: /home/rens/linorobot2_ws/install/drive_base_msgs/include/drive_base_msgs/drive_base_msgs/msg/command_header.h
[11.393s] -- Up-to-date symlink: /home/rens/linorobot2_ws/install/drive_base_msgs/include/drive_base_msgs/drive_base_msgs/msg/command_status.h
[11.394s] -- Up-to-date symlink: /home/rens/linorobot2_ws/install/drive_base_msgs/include/drive_base_msgs/drive_base_msgs/msg/detail/base_info__functions.h
[11.395s] -- Up-to-date symlink: /home/rens/linorobot2_ws/install/drive_base_msgs/include/drive_base_msgs/drive_base_msgs/msg/detail/base_info__struct.h
[11.398s] -- Up-to-date symlink: /home/rens/linorobot2_ws/install/drive_base_msgs/include/drive_base_msgs/drive_base_msgs/msg/detail/base_info__type_support.h
[11.400s] -- Up-to-date symlink: /home/rens/linorobot2_ws/install/drive_base_msgs/include/drive_base_msgs/drive_base_msgs/msg/detail/command_header__functions.h
[11.402s] -- Up-to-date symlink: /home/rens/linorobot2_ws/install/drive_base_msgs/include/drive_base_msgs/drive_base_msgs/msg/detail/command_header__struct.h
[11.403s] -- Up-to-date symlink: /home/rens/linorobot2_ws/install/drive_base_msgs/include/drive_base_msgs/drive_base_msgs/msg/detail/command_header__type_support.h
[11.404s] -- Up-to-date symlink: /home/rens/linorobot2_ws/install/drive_base_msgs/include/drive_base_msgs/drive_base_msgs/msg/detail/command_status__functions.h
[11.408s] -- Up-to-date symlink: /home/rens/linorobot2_ws/install/drive_base_msgs/include/drive_base_msgs/drive_base_msgs/msg/detail/command_status__struct.h
[11.412s] -- Up-to-date symlink: /home/rens/linorobot2_ws/install/drive_base_msgs/include/drive_base_msgs/drive_base_msgs/msg/detail/command_status__type_support.h
[11.420s] -- Up-to-date symlink: /home/rens/linorobot2_ws/install/drive_base_msgs/include/drive_base_msgs/drive_base_msgs/msg/detail/trv_command__functions.h
[11.421s] -- Up-to-date symlink: /home/rens/linorobot2_ws/install/drive_base_msgs/include/drive_base_msgs/drive_base_msgs/msg/detail/trv_command__struct.h
[11.437s] -- Up-to-date symlink: /home/rens/linorobot2_ws/install/drive_base_msgs/include/drive_base_msgs/drive_base_msgs/msg/detail/trv_command__type_support.h
[11.442s] -- Up-to-date symlink: /home/rens/linorobot2_ws/install/drive_base_msgs/include/drive_base_msgs/drive_base_msgs/msg/rosidl_generator_c__visibility_control.h
[11.443s] -- Up-to-date symlink: /home/rens/linorobot2_ws/install/drive_base_msgs/include/drive_base_msgs/drive_base_msgs/msg/trv_command.h
[11.450s] -- Up-to-date symlink: /home/rens/linorobot2_ws/install/drive_base_msgs/share/drive_base_msgs/environment/library_path.sh
[11.458s] -- Up-to-date symlink: /home/rens/linorobot2_ws/install/drive_base_msgs/share/drive_base_msgs/environment/library_path.dsv
[11.468s] -- Up-to-date symlink: /home/rens/linorobot2_ws/install/drive_base_msgs/include/drive_base_msgs/drive_base_msgs/msg/detail/base_info__rosidl_typesupport_fastrtps_c.h
[11.485s] -- Up-to-date symlink: /home/rens/linorobot2_ws/install/drive_base_msgs/include/drive_base_msgs/drive_base_msgs/msg/detail/command_header__rosidl_typesupport_fastrtps_c.h
[11.487s] -- Up-to-date symlink: /home/rens/linorobot2_ws/install/drive_base_msgs/include/drive_base_msgs/drive_base_msgs/msg/detail/command_status__rosidl_typesupport_fastrtps_c.h
[11.488s] -- Up-to-date symlink: /home/rens/linorobot2_ws/install/drive_base_msgs/include/drive_base_msgs/drive_base_msgs/msg/detail/trv_command__rosidl_typesupport_fastrtps_c.h
[11.489s] -- Up-to-date symlink: /home/rens/linorobot2_ws/install/drive_base_msgs/include/drive_base_msgs/drive_base_msgs/msg/rosidl_typesupport_fastrtps_c__visibility_control.h
[11.499s] -- Up-to-date symlink: /home/rens/linorobot2_ws/install/drive_base_msgs/include/drive_base_msgs/drive_base_msgs/msg/base_info.hpp
[11.502s] -- Up-to-date symlink: /home/rens/linorobot2_ws/install/drive_base_msgs/include/drive_base_msgs/drive_base_msgs/msg/command_header.hpp
[11.506s] -- Up-to-date symlink: /home/rens/linorobot2_ws/install/drive_base_msgs/include/drive_base_msgs/drive_base_msgs/msg/command_status.hpp
[11.509s] -- Up-to-date symlink: /home/rens/linorobot2_ws/install/drive_base_msgs/include/drive_base_msgs/drive_base_msgs/msg/detail/base_info__builder.hpp
[11.513s] -- Up-to-date symlink: /home/rens/linorobot2_ws/install/drive_base_msgs/include/drive_base_msgs/drive_base_msgs/msg/detail/base_info__struct.hpp
[11.516s] -- Up-to-date symlink: /home/rens/linorobot2_ws/install/drive_base_msgs/include/drive_base_msgs/drive_base_msgs/msg/detail/base_info__traits.hpp
[11.519s] -- Up-to-date symlink: /home/rens/linorobot2_ws/install/drive_base_msgs/include/drive_base_msgs/drive_base_msgs/msg/detail/base_info__type_support.hpp
[11.520s] -- Up-to-date symlink: /home/rens/linorobot2_ws/install/drive_base_msgs/include/drive_base_msgs/drive_base_msgs/msg/detail/command_header__builder.hpp
[11.524s] -- Up-to-date symlink: /home/rens/linorobot2_ws/install/drive_base_msgs/include/drive_base_msgs/drive_base_msgs/msg/detail/command_header__struct.hpp
[11.534s] -- Up-to-date symlink: /home/rens/linorobot2_ws/install/drive_base_msgs/include/drive_base_msgs/drive_base_msgs/msg/detail/command_header__traits.hpp
[11.539s] -- Up-to-date symlink: /home/rens/linorobot2_ws/install/drive_base_msgs/include/drive_base_msgs/drive_base_msgs/msg/detail/command_header__type_support.hpp
[11.543s] -- Up-to-date symlink: /home/rens/linorobot2_ws/install/drive_base_msgs/include/drive_base_msgs/drive_base_msgs/msg/detail/command_status__builder.hpp
[11.544s] -- Up-to-date symlink: /home/rens/linorobot2_ws/install/drive_base_msgs/include/drive_base_msgs/drive_base_msgs/msg/detail/command_status__struct.hpp
[11.545s] -- Up-to-date symlink: /home/rens/linorobot2_ws/install/drive_base_msgs/include/drive_base_msgs/drive_base_msgs/msg/detail/command_status__traits.hpp
[11.548s] -- Up-to-date symlink: /home/rens/linorobot2_ws/install/drive_base_msgs/include/drive_base_msgs/drive_base_msgs/msg/detail/command_status__type_support.hpp
[11.561s] -- Up-to-date symlink: /home/rens/linorobot2_ws/install/drive_base_msgs/include/drive_base_msgs/drive_base_msgs/msg/detail/trv_command__builder.hpp
[11.562s] -- Up-to-date symlink: /home/rens/linorobot2_ws/install/drive_base_msgs/include/drive_base_msgs/drive_base_msgs/msg/detail/trv_command__struct.hpp
[11.562s] -- Up-to-date symlink: /home/rens/linorobot2_ws/install/drive_base_msgs/include/drive_base_msgs/drive_base_msgs/msg/detail/trv_command__traits.hpp
[11.568s] -- Up-to-date symlink: /home/rens/linorobot2_ws/install/drive_base_msgs/include/drive_base_msgs/drive_base_msgs/msg/detail/trv_command__type_support.hpp
[11.569s] -- Up-to-date symlink: /home/rens/linorobot2_ws/install/drive_base_msgs/include/drive_base_msgs/drive_base_msgs/msg/rosidl_generator_cpp__visibility_control.hpp
[11.576s] -- Up-to-date symlink: /home/rens/linorobot2_ws/install/drive_base_msgs/include/drive_base_msgs/drive_base_msgs/msg/trv_command.hpp
[11.578s] -- Up-to-date symlink: /home/rens/linorobot2_ws/install/drive_base_msgs/include/drive_base_msgs/drive_base_msgs/msg/detail/base_info__rosidl_typesupport_fastrtps_cpp.hpp
[11.580s] -- Up-to-date symlink: /home/rens/linorobot2_ws/install/drive_base_msgs/include/drive_base_msgs/drive_base_msgs/msg/detail/command_header__rosidl_typesupport_fastrtps_cpp.hpp
[11.585s] -- Up-to-date symlink: /home/rens/linorobot2_ws/install/drive_base_msgs/include/drive_base_msgs/drive_base_msgs/msg/detail/command_status__rosidl_typesupport_fastrtps_cpp.hpp
[11.586s] -- Up-to-date symlink: /home/rens/linorobot2_ws/install/drive_base_msgs/include/drive_base_msgs/drive_base_msgs/msg/detail/trv_command__rosidl_typesupport_fastrtps_cpp.hpp
[11.587s] -- Up-to-date symlink: /home/rens/linorobot2_ws/install/drive_base_msgs/include/drive_base_msgs/drive_base_msgs/msg/rosidl_typesupport_fastrtps_cpp__visibility_control.h
[11.592s] -- Up-to-date symlink: /home/rens/linorobot2_ws/install/drive_base_msgs/include/drive_base_msgs/drive_base_msgs/msg/detail/base_info__rosidl_typesupport_introspection_c.h
[11.594s] -- Up-to-date symlink: /home/rens/linorobot2_ws/install/drive_base_msgs/include/drive_base_msgs/drive_base_msgs/msg/detail/command_header__rosidl_typesupport_introspection_c.h
[11.598s] -- Up-to-date symlink: /home/rens/linorobot2_ws/install/drive_base_msgs/include/drive_base_msgs/drive_base_msgs/msg/detail/command_status__rosidl_typesupport_introspection_c.h
[11.601s] -- Up-to-date symlink: /home/rens/linorobot2_ws/install/drive_base_msgs/include/drive_base_msgs/drive_base_msgs/msg/detail/trv_command__rosidl_typesupport_introspection_c.h
[11.604s] -- Up-to-date symlink: /home/rens/linorobot2_ws/install/drive_base_msgs/include/drive_base_msgs/drive_base_msgs/msg/rosidl_typesupport_introspection_c__visibility_control.h
[11.608s] -- Up-to-date symlink: /home/rens/linorobot2_ws/install/drive_base_msgs/include/drive_base_msgs/drive_base_msgs/msg/detail/base_info__rosidl_typesupport_introspection_cpp.hpp
[11.611s] -- Up-to-date symlink: /home/rens/linorobot2_ws/install/drive_base_msgs/include/drive_base_msgs/drive_base_msgs/msg/detail/command_header__rosidl_typesupport_introspection_cpp.hpp
[11.615s] -- Up-to-date symlink: /home/rens/linorobot2_ws/install/drive_base_msgs/include/drive_base_msgs/drive_base_msgs/msg/detail/command_status__rosidl_typesupport_introspection_cpp.hpp
[11.619s] -- Up-to-date symlink: /home/rens/linorobot2_ws/install/drive_base_msgs/include/drive_base_msgs/drive_base_msgs/msg/detail/trv_command__rosidl_typesupport_introspection_cpp.hpp
[11.622s] -- Up-to-date symlink: /home/rens/linorobot2_ws/install/drive_base_msgs/share/drive_base_msgs/environment/pythonpath.sh
[11.625s] -- Up-to-date symlink: /home/rens/linorobot2_ws/install/drive_base_msgs/share/drive_base_msgs/environment/pythonpath.dsv
[11.628s] -- Up-to-date symlink: /home/rens/linorobot2_ws/install/drive_base_msgs/lib/python3.12/site-packages/drive_base_msgs-0.0.0-py3.12.egg-info/PKG-INFO
[11.631s] -- Up-to-date symlink: /home/rens/linorobot2_ws/install/drive_base_msgs/lib/python3.12/site-packages/drive_base_msgs-0.0.0-py3.12.egg-info/SOURCES.txt
[11.635s] -- Up-to-date symlink: /home/rens/linorobot2_ws/install/drive_base_msgs/lib/python3.12/site-packages/drive_base_msgs-0.0.0-py3.12.egg-info/dependency_links.txt
[11.639s] -- Up-to-date symlink: /home/rens/linorobot2_ws/install/drive_base_msgs/lib/python3.12/site-packages/drive_base_msgs-0.0.0-py3.12.egg-info/top_level.txt
[11.642s] -- Up-to-date symlink: /home/rens/linorobot2_ws/install/drive_base_msgs/lib/python3.12/site-packages/drive_base_msgs/__init__.py
[11.646s] -- Up-to-date symlink: /home/rens/linorobot2_ws/install/drive_base_msgs/lib/python3.12/site-packages/drive_base_msgs/_drive_base_msgs_s.ep.rosidl_typesupport_c.c
[11.650s] -- Up-to-date symlink: /home/rens/linorobot2_ws/install/drive_base_msgs/lib/python3.12/site-packages/drive_base_msgs/_drive_base_msgs_s.ep.rosidl_typesupport_fastrtps_c.c
[11.653s] -- Up-to-date symlink: /home/rens/linorobot2_ws/install/drive_base_msgs/lib/python3.12/site-packages/drive_base_msgs/_drive_base_msgs_s.ep.rosidl_typesupport_introspection_c.c
[11.657s] -- Up-to-date symlink: /home/rens/linorobot2_ws/install/drive_base_msgs/lib/python3.12/site-packages/drive_base_msgs/drive_base_msgs_s__rosidl_typesupport_c.so
[11.659s] -- Up-to-date symlink: /home/rens/linorobot2_ws/install/drive_base_msgs/lib/python3.12/site-packages/drive_base_msgs/drive_base_msgs_s__rosidl_typesupport_fastrtps_c.so
[11.662s] -- Up-to-date symlink: /home/rens/linorobot2_ws/install/drive_base_msgs/lib/python3.12/site-packages/drive_base_msgs/drive_base_msgs_s__rosidl_typesupport_introspection_c.so
[11.665s] -- Up-to-date symlink: /home/rens/linorobot2_ws/install/drive_base_msgs/lib/python3.12/site-packages/drive_base_msgs/msg/__init__.py
[11.668s] -- Up-to-date symlink: /home/rens/linorobot2_ws/install/drive_base_msgs/lib/python3.12/site-packages/drive_base_msgs/msg/_base_info.py
[11.672s] -- Up-to-date symlink: /home/rens/linorobot2_ws/install/drive_base_msgs/lib/python3.12/site-packages/drive_base_msgs/msg/_base_info_s.c
[11.675s] -- Up-to-date symlink: /home/rens/linorobot2_ws/install/drive_base_msgs/lib/python3.12/site-packages/drive_base_msgs/msg/_command_header.py
[11.679s] -- Up-to-date symlink: /home/rens/linorobot2_ws/install/drive_base_msgs/lib/python3.12/site-packages/drive_base_msgs/msg/_command_header_s.c
[11.682s] -- Up-to-date symlink: /home/rens/linorobot2_ws/install/drive_base_msgs/lib/python3.12/site-packages/drive_base_msgs/msg/_command_status.py
[11.685s] -- Up-to-date symlink: /home/rens/linorobot2_ws/install/drive_base_msgs/lib/python3.12/site-packages/drive_base_msgs/msg/_command_status_s.c
[11.689s] -- Up-to-date symlink: /home/rens/linorobot2_ws/install/drive_base_msgs/lib/python3.12/site-packages/drive_base_msgs/msg/_trv_command.py
[11.692s] -- Up-to-date symlink: /home/rens/linorobot2_ws/install/drive_base_msgs/lib/python3.12/site-packages/drive_base_msgs/msg/_trv_command_s.c
[11.695s] -- Up-to-date symlink: /home/rens/linorobot2_ws/install/drive_base_msgs/lib/python3.12/site-packages/drive_base_msgs/drive_base_msgs_s__rosidl_typesupport_fastrtps_c.so
[11.699s] -- Up-to-date symlink: /home/rens/linorobot2_ws/install/drive_base_msgs/lib/python3.12/site-packages/drive_base_msgs/drive_base_msgs_s__rosidl_typesupport_introspection_c.so
[11.702s] -- Up-to-date symlink: /home/rens/linorobot2_ws/install/drive_base_msgs/lib/python3.12/site-packages/drive_base_msgs/drive_base_msgs_s__rosidl_typesupport_c.so
[11.705s] -- Up-to-date symlink: /home/rens/linorobot2_ws/install/drive_base_msgs/share/drive_base_msgs/msg/CommandHeader.idl
[11.709s] -- Up-to-date symlink: /home/rens/linorobot2_ws/install/drive_base_msgs/share/drive_base_msgs/msg/BaseInfo.idl
[11.714s] -- Up-to-date symlink: /home/rens/linorobot2_ws/install/drive_base_msgs/share/drive_base_msgs/msg/CommandStatus.idl
[11.715s] -- Up-to-date symlink: /home/rens/linorobot2_ws/install/drive_base_msgs/share/drive_base_msgs/msg/TRVCommand.idl
[11.716s] -- Up-to-date symlink: /home/rens/linorobot2_ws/install/drive_base_msgs/share/drive_base_msgs/msg/CommandHeader.msg
[11.723s] -- Up-to-date symlink: /home/rens/linorobot2_ws/install/drive_base_msgs/share/drive_base_msgs/msg/BaseInfo.msg
[11.725s] -- Up-to-date symlink: /home/rens/linorobot2_ws/install/drive_base_msgs/share/drive_base_msgs/msg/CommandStatus.msg
[11.726s] -- Up-to-date symlink: /home/rens/linorobot2_ws/install/drive_base_msgs/share/drive_base_msgs/msg/TRVCommand.msg
[11.726s] -- Up-to-date symlink: /home/rens/linorobot2_ws/install/drive_base_msgs/share/ament_index/resource_index/package_run_dependencies/drive_base_msgs
[11.727s] -- Up-to-date symlink: /home/rens/linorobot2_ws/install/drive_base_msgs/share/ament_index/resource_index/parent_prefix_path/drive_base_msgs
[11.734s] -- Up-to-date symlink: /home/rens/linorobot2_ws/install/drive_base_msgs/share/drive_base_msgs/environment/ament_prefix_path.sh
[11.735s] -- Up-to-date symlink: /home/rens/linorobot2_ws/install/drive_base_msgs/share/drive_base_msgs/environment/ament_prefix_path.dsv
[11.742s] -- Up-to-date symlink: /home/rens/linorobot2_ws/install/drive_base_msgs/share/drive_base_msgs/environment/path.sh
[11.750s] -- Up-to-date symlink: /home/rens/linorobot2_ws/install/drive_base_msgs/share/drive_base_msgs/environment/path.dsv
[11.751s] -- Up-to-date symlink: /home/rens/linorobot2_ws/install/drive_base_msgs/share/drive_base_msgs/local_setup.bash
[11.751s] -- Up-to-date symlink: /home/rens/linorobot2_ws/install/drive_base_msgs/share/drive_base_msgs/local_setup.sh
[11.752s] -- Up-to-date symlink: /home/rens/linorobot2_ws/install/drive_base_msgs/share/drive_base_msgs/local_setup.zsh
[11.753s] -- Up-to-date symlink: /home/rens/linorobot2_ws/install/drive_base_msgs/share/drive_base_msgs/local_setup.dsv
[11.759s] -- Symlinking: /home/rens/linorobot2_ws/install/drive_base_msgs/share/drive_base_msgs/package.dsv
[11.878s] -- Up-to-date symlink: /home/rens/linorobot2_ws/install/drive_base_msgs/share/ament_index/resource_index/packages/drive_base_msgs
[11.888s] -- Up-to-date symlink: /home/rens/linorobot2_ws/install/drive_base_msgs/share/drive_base_msgs/cmake/rosidl_cmake-extras.cmake
[11.891s] -- Up-to-date symlink: /home/rens/linorobot2_ws/install/drive_base_msgs/share/drive_base_msgs/cmake/ament_cmake_export_dependencies-extras.cmake
[11.894s] -- Up-to-date symlink: /home/rens/linorobot2_ws/install/drive_base_msgs/share/drive_base_msgs/cmake/ament_cmake_export_include_directories-extras.cmake
[11.896s] -- Up-to-date symlink: /home/rens/linorobot2_ws/install/drive_base_msgs/share/drive_base_msgs/cmake/ament_cmake_export_libraries-extras.cmake
[11.901s] -- Up-to-date symlink: /home/rens/linorobot2_ws/install/drive_base_msgs/share/drive_base_msgs/cmake/ament_cmake_export_targets-extras.cmake
[11.904s] -- Up-to-date symlink: /home/rens/linorobot2_ws/install/drive_base_msgs/share/drive_base_msgs/cmake/rosidl_cmake_export_typesupport_targets-extras.cmake
[11.920s] -- Up-to-date symlink: /home/rens/linorobot2_ws/install/drive_base_msgs/share/drive_base_msgs/cmake/rosidl_cmake_export_typesupport_libraries-extras.cmake
[11.923s] -- Up-to-date symlink: /home/rens/linorobot2_ws/install/drive_base_msgs/share/drive_base_msgs/cmake/drive_base_msgsConfig.cmake
[11.930s] -- Up-to-date symlink: /home/rens/linorobot2_ws/install/drive_base_msgs/share/drive_base_msgs/cmake/drive_base_msgsConfig-version.cmake
[11.936s] -- Up-to-date symlink: /home/rens/linorobot2_ws/install/drive_base_msgs/share/drive_base_msgs/package.xml
[11.942s] -- Up-to-date: /home/rens/linorobot2_ws/install/drive_base_msgs/lib/libdrive_base_msgs__rosidl_generator_c.so
[11.942s] -- Up-to-date: /home/rens/linorobot2_ws/install/drive_base_msgs/lib/libdrive_base_msgs__rosidl_typesupport_fastrtps_c.so
[11.946s] -- Up-to-date: /home/rens/linorobot2_ws/install/drive_base_msgs/lib/libdrive_base_msgs__rosidl_typesupport_fastrtps_cpp.so
[11.953s] -- Up-to-date: /home/rens/linorobot2_ws/install/drive_base_msgs/lib/libdrive_base_msgs__rosidl_typesupport_introspection_c.so
[11.954s] -- Up-to-date: /home/rens/linorobot2_ws/install/drive_base_msgs/lib/libdrive_base_msgs__rosidl_typesupport_c.so
[11.954s] -- Up-to-date: /home/rens/linorobot2_ws/install/drive_base_msgs/lib/libdrive_base_msgs__rosidl_typesupport_introspection_cpp.so
[11.967s] -- Up-to-date: /home/rens/linorobot2_ws/install/drive_base_msgs/lib/libdrive_base_msgs__rosidl_typesupport_cpp.so
[12.430s] Listing '/home/rens/linorobot2_ws/install/drive_base_msgs/lib/python3.12/site-packages/drive_base_msgs'...
[12.444s] Listing '/home/rens/linorobot2_ws/install/drive_base_msgs/lib/python3.12/site-packages/drive_base_msgs/msg'...
[12.497s] -- Up-to-date: /home/rens/linorobot2_ws/install/drive_base_msgs/lib/libdrive_base_msgs__rosidl_generator_py.so
[12.507s] -- Up-to-date: /home/rens/linorobot2_ws/install/drive_base_msgs/share/drive_base_msgs/cmake/export_drive_base_msgs__rosidl_generator_cExport.cmake
[12.512s] -- Up-to-date: /home/rens/linorobot2_ws/install/drive_base_msgs/share/drive_base_msgs/cmake/export_drive_base_msgs__rosidl_generator_cExport-noconfig.cmake
[12.520s] -- Up-to-date: /home/rens/linorobot2_ws/install/drive_base_msgs/share/drive_base_msgs/cmake/export_drive_base_msgs__rosidl_typesupport_fastrtps_cExport.cmake
[12.527s] -- Up-to-date: /home/rens/linorobot2_ws/install/drive_base_msgs/share/drive_base_msgs/cmake/export_drive_base_msgs__rosidl_typesupport_fastrtps_cExport-noconfig.cmake
[12.531s] -- Up-to-date: /home/rens/linorobot2_ws/install/drive_base_msgs/share/drive_base_msgs/cmake/export_drive_base_msgs__rosidl_generator_cppExport.cmake
[12.541s] -- Up-to-date: /home/rens/linorobot2_ws/install/drive_base_msgs/share/drive_base_msgs/cmake/export_drive_base_msgs__rosidl_typesupport_fastrtps_cppExport.cmake
[12.545s] -- Up-to-date: /home/rens/linorobot2_ws/install/drive_base_msgs/share/drive_base_msgs/cmake/export_drive_base_msgs__rosidl_typesupport_fastrtps_cppExport-noconfig.cmake
[12.546s] -- Up-to-date: /home/rens/linorobot2_ws/install/drive_base_msgs/share/drive_base_msgs/cmake/drive_base_msgs__rosidl_typesupport_introspection_cExport.cmake
[12.551s] -- Up-to-date: /home/rens/linorobot2_ws/install/drive_base_msgs/share/drive_base_msgs/cmake/drive_base_msgs__rosidl_typesupport_introspection_cExport-noconfig.cmake
[12.552s] -- Up-to-date: /home/rens/linorobot2_ws/install/drive_base_msgs/share/drive_base_msgs/cmake/drive_base_msgs__rosidl_typesupport_cExport.cmake
[12.565s] -- Up-to-date: /home/rens/linorobot2_ws/install/drive_base_msgs/share/drive_base_msgs/cmake/drive_base_msgs__rosidl_typesupport_cExport-noconfig.cmake
[12.570s] -- Up-to-date: /home/rens/linorobot2_ws/install/drive_base_msgs/share/drive_base_msgs/cmake/drive_base_msgs__rosidl_typesupport_introspection_cppExport.cmake
[12.576s] -- Up-to-date: /home/rens/linorobot2_ws/install/drive_base_msgs/share/drive_base_msgs/cmake/drive_base_msgs__rosidl_typesupport_introspection_cppExport-noconfig.cmake
[12.578s] -- Up-to-date: /home/rens/linorobot2_ws/install/drive_base_msgs/share/drive_base_msgs/cmake/drive_base_msgs__rosidl_typesupport_cppExport.cmake
[12.578s] -- Up-to-date: /home/rens/linorobot2_ws/install/drive_base_msgs/share/drive_base_msgs/cmake/drive_base_msgs__rosidl_typesupport_cppExport-noconfig.cmake
[12.579s] -- Up-to-date: /home/rens/linorobot2_ws/install/drive_base_msgs/share/drive_base_msgs/cmake/export_drive_base_msgs__rosidl_generator_pyExport.cmake
[12.580s] -- Up-to-date: /home/rens/linorobot2_ws/install/drive_base_msgs/share/drive_base_msgs/cmake/export_drive_base_msgs__rosidl_generator_pyExport-noconfig.cmake
[12.593s] Invoked command in '/home/rens/linorobot2_ws/build/drive_base_msgs' returned '0': CMAKE_PREFIX_PATH=${CMAKE_PREFIX_PATH}:/opt/ros/jazzy /usr/bin/cmake --install /home/rens/linorobot2_ws/build/drive_base_msgs
