[0.134s] Invoking command in '/home/rens/linorobot2_ws/build/drive_base_msgs': CMAKE_PREFIX_PATH=${CMAKE_PREFIX_PATH}:/opt/ros/jazzy /usr/bin/cmake /home/rens/linorobot2_ws/src/uros/drive_base/drive_base_msgs -DAMENT_CMAKE_SYMLINK_INSTALL=1 -DCMAKE_INSTALL_PREFIX=/home/rens/linorobot2_ws/install/drive_base_msgs
[0.529s] -- Found ament_cmake: 2.5.4 (/opt/ros/jazzy/share/ament_cmake/cmake)
[0.741s] -- Found Python3: /usr/bin/python3 (found version "3.12.3") found components: Interpreter 
[1.321s] -- Override CMake install command with custom implementation using symlinks instead of copying resources
[1.439s] -- Found std_msgs: 5.3.6 (/opt/ros/jazzy/share/std_msgs/cmake)
[1.736s] -- Found rosidl_generator_c: 4.6.6 (/opt/ros/jazzy/share/rosidl_generator_c/cmake)
[1.805s] -- Found rosidl_generator_cpp: 4.6.6 (/opt/ros/jazzy/share/rosidl_generator_cpp/cmake)
[1.910s] -- Using all available rosidl_typesupport_c: rosidl_typesupport_fastrtps_c;rosidl_typesupport_introspection_c
[2.018s] -- Using all available rosidl_typesupport_cpp: rosidl_typesupport_fastrtps_cpp;rosidl_typesupport_introspection_cpp
[2.204s] -- Found rosidl_default_generators: 1.6.0 (/opt/ros/jazzy/share/rosidl_default_generators/cmake)
[2.268s] -- Found rosidl_adapter: 4.6.6 (/opt/ros/jazzy/share/rosidl_adapter/cmake)
[4.183s] -- Found ament_cmake_cppcheck: 0.17.3 (/opt/ros/jazzy/share/ament_cmake_cppcheck/cmake)
[4.187s] -- Found ament_cmake_cpplint: 0.17.3 (/opt/ros/jazzy/share/ament_cmake_cpplint/cmake)
[4.198s] -- Found ament_cmake_uncrustify: 0.17.3 (/opt/ros/jazzy/share/ament_cmake_uncrustify/cmake)
[4.205s] -- Found ament_cmake_ros: 0.12.0 (/opt/ros/jazzy/share/ament_cmake_ros/cmake)
[5.762s] -- Using all available rosidl_typesupport_c: rosidl_typesupport_fastrtps_c;rosidl_typesupport_introspection_c
[6.378s] -- Using all available rosidl_typesupport_cpp: rosidl_typesupport_fastrtps_cpp;rosidl_typesupport_introspection_cpp
[6.399s] -- Found python_cmake_module: 0.11.1 (/opt/ros/jazzy/share/python_cmake_module/cmake)
[8.215s] -- Found Python3: /usr/bin/python3 (found version "3.12.3") found components: Interpreter Development NumPy Development.Module Development.Embed 
[8.393s] -- Found ament_cmake_flake8: 0.17.3 (/opt/ros/jazzy/share/ament_cmake_flake8/cmake)
[8.398s] -- Found ament_cmake_pep257: 0.17.3 (/opt/ros/jazzy/share/ament_cmake_pep257/cmake)
[8.505s] -- Configuring done (8.1s)
[9.118s] -- Generating done (0.5s)
[9.244s] -- Build files have been written to: /home/rens/linorobot2_ws/build/drive_base_msgs
[9.328s] Invoked command in '/home/rens/linorobot2_ws/build/drive_base_msgs' returned '0': CMAKE_PREFIX_PATH=${CMAKE_PREFIX_PATH}:/opt/ros/jazzy /usr/bin/cmake /home/rens/linorobot2_ws/src/uros/drive_base/drive_base_msgs -DAMENT_CMAKE_SYMLINK_INSTALL=1 -DCMAKE_INSTALL_PREFIX=/home/rens/linorobot2_ws/install/drive_base_msgs
[9.335s] Invoking command in '/home/rens/linorobot2_ws/build/drive_base_msgs': CMAKE_PREFIX_PATH=${CMAKE_PREFIX_PATH}:/opt/ros/jazzy /usr/bin/cmake --build /home/rens/linorobot2_ws/build/drive_base_msgs -- -j4 -l4
[10.012s] [  1%] Built target drive_base_msgs__rosidl_generator_type_description
[10.156s] [  1%] Built target ament_cmake_python_symlink_drive_base_msgs
[10.365s] [  3%] Built target drive_base_msgs__cpp
[10.447s] [ 25%] Built target drive_base_msgs__rosidl_generator_c
[10.860s] [ 34%] Built target drive_base_msgs__rosidl_typesupport_fastrtps_c
[10.869s] [ 43%] Built target drive_base_msgs__rosidl_typesupport_introspection_c
[10.942s] [ 53%] Built target drive_base_msgs__rosidl_typesupport_fastrtps_cpp
[11.205s] [ 62%] Built target drive_base_msgs__rosidl_typesupport_c
[11.253s] [ 71%] Built target drive_base_msgs__rosidl_typesupport_introspection_cpp
[11.270s] [ 81%] Built target drive_base_msgs__rosidl_typesupport_cpp
[11.593s] [ 81%] Built target drive_base_msgs
[11.789s] [ 82%] Built target drive_base_msgs__py
[11.999s] [ 90%] Built target drive_base_msgs__rosidl_generator_py
[12.289s] running egg_info
[12.307s] [ 93%] Built target drive_base_msgs_s__rosidl_typesupport_introspection_c
[12.349s] [ 96%] Built target drive_base_msgs_s__rosidl_typesupport_c
[12.361s] [100%] Built target drive_base_msgs_s__rosidl_typesupport_fastrtps_c
[12.443s] writing drive_base_msgs.egg-info/PKG-INFO
[12.445s] writing dependency_links to drive_base_msgs.egg-info/dependency_links.txt
[12.449s] writing top-level names to drive_base_msgs.egg-info/top_level.txt
[12.893s] reading manifest file 'drive_base_msgs.egg-info/SOURCES.txt'
[12.898s] writing manifest file 'drive_base_msgs.egg-info/SOURCES.txt'
[13.133s] [100%] Built target ament_cmake_python_build_drive_base_msgs_egg
[13.216s] Invoked command in '/home/rens/linorobot2_ws/build/drive_base_msgs' returned '0': CMAKE_PREFIX_PATH=${CMAKE_PREFIX_PATH}:/opt/ros/jazzy /usr/bin/cmake --build /home/rens/linorobot2_ws/build/drive_base_msgs -- -j4 -l4
[13.222s] Invoking command in '/home/rens/linorobot2_ws/build/drive_base_msgs': CMAKE_PREFIX_PATH=${CMAKE_PREFIX_PATH}:/opt/ros/jazzy /usr/bin/cmake --install /home/rens/linorobot2_ws/build/drive_base_msgs
[13.284s] -- Install configuration: ""
[13.286s] -- Execute custom install script
[13.290s] -- Up-to-date symlink: /home/rens/linorobot2_ws/install/drive_base_msgs/share/ament_index/resource_index/rosidl_interfaces/drive_base_msgs
[13.295s] -- Up-to-date symlink: /home/rens/linorobot2_ws/install/drive_base_msgs/share/drive_base_msgs/msg/CommandHeader.json
[13.297s] -- Up-to-date symlink: /home/rens/linorobot2_ws/install/drive_base_msgs/share/drive_base_msgs/msg/BaseInfo.json
[13.299s] -- Up-to-date symlink: /home/rens/linorobot2_ws/install/drive_base_msgs/share/drive_base_msgs/msg/CommandStatus.json
[13.302s] -- Up-to-date symlink: /home/rens/linorobot2_ws/install/drive_base_msgs/share/drive_base_msgs/msg/TRVCommand.json
[13.310s] -- Up-to-date symlink: /home/rens/linorobot2_ws/install/drive_base_msgs/include/drive_base_msgs/drive_base_msgs/msg/base_info.h
[13.312s] -- Up-to-date symlink: /home/rens/linorobot2_ws/install/drive_base_msgs/include/drive_base_msgs/drive_base_msgs/msg/command_header.h
[13.314s] -- Up-to-date symlink: /home/rens/linorobot2_ws/install/drive_base_msgs/include/drive_base_msgs/drive_base_msgs/msg/command_status.h
[13.317s] -- Up-to-date symlink: /home/rens/linorobot2_ws/install/drive_base_msgs/include/drive_base_msgs/drive_base_msgs/msg/detail/base_info__functions.h
[13.319s] -- Up-to-date symlink: /home/rens/linorobot2_ws/install/drive_base_msgs/include/drive_base_msgs/drive_base_msgs/msg/detail/base_info__struct.h
[13.321s] -- Up-to-date symlink: /home/rens/linorobot2_ws/install/drive_base_msgs/include/drive_base_msgs/drive_base_msgs/msg/detail/base_info__type_support.h
[13.325s] -- Up-to-date symlink: /home/rens/linorobot2_ws/install/drive_base_msgs/include/drive_base_msgs/drive_base_msgs/msg/detail/command_header__functions.h
[13.329s] -- Up-to-date symlink: /home/rens/linorobot2_ws/install/drive_base_msgs/include/drive_base_msgs/drive_base_msgs/msg/detail/command_header__struct.h
[13.332s] -- Up-to-date symlink: /home/rens/linorobot2_ws/install/drive_base_msgs/include/drive_base_msgs/drive_base_msgs/msg/detail/command_header__type_support.h
[13.334s] -- Up-to-date symlink: /home/rens/linorobot2_ws/install/drive_base_msgs/include/drive_base_msgs/drive_base_msgs/msg/detail/command_status__functions.h
[13.336s] -- Up-to-date symlink: /home/rens/linorobot2_ws/install/drive_base_msgs/include/drive_base_msgs/drive_base_msgs/msg/detail/command_status__struct.h
[13.340s] -- Up-to-date symlink: /home/rens/linorobot2_ws/install/drive_base_msgs/include/drive_base_msgs/drive_base_msgs/msg/detail/command_status__type_support.h
[13.342s] -- Up-to-date symlink: /home/rens/linorobot2_ws/install/drive_base_msgs/include/drive_base_msgs/drive_base_msgs/msg/detail/trv_command__functions.h
[13.346s] -- Up-to-date symlink: /home/rens/linorobot2_ws/install/drive_base_msgs/include/drive_base_msgs/drive_base_msgs/msg/detail/trv_command__struct.h
[13.349s] -- Up-to-date symlink: /home/rens/linorobot2_ws/install/drive_base_msgs/include/drive_base_msgs/drive_base_msgs/msg/detail/trv_command__type_support.h
[13.351s] -- Up-to-date symlink: /home/rens/linorobot2_ws/install/drive_base_msgs/include/drive_base_msgs/drive_base_msgs/msg/rosidl_generator_c__visibility_control.h
[13.353s] -- Up-to-date symlink: /home/rens/linorobot2_ws/install/drive_base_msgs/include/drive_base_msgs/drive_base_msgs/msg/trv_command.h
[13.355s] -- Up-to-date symlink: /home/rens/linorobot2_ws/install/drive_base_msgs/share/drive_base_msgs/environment/library_path.sh
[13.357s] -- Up-to-date symlink: /home/rens/linorobot2_ws/install/drive_base_msgs/share/drive_base_msgs/environment/library_path.dsv
[13.373s] -- Up-to-date symlink: /home/rens/linorobot2_ws/install/drive_base_msgs/include/drive_base_msgs/drive_base_msgs/msg/detail/base_info__rosidl_typesupport_fastrtps_c.h
[13.373s] -- Up-to-date symlink: /home/rens/linorobot2_ws/install/drive_base_msgs/include/drive_base_msgs/drive_base_msgs/msg/detail/command_header__rosidl_typesupport_fastrtps_c.h
[13.374s] -- Up-to-date symlink: /home/rens/linorobot2_ws/install/drive_base_msgs/include/drive_base_msgs/drive_base_msgs/msg/detail/command_status__rosidl_typesupport_fastrtps_c.h
[13.374s] -- Up-to-date symlink: /home/rens/linorobot2_ws/install/drive_base_msgs/include/drive_base_msgs/drive_base_msgs/msg/detail/trv_command__rosidl_typesupport_fastrtps_c.h
[13.375s] -- Up-to-date symlink: /home/rens/linorobot2_ws/install/drive_base_msgs/include/drive_base_msgs/drive_base_msgs/msg/rosidl_typesupport_fastrtps_c__visibility_control.h
[13.378s] -- Up-to-date symlink: /home/rens/linorobot2_ws/install/drive_base_msgs/include/drive_base_msgs/drive_base_msgs/msg/base_info.hpp
[13.380s] -- Up-to-date symlink: /home/rens/linorobot2_ws/install/drive_base_msgs/include/drive_base_msgs/drive_base_msgs/msg/command_header.hpp
[13.382s] -- Up-to-date symlink: /home/rens/linorobot2_ws/install/drive_base_msgs/include/drive_base_msgs/drive_base_msgs/msg/command_status.hpp
[13.384s] -- Up-to-date symlink: /home/rens/linorobot2_ws/install/drive_base_msgs/include/drive_base_msgs/drive_base_msgs/msg/detail/base_info__builder.hpp
[13.386s] -- Up-to-date symlink: /home/rens/linorobot2_ws/install/drive_base_msgs/include/drive_base_msgs/drive_base_msgs/msg/detail/base_info__struct.hpp
[13.388s] -- Up-to-date symlink: /home/rens/linorobot2_ws/install/drive_base_msgs/include/drive_base_msgs/drive_base_msgs/msg/detail/base_info__traits.hpp
[13.390s] -- Up-to-date symlink: /home/rens/linorobot2_ws/install/drive_base_msgs/include/drive_base_msgs/drive_base_msgs/msg/detail/base_info__type_support.hpp
[13.391s] -- Up-to-date symlink: /home/rens/linorobot2_ws/install/drive_base_msgs/include/drive_base_msgs/drive_base_msgs/msg/detail/command_header__builder.hpp
[13.393s] -- Up-to-date symlink: /home/rens/linorobot2_ws/install/drive_base_msgs/include/drive_base_msgs/drive_base_msgs/msg/detail/command_header__struct.hpp
[13.395s] -- Up-to-date symlink: /home/rens/linorobot2_ws/install/drive_base_msgs/include/drive_base_msgs/drive_base_msgs/msg/detail/command_header__traits.hpp
[13.397s] -- Up-to-date symlink: /home/rens/linorobot2_ws/install/drive_base_msgs/include/drive_base_msgs/drive_base_msgs/msg/detail/command_header__type_support.hpp
[13.399s] -- Up-to-date symlink: /home/rens/linorobot2_ws/install/drive_base_msgs/include/drive_base_msgs/drive_base_msgs/msg/detail/command_status__builder.hpp
[13.401s] -- Up-to-date symlink: /home/rens/linorobot2_ws/install/drive_base_msgs/include/drive_base_msgs/drive_base_msgs/msg/detail/command_status__struct.hpp
[13.403s] -- Up-to-date symlink: /home/rens/linorobot2_ws/install/drive_base_msgs/include/drive_base_msgs/drive_base_msgs/msg/detail/command_status__traits.hpp
[13.405s] -- Up-to-date symlink: /home/rens/linorobot2_ws/install/drive_base_msgs/include/drive_base_msgs/drive_base_msgs/msg/detail/command_status__type_support.hpp
[13.407s] -- Up-to-date symlink: /home/rens/linorobot2_ws/install/drive_base_msgs/include/drive_base_msgs/drive_base_msgs/msg/detail/trv_command__builder.hpp
[13.409s] -- Up-to-date symlink: /home/rens/linorobot2_ws/install/drive_base_msgs/include/drive_base_msgs/drive_base_msgs/msg/detail/trv_command__struct.hpp
[13.412s] -- Up-to-date symlink: /home/rens/linorobot2_ws/install/drive_base_msgs/include/drive_base_msgs/drive_base_msgs/msg/detail/trv_command__traits.hpp
[13.414s] -- Up-to-date symlink: /home/rens/linorobot2_ws/install/drive_base_msgs/include/drive_base_msgs/drive_base_msgs/msg/detail/trv_command__type_support.hpp
[13.423s] -- Up-to-date symlink: /home/rens/linorobot2_ws/install/drive_base_msgs/include/drive_base_msgs/drive_base_msgs/msg/rosidl_generator_cpp__visibility_control.hpp
[13.424s] -- Up-to-date symlink: /home/rens/linorobot2_ws/install/drive_base_msgs/include/drive_base_msgs/drive_base_msgs/msg/trv_command.hpp
[13.430s] -- Up-to-date symlink: /home/rens/linorobot2_ws/install/drive_base_msgs/include/drive_base_msgs/drive_base_msgs/msg/detail/base_info__rosidl_typesupport_fastrtps_cpp.hpp
[13.433s] -- Up-to-date symlink: /home/rens/linorobot2_ws/install/drive_base_msgs/include/drive_base_msgs/drive_base_msgs/msg/detail/command_header__rosidl_typesupport_fastrtps_cpp.hpp
[13.435s] -- Up-to-date symlink: /home/rens/linorobot2_ws/install/drive_base_msgs/include/drive_base_msgs/drive_base_msgs/msg/detail/command_status__rosidl_typesupport_fastrtps_cpp.hpp
[13.438s] -- Up-to-date symlink: /home/rens/linorobot2_ws/install/drive_base_msgs/include/drive_base_msgs/drive_base_msgs/msg/detail/trv_command__rosidl_typesupport_fastrtps_cpp.hpp
[13.440s] -- Up-to-date symlink: /home/rens/linorobot2_ws/install/drive_base_msgs/include/drive_base_msgs/drive_base_msgs/msg/rosidl_typesupport_fastrtps_cpp__visibility_control.h
[13.446s] -- Up-to-date symlink: /home/rens/linorobot2_ws/install/drive_base_msgs/include/drive_base_msgs/drive_base_msgs/msg/detail/base_info__rosidl_typesupport_introspection_c.h
[13.449s] -- Up-to-date symlink: /home/rens/linorobot2_ws/install/drive_base_msgs/include/drive_base_msgs/drive_base_msgs/msg/detail/command_header__rosidl_typesupport_introspection_c.h
[13.452s] -- Up-to-date symlink: /home/rens/linorobot2_ws/install/drive_base_msgs/include/drive_base_msgs/drive_base_msgs/msg/detail/command_status__rosidl_typesupport_introspection_c.h
[13.454s] -- Up-to-date symlink: /home/rens/linorobot2_ws/install/drive_base_msgs/include/drive_base_msgs/drive_base_msgs/msg/detail/trv_command__rosidl_typesupport_introspection_c.h
[13.456s] -- Up-to-date symlink: /home/rens/linorobot2_ws/install/drive_base_msgs/include/drive_base_msgs/drive_base_msgs/msg/rosidl_typesupport_introspection_c__visibility_control.h
[13.460s] -- Up-to-date symlink: /home/rens/linorobot2_ws/install/drive_base_msgs/include/drive_base_msgs/drive_base_msgs/msg/detail/base_info__rosidl_typesupport_introspection_cpp.hpp
[13.462s] -- Up-to-date symlink: /home/rens/linorobot2_ws/install/drive_base_msgs/include/drive_base_msgs/drive_base_msgs/msg/detail/command_header__rosidl_typesupport_introspection_cpp.hpp
[13.464s] -- Up-to-date symlink: /home/rens/linorobot2_ws/install/drive_base_msgs/include/drive_base_msgs/drive_base_msgs/msg/detail/command_status__rosidl_typesupport_introspection_cpp.hpp
[13.468s] -- Up-to-date symlink: /home/rens/linorobot2_ws/install/drive_base_msgs/include/drive_base_msgs/drive_base_msgs/msg/detail/trv_command__rosidl_typesupport_introspection_cpp.hpp
[13.470s] -- Up-to-date symlink: /home/rens/linorobot2_ws/install/drive_base_msgs/share/drive_base_msgs/environment/pythonpath.sh
[13.470s] -- Up-to-date symlink: /home/rens/linorobot2_ws/install/drive_base_msgs/share/drive_base_msgs/environment/pythonpath.dsv
[13.473s] -- Up-to-date symlink: /home/rens/linorobot2_ws/install/drive_base_msgs/lib/python3.12/site-packages/drive_base_msgs-0.0.0-py3.12.egg-info/PKG-INFO
[13.475s] -- Up-to-date symlink: /home/rens/linorobot2_ws/install/drive_base_msgs/lib/python3.12/site-packages/drive_base_msgs-0.0.0-py3.12.egg-info/SOURCES.txt
[13.477s] -- Up-to-date symlink: /home/rens/linorobot2_ws/install/drive_base_msgs/lib/python3.12/site-packages/drive_base_msgs-0.0.0-py3.12.egg-info/dependency_links.txt
[13.479s] -- Up-to-date symlink: /home/rens/linorobot2_ws/install/drive_base_msgs/lib/python3.12/site-packages/drive_base_msgs-0.0.0-py3.12.egg-info/top_level.txt
[13.485s] -- Up-to-date symlink: /home/rens/linorobot2_ws/install/drive_base_msgs/lib/python3.12/site-packages/drive_base_msgs/__init__.py
[13.487s] -- Up-to-date symlink: /home/rens/linorobot2_ws/install/drive_base_msgs/lib/python3.12/site-packages/drive_base_msgs/_drive_base_msgs_s.ep.rosidl_typesupport_c.c
[13.489s] -- Up-to-date symlink: /home/rens/linorobot2_ws/install/drive_base_msgs/lib/python3.12/site-packages/drive_base_msgs/_drive_base_msgs_s.ep.rosidl_typesupport_fastrtps_c.c
[13.491s] -- Up-to-date symlink: /home/rens/linorobot2_ws/install/drive_base_msgs/lib/python3.12/site-packages/drive_base_msgs/_drive_base_msgs_s.ep.rosidl_typesupport_introspection_c.c
[13.497s] -- Up-to-date symlink: /home/rens/linorobot2_ws/install/drive_base_msgs/lib/python3.12/site-packages/drive_base_msgs/drive_base_msgs_s__rosidl_typesupport_c.so
[13.498s] -- Up-to-date symlink: /home/rens/linorobot2_ws/install/drive_base_msgs/lib/python3.12/site-packages/drive_base_msgs/drive_base_msgs_s__rosidl_typesupport_fastrtps_c.so
[13.499s] -- Up-to-date symlink: /home/rens/linorobot2_ws/install/drive_base_msgs/lib/python3.12/site-packages/drive_base_msgs/drive_base_msgs_s__rosidl_typesupport_introspection_c.so
[13.500s] -- Up-to-date symlink: /home/rens/linorobot2_ws/install/drive_base_msgs/lib/python3.12/site-packages/drive_base_msgs/msg/__init__.py
[13.501s] -- Up-to-date symlink: /home/rens/linorobot2_ws/install/drive_base_msgs/lib/python3.12/site-packages/drive_base_msgs/msg/_base_info.py
[13.503s] -- Up-to-date symlink: /home/rens/linorobot2_ws/install/drive_base_msgs/lib/python3.12/site-packages/drive_base_msgs/msg/_base_info_s.c
[13.505s] -- Up-to-date symlink: /home/rens/linorobot2_ws/install/drive_base_msgs/lib/python3.12/site-packages/drive_base_msgs/msg/_command_header.py
[13.507s] -- Up-to-date symlink: /home/rens/linorobot2_ws/install/drive_base_msgs/lib/python3.12/site-packages/drive_base_msgs/msg/_command_header_s.c
[13.509s] -- Up-to-date symlink: /home/rens/linorobot2_ws/install/drive_base_msgs/lib/python3.12/site-packages/drive_base_msgs/msg/_command_status.py
[13.510s] -- Up-to-date symlink: /home/rens/linorobot2_ws/install/drive_base_msgs/lib/python3.12/site-packages/drive_base_msgs/msg/_command_status_s.c
[13.512s] -- Up-to-date symlink: /home/rens/linorobot2_ws/install/drive_base_msgs/lib/python3.12/site-packages/drive_base_msgs/msg/_trv_command.py
[13.514s] -- Up-to-date symlink: /home/rens/linorobot2_ws/install/drive_base_msgs/lib/python3.12/site-packages/drive_base_msgs/msg/_trv_command_s.c
[13.516s] -- Up-to-date symlink: /home/rens/linorobot2_ws/install/drive_base_msgs/lib/python3.12/site-packages/drive_base_msgs/drive_base_msgs_s__rosidl_typesupport_fastrtps_c.so
[13.517s] -- Up-to-date symlink: /home/rens/linorobot2_ws/install/drive_base_msgs/lib/python3.12/site-packages/drive_base_msgs/drive_base_msgs_s__rosidl_typesupport_introspection_c.so
[13.519s] -- Up-to-date symlink: /home/rens/linorobot2_ws/install/drive_base_msgs/lib/python3.12/site-packages/drive_base_msgs/drive_base_msgs_s__rosidl_typesupport_c.so
[13.523s] -- Up-to-date symlink: /home/rens/linorobot2_ws/install/drive_base_msgs/share/drive_base_msgs/msg/CommandHeader.idl
[13.524s] -- Up-to-date symlink: /home/rens/linorobot2_ws/install/drive_base_msgs/share/drive_base_msgs/msg/BaseInfo.idl
[13.525s] -- Up-to-date symlink: /home/rens/linorobot2_ws/install/drive_base_msgs/share/drive_base_msgs/msg/CommandStatus.idl
[13.528s] -- Up-to-date symlink: /home/rens/linorobot2_ws/install/drive_base_msgs/share/drive_base_msgs/msg/TRVCommand.idl
[13.529s] -- Up-to-date symlink: /home/rens/linorobot2_ws/install/drive_base_msgs/share/drive_base_msgs/msg/CommandHeader.msg
[13.531s] -- Up-to-date symlink: /home/rens/linorobot2_ws/install/drive_base_msgs/share/drive_base_msgs/msg/BaseInfo.msg
[13.533s] -- Up-to-date symlink: /home/rens/linorobot2_ws/install/drive_base_msgs/share/drive_base_msgs/msg/CommandStatus.msg
[13.536s] -- Up-to-date symlink: /home/rens/linorobot2_ws/install/drive_base_msgs/share/drive_base_msgs/msg/TRVCommand.msg
[13.538s] -- Up-to-date symlink: /home/rens/linorobot2_ws/install/drive_base_msgs/share/ament_index/resource_index/package_run_dependencies/drive_base_msgs
[13.539s] -- Up-to-date symlink: /home/rens/linorobot2_ws/install/drive_base_msgs/share/ament_index/resource_index/parent_prefix_path/drive_base_msgs
[13.541s] -- Up-to-date symlink: /home/rens/linorobot2_ws/install/drive_base_msgs/share/drive_base_msgs/environment/ament_prefix_path.sh
[13.544s] -- Up-to-date symlink: /home/rens/linorobot2_ws/install/drive_base_msgs/share/drive_base_msgs/environment/ament_prefix_path.dsv
[13.547s] -- Up-to-date symlink: /home/rens/linorobot2_ws/install/drive_base_msgs/share/drive_base_msgs/environment/path.sh
[13.551s] -- Up-to-date symlink: /home/rens/linorobot2_ws/install/drive_base_msgs/share/drive_base_msgs/environment/path.dsv
[13.552s] -- Up-to-date symlink: /home/rens/linorobot2_ws/install/drive_base_msgs/share/drive_base_msgs/local_setup.bash
[13.552s] -- Up-to-date symlink: /home/rens/linorobot2_ws/install/drive_base_msgs/share/drive_base_msgs/local_setup.sh
[13.554s] -- Up-to-date symlink: /home/rens/linorobot2_ws/install/drive_base_msgs/share/drive_base_msgs/local_setup.zsh
[13.555s] -- Up-to-date symlink: /home/rens/linorobot2_ws/install/drive_base_msgs/share/drive_base_msgs/local_setup.dsv
[13.556s] -- Symlinking: /home/rens/linorobot2_ws/install/drive_base_msgs/share/drive_base_msgs/package.dsv
[13.632s] -- Up-to-date symlink: /home/rens/linorobot2_ws/install/drive_base_msgs/share/ament_index/resource_index/packages/drive_base_msgs
[13.634s] -- Up-to-date symlink: /home/rens/linorobot2_ws/install/drive_base_msgs/share/drive_base_msgs/cmake/rosidl_cmake-extras.cmake
[13.636s] -- Up-to-date symlink: /home/rens/linorobot2_ws/install/drive_base_msgs/share/drive_base_msgs/cmake/ament_cmake_export_dependencies-extras.cmake
[13.642s] -- Up-to-date symlink: /home/rens/linorobot2_ws/install/drive_base_msgs/share/drive_base_msgs/cmake/ament_cmake_export_include_directories-extras.cmake
[13.642s] -- Up-to-date symlink: /home/rens/linorobot2_ws/install/drive_base_msgs/share/drive_base_msgs/cmake/ament_cmake_export_libraries-extras.cmake
[13.643s] -- Up-to-date symlink: /home/rens/linorobot2_ws/install/drive_base_msgs/share/drive_base_msgs/cmake/ament_cmake_export_targets-extras.cmake
[13.653s] -- Up-to-date symlink: /home/rens/linorobot2_ws/install/drive_base_msgs/share/drive_base_msgs/cmake/rosidl_cmake_export_typesupport_targets-extras.cmake
[13.654s] -- Up-to-date symlink: /home/rens/linorobot2_ws/install/drive_base_msgs/share/drive_base_msgs/cmake/rosidl_cmake_export_typesupport_libraries-extras.cmake
[13.654s] -- Up-to-date symlink: /home/rens/linorobot2_ws/install/drive_base_msgs/share/drive_base_msgs/cmake/drive_base_msgsConfig.cmake
[13.655s] -- Up-to-date symlink: /home/rens/linorobot2_ws/install/drive_base_msgs/share/drive_base_msgs/cmake/drive_base_msgsConfig-version.cmake
[13.656s] -- Up-to-date symlink: /home/rens/linorobot2_ws/install/drive_base_msgs/share/drive_base_msgs/package.xml
[13.657s] -- Up-to-date: /home/rens/linorobot2_ws/install/drive_base_msgs/lib/libdrive_base_msgs__rosidl_generator_c.so
[13.662s] -- Up-to-date: /home/rens/linorobot2_ws/install/drive_base_msgs/lib/libdrive_base_msgs__rosidl_typesupport_fastrtps_c.so
[13.668s] -- Up-to-date: /home/rens/linorobot2_ws/install/drive_base_msgs/lib/libdrive_base_msgs__rosidl_typesupport_fastrtps_cpp.so
[13.676s] -- Up-to-date: /home/rens/linorobot2_ws/install/drive_base_msgs/lib/libdrive_base_msgs__rosidl_typesupport_introspection_c.so
[13.678s] -- Up-to-date: /home/rens/linorobot2_ws/install/drive_base_msgs/lib/libdrive_base_msgs__rosidl_typesupport_c.so
[13.684s] -- Up-to-date: /home/rens/linorobot2_ws/install/drive_base_msgs/lib/libdrive_base_msgs__rosidl_typesupport_introspection_cpp.so
[13.689s] -- Up-to-date: /home/rens/linorobot2_ws/install/drive_base_msgs/lib/libdrive_base_msgs__rosidl_typesupport_cpp.so
[13.910s] Listing '/home/rens/linorobot2_ws/install/drive_base_msgs/lib/python3.12/site-packages/drive_base_msgs'...
[13.912s] Compiling '/home/rens/linorobot2_ws/install/drive_base_msgs/lib/python3.12/site-packages/drive_base_msgs/__init__.py'...
[13.914s] Listing '/home/rens/linorobot2_ws/install/drive_base_msgs/lib/python3.12/site-packages/drive_base_msgs/msg'...
[13.974s] -- Up-to-date: /home/rens/linorobot2_ws/install/drive_base_msgs/lib/libdrive_base_msgs__rosidl_generator_py.so
[13.994s] -- Up-to-date: /home/rens/linorobot2_ws/install/drive_base_msgs/share/drive_base_msgs/cmake/export_drive_base_msgs__rosidl_generator_cExport.cmake
[13.994s] -- Up-to-date: /home/rens/linorobot2_ws/install/drive_base_msgs/share/drive_base_msgs/cmake/export_drive_base_msgs__rosidl_generator_cExport-noconfig.cmake
[13.996s] -- Up-to-date: /home/rens/linorobot2_ws/install/drive_base_msgs/share/drive_base_msgs/cmake/export_drive_base_msgs__rosidl_typesupport_fastrtps_cExport.cmake
[13.998s] -- Up-to-date: /home/rens/linorobot2_ws/install/drive_base_msgs/share/drive_base_msgs/cmake/export_drive_base_msgs__rosidl_typesupport_fastrtps_cExport-noconfig.cmake
[13.999s] -- Up-to-date: /home/rens/linorobot2_ws/install/drive_base_msgs/share/drive_base_msgs/cmake/export_drive_base_msgs__rosidl_generator_cppExport.cmake
[14.000s] -- Up-to-date: /home/rens/linorobot2_ws/install/drive_base_msgs/share/drive_base_msgs/cmake/export_drive_base_msgs__rosidl_typesupport_fastrtps_cppExport.cmake
[14.001s] -- Up-to-date: /home/rens/linorobot2_ws/install/drive_base_msgs/share/drive_base_msgs/cmake/export_drive_base_msgs__rosidl_typesupport_fastrtps_cppExport-noconfig.cmake
[14.003s] -- Up-to-date: /home/rens/linorobot2_ws/install/drive_base_msgs/share/drive_base_msgs/cmake/drive_base_msgs__rosidl_typesupport_introspection_cExport.cmake
[14.004s] -- Up-to-date: /home/rens/linorobot2_ws/install/drive_base_msgs/share/drive_base_msgs/cmake/drive_base_msgs__rosidl_typesupport_introspection_cExport-noconfig.cmake
[14.008s] -- Up-to-date: /home/rens/linorobot2_ws/install/drive_base_msgs/share/drive_base_msgs/cmake/drive_base_msgs__rosidl_typesupport_cExport.cmake
[14.009s] -- Up-to-date: /home/rens/linorobot2_ws/install/drive_base_msgs/share/drive_base_msgs/cmake/drive_base_msgs__rosidl_typesupport_cExport-noconfig.cmake
[14.010s] -- Up-to-date: /home/rens/linorobot2_ws/install/drive_base_msgs/share/drive_base_msgs/cmake/drive_base_msgs__rosidl_typesupport_introspection_cppExport.cmake
[14.012s] -- Up-to-date: /home/rens/linorobot2_ws/install/drive_base_msgs/share/drive_base_msgs/cmake/drive_base_msgs__rosidl_typesupport_introspection_cppExport-noconfig.cmake
[14.013s] -- Up-to-date: /home/rens/linorobot2_ws/install/drive_base_msgs/share/drive_base_msgs/cmake/drive_base_msgs__rosidl_typesupport_cppExport.cmake
[14.014s] -- Up-to-date: /home/rens/linorobot2_ws/install/drive_base_msgs/share/drive_base_msgs/cmake/drive_base_msgs__rosidl_typesupport_cppExport-noconfig.cmake
[14.015s] -- Up-to-date: /home/rens/linorobot2_ws/install/drive_base_msgs/share/drive_base_msgs/cmake/export_drive_base_msgs__rosidl_generator_pyExport.cmake
[14.017s] -- Up-to-date: /home/rens/linorobot2_ws/install/drive_base_msgs/share/drive_base_msgs/cmake/export_drive_base_msgs__rosidl_generator_pyExport-noconfig.cmake
[14.025s] Invoked command in '/home/rens/linorobot2_ws/build/drive_base_msgs' returned '0': CMAKE_PREFIX_PATH=${CMAKE_PREFIX_PATH}:/opt/ros/jazzy /usr/bin/cmake --install /home/rens/linorobot2_ws/build/drive_base_msgs
