[0.112s] Invoking command in '/home/rens/linorobot2_ws/build/linorobot2_base': CMAKE_PREFIX_PATH=${CMAKE_PREFIX_PATH}:/opt/ros/jazzy /usr/bin/cmake --build /home/rens/linorobot2_ws/build/linorobot2_base -- -j4 -l4
[0.856s] Invoked command in '/home/rens/linorobot2_ws/build/linorobot2_base' returned '0': CMAKE_PREFIX_PATH=${CMAKE_PREFIX_PATH}:/opt/ros/jazzy /usr/bin/cmake --build /home/rens/linorobot2_ws/build/linorobot2_base -- -j4 -l4
[0.871s] Invoking command in '/home/rens/linorobot2_ws/build/linorobot2_base': CMAKE_PREFIX_PATH=${CMAKE_PREFIX_PATH}:/opt/ros/jazzy /usr/bin/cmake --install /home/rens/linorobot2_ws/build/linorobot2_base
[1.073s] -- Install configuration: ""
[1.074s] -- Execute custom install script
[1.083s] -- Up-to-date symlink: /home/rens/linorobot2_ws/install/linorobot2_base/share/linorobot2_base/config/ekf.yaml
[1.084s] -- Up-to-date symlink: /home/rens/linorobot2_ws/install/linorobot2_base/share/ament_index/resource_index/package_run_dependencies/linorobot2_base
[1.085s] -- Up-to-date symlink: /home/rens/linorobot2_ws/install/linorobot2_base/share/ament_index/resource_index/parent_prefix_path/linorobot2_base
[1.088s] -- Up-to-date symlink: /home/rens/linorobot2_ws/install/linorobot2_base/share/linorobot2_base/environment/ament_prefix_path.sh
[1.088s] -- Up-to-date symlink: /home/rens/linorobot2_ws/install/linorobot2_base/share/linorobot2_base/environment/ament_prefix_path.dsv
[1.091s] -- Up-to-date symlink: /home/rens/linorobot2_ws/install/linorobot2_base/share/linorobot2_base/environment/path.sh
[1.095s] -- Up-to-date symlink: /home/rens/linorobot2_ws/install/linorobot2_base/share/linorobot2_base/environment/path.dsv
[1.104s] -- Up-to-date symlink: /home/rens/linorobot2_ws/install/linorobot2_base/share/linorobot2_base/local_setup.bash
[1.105s] -- Up-to-date symlink: /home/rens/linorobot2_ws/install/linorobot2_base/share/linorobot2_base/local_setup.sh
[1.105s] -- Up-to-date symlink: /home/rens/linorobot2_ws/install/linorobot2_base/share/linorobot2_base/local_setup.zsh
[1.113s] -- Up-to-date symlink: /home/rens/linorobot2_ws/install/linorobot2_base/share/linorobot2_base/local_setup.dsv
[1.123s] -- Symlinking: /home/rens/linorobot2_ws/install/linorobot2_base/share/linorobot2_base/package.dsv
[1.239s] -- Up-to-date symlink: /home/rens/linorobot2_ws/install/linorobot2_base/share/ament_index/resource_index/packages/linorobot2_base
[1.243s] -- Up-to-date symlink: /home/rens/linorobot2_ws/install/linorobot2_base/share/linorobot2_base/cmake/linorobot2_baseConfig.cmake
[1.244s] -- Up-to-date symlink: /home/rens/linorobot2_ws/install/linorobot2_base/share/linorobot2_base/cmake/linorobot2_baseConfig-version.cmake
[1.252s] -- Up-to-date symlink: /home/rens/linorobot2_ws/install/linorobot2_base/share/linorobot2_base/package.xml
[1.618s] Invoked command in '/home/rens/linorobot2_ws/build/linorobot2_base' returned '0': CMAKE_PREFIX_PATH=${CMAKE_PREFIX_PATH}:/opt/ros/jazzy /usr/bin/cmake --install /home/rens/linorobot2_ws/build/linorobot2_base
