[0.113s] Invoking command in '/home/rens/linorobot2_ws/build/linorobot2_navigation': CMAKE_PREFIX_PATH=${CMAKE_PREFIX_PATH}:/home/rens/linorobot2_ws/install/linorobot2_gazebo:/opt/ros/jazzy /usr/bin/cmake --build /home/rens/linorobot2_ws/build/linorobot2_navigation -- -j4 -l4
[0.369s] -- Found ament_cmake: 2.5.4 (/opt/ros/jazzy/share/ament_cmake/cmake)
[1.864s] -- Override CMake install command with custom implementation using symlinks instead of copying resources
[2.597s] -- Configuring done (2.3s)
[2.634s] -- Generating done (0.0s)
[2.651s] -- Build files have been written to: /home/rens/linorobot2_ws/build/linorobot2_navigation
[2.916s] Invoked command in '/home/rens/linorobot2_ws/build/linorobot2_navigation' returned '0': CMAKE_PREFIX_PATH=${CMAKE_PREFIX_PATH}:/home/rens/linorobot2_ws/install/linorobot2_gazebo:/opt/ros/jazzy /usr/bin/cmake --build /home/rens/linorobot2_ws/build/linorobot2_navigation -- -j4 -l4
[2.926s] Invoking command in '/home/rens/linorobot2_ws/build/linorobot2_navigation': CMAKE_PREFIX_PATH=${CMAKE_PREFIX_PATH}:/home/rens/linorobot2_ws/install/linorobot2_gazebo:/opt/ros/jazzy /usr/bin/cmake --install /home/rens/linorobot2_ws/build/linorobot2_navigation
[2.994s] -- Install configuration: ""
[2.996s] -- Execute custom install script
[2.999s] -- Up-to-date symlink: /home/rens/linorobot2_ws/install/linorobot2_navigation/share/linorobot2_navigation/launch/navigation.launch.py
[3.004s] -- Up-to-date symlink: /home/rens/linorobot2_ws/install/linorobot2_navigation/share/linorobot2_navigation/launch/slam.launch.py
[3.012s] -- Up-to-date symlink: /home/rens/linorobot2_ws/install/linorobot2_navigation/share/linorobot2_navigation/rviz/linorobot2_navigation.rviz
[3.013s] -- Up-to-date symlink: /home/rens/linorobot2_ws/install/linorobot2_navigation/share/linorobot2_navigation/rviz/linorobot2_navigation_minimal.rviz
[3.013s] -- Up-to-date symlink: /home/rens/linorobot2_ws/install/linorobot2_navigation/share/linorobot2_navigation/rviz/linorobot2_slam.rviz
[3.017s] -- Up-to-date symlink: /home/rens/linorobot2_ws/install/linorobot2_navigation/share/linorobot2_navigation/config/navigation.yaml
[3.017s] -- Up-to-date symlink: /home/rens/linorobot2_ws/install/linorobot2_navigation/share/linorobot2_navigation/config/slam.yaml
[3.024s] -- Up-to-date symlink: /home/rens/linorobot2_ws/install/linorobot2_navigation/share/linorobot2_navigation/maps/map.pgm
[3.024s] -- Up-to-date symlink: /home/rens/linorobot2_ws/install/linorobot2_navigation/share/linorobot2_navigation/maps/map.yaml
[3.025s] -- Up-to-date symlink: /home/rens/linorobot2_ws/install/linorobot2_navigation/share/linorobot2_navigation/maps/playground.pgm
[3.026s] -- Up-to-date symlink: /home/rens/linorobot2_ws/install/linorobot2_navigation/share/linorobot2_navigation/maps/playground.yaml
[3.030s] -- Up-to-date symlink: /home/rens/linorobot2_ws/install/linorobot2_navigation/share/linorobot2_navigation/maps/turtlebot3_world.pgm
[3.034s] -- Up-to-date symlink: /home/rens/linorobot2_ws/install/linorobot2_navigation/share/linorobot2_navigation/maps/turtlebot3_world.yaml
[3.034s] -- Up-to-date symlink: /home/rens/linorobot2_ws/install/linorobot2_navigation/share/ament_index/resource_index/package_run_dependencies/linorobot2_navigation
[3.039s] -- Up-to-date symlink: /home/rens/linorobot2_ws/install/linorobot2_navigation/share/ament_index/resource_index/parent_prefix_path/linorobot2_navigation
[3.044s] -- Up-to-date symlink: /home/rens/linorobot2_ws/install/linorobot2_navigation/share/linorobot2_navigation/environment/ament_prefix_path.sh
[3.048s] -- Up-to-date symlink: /home/rens/linorobot2_ws/install/linorobot2_navigation/share/linorobot2_navigation/environment/ament_prefix_path.dsv
[3.049s] -- Up-to-date symlink: /home/rens/linorobot2_ws/install/linorobot2_navigation/share/linorobot2_navigation/environment/path.sh
[3.050s] -- Up-to-date symlink: /home/rens/linorobot2_ws/install/linorobot2_navigation/share/linorobot2_navigation/environment/path.dsv
[3.051s] -- Up-to-date symlink: /home/rens/linorobot2_ws/install/linorobot2_navigation/share/linorobot2_navigation/local_setup.bash
[3.052s] -- Up-to-date symlink: /home/rens/linorobot2_ws/install/linorobot2_navigation/share/linorobot2_navigation/local_setup.sh
[3.053s] -- Up-to-date symlink: /home/rens/linorobot2_ws/install/linorobot2_navigation/share/linorobot2_navigation/local_setup.zsh
[3.057s] -- Up-to-date symlink: /home/rens/linorobot2_ws/install/linorobot2_navigation/share/linorobot2_navigation/local_setup.dsv
[3.058s] -- Symlinking: /home/rens/linorobot2_ws/install/linorobot2_navigation/share/linorobot2_navigation/package.dsv
[3.135s] -- Up-to-date symlink: /home/rens/linorobot2_ws/install/linorobot2_navigation/share/ament_index/resource_index/packages/linorobot2_navigation
[3.135s] -- Up-to-date symlink: /home/rens/linorobot2_ws/install/linorobot2_navigation/share/linorobot2_navigation/cmake/linorobot2_navigationConfig.cmake
[3.138s] -- Up-to-date symlink: /home/rens/linorobot2_ws/install/linorobot2_navigation/share/linorobot2_navigation/cmake/linorobot2_navigationConfig-version.cmake
[3.139s] -- Up-to-date symlink: /home/rens/linorobot2_ws/install/linorobot2_navigation/share/linorobot2_navigation/package.xml
[3.172s] Invoked command in '/home/rens/linorobot2_ws/build/linorobot2_navigation' returned '0': CMAKE_PREFIX_PATH=${CMAKE_PREFIX_PATH}:/home/rens/linorobot2_ws/install/linorobot2_gazebo:/opt/ros/jazzy /usr/bin/cmake --install /home/rens/linorobot2_ws/build/linorobot2_navigation
