[0.123s] Invoking command in '/home/rens/linorobot2_ws/build/sllidar_ros2': CMAKE_PREFIX_PATH=${CMAKE_PREFIX_PATH}:/opt/ros/jazzy /usr/bin/cmake --build /home/rens/linorobot2_ws/build/sllidar_ros2 -- -j4 -l4
[1.833s] [ 10%] Built target sllidar_client
[1.860s] [100%] Built target sllidar_node
[2.067s] Invoked command in '/home/rens/linorobot2_ws/build/sllidar_ros2' returned '0': CMAKE_PREFIX_PATH=${CMAKE_PREFIX_PATH}:/opt/ros/jazzy /usr/bin/cmake --build /home/rens/linorobot2_ws/build/sllidar_ros2 -- -j4 -l4
[2.078s] Invoking command in '/home/rens/linorobot2_ws/build/sllidar_ros2': CMAKE_PREFIX_PATH=${CMAKE_PREFIX_PATH}:/opt/ros/jazzy /usr/bin/cmake --install /home/rens/linorobot2_ws/build/sllidar_ros2
[2.139s] -- Install configuration: ""
[2.143s] -- Execute custom install script
[2.150s] -- Up-to-date symlink: /home/rens/linorobot2_ws/install/sllidar_ros2/share/sllidar_ros2/launch/sllidar_a1_launch.py
[2.152s] -- Up-to-date symlink: /home/rens/linorobot2_ws/install/sllidar_ros2/share/sllidar_ros2/launch/sllidar_a2m12_launch .py
[2.154s] -- Up-to-date symlink: /home/rens/linorobot2_ws/install/sllidar_ros2/share/sllidar_ros2/launch/sllidar_a2m7_launch.py
[2.156s] -- Up-to-date symlink: /home/rens/linorobot2_ws/install/sllidar_ros2/share/sllidar_ros2/launch/sllidar_a2m8_launch.py
[2.157s] -- Up-to-date symlink: /home/rens/linorobot2_ws/install/sllidar_ros2/share/sllidar_ros2/launch/sllidar_a3_launch.py
[2.159s] -- Up-to-date symlink: /home/rens/linorobot2_ws/install/sllidar_ros2/share/sllidar_ros2/launch/sllidar_c1_launch.py
[2.160s] -- Up-to-date symlink: /home/rens/linorobot2_ws/install/sllidar_ros2/share/sllidar_ros2/launch/sllidar_s1_launch.py
[2.162s] -- Up-to-date symlink: /home/rens/linorobot2_ws/install/sllidar_ros2/share/sllidar_ros2/launch/sllidar_s1_tcp_launch.py
[2.163s] -- Up-to-date symlink: /home/rens/linorobot2_ws/install/sllidar_ros2/share/sllidar_ros2/launch/sllidar_s2_launch.py
[2.165s] -- Up-to-date symlink: /home/rens/linorobot2_ws/install/sllidar_ros2/share/sllidar_ros2/launch/sllidar_s2e_launch.py
[2.166s] -- Up-to-date symlink: /home/rens/linorobot2_ws/install/sllidar_ros2/share/sllidar_ros2/launch/sllidar_s3_launch.py
[2.168s] -- Up-to-date symlink: /home/rens/linorobot2_ws/install/sllidar_ros2/share/sllidar_ros2/launch/sllidar_t1_launch.py
[2.169s] -- Up-to-date symlink: /home/rens/linorobot2_ws/install/sllidar_ros2/share/sllidar_ros2/launch/view_sllidar_a1_launch.py
[2.171s] -- Up-to-date symlink: /home/rens/linorobot2_ws/install/sllidar_ros2/share/sllidar_ros2/launch/view_sllidar_a2m12_launch.py
[2.173s] -- Up-to-date symlink: /home/rens/linorobot2_ws/install/sllidar_ros2/share/sllidar_ros2/launch/view_sllidar_a2m7_launch.py
[2.174s] -- Up-to-date symlink: /home/rens/linorobot2_ws/install/sllidar_ros2/share/sllidar_ros2/launch/view_sllidar_a2m8_launch.py
[2.176s] -- Up-to-date symlink: /home/rens/linorobot2_ws/install/sllidar_ros2/share/sllidar_ros2/launch/view_sllidar_a3_launch.py
[2.178s] -- Up-to-date symlink: /home/rens/linorobot2_ws/install/sllidar_ros2/share/sllidar_ros2/launch/view_sllidar_c1_launch.py
[2.180s] -- Up-to-date symlink: /home/rens/linorobot2_ws/install/sllidar_ros2/share/sllidar_ros2/launch/view_sllidar_s1_launch.py
[2.181s] -- Up-to-date symlink: /home/rens/linorobot2_ws/install/sllidar_ros2/share/sllidar_ros2/launch/view_sllidar_s1_tcp_launch.py
[2.183s] -- Up-to-date symlink: /home/rens/linorobot2_ws/install/sllidar_ros2/share/sllidar_ros2/launch/view_sllidar_s2_launch.py
[2.184s] -- Up-to-date symlink: /home/rens/linorobot2_ws/install/sllidar_ros2/share/sllidar_ros2/launch/view_sllidar_s2e_launch.py
[2.186s] -- Up-to-date symlink: /home/rens/linorobot2_ws/install/sllidar_ros2/share/sllidar_ros2/launch/view_sllidar_s3_launch.py
[2.187s] -- Up-to-date symlink: /home/rens/linorobot2_ws/install/sllidar_ros2/share/sllidar_ros2/launch/view_sllidar_t1_launch.py
[2.192s] -- Up-to-date symlink: /home/rens/linorobot2_ws/install/sllidar_ros2/share/sllidar_ros2/rviz/sllidar_ros2.rviz
[2.194s] -- Up-to-date symlink: /home/rens/linorobot2_ws/install/sllidar_ros2/lib/sllidar_ros2/sllidar_node
[2.195s] -- Up-to-date symlink: /home/rens/linorobot2_ws/install/sllidar_ros2/lib/sllidar_ros2/sllidar_client
[2.197s] -- Up-to-date symlink: /home/rens/linorobot2_ws/install/sllidar_ros2/share/ament_index/resource_index/package_run_dependencies/sllidar_ros2
[2.200s] -- Up-to-date symlink: /home/rens/linorobot2_ws/install/sllidar_ros2/share/ament_index/resource_index/parent_prefix_path/sllidar_ros2
[2.202s] -- Up-to-date symlink: /home/rens/linorobot2_ws/install/sllidar_ros2/share/sllidar_ros2/environment/ament_prefix_path.sh
[2.203s] -- Up-to-date symlink: /home/rens/linorobot2_ws/install/sllidar_ros2/share/sllidar_ros2/environment/ament_prefix_path.dsv
[2.206s] -- Up-to-date symlink: /home/rens/linorobot2_ws/install/sllidar_ros2/share/sllidar_ros2/environment/path.sh
[2.207s] -- Up-to-date symlink: /home/rens/linorobot2_ws/install/sllidar_ros2/share/sllidar_ros2/environment/path.dsv
[2.210s] -- Up-to-date symlink: /home/rens/linorobot2_ws/install/sllidar_ros2/share/sllidar_ros2/local_setup.bash
[2.212s] -- Up-to-date symlink: /home/rens/linorobot2_ws/install/sllidar_ros2/share/sllidar_ros2/local_setup.sh
[2.214s] -- Up-to-date symlink: /home/rens/linorobot2_ws/install/sllidar_ros2/share/sllidar_ros2/local_setup.zsh
[2.215s] -- Up-to-date symlink: /home/rens/linorobot2_ws/install/sllidar_ros2/share/sllidar_ros2/local_setup.dsv
[2.216s] -- Symlinking: /home/rens/linorobot2_ws/install/sllidar_ros2/share/sllidar_ros2/package.dsv
[2.295s] -- Up-to-date symlink: /home/rens/linorobot2_ws/install/sllidar_ros2/share/ament_index/resource_index/packages/sllidar_ros2
[2.299s] -- Up-to-date symlink: /home/rens/linorobot2_ws/install/sllidar_ros2/share/sllidar_ros2/cmake/ament_cmake_export_dependencies-extras.cmake
[2.301s] -- Up-to-date symlink: /home/rens/linorobot2_ws/install/sllidar_ros2/share/sllidar_ros2/cmake/ament_cmake_export_include_directories-extras.cmake
[2.305s] -- Up-to-date symlink: /home/rens/linorobot2_ws/install/sllidar_ros2/share/sllidar_ros2/cmake/sllidar_ros2Config.cmake
[2.307s] -- Up-to-date symlink: /home/rens/linorobot2_ws/install/sllidar_ros2/share/sllidar_ros2/cmake/sllidar_ros2Config-version.cmake
[2.308s] -- Up-to-date symlink: /home/rens/linorobot2_ws/install/sllidar_ros2/share/sllidar_ros2/package.xml
[2.317s] Invoked command in '/home/rens/linorobot2_ws/build/sllidar_ros2' returned '0': CMAKE_PREFIX_PATH=${CMAKE_PREFIX_PATH}:/opt/ros/jazzy /usr/bin/cmake --install /home/rens/linorobot2_ws/build/sllidar_ros2
