[0.052s] Invoking command in '/home/rens/linorobot2_ws/build/linorobot2_navigation': CMAKE_PREFIX_PATH=${CMAKE_PREFIX_PATH}:/opt/ros/jazzy /usr/bin/cmake /home/rens/linorobot2_ws/src/linorobot2/linorobot2_navigation -DAMENT_CMAKE_SYMLINK_INSTALL=1 -DCMAKE_INSTALL_PREFIX=/home/rens/linorobot2_ws/install/linorobot2_navigation
[0.499s] -- The C compiler identification is GNU 13.3.0
[0.960s] -- The CXX compiler identification is GNU 13.3.0
[1.119s] -- Detecting C compiler ABI info
[1.908s] -- Detecting C compiler ABI info - done
[1.962s] -- Check for working C compiler: /usr/bin/cc - skipped
[1.964s] -- Detecting C compile features
[1.967s] -- Detecting C compile features - done
[2.057s] -- Detecting CXX compiler ABI info
[3.027s] -- Detecting CXX compiler ABI info - done
[3.158s] -- Check for working CXX compiler: /usr/bin/c++ - skipped
[3.163s] -- Detecting CXX compile features
[3.164s] -- Detecting CXX compile features - done
[3.233s] -- Found ament_cmake: 2.5.4 (/opt/ros/jazzy/share/ament_cmake/cmake)
[4.576s] -- Found Python3: /usr/bin/python3 (found version "3.12.3") found components: Interpreter 
[5.119s] -- Override CMake install command with custom implementation using symlinks instead of copying resources
[6.639s] -- Configuring done (6.5s)
[6.717s] -- Generating done (0.1s)
[6.748s] -- Build files have been written to: /home/rens/linorobot2_ws/build/linorobot2_navigation
[6.769s] Invoked command in '/home/rens/linorobot2_ws/build/linorobot2_navigation' returned '0': CMAKE_PREFIX_PATH=${CMAKE_PREFIX_PATH}:/opt/ros/jazzy /usr/bin/cmake /home/rens/linorobot2_ws/src/linorobot2/linorobot2_navigation -DAMENT_CMAKE_SYMLINK_INSTALL=1 -DCMAKE_INSTALL_PREFIX=/home/rens/linorobot2_ws/install/linorobot2_navigation
[6.776s] Invoking command in '/home/rens/linorobot2_ws/build/linorobot2_navigation': CMAKE_PREFIX_PATH=${CMAKE_PREFIX_PATH}:/opt/ros/jazzy /usr/bin/cmake --build /home/rens/linorobot2_ws/build/linorobot2_navigation -- -j4 -l4
[7.144s] Invoked command in '/home/rens/linorobot2_ws/build/linorobot2_navigation' returned '0': CMAKE_PREFIX_PATH=${CMAKE_PREFIX_PATH}:/opt/ros/jazzy /usr/bin/cmake --build /home/rens/linorobot2_ws/build/linorobot2_navigation -- -j4 -l4
[7.147s] Invoking command in '/home/rens/linorobot2_ws/build/linorobot2_navigation': CMAKE_PREFIX_PATH=${CMAKE_PREFIX_PATH}:/opt/ros/jazzy /usr/bin/cmake --install /home/rens/linorobot2_ws/build/linorobot2_navigation
[7.243s] -- Install configuration: ""
[7.244s] -- Execute custom install script
[7.250s] -- Symlinking: /home/rens/linorobot2_ws/install/linorobot2_navigation/share/linorobot2_navigation/launch/navigation.launch.py
[7.340s] -- Symlinking: /home/rens/linorobot2_ws/install/linorobot2_navigation/share/linorobot2_navigation/launch/slam.launch.py
[7.427s] -- Symlinking: /home/rens/linorobot2_ws/install/linorobot2_navigation/share/linorobot2_navigation/rviz/linorobot2_navigation.rviz
[7.527s] -- Symlinking: /home/rens/linorobot2_ws/install/linorobot2_navigation/share/linorobot2_navigation/rviz/linorobot2_navigation_minimal.rviz
[7.602s] -- Symlinking: /home/rens/linorobot2_ws/install/linorobot2_navigation/share/linorobot2_navigation/rviz/linorobot2_slam.rviz
[7.684s] -- Symlinking: /home/rens/linorobot2_ws/install/linorobot2_navigation/share/linorobot2_navigation/config/navigation.yaml
[7.766s] -- Symlinking: /home/rens/linorobot2_ws/install/linorobot2_navigation/share/linorobot2_navigation/config/slam.yaml
[7.859s] -- Symlinking: /home/rens/linorobot2_ws/install/linorobot2_navigation/share/linorobot2_navigation/maps/map.pgm
[7.938s] -- Symlinking: /home/rens/linorobot2_ws/install/linorobot2_navigation/share/linorobot2_navigation/maps/map.yaml
[8.020s] -- Symlinking: /home/rens/linorobot2_ws/install/linorobot2_navigation/share/linorobot2_navigation/maps/playground.pgm
[8.104s] -- Symlinking: /home/rens/linorobot2_ws/install/linorobot2_navigation/share/linorobot2_navigation/maps/playground.yaml
[8.185s] -- Symlinking: /home/rens/linorobot2_ws/install/linorobot2_navigation/share/linorobot2_navigation/maps/turtlebot3_world.pgm
[8.253s] -- Symlinking: /home/rens/linorobot2_ws/install/linorobot2_navigation/share/linorobot2_navigation/maps/turtlebot3_world.yaml
[8.334s] -- Symlinking: /home/rens/linorobot2_ws/install/linorobot2_navigation/share/ament_index/resource_index/package_run_dependencies/linorobot2_navigation
[8.419s] -- Symlinking: /home/rens/linorobot2_ws/install/linorobot2_navigation/share/ament_index/resource_index/parent_prefix_path/linorobot2_navigation
[8.503s] -- Symlinking: /home/rens/linorobot2_ws/install/linorobot2_navigation/share/linorobot2_navigation/environment/ament_prefix_path.sh
[8.583s] -- Symlinking: /home/rens/linorobot2_ws/install/linorobot2_navigation/share/linorobot2_navigation/environment/ament_prefix_path.dsv
[8.664s] -- Symlinking: /home/rens/linorobot2_ws/install/linorobot2_navigation/share/linorobot2_navigation/environment/path.sh
[8.747s] -- Symlinking: /home/rens/linorobot2_ws/install/linorobot2_navigation/share/linorobot2_navigation/environment/path.dsv
[8.822s] -- Symlinking: /home/rens/linorobot2_ws/install/linorobot2_navigation/share/linorobot2_navigation/local_setup.bash
[8.907s] -- Symlinking: /home/rens/linorobot2_ws/install/linorobot2_navigation/share/linorobot2_navigation/local_setup.sh
[8.981s] -- Symlinking: /home/rens/linorobot2_ws/install/linorobot2_navigation/share/linorobot2_navigation/local_setup.zsh
[9.075s] -- Symlinking: /home/rens/linorobot2_ws/install/linorobot2_navigation/share/linorobot2_navigation/local_setup.dsv
[9.149s] -- Symlinking: /home/rens/linorobot2_ws/install/linorobot2_navigation/share/linorobot2_navigation/package.dsv
[9.239s] -- Symlinking: /home/rens/linorobot2_ws/install/linorobot2_navigation/share/ament_index/resource_index/packages/linorobot2_navigation
[9.315s] -- Symlinking: /home/rens/linorobot2_ws/install/linorobot2_navigation/share/linorobot2_navigation/cmake/linorobot2_navigationConfig.cmake
[9.394s] -- Symlinking: /home/rens/linorobot2_ws/install/linorobot2_navigation/share/linorobot2_navigation/cmake/linorobot2_navigationConfig-version.cmake
[9.473s] -- Symlinking: /home/rens/linorobot2_ws/install/linorobot2_navigation/share/linorobot2_navigation/package.xml
[9.565s] Invoked command in '/home/rens/linorobot2_ws/build/linorobot2_navigation' returned '0': CMAKE_PREFIX_PATH=${CMAKE_PREFIX_PATH}:/opt/ros/jazzy /usr/bin/cmake --install /home/rens/linorobot2_ws/build/linorobot2_navigation
