[0.081s] Invoking command in '/home/rens/linorobot2_ws/build/linorobot2_navigation': CMAKE_PREFIX_PATH=${CMAKE_PREFIX_PATH}:/home/rens/linorobot2_ws/install/linorobot2_gazebo:/opt/ros/jazzy /usr/bin/cmake /home/rens/linorobot2_ws/src/linorobot2/linorobot2_navigation -DCMAKE_INSTALL_PREFIX=/home/rens/linorobot2_ws/install/linorobot2_navigation
[0.221s] -- Found ament_cmake: 2.5.4 (/opt/ros/jazzy/share/ament_cmake/cmake)
[2.001s] -- Override CMake install command with custom implementation using symlinks instead of copying resources
[2.735s] -- Configuring done (2.6s)
[2.822s] -- Generating done (0.1s)
[2.855s] -- Build files have been written to: /home/rens/linorobot2_ws/build/linorobot2_navigation
[2.871s] Invoked command in '/home/rens/linorobot2_ws/build/linorobot2_navigation' returned '0': CMAKE_PREFIX_PATH=${CMAKE_PREFIX_PATH}:/home/rens/linorobot2_ws/install/linorobot2_gazebo:/opt/ros/jazzy /usr/bin/cmake /home/rens/linorobot2_ws/src/linorobot2/linorobot2_navigation -DCMAKE_INSTALL_PREFIX=/home/rens/linorobot2_ws/install/linorobot2_navigation
[2.877s] Invoking command in '/home/rens/linorobot2_ws/build/linorobot2_navigation': CMAKE_PREFIX_PATH=${CMAKE_PREFIX_PATH}:/home/rens/linorobot2_ws/install/linorobot2_gazebo:/opt/ros/jazzy /usr/bin/cmake --build /home/rens/linorobot2_ws/build/linorobot2_navigation -- -j4 -l4
[3.244s] Invoked command in '/home/rens/linorobot2_ws/build/linorobot2_navigation' returned '0': CMAKE_PREFIX_PATH=${CMAKE_PREFIX_PATH}:/home/rens/linorobot2_ws/install/linorobot2_gazebo:/opt/ros/jazzy /usr/bin/cmake --build /home/rens/linorobot2_ws/build/linorobot2_navigation -- -j4 -l4
[3.258s] Invoking command in '/home/rens/linorobot2_ws/build/linorobot2_navigation': CMAKE_PREFIX_PATH=${CMAKE_PREFIX_PATH}:/home/rens/linorobot2_ws/install/linorobot2_gazebo:/opt/ros/jazzy /usr/bin/cmake --install /home/rens/linorobot2_ws/build/linorobot2_navigation
[3.361s] -- Install configuration: ""
[3.369s] -- Execute custom install script
[3.370s] -- Up-to-date symlink: /home/rens/linorobot2_ws/install/linorobot2_navigation/share/linorobot2_navigation/launch/navigation.launch.py
[3.371s] -- Up-to-date symlink: /home/rens/linorobot2_ws/install/linorobot2_navigation/share/linorobot2_navigation/launch/slam.launch.py
[3.376s] -- Up-to-date symlink: /home/rens/linorobot2_ws/install/linorobot2_navigation/share/linorobot2_navigation/rviz/linorobot2_navigation.rviz
[3.377s] -- Up-to-date symlink: /home/rens/linorobot2_ws/install/linorobot2_navigation/share/linorobot2_navigation/rviz/linorobot2_navigation_minimal.rviz
[3.382s] -- Up-to-date symlink: /home/rens/linorobot2_ws/install/linorobot2_navigation/share/linorobot2_navigation/rviz/linorobot2_slam.rviz
[3.387s] -- Up-to-date symlink: /home/rens/linorobot2_ws/install/linorobot2_navigation/share/linorobot2_navigation/config/navigation.yaml
[3.391s] -- Up-to-date symlink: /home/rens/linorobot2_ws/install/linorobot2_navigation/share/linorobot2_navigation/config/slam.yaml
[3.392s] -- Up-to-date symlink: /home/rens/linorobot2_ws/install/linorobot2_navigation/share/linorobot2_navigation/maps/map.pgm
[3.398s] -- Up-to-date symlink: /home/rens/linorobot2_ws/install/linorobot2_navigation/share/linorobot2_navigation/maps/map.yaml
[3.404s] -- Up-to-date symlink: /home/rens/linorobot2_ws/install/linorobot2_navigation/share/linorobot2_navigation/maps/playground.pgm
[3.408s] -- Up-to-date symlink: /home/rens/linorobot2_ws/install/linorobot2_navigation/share/linorobot2_navigation/maps/playground.yaml
[3.409s] -- Up-to-date symlink: /home/rens/linorobot2_ws/install/linorobot2_navigation/share/linorobot2_navigation/maps/turtlebot3_world.pgm
[3.417s] -- Up-to-date symlink: /home/rens/linorobot2_ws/install/linorobot2_navigation/share/linorobot2_navigation/maps/turtlebot3_world.yaml
[3.417s] -- Up-to-date symlink: /home/rens/linorobot2_ws/install/linorobot2_navigation/share/ament_index/resource_index/package_run_dependencies/linorobot2_navigation
[3.418s] -- Up-to-date symlink: /home/rens/linorobot2_ws/install/linorobot2_navigation/share/ament_index/resource_index/parent_prefix_path/linorobot2_navigation
[3.418s] -- Up-to-date symlink: /home/rens/linorobot2_ws/install/linorobot2_navigation/share/linorobot2_navigation/environment/ament_prefix_path.sh
[3.428s] -- Up-to-date symlink: /home/rens/linorobot2_ws/install/linorobot2_navigation/share/linorobot2_navigation/environment/ament_prefix_path.dsv
[3.429s] -- Up-to-date symlink: /home/rens/linorobot2_ws/install/linorobot2_navigation/share/linorobot2_navigation/environment/path.sh
[3.429s] -- Up-to-date symlink: /home/rens/linorobot2_ws/install/linorobot2_navigation/share/linorobot2_navigation/environment/path.dsv
[3.430s] -- Up-to-date symlink: /home/rens/linorobot2_ws/install/linorobot2_navigation/share/linorobot2_navigation/local_setup.bash
[3.431s] -- Up-to-date symlink: /home/rens/linorobot2_ws/install/linorobot2_navigation/share/linorobot2_navigation/local_setup.sh
[3.438s] -- Up-to-date symlink: /home/rens/linorobot2_ws/install/linorobot2_navigation/share/linorobot2_navigation/local_setup.zsh
[3.438s] -- Up-to-date symlink: /home/rens/linorobot2_ws/install/linorobot2_navigation/share/linorobot2_navigation/local_setup.dsv
[3.439s] -- Symlinking: /home/rens/linorobot2_ws/install/linorobot2_navigation/share/linorobot2_navigation/package.dsv
[3.497s] -- Up-to-date symlink: /home/rens/linorobot2_ws/install/linorobot2_navigation/share/ament_index/resource_index/packages/linorobot2_navigation
[3.502s] -- Up-to-date symlink: /home/rens/linorobot2_ws/install/linorobot2_navigation/share/linorobot2_navigation/cmake/linorobot2_navigationConfig.cmake
[3.502s] -- Up-to-date symlink: /home/rens/linorobot2_ws/install/linorobot2_navigation/share/linorobot2_navigation/cmake/linorobot2_navigationConfig-version.cmake
[3.507s] -- Up-to-date symlink: /home/rens/linorobot2_ws/install/linorobot2_navigation/share/linorobot2_navigation/package.xml
[3.516s] Invoked command in '/home/rens/linorobot2_ws/build/linorobot2_navigation' returned '0': CMAKE_PREFIX_PATH=${CMAKE_PREFIX_PATH}:/home/rens/linorobot2_ws/install/linorobot2_gazebo:/opt/ros/jazzy /usr/bin/cmake --install /home/rens/linorobot2_ws/build/linorobot2_navigation
