[0.209s] Invoking command in '/home/rens/linorobot2_ws/build/micro_ros_msgs': CMAKE_PREFIX_PATH=${CMAKE_PREFIX_PATH}:/opt/ros/jazzy /usr/bin/cmake --build /home/rens/linorobot2_ws/build/micro_ros_msgs -- -j4 -l4
[1.165s] [  1%] Built target micro_ros_msgs__rosidl_generator_type_description
[1.733s] [  1%] Built target ament_cmake_python_symlink_micro_ros_msgs
[2.082s] [  3%] Built target micro_ros_msgs__cpp
[5.819s] running egg_info
[6.517s] writing micro_ros_msgs.egg-info/PKG-INFO
[6.537s] writing dependency_links to micro_ros_msgs.egg-info/dependency_links.txt
[6.559s] writing top-level names to micro_ros_msgs.egg-info/top_level.txt
[7.673s] reading manifest file 'micro_ros_msgs.egg-info/SOURCES.txt'
[7.688s] writing manifest file 'micro_ros_msgs.egg-info/SOURCES.txt'
[7.987s] [  3%] Built target ament_cmake_python_build_micro_ros_msgs_egg
[8.234s] [ 24%] Built target micro_ros_msgs__rosidl_generator_c
[8.481s] [ 33%] Built target micro_ros_msgs__rosidl_typesupport_c
[8.793s] [ 42%] Built target micro_ros_msgs__rosidl_typesupport_cpp
[9.073s] [ 51%] Built target micro_ros_msgs__rosidl_typesupport_fastrtps_c
[9.347s] [ 61%] Built target micro_ros_msgs__rosidl_typesupport_introspection_c
[9.628s] [ 70%] Built target micro_ros_msgs__rosidl_typesupport_introspection_cpp
[9.891s] [ 79%] Built target micro_ros_msgs__rosidl_typesupport_fastrtps_cpp
[10.134s] [ 79%] Built target micro_ros_msgs
[10.377s] [ 81%] Built target micro_ros_msgs__py
[10.634s] [ 88%] Built target micro_ros_msgs__rosidl_generator_py
[10.915s] [ 92%] Built target micro_ros_msgs_s__rosidl_typesupport_fastrtps_c
[11.173s] [ 96%] Built target micro_ros_msgs_s__rosidl_typesupport_c
[11.394s] [100%] Built target micro_ros_msgs_s__rosidl_typesupport_introspection_c
[11.540s] Invoked command in '/home/rens/linorobot2_ws/build/micro_ros_msgs' returned '0': CMAKE_PREFIX_PATH=${CMAKE_PREFIX_PATH}:/opt/ros/jazzy /usr/bin/cmake --build /home/rens/linorobot2_ws/build/micro_ros_msgs -- -j4 -l4
[11.550s] Invoking command in '/home/rens/linorobot2_ws/build/micro_ros_msgs': CMAKE_PREFIX_PATH=${CMAKE_PREFIX_PATH}:/opt/ros/jazzy /usr/bin/cmake --install /home/rens/linorobot2_ws/build/micro_ros_msgs
[11.779s] -- Install configuration: ""
[11.789s] -- Execute custom install script
[11.790s] -- Up-to-date symlink: /home/rens/linorobot2_ws/install/micro_ros_msgs/share/ament_index/resource_index/rosidl_interfaces/micro_ros_msgs
[11.797s] -- Up-to-date symlink: /home/rens/linorobot2_ws/install/micro_ros_msgs/share/micro_ros_msgs/msg/Graph.json
[11.811s] -- Up-to-date symlink: /home/rens/linorobot2_ws/install/micro_ros_msgs/share/micro_ros_msgs/msg/Node.json
[11.812s] -- Up-to-date symlink: /home/rens/linorobot2_ws/install/micro_ros_msgs/share/micro_ros_msgs/msg/Entity.json
[11.817s] -- Up-to-date symlink: /home/rens/linorobot2_ws/install/micro_ros_msgs/include/micro_ros_msgs/micro_ros_msgs/msg/detail/entity__functions.h
[11.818s] -- Up-to-date symlink: /home/rens/linorobot2_ws/install/micro_ros_msgs/include/micro_ros_msgs/micro_ros_msgs/msg/detail/entity__struct.h
[11.826s] -- Up-to-date symlink: /home/rens/linorobot2_ws/install/micro_ros_msgs/include/micro_ros_msgs/micro_ros_msgs/msg/detail/entity__type_support.h
[11.829s] -- Up-to-date symlink: /home/rens/linorobot2_ws/install/micro_ros_msgs/include/micro_ros_msgs/micro_ros_msgs/msg/detail/graph__functions.h
[11.832s] -- Up-to-date symlink: /home/rens/linorobot2_ws/install/micro_ros_msgs/include/micro_ros_msgs/micro_ros_msgs/msg/detail/graph__struct.h
[11.836s] -- Up-to-date symlink: /home/rens/linorobot2_ws/install/micro_ros_msgs/include/micro_ros_msgs/micro_ros_msgs/msg/detail/graph__type_support.h
[11.838s] -- Up-to-date symlink: /home/rens/linorobot2_ws/install/micro_ros_msgs/include/micro_ros_msgs/micro_ros_msgs/msg/detail/node__functions.h
[11.840s] -- Up-to-date symlink: /home/rens/linorobot2_ws/install/micro_ros_msgs/include/micro_ros_msgs/micro_ros_msgs/msg/detail/node__struct.h
[11.841s] -- Up-to-date symlink: /home/rens/linorobot2_ws/install/micro_ros_msgs/include/micro_ros_msgs/micro_ros_msgs/msg/detail/node__type_support.h
[11.848s] -- Up-to-date symlink: /home/rens/linorobot2_ws/install/micro_ros_msgs/include/micro_ros_msgs/micro_ros_msgs/msg/entity.h
[11.851s] -- Up-to-date symlink: /home/rens/linorobot2_ws/install/micro_ros_msgs/include/micro_ros_msgs/micro_ros_msgs/msg/graph.h
[11.852s] -- Up-to-date symlink: /home/rens/linorobot2_ws/install/micro_ros_msgs/include/micro_ros_msgs/micro_ros_msgs/msg/node.h
[11.854s] -- Up-to-date symlink: /home/rens/linorobot2_ws/install/micro_ros_msgs/include/micro_ros_msgs/micro_ros_msgs/msg/rosidl_generator_c__visibility_control.h
[11.859s] -- Up-to-date symlink: /home/rens/linorobot2_ws/install/micro_ros_msgs/share/micro_ros_msgs/environment/library_path.sh
[11.863s] -- Up-to-date symlink: /home/rens/linorobot2_ws/install/micro_ros_msgs/share/micro_ros_msgs/environment/library_path.dsv
[11.878s] -- Up-to-date symlink: /home/rens/linorobot2_ws/install/micro_ros_msgs/include/micro_ros_msgs/micro_ros_msgs/msg/detail/entity__rosidl_typesupport_fastrtps_c.h
[11.880s] -- Up-to-date symlink: /home/rens/linorobot2_ws/install/micro_ros_msgs/include/micro_ros_msgs/micro_ros_msgs/msg/detail/graph__rosidl_typesupport_fastrtps_c.h
[11.895s] -- Up-to-date symlink: /home/rens/linorobot2_ws/install/micro_ros_msgs/include/micro_ros_msgs/micro_ros_msgs/msg/detail/node__rosidl_typesupport_fastrtps_c.h
[11.899s] -- Up-to-date symlink: /home/rens/linorobot2_ws/install/micro_ros_msgs/include/micro_ros_msgs/micro_ros_msgs/msg/rosidl_typesupport_fastrtps_c__visibility_control.h
[11.901s] -- Up-to-date symlink: /home/rens/linorobot2_ws/install/micro_ros_msgs/include/micro_ros_msgs/micro_ros_msgs/msg/detail/entity__rosidl_typesupport_introspection_c.h
[11.904s] -- Up-to-date symlink: /home/rens/linorobot2_ws/install/micro_ros_msgs/include/micro_ros_msgs/micro_ros_msgs/msg/detail/graph__rosidl_typesupport_introspection_c.h
[11.906s] -- Up-to-date symlink: /home/rens/linorobot2_ws/install/micro_ros_msgs/include/micro_ros_msgs/micro_ros_msgs/msg/detail/node__rosidl_typesupport_introspection_c.h
[11.913s] -- Up-to-date symlink: /home/rens/linorobot2_ws/install/micro_ros_msgs/include/micro_ros_msgs/micro_ros_msgs/msg/rosidl_typesupport_introspection_c__visibility_control.h
[11.916s] -- Up-to-date symlink: /home/rens/linorobot2_ws/install/micro_ros_msgs/include/micro_ros_msgs/micro_ros_msgs/msg/detail/entity__builder.hpp
[11.919s] -- Up-to-date symlink: /home/rens/linorobot2_ws/install/micro_ros_msgs/include/micro_ros_msgs/micro_ros_msgs/msg/detail/entity__struct.hpp
[11.928s] -- Up-to-date symlink: /home/rens/linorobot2_ws/install/micro_ros_msgs/include/micro_ros_msgs/micro_ros_msgs/msg/detail/entity__traits.hpp
[11.930s] -- Up-to-date symlink: /home/rens/linorobot2_ws/install/micro_ros_msgs/include/micro_ros_msgs/micro_ros_msgs/msg/detail/entity__type_support.hpp
[11.940s] -- Up-to-date symlink: /home/rens/linorobot2_ws/install/micro_ros_msgs/include/micro_ros_msgs/micro_ros_msgs/msg/detail/graph__builder.hpp
[11.947s] -- Up-to-date symlink: /home/rens/linorobot2_ws/install/micro_ros_msgs/include/micro_ros_msgs/micro_ros_msgs/msg/detail/graph__struct.hpp
[11.949s] -- Up-to-date symlink: /home/rens/linorobot2_ws/install/micro_ros_msgs/include/micro_ros_msgs/micro_ros_msgs/msg/detail/graph__traits.hpp
[11.950s] -- Up-to-date symlink: /home/rens/linorobot2_ws/install/micro_ros_msgs/include/micro_ros_msgs/micro_ros_msgs/msg/detail/graph__type_support.hpp
[11.952s] -- Up-to-date symlink: /home/rens/linorobot2_ws/install/micro_ros_msgs/include/micro_ros_msgs/micro_ros_msgs/msg/detail/node__builder.hpp
[11.954s] -- Up-to-date symlink: /home/rens/linorobot2_ws/install/micro_ros_msgs/include/micro_ros_msgs/micro_ros_msgs/msg/detail/node__struct.hpp
[11.960s] -- Up-to-date symlink: /home/rens/linorobot2_ws/install/micro_ros_msgs/include/micro_ros_msgs/micro_ros_msgs/msg/detail/node__traits.hpp
[11.961s] -- Up-to-date symlink: /home/rens/linorobot2_ws/install/micro_ros_msgs/include/micro_ros_msgs/micro_ros_msgs/msg/detail/node__type_support.hpp
[11.965s] -- Up-to-date symlink: /home/rens/linorobot2_ws/install/micro_ros_msgs/include/micro_ros_msgs/micro_ros_msgs/msg/entity.hpp
[11.972s] -- Up-to-date symlink: /home/rens/linorobot2_ws/install/micro_ros_msgs/include/micro_ros_msgs/micro_ros_msgs/msg/graph.hpp
[11.991s] -- Up-to-date symlink: /home/rens/linorobot2_ws/install/micro_ros_msgs/include/micro_ros_msgs/micro_ros_msgs/msg/node.hpp
[11.992s] -- Up-to-date symlink: /home/rens/linorobot2_ws/install/micro_ros_msgs/include/micro_ros_msgs/micro_ros_msgs/msg/rosidl_generator_cpp__visibility_control.hpp
[11.994s] -- Up-to-date symlink: /home/rens/linorobot2_ws/install/micro_ros_msgs/include/micro_ros_msgs/micro_ros_msgs/msg/detail/entity__rosidl_typesupport_fastrtps_cpp.hpp
[11.997s] -- Up-to-date symlink: /home/rens/linorobot2_ws/install/micro_ros_msgs/include/micro_ros_msgs/micro_ros_msgs/msg/detail/graph__rosidl_typesupport_fastrtps_cpp.hpp
[11.998s] -- Up-to-date symlink: /home/rens/linorobot2_ws/install/micro_ros_msgs/include/micro_ros_msgs/micro_ros_msgs/msg/detail/node__rosidl_typesupport_fastrtps_cpp.hpp
[11.998s] -- Up-to-date symlink: /home/rens/linorobot2_ws/install/micro_ros_msgs/include/micro_ros_msgs/micro_ros_msgs/msg/rosidl_typesupport_fastrtps_cpp__visibility_control.h
[12.000s] -- Up-to-date symlink: /home/rens/linorobot2_ws/install/micro_ros_msgs/include/micro_ros_msgs/micro_ros_msgs/msg/detail/entity__rosidl_typesupport_introspection_cpp.hpp
[12.002s] -- Up-to-date symlink: /home/rens/linorobot2_ws/install/micro_ros_msgs/include/micro_ros_msgs/micro_ros_msgs/msg/detail/graph__rosidl_typesupport_introspection_cpp.hpp
[12.005s] -- Up-to-date symlink: /home/rens/linorobot2_ws/install/micro_ros_msgs/include/micro_ros_msgs/micro_ros_msgs/msg/detail/node__rosidl_typesupport_introspection_cpp.hpp
[12.007s] -- Up-to-date symlink: /home/rens/linorobot2_ws/install/micro_ros_msgs/share/micro_ros_msgs/environment/pythonpath.sh
[12.009s] -- Up-to-date symlink: /home/rens/linorobot2_ws/install/micro_ros_msgs/share/micro_ros_msgs/environment/pythonpath.dsv
[12.012s] -- Up-to-date symlink: /home/rens/linorobot2_ws/install/micro_ros_msgs/lib/python3.12/site-packages/micro_ros_msgs-5.0.2-py3.12.egg-info/PKG-INFO
[12.018s] -- Up-to-date symlink: /home/rens/linorobot2_ws/install/micro_ros_msgs/lib/python3.12/site-packages/micro_ros_msgs-5.0.2-py3.12.egg-info/SOURCES.txt
[12.019s] -- Up-to-date symlink: /home/rens/linorobot2_ws/install/micro_ros_msgs/lib/python3.12/site-packages/micro_ros_msgs-5.0.2-py3.12.egg-info/dependency_links.txt
[12.022s] -- Up-to-date symlink: /home/rens/linorobot2_ws/install/micro_ros_msgs/lib/python3.12/site-packages/micro_ros_msgs-5.0.2-py3.12.egg-info/top_level.txt
[12.029s] -- Up-to-date symlink: /home/rens/linorobot2_ws/install/micro_ros_msgs/lib/python3.12/site-packages/micro_ros_msgs/__init__.py
[12.034s] -- Up-to-date symlink: /home/rens/linorobot2_ws/install/micro_ros_msgs/lib/python3.12/site-packages/micro_ros_msgs/_micro_ros_msgs_s.ep.rosidl_typesupport_c.c
[12.038s] -- Up-to-date symlink: /home/rens/linorobot2_ws/install/micro_ros_msgs/lib/python3.12/site-packages/micro_ros_msgs/_micro_ros_msgs_s.ep.rosidl_typesupport_fastrtps_c.c
[12.043s] -- Up-to-date symlink: /home/rens/linorobot2_ws/install/micro_ros_msgs/lib/python3.12/site-packages/micro_ros_msgs/_micro_ros_msgs_s.ep.rosidl_typesupport_introspection_c.c
[12.044s] -- Up-to-date symlink: /home/rens/linorobot2_ws/install/micro_ros_msgs/lib/python3.12/site-packages/micro_ros_msgs/micro_ros_msgs_s__rosidl_typesupport_c.so
[12.050s] -- Up-to-date symlink: /home/rens/linorobot2_ws/install/micro_ros_msgs/lib/python3.12/site-packages/micro_ros_msgs/micro_ros_msgs_s__rosidl_typesupport_fastrtps_c.so
[12.055s] -- Up-to-date symlink: /home/rens/linorobot2_ws/install/micro_ros_msgs/lib/python3.12/site-packages/micro_ros_msgs/micro_ros_msgs_s__rosidl_typesupport_introspection_c.so
[12.059s] -- Up-to-date symlink: /home/rens/linorobot2_ws/install/micro_ros_msgs/lib/python3.12/site-packages/micro_ros_msgs/msg/__init__.py
[12.062s] -- Up-to-date symlink: /home/rens/linorobot2_ws/install/micro_ros_msgs/lib/python3.12/site-packages/micro_ros_msgs/msg/_entity.py
[12.063s] -- Up-to-date symlink: /home/rens/linorobot2_ws/install/micro_ros_msgs/lib/python3.12/site-packages/micro_ros_msgs/msg/_entity_s.c
[12.065s] -- Up-to-date symlink: /home/rens/linorobot2_ws/install/micro_ros_msgs/lib/python3.12/site-packages/micro_ros_msgs/msg/_graph.py
[12.069s] -- Up-to-date symlink: /home/rens/linorobot2_ws/install/micro_ros_msgs/lib/python3.12/site-packages/micro_ros_msgs/msg/_graph_s.c
[12.070s] -- Up-to-date symlink: /home/rens/linorobot2_ws/install/micro_ros_msgs/lib/python3.12/site-packages/micro_ros_msgs/msg/_node.py
[12.071s] -- Up-to-date symlink: /home/rens/linorobot2_ws/install/micro_ros_msgs/lib/python3.12/site-packages/micro_ros_msgs/msg/_node_s.c
[12.077s] -- Up-to-date symlink: /home/rens/linorobot2_ws/install/micro_ros_msgs/lib/python3.12/site-packages/micro_ros_msgs/micro_ros_msgs_s__rosidl_typesupport_fastrtps_c.so
[12.081s] -- Up-to-date symlink: /home/rens/linorobot2_ws/install/micro_ros_msgs/lib/python3.12/site-packages/micro_ros_msgs/micro_ros_msgs_s__rosidl_typesupport_introspection_c.so
[12.085s] -- Up-to-date symlink: /home/rens/linorobot2_ws/install/micro_ros_msgs/lib/python3.12/site-packages/micro_ros_msgs/micro_ros_msgs_s__rosidl_typesupport_c.so
[12.092s] -- Up-to-date symlink: /home/rens/linorobot2_ws/install/micro_ros_msgs/share/micro_ros_msgs/msg/Graph.idl
[12.096s] -- Up-to-date symlink: /home/rens/linorobot2_ws/install/micro_ros_msgs/share/micro_ros_msgs/msg/Node.idl
[12.099s] -- Up-to-date symlink: /home/rens/linorobot2_ws/install/micro_ros_msgs/share/micro_ros_msgs/msg/Entity.idl
[12.102s] -- Up-to-date symlink: /home/rens/linorobot2_ws/install/micro_ros_msgs/share/micro_ros_msgs/msg/Graph.msg
[12.105s] -- Up-to-date symlink: /home/rens/linorobot2_ws/install/micro_ros_msgs/share/micro_ros_msgs/msg/Node.msg
[12.106s] -- Up-to-date symlink: /home/rens/linorobot2_ws/install/micro_ros_msgs/share/micro_ros_msgs/msg/Entity.msg
[12.109s] -- Up-to-date symlink: /home/rens/linorobot2_ws/install/micro_ros_msgs/share/ament_index/resource_index/package_run_dependencies/micro_ros_msgs
[12.113s] -- Up-to-date symlink: /home/rens/linorobot2_ws/install/micro_ros_msgs/share/ament_index/resource_index/parent_prefix_path/micro_ros_msgs
[12.116s] -- Up-to-date symlink: /home/rens/linorobot2_ws/install/micro_ros_msgs/share/micro_ros_msgs/environment/ament_prefix_path.sh
[12.119s] -- Up-to-date symlink: /home/rens/linorobot2_ws/install/micro_ros_msgs/share/micro_ros_msgs/environment/ament_prefix_path.dsv
[12.122s] -- Up-to-date symlink: /home/rens/linorobot2_ws/install/micro_ros_msgs/share/micro_ros_msgs/environment/path.sh
[12.126s] -- Up-to-date symlink: /home/rens/linorobot2_ws/install/micro_ros_msgs/share/micro_ros_msgs/environment/path.dsv
[12.135s] -- Up-to-date symlink: /home/rens/linorobot2_ws/install/micro_ros_msgs/share/micro_ros_msgs/local_setup.bash
[12.138s] -- Up-to-date symlink: /home/rens/linorobot2_ws/install/micro_ros_msgs/share/micro_ros_msgs/local_setup.sh
[12.144s] -- Up-to-date symlink: /home/rens/linorobot2_ws/install/micro_ros_msgs/share/micro_ros_msgs/local_setup.zsh
[12.147s] -- Up-to-date symlink: /home/rens/linorobot2_ws/install/micro_ros_msgs/share/micro_ros_msgs/local_setup.dsv
[12.148s] -- Symlinking: /home/rens/linorobot2_ws/install/micro_ros_msgs/share/micro_ros_msgs/package.dsv
[12.255s] -- Up-to-date symlink: /home/rens/linorobot2_ws/install/micro_ros_msgs/share/ament_index/resource_index/packages/micro_ros_msgs
[12.257s] -- Up-to-date symlink: /home/rens/linorobot2_ws/install/micro_ros_msgs/share/micro_ros_msgs/cmake/rosidl_cmake-extras.cmake
[12.263s] -- Up-to-date symlink: /home/rens/linorobot2_ws/install/micro_ros_msgs/share/micro_ros_msgs/cmake/ament_cmake_export_include_directories-extras.cmake
[12.273s] -- Up-to-date symlink: /home/rens/linorobot2_ws/install/micro_ros_msgs/share/micro_ros_msgs/cmake/ament_cmake_export_libraries-extras.cmake
[12.274s] -- Up-to-date symlink: /home/rens/linorobot2_ws/install/micro_ros_msgs/share/micro_ros_msgs/cmake/ament_cmake_export_targets-extras.cmake
[12.275s] -- Up-to-date symlink: /home/rens/linorobot2_ws/install/micro_ros_msgs/share/micro_ros_msgs/cmake/rosidl_cmake_export_typesupport_targets-extras.cmake
[12.288s] -- Up-to-date symlink: /home/rens/linorobot2_ws/install/micro_ros_msgs/share/micro_ros_msgs/cmake/ament_cmake_export_dependencies-extras.cmake
[12.292s] -- Up-to-date symlink: /home/rens/linorobot2_ws/install/micro_ros_msgs/share/micro_ros_msgs/cmake/rosidl_cmake_export_typesupport_libraries-extras.cmake
[12.295s] -- Up-to-date symlink: /home/rens/linorobot2_ws/install/micro_ros_msgs/share/micro_ros_msgs/cmake/micro_ros_msgsConfig.cmake
[12.296s] -- Up-to-date symlink: /home/rens/linorobot2_ws/install/micro_ros_msgs/share/micro_ros_msgs/cmake/micro_ros_msgsConfig-version.cmake
[12.299s] -- Up-to-date symlink: /home/rens/linorobot2_ws/install/micro_ros_msgs/share/micro_ros_msgs/package.xml
[12.299s] -- Up-to-date: /home/rens/linorobot2_ws/install/micro_ros_msgs/lib/libmicro_ros_msgs__rosidl_generator_c.so
[12.306s] -- Up-to-date: /home/rens/linorobot2_ws/install/micro_ros_msgs/lib/libmicro_ros_msgs__rosidl_typesupport_fastrtps_c.so
[12.310s] -- Up-to-date: /home/rens/linorobot2_ws/install/micro_ros_msgs/lib/libmicro_ros_msgs__rosidl_typesupport_introspection_c.so
[12.315s] -- Up-to-date: /home/rens/linorobot2_ws/install/micro_ros_msgs/lib/libmicro_ros_msgs__rosidl_typesupport_c.so
[12.316s] -- Up-to-date: /home/rens/linorobot2_ws/install/micro_ros_msgs/lib/libmicro_ros_msgs__rosidl_typesupport_fastrtps_cpp.so
[12.333s] -- Up-to-date: /home/rens/linorobot2_ws/install/micro_ros_msgs/lib/libmicro_ros_msgs__rosidl_typesupport_introspection_cpp.so
[12.334s] -- Up-to-date: /home/rens/linorobot2_ws/install/micro_ros_msgs/lib/libmicro_ros_msgs__rosidl_typesupport_cpp.so
[12.699s] Listing '/home/rens/linorobot2_ws/install/micro_ros_msgs/lib/python3.12/site-packages/micro_ros_msgs'...
[12.703s] Listing '/home/rens/linorobot2_ws/install/micro_ros_msgs/lib/python3.12/site-packages/micro_ros_msgs/msg'...
[12.749s] -- Up-to-date: /home/rens/linorobot2_ws/install/micro_ros_msgs/lib/libmicro_ros_msgs__rosidl_generator_py.so
[12.755s] -- Up-to-date: /home/rens/linorobot2_ws/install/micro_ros_msgs/share/micro_ros_msgs/cmake/export_micro_ros_msgs__rosidl_generator_cExport.cmake
[12.769s] -- Up-to-date: /home/rens/linorobot2_ws/install/micro_ros_msgs/share/micro_ros_msgs/cmake/export_micro_ros_msgs__rosidl_generator_cExport-noconfig.cmake
[12.778s] -- Up-to-date: /home/rens/linorobot2_ws/install/micro_ros_msgs/share/micro_ros_msgs/cmake/export_micro_ros_msgs__rosidl_typesupport_fastrtps_cExport.cmake
[12.779s] -- Up-to-date: /home/rens/linorobot2_ws/install/micro_ros_msgs/share/micro_ros_msgs/cmake/export_micro_ros_msgs__rosidl_typesupport_fastrtps_cExport-noconfig.cmake
[12.779s] -- Up-to-date: /home/rens/linorobot2_ws/install/micro_ros_msgs/share/micro_ros_msgs/cmake/micro_ros_msgs__rosidl_typesupport_introspection_cExport.cmake
[12.783s] -- Up-to-date: /home/rens/linorobot2_ws/install/micro_ros_msgs/share/micro_ros_msgs/cmake/micro_ros_msgs__rosidl_typesupport_introspection_cExport-noconfig.cmake
[12.784s] -- Up-to-date: /home/rens/linorobot2_ws/install/micro_ros_msgs/share/micro_ros_msgs/cmake/micro_ros_msgs__rosidl_typesupport_cExport.cmake
[12.785s] -- Up-to-date: /home/rens/linorobot2_ws/install/micro_ros_msgs/share/micro_ros_msgs/cmake/micro_ros_msgs__rosidl_typesupport_cExport-noconfig.cmake
[12.785s] -- Up-to-date: /home/rens/linorobot2_ws/install/micro_ros_msgs/share/micro_ros_msgs/cmake/export_micro_ros_msgs__rosidl_generator_cppExport.cmake
[12.788s] -- Up-to-date: /home/rens/linorobot2_ws/install/micro_ros_msgs/share/micro_ros_msgs/cmake/export_micro_ros_msgs__rosidl_typesupport_fastrtps_cppExport.cmake
[12.789s] -- Up-to-date: /home/rens/linorobot2_ws/install/micro_ros_msgs/share/micro_ros_msgs/cmake/export_micro_ros_msgs__rosidl_typesupport_fastrtps_cppExport-noconfig.cmake
[12.790s] -- Up-to-date: /home/rens/linorobot2_ws/install/micro_ros_msgs/share/micro_ros_msgs/cmake/micro_ros_msgs__rosidl_typesupport_introspection_cppExport.cmake
[12.796s] -- Up-to-date: /home/rens/linorobot2_ws/install/micro_ros_msgs/share/micro_ros_msgs/cmake/micro_ros_msgs__rosidl_typesupport_introspection_cppExport-noconfig.cmake
[12.797s] -- Up-to-date: /home/rens/linorobot2_ws/install/micro_ros_msgs/share/micro_ros_msgs/cmake/micro_ros_msgs__rosidl_typesupport_cppExport.cmake
[12.799s] -- Up-to-date: /home/rens/linorobot2_ws/install/micro_ros_msgs/share/micro_ros_msgs/cmake/micro_ros_msgs__rosidl_typesupport_cppExport-noconfig.cmake
[12.800s] -- Up-to-date: /home/rens/linorobot2_ws/install/micro_ros_msgs/share/micro_ros_msgs/cmake/export_micro_ros_msgs__rosidl_generator_pyExport.cmake
[12.801s] -- Up-to-date: /home/rens/linorobot2_ws/install/micro_ros_msgs/share/micro_ros_msgs/cmake/export_micro_ros_msgs__rosidl_generator_pyExport-noconfig.cmake
[12.933s] Invoked command in '/home/rens/linorobot2_ws/build/micro_ros_msgs' returned '0': CMAKE_PREFIX_PATH=${CMAKE_PREFIX_PATH}:/opt/ros/jazzy /usr/bin/cmake --install /home/rens/linorobot2_ws/build/micro_ros_msgs
