[0.120s] Invoking command in '/home/rens/linorobot2_ws/build/linorobot2_bringup': CMAKE_PREFIX_PATH=/home/rens/linorobot2_ws/install/micro_ros_agent:/home/rens/linorobot2_ws/install/micro_ros_msgs:/home/rens/linorobot2_ws/install/sllidar_ros2:/home/rens/linorobot2_ws/install/micro_ros_setup:/home/rens/linorobot2_ws/install/linorobot2_bringup:/home/rens/linorobot2_ws/install/linorobot2_navigation:/home/rens/linorobot2_ws/install/linorobot2_description:/home/rens/linorobot2_ws/install/linorobot2_base:/home/rens/linorobot2_ws/install/linorobot2:/home/rens/linorobot2_ws/install/drive_base_msgs:/opt/ros/jazzy/opt/gz_sim_vendor:/opt/ros/jazzy/opt/gz_sensors_vendor:/opt/ros/jazzy/opt/gz_physics_vendor:/opt/ros/jazzy/opt/sdformat_vendor:/opt/ros/jazzy/opt/gz_gui_vendor:/opt/ros/jazzy/opt/gz_transport_vendor:/opt/ros/jazzy/opt/gz_rendering_vendor:/opt/ros/jazzy/opt/gz_plugin_vendor:/opt/ros/jazzy/opt/gz_fuel_tools_vendor:/opt/ros/jazzy/opt/gz_msgs_vendor:/opt/ros/jazzy/opt/gz_common_vendor:/opt/ros/jazzy/opt/gz_math_vendor:/opt/ros/jazzy/opt/gz_utils_vendor:/opt/ros/jazzy/opt/gz_tools_vendor:/opt/ros/jazzy/opt/gz_ogre_next_vendor:/opt/ros/jazzy/opt/gz_dartsim_vendor:/opt/ros/jazzy/opt/gz_cmake_vendor:/home/rens/linorobot2_ws/install/linorobot2_gazebo:/opt/ros/jazzy /usr/bin/cmake --build /home/rens/linorobot2_ws/build/linorobot2_bringup -- -j4 -l4
[0.329s] -- Found ament_cmake: 2.5.4 (/opt/ros/jazzy/share/ament_cmake/cmake)
[1.626s] -- Override CMake install command with custom implementation using symlinks instead of copying resources
[2.150s] -- Configuring done (1.9s)
[2.186s] -- Generating done (0.0s)
[2.198s] -- Build files have been written to: /home/rens/linorobot2_ws/build/linorobot2_bringup
[2.357s] Invoked command in '/home/rens/linorobot2_ws/build/linorobot2_bringup' returned '0': CMAKE_PREFIX_PATH=/home/rens/linorobot2_ws/install/micro_ros_agent:/home/rens/linorobot2_ws/install/micro_ros_msgs:/home/rens/linorobot2_ws/install/sllidar_ros2:/home/rens/linorobot2_ws/install/micro_ros_setup:/home/rens/linorobot2_ws/install/linorobot2_bringup:/home/rens/linorobot2_ws/install/linorobot2_navigation:/home/rens/linorobot2_ws/install/linorobot2_description:/home/rens/linorobot2_ws/install/linorobot2_base:/home/rens/linorobot2_ws/install/linorobot2:/home/rens/linorobot2_ws/install/drive_base_msgs:/opt/ros/jazzy/opt/gz_sim_vendor:/opt/ros/jazzy/opt/gz_sensors_vendor:/opt/ros/jazzy/opt/gz_physics_vendor:/opt/ros/jazzy/opt/sdformat_vendor:/opt/ros/jazzy/opt/gz_gui_vendor:/opt/ros/jazzy/opt/gz_transport_vendor:/opt/ros/jazzy/opt/gz_rendering_vendor:/opt/ros/jazzy/opt/gz_plugin_vendor:/opt/ros/jazzy/opt/gz_fuel_tools_vendor:/opt/ros/jazzy/opt/gz_msgs_vendor:/opt/ros/jazzy/opt/gz_common_vendor:/opt/ros/jazzy/opt/gz_math_vendor:/opt/ros/jazzy/opt/gz_utils_vendor:/opt/ros/jazzy/opt/gz_tools_vendor:/opt/ros/jazzy/opt/gz_ogre_next_vendor:/opt/ros/jazzy/opt/gz_dartsim_vendor:/opt/ros/jazzy/opt/gz_cmake_vendor:/home/rens/linorobot2_ws/install/linorobot2_gazebo:/opt/ros/jazzy /usr/bin/cmake --build /home/rens/linorobot2_ws/build/linorobot2_bringup -- -j4 -l4
[2.365s] Invoking command in '/home/rens/linorobot2_ws/build/linorobot2_bringup': CMAKE_PREFIX_PATH=/home/rens/linorobot2_ws/install/micro_ros_agent:/home/rens/linorobot2_ws/install/micro_ros_msgs:/home/rens/linorobot2_ws/install/sllidar_ros2:/home/rens/linorobot2_ws/install/micro_ros_setup:/home/rens/linorobot2_ws/install/linorobot2_bringup:/home/rens/linorobot2_ws/install/linorobot2_navigation:/home/rens/linorobot2_ws/install/linorobot2_description:/home/rens/linorobot2_ws/install/linorobot2_base:/home/rens/linorobot2_ws/install/linorobot2:/home/rens/linorobot2_ws/install/drive_base_msgs:/opt/ros/jazzy/opt/gz_sim_vendor:/opt/ros/jazzy/opt/gz_sensors_vendor:/opt/ros/jazzy/opt/gz_physics_vendor:/opt/ros/jazzy/opt/sdformat_vendor:/opt/ros/jazzy/opt/gz_gui_vendor:/opt/ros/jazzy/opt/gz_transport_vendor:/opt/ros/jazzy/opt/gz_rendering_vendor:/opt/ros/jazzy/opt/gz_plugin_vendor:/opt/ros/jazzy/opt/gz_fuel_tools_vendor:/opt/ros/jazzy/opt/gz_msgs_vendor:/opt/ros/jazzy/opt/gz_common_vendor:/opt/ros/jazzy/opt/gz_math_vendor:/opt/ros/jazzy/opt/gz_utils_vendor:/opt/ros/jazzy/opt/gz_tools_vendor:/opt/ros/jazzy/opt/gz_ogre_next_vendor:/opt/ros/jazzy/opt/gz_dartsim_vendor:/opt/ros/jazzy/opt/gz_cmake_vendor:/home/rens/linorobot2_ws/install/linorobot2_gazebo:/opt/ros/jazzy /usr/bin/cmake --install /home/rens/linorobot2_ws/build/linorobot2_bringup
[2.431s] -- Install configuration: ""
[2.433s] -- Execute custom install script
[2.436s] -- Up-to-date symlink: /home/rens/linorobot2_ws/install/linorobot2_bringup/share/linorobot2_bringup/launch/bringup.launch.py
[2.439s] -- Up-to-date symlink: /home/rens/linorobot2_ws/install/linorobot2_bringup/share/linorobot2_bringup/launch/custom_robot.launch.py
[2.440s] -- Up-to-date symlink: /home/rens/linorobot2_ws/install/linorobot2_bringup/share/linorobot2_bringup/launch/default_robot.launch.py
[2.441s] -- Up-to-date symlink: /home/rens/linorobot2_ws/install/linorobot2_bringup/share/linorobot2_bringup/launch/depth.launch.py
[2.441s] -- Up-to-date symlink: /home/rens/linorobot2_ws/install/linorobot2_bringup/share/linorobot2_bringup/launch/extra.launch.py
[2.442s] -- Up-to-date symlink: /home/rens/linorobot2_ws/install/linorobot2_bringup/share/linorobot2_bringup/launch/joy_teleop.launch.py
[2.443s] -- Up-to-date symlink: /home/rens/linorobot2_ws/install/linorobot2_bringup/share/linorobot2_bringup/launch/lasers.launch.py
[2.443s] -- Up-to-date symlink: /home/rens/linorobot2_ws/install/linorobot2_bringup/share/linorobot2_bringup/launch/sensors.launch.py
[2.445s] -- Up-to-date symlink: /home/rens/linorobot2_ws/install/linorobot2_bringup/share/linorobot2_bringup/config/box_laser_filter.yaml
[2.447s] -- Up-to-date symlink: /home/rens/linorobot2_ws/install/linorobot2_bringup/share/linorobot2_bringup/config/fake_laser.yaml
[2.448s] -- Up-to-date symlink: /home/rens/linorobot2_ws/install/linorobot2_bringup/share/linorobot2_bringup/config/joy.yaml
[2.449s] -- Up-to-date symlink: /home/rens/linorobot2_ws/install/linorobot2_bringup/share/linorobot2_bringup/config/zed_common.yaml
[2.450s] -- Up-to-date symlink: /home/rens/linorobot2_ws/install/linorobot2_bringup/share/ament_index/resource_index/package_run_dependencies/linorobot2_bringup
[2.452s] -- Up-to-date symlink: /home/rens/linorobot2_ws/install/linorobot2_bringup/share/ament_index/resource_index/parent_prefix_path/linorobot2_bringup
[2.453s] -- Up-to-date symlink: /home/rens/linorobot2_ws/install/linorobot2_bringup/share/linorobot2_bringup/environment/ament_prefix_path.sh
[2.454s] -- Up-to-date symlink: /home/rens/linorobot2_ws/install/linorobot2_bringup/share/linorobot2_bringup/environment/ament_prefix_path.dsv
[2.456s] -- Up-to-date symlink: /home/rens/linorobot2_ws/install/linorobot2_bringup/share/linorobot2_bringup/environment/path.sh
[2.457s] -- Up-to-date symlink: /home/rens/linorobot2_ws/install/linorobot2_bringup/share/linorobot2_bringup/environment/path.dsv
[2.459s] -- Up-to-date symlink: /home/rens/linorobot2_ws/install/linorobot2_bringup/share/linorobot2_bringup/local_setup.bash
[2.460s] -- Up-to-date symlink: /home/rens/linorobot2_ws/install/linorobot2_bringup/share/linorobot2_bringup/local_setup.sh
[2.461s] -- Up-to-date symlink: /home/rens/linorobot2_ws/install/linorobot2_bringup/share/linorobot2_bringup/local_setup.zsh
[2.462s] -- Up-to-date symlink: /home/rens/linorobot2_ws/install/linorobot2_bringup/share/linorobot2_bringup/local_setup.dsv
[2.464s] -- Symlinking: /home/rens/linorobot2_ws/install/linorobot2_bringup/share/linorobot2_bringup/package.dsv
[2.536s] -- Up-to-date symlink: /home/rens/linorobot2_ws/install/linorobot2_bringup/share/ament_index/resource_index/packages/linorobot2_bringup
[2.537s] -- Up-to-date symlink: /home/rens/linorobot2_ws/install/linorobot2_bringup/share/linorobot2_bringup/cmake/linorobot2_bringupConfig.cmake
[2.539s] -- Up-to-date symlink: /home/rens/linorobot2_ws/install/linorobot2_bringup/share/linorobot2_bringup/cmake/linorobot2_bringupConfig-version.cmake
[2.540s] -- Up-to-date symlink: /home/rens/linorobot2_ws/install/linorobot2_bringup/share/linorobot2_bringup/package.xml
[2.549s] Invoked command in '/home/rens/linorobot2_ws/build/linorobot2_bringup' returned '0': CMAKE_PREFIX_PATH=/home/rens/linorobot2_ws/install/micro_ros_agent:/home/rens/linorobot2_ws/install/micro_ros_msgs:/home/rens/linorobot2_ws/install/sllidar_ros2:/home/rens/linorobot2_ws/install/micro_ros_setup:/home/rens/linorobot2_ws/install/linorobot2_bringup:/home/rens/linorobot2_ws/install/linorobot2_navigation:/home/rens/linorobot2_ws/install/linorobot2_description:/home/rens/linorobot2_ws/install/linorobot2_base:/home/rens/linorobot2_ws/install/linorobot2:/home/rens/linorobot2_ws/install/drive_base_msgs:/opt/ros/jazzy/opt/gz_sim_vendor:/opt/ros/jazzy/opt/gz_sensors_vendor:/opt/ros/jazzy/opt/gz_physics_vendor:/opt/ros/jazzy/opt/sdformat_vendor:/opt/ros/jazzy/opt/gz_gui_vendor:/opt/ros/jazzy/opt/gz_transport_vendor:/opt/ros/jazzy/opt/gz_rendering_vendor:/opt/ros/jazzy/opt/gz_plugin_vendor:/opt/ros/jazzy/opt/gz_fuel_tools_vendor:/opt/ros/jazzy/opt/gz_msgs_vendor:/opt/ros/jazzy/opt/gz_common_vendor:/opt/ros/jazzy/opt/gz_math_vendor:/opt/ros/jazzy/opt/gz_utils_vendor:/opt/ros/jazzy/opt/gz_tools_vendor:/opt/ros/jazzy/opt/gz_ogre_next_vendor:/opt/ros/jazzy/opt/gz_dartsim_vendor:/opt/ros/jazzy/opt/gz_cmake_vendor:/home/rens/linorobot2_ws/install/linorobot2_gazebo:/opt/ros/jazzy /usr/bin/cmake --install /home/rens/linorobot2_ws/build/linorobot2_bringup
