[0.128s] Invoking command in '/home/rens/linorobot2_ws/build/linorobot2': CMAKE_PREFIX_PATH=${CMAKE_PREFIX_PATH}:/opt/ros/jazzy /usr/bin/cmake --build /home/rens/linorobot2_ws/build/linorobot2 -- -j4 -l4
[0.823s] Invoked command in '/home/rens/linorobot2_ws/build/linorobot2' returned '0': CMAKE_PREFIX_PATH=${CMAKE_PREFIX_PATH}:/opt/ros/jazzy /usr/bin/cmake --build /home/rens/linorobot2_ws/build/linorobot2 -- -j4 -l4
[0.826s] Invoking command in '/home/rens/linorobot2_ws/build/linorobot2': CMAKE_PREFIX_PATH=${CMAKE_PREFIX_PATH}:/opt/ros/jazzy /usr/bin/cmake --install /home/rens/linorobot2_ws/build/linorobot2
[0.988s] -- Install configuration: ""
[0.995s] -- Execute custom install script
[1.000s] -- Up-to-date symlink: /home/rens/linorobot2_ws/install/linorobot2/share/ament_index/resource_index/package_run_dependencies/linorobot2
[1.003s] -- Up-to-date symlink: /home/rens/linorobot2_ws/install/linorobot2/share/ament_index/resource_index/parent_prefix_path/linorobot2
[1.009s] -- Up-to-date symlink: /home/rens/linorobot2_ws/install/linorobot2/share/linorobot2/environment/ament_prefix_path.sh
[1.017s] -- Up-to-date symlink: /home/rens/linorobot2_ws/install/linorobot2/share/linorobot2/environment/ament_prefix_path.dsv
[1.021s] -- Up-to-date symlink: /home/rens/linorobot2_ws/install/linorobot2/share/linorobot2/environment/path.sh
[1.027s] -- Up-to-date symlink: /home/rens/linorobot2_ws/install/linorobot2/share/linorobot2/environment/path.dsv
[1.029s] -- Up-to-date symlink: /home/rens/linorobot2_ws/install/linorobot2/share/linorobot2/local_setup.bash
[1.037s] -- Up-to-date symlink: /home/rens/linorobot2_ws/install/linorobot2/share/linorobot2/local_setup.sh
[1.037s] -- Up-to-date symlink: /home/rens/linorobot2_ws/install/linorobot2/share/linorobot2/local_setup.zsh
[1.048s] -- Up-to-date symlink: /home/rens/linorobot2_ws/install/linorobot2/share/linorobot2/local_setup.dsv
[1.051s] -- Symlinking: /home/rens/linorobot2_ws/install/linorobot2/share/linorobot2/package.dsv
[1.287s] -- Up-to-date symlink: /home/rens/linorobot2_ws/install/linorobot2/share/ament_index/resource_index/packages/linorobot2
[1.288s] -- Up-to-date symlink: /home/rens/linorobot2_ws/install/linorobot2/share/linorobot2/cmake/linorobot2Config.cmake
[1.303s] -- Up-to-date symlink: /home/rens/linorobot2_ws/install/linorobot2/share/linorobot2/cmake/linorobot2Config-version.cmake
[1.303s] -- Up-to-date symlink: /home/rens/linorobot2_ws/install/linorobot2/share/linorobot2/package.xml
[1.862s] Invoked command in '/home/rens/linorobot2_ws/build/linorobot2' returned '0': CMAKE_PREFIX_PATH=${CMAKE_PREFIX_PATH}:/opt/ros/jazzy /usr/bin/cmake --install /home/rens/linorobot2_ws/build/linorobot2
