[0.090s] Invoking command in '/home/rens/linorobot2_ws/build/sllidar_ros2': CMAKE_PREFIX_PATH=${CMAKE_PREFIX_PATH}:/home/rens/linorobot2_ws/install/linorobot2_gazebo:/opt/ros/jazzy /usr/bin/cmake --build /home/rens/linorobot2_ws/build/sllidar_ros2 -- -j4 -l4
[0.875s] [ 10%] Built target sllidar_client
[0.881s] [100%] Built target sllidar_node
[0.997s] Invoked command in '/home/rens/linorobot2_ws/build/sllidar_ros2' returned '0': CMAKE_PREFIX_PATH=${CMAKE_PREFIX_PATH}:/home/rens/linorobot2_ws/install/linorobot2_gazebo:/opt/ros/jazzy /usr/bin/cmake --build /home/rens/linorobot2_ws/build/sllidar_ros2 -- -j4 -l4
[1.007s] Invoking command in '/home/rens/linorobot2_ws/build/sllidar_ros2': CMAKE_PREFIX_PATH=${CMAKE_PREFIX_PATH}:/home/rens/linorobot2_ws/install/linorobot2_gazebo:/opt/ros/jazzy /usr/bin/cmake --install /home/rens/linorobot2_ws/build/sllidar_ros2
[1.097s] -- Install configuration: ""
[1.105s] -- Execute custom install script
[1.116s] -- Up-to-date symlink: /home/rens/linorobot2_ws/install/sllidar_ros2/share/sllidar_ros2/launch/sllidar_a1_launch.py
[1.126s] -- Up-to-date symlink: /home/rens/linorobot2_ws/install/sllidar_ros2/share/sllidar_ros2/launch/sllidar_a2m12_launch .py
[1.139s] -- Up-to-date symlink: /home/rens/linorobot2_ws/install/sllidar_ros2/share/sllidar_ros2/launch/sllidar_a2m7_launch.py
[1.146s] -- Up-to-date symlink: /home/rens/linorobot2_ws/install/sllidar_ros2/share/sllidar_ros2/launch/sllidar_a2m8_launch.py
[1.150s] -- Up-to-date symlink: /home/rens/linorobot2_ws/install/sllidar_ros2/share/sllidar_ros2/launch/sllidar_a3_launch.py
[1.156s] -- Up-to-date symlink: /home/rens/linorobot2_ws/install/sllidar_ros2/share/sllidar_ros2/launch/sllidar_c1_launch.py
[1.160s] -- Up-to-date symlink: /home/rens/linorobot2_ws/install/sllidar_ros2/share/sllidar_ros2/launch/sllidar_s1_launch.py
[1.163s] -- Up-to-date symlink: /home/rens/linorobot2_ws/install/sllidar_ros2/share/sllidar_ros2/launch/sllidar_s1_tcp_launch.py
[1.164s] -- Up-to-date symlink: /home/rens/linorobot2_ws/install/sllidar_ros2/share/sllidar_ros2/launch/sllidar_s2_launch.py
[1.169s] -- Up-to-date symlink: /home/rens/linorobot2_ws/install/sllidar_ros2/share/sllidar_ros2/launch/sllidar_s2e_launch.py
[1.172s] -- Up-to-date symlink: /home/rens/linorobot2_ws/install/sllidar_ros2/share/sllidar_ros2/launch/sllidar_s3_launch.py
[1.179s] -- Up-to-date symlink: /home/rens/linorobot2_ws/install/sllidar_ros2/share/sllidar_ros2/launch/sllidar_t1_launch.py
[1.180s] -- Up-to-date symlink: /home/rens/linorobot2_ws/install/sllidar_ros2/share/sllidar_ros2/launch/view_sllidar_a1_launch.py
[1.181s] -- Up-to-date symlink: /home/rens/linorobot2_ws/install/sllidar_ros2/share/sllidar_ros2/launch/view_sllidar_a2m12_launch.py
[1.181s] -- Up-to-date symlink: /home/rens/linorobot2_ws/install/sllidar_ros2/share/sllidar_ros2/launch/view_sllidar_a2m7_launch.py
[1.187s] -- Up-to-date symlink: /home/rens/linorobot2_ws/install/sllidar_ros2/share/sllidar_ros2/launch/view_sllidar_a2m8_launch.py
[1.191s] -- Up-to-date symlink: /home/rens/linorobot2_ws/install/sllidar_ros2/share/sllidar_ros2/launch/view_sllidar_a3_launch.py
[1.194s] -- Up-to-date symlink: /home/rens/linorobot2_ws/install/sllidar_ros2/share/sllidar_ros2/launch/view_sllidar_c1_launch.py
[1.202s] -- Up-to-date symlink: /home/rens/linorobot2_ws/install/sllidar_ros2/share/sllidar_ros2/launch/view_sllidar_s1_launch.py
[1.209s] -- Up-to-date symlink: /home/rens/linorobot2_ws/install/sllidar_ros2/share/sllidar_ros2/launch/view_sllidar_s1_tcp_launch.py
[1.212s] -- Up-to-date symlink: /home/rens/linorobot2_ws/install/sllidar_ros2/share/sllidar_ros2/launch/view_sllidar_s2_launch.py
[1.214s] -- Up-to-date symlink: /home/rens/linorobot2_ws/install/sllidar_ros2/share/sllidar_ros2/launch/view_sllidar_s2e_launch.py
[1.216s] -- Up-to-date symlink: /home/rens/linorobot2_ws/install/sllidar_ros2/share/sllidar_ros2/launch/view_sllidar_s3_launch.py
[1.216s] -- Up-to-date symlink: /home/rens/linorobot2_ws/install/sllidar_ros2/share/sllidar_ros2/launch/view_sllidar_t1_launch.py
[1.222s] -- Up-to-date symlink: /home/rens/linorobot2_ws/install/sllidar_ros2/share/sllidar_ros2/rviz/sllidar_ros2.rviz
[1.223s] -- Up-to-date symlink: /home/rens/linorobot2_ws/install/sllidar_ros2/lib/sllidar_ros2/sllidar_node
[1.224s] -- Up-to-date symlink: /home/rens/linorobot2_ws/install/sllidar_ros2/lib/sllidar_ros2/sllidar_client
[1.224s] -- Up-to-date symlink: /home/rens/linorobot2_ws/install/sllidar_ros2/share/ament_index/resource_index/package_run_dependencies/sllidar_ros2
[1.227s] -- Up-to-date symlink: /home/rens/linorobot2_ws/install/sllidar_ros2/share/ament_index/resource_index/parent_prefix_path/sllidar_ros2
[1.228s] -- Up-to-date symlink: /home/rens/linorobot2_ws/install/sllidar_ros2/share/sllidar_ros2/environment/ament_prefix_path.sh
[1.231s] -- Up-to-date symlink: /home/rens/linorobot2_ws/install/sllidar_ros2/share/sllidar_ros2/environment/ament_prefix_path.dsv
[1.231s] -- Up-to-date symlink: /home/rens/linorobot2_ws/install/sllidar_ros2/share/sllidar_ros2/environment/path.sh
[1.232s] -- Up-to-date symlink: /home/rens/linorobot2_ws/install/sllidar_ros2/share/sllidar_ros2/environment/path.dsv
[1.232s] -- Up-to-date symlink: /home/rens/linorobot2_ws/install/sllidar_ros2/share/sllidar_ros2/local_setup.bash
[1.233s] -- Up-to-date symlink: /home/rens/linorobot2_ws/install/sllidar_ros2/share/sllidar_ros2/local_setup.sh
[1.233s] -- Up-to-date symlink: /home/rens/linorobot2_ws/install/sllidar_ros2/share/sllidar_ros2/local_setup.zsh
[1.237s] -- Up-to-date symlink: /home/rens/linorobot2_ws/install/sllidar_ros2/share/sllidar_ros2/local_setup.dsv
[1.238s] -- Symlinking: /home/rens/linorobot2_ws/install/sllidar_ros2/share/sllidar_ros2/package.dsv
[1.332s] -- Up-to-date symlink: /home/rens/linorobot2_ws/install/sllidar_ros2/share/ament_index/resource_index/packages/sllidar_ros2
[1.338s] -- Up-to-date symlink: /home/rens/linorobot2_ws/install/sllidar_ros2/share/sllidar_ros2/cmake/ament_cmake_export_dependencies-extras.cmake
[1.339s] -- Up-to-date symlink: /home/rens/linorobot2_ws/install/sllidar_ros2/share/sllidar_ros2/cmake/ament_cmake_export_include_directories-extras.cmake
[1.339s] -- Up-to-date symlink: /home/rens/linorobot2_ws/install/sllidar_ros2/share/sllidar_ros2/cmake/sllidar_ros2Config.cmake
[1.344s] -- Up-to-date symlink: /home/rens/linorobot2_ws/install/sllidar_ros2/share/sllidar_ros2/cmake/sllidar_ros2Config-version.cmake
[1.344s] -- Up-to-date symlink: /home/rens/linorobot2_ws/install/sllidar_ros2/share/sllidar_ros2/package.xml
[1.349s] Invoked command in '/home/rens/linorobot2_ws/build/sllidar_ros2' returned '0': CMAKE_PREFIX_PATH=${CMAKE_PREFIX_PATH}:/home/rens/linorobot2_ws/install/linorobot2_gazebo:/opt/ros/jazzy /usr/bin/cmake --install /home/rens/linorobot2_ws/build/sllidar_ros2
