[0.124s] Invoking command in '/home/rens/linorobot2_ws/build/linorobot2_description': CMAKE_PREFIX_PATH=${CMAKE_PREFIX_PATH}:/opt/ros/jazzy /usr/bin/cmake /home/rens/linorobot2_ws/src/linorobot2/linorobot2_description -DAMENT_CMAKE_SYMLINK_INSTALL=1 -DCMAKE_INSTALL_PREFIX=/home/rens/linorobot2_ws/install/linorobot2_description
[0.618s] -- The C compiler identification is GNU 13.3.0
[1.037s] -- The CXX compiler identification is GNU 13.3.0
[1.186s] -- Detecting C compiler ABI info
[2.047s] -- Detecting C compiler ABI info - done
[2.097s] -- Check for working C compiler: /usr/bin/cc - skipped
[2.101s] -- Detecting C compile features
[2.103s] -- Detecting C compile features - done
[2.180s] -- Detecting CXX compiler ABI info
[2.998s] -- Detecting CXX compiler ABI info - done
[3.065s] -- Check for working CXX compiler: /usr/bin/c++ - skipped
[3.067s] -- Detecting CXX compile features
[3.076s] -- Detecting CXX compile features - done
[3.153s] -- Found ament_cmake: 2.5.4 (/opt/ros/jazzy/share/ament_cmake/cmake)
[4.482s] -- Found Python3: /usr/bin/python3 (found version "3.12.3") found components: Interpreter 
[5.054s] -- Override CMake install command with custom implementation using symlinks instead of copying resources
[5.983s] -- Found urdf: 2.10.0 (/opt/ros/jazzy/share/urdf/cmake)
[6.770s] -- Found TinyXML2 via Config file: /usr/lib/aarch64-linux-gnu/cmake/tinyxml2
[7.718s] -- Configuring done (7.5s)
[7.811s] -- Generating done (0.1s)
[7.836s] -- Build files have been written to: /home/rens/linorobot2_ws/build/linorobot2_description
[7.881s] Invoked command in '/home/rens/linorobot2_ws/build/linorobot2_description' returned '0': CMAKE_PREFIX_PATH=${CMAKE_PREFIX_PATH}:/opt/ros/jazzy /usr/bin/cmake /home/rens/linorobot2_ws/src/linorobot2/linorobot2_description -DAMENT_CMAKE_SYMLINK_INSTALL=1 -DCMAKE_INSTALL_PREFIX=/home/rens/linorobot2_ws/install/linorobot2_description
[7.882s] Invoking command in '/home/rens/linorobot2_ws/build/linorobot2_description': CMAKE_PREFIX_PATH=${CMAKE_PREFIX_PATH}:/opt/ros/jazzy /usr/bin/cmake --build /home/rens/linorobot2_ws/build/linorobot2_description -- -j4 -l4
[8.259s] Invoked command in '/home/rens/linorobot2_ws/build/linorobot2_description' returned '0': CMAKE_PREFIX_PATH=${CMAKE_PREFIX_PATH}:/opt/ros/jazzy /usr/bin/cmake --build /home/rens/linorobot2_ws/build/linorobot2_description -- -j4 -l4
[8.271s] Invoking command in '/home/rens/linorobot2_ws/build/linorobot2_description': CMAKE_PREFIX_PATH=${CMAKE_PREFIX_PATH}:/opt/ros/jazzy /usr/bin/cmake --install /home/rens/linorobot2_ws/build/linorobot2_description
[8.339s] -- Install configuration: ""
[8.343s] -- Execute custom install script
[8.352s] -- Symlinking: /home/rens/linorobot2_ws/install/linorobot2_description/share/linorobot2_description/launch/description.launch.py
[8.431s] -- Symlinking: /home/rens/linorobot2_ws/install/linorobot2_description/share/linorobot2_description/launch/visualize.launch.py
[8.510s] -- Symlinking: /home/rens/linorobot2_ws/install/linorobot2_description/share/linorobot2_description/urdf/2wd_properties.urdf.xacro
[8.586s] -- Symlinking: /home/rens/linorobot2_ws/install/linorobot2_description/share/linorobot2_description/urdf/4wd_properties.urdf.xacro
[8.663s] -- Symlinking: /home/rens/linorobot2_ws/install/linorobot2_description/share/linorobot2_description/urdf/controllers/diff_drive.urdf.xacro
[8.735s] -- Symlinking: /home/rens/linorobot2_ws/install/linorobot2_description/share/linorobot2_description/urdf/controllers/omni_drive.urdf.xacro
[8.825s] -- Symlinking: /home/rens/linorobot2_ws/install/linorobot2_description/share/linorobot2_description/urdf/controllers/skid_steer.urdf.xacro
[8.898s] -- Symlinking: /home/rens/linorobot2_ws/install/linorobot2_description/share/linorobot2_description/urdf/mecanum_properties.urdf.xacro
[8.986s] -- Symlinking: /home/rens/linorobot2_ws/install/linorobot2_description/share/linorobot2_description/urdf/mech/base.urdf.xacro
[9.059s] -- Symlinking: /home/rens/linorobot2_ws/install/linorobot2_description/share/linorobot2_description/urdf/mech/caster_wheel.urdf.xacro
[9.147s] -- Symlinking: /home/rens/linorobot2_ws/install/linorobot2_description/share/linorobot2_description/urdf/mech/mecanum_wheel.urdf.xacro
[9.220s] -- Symlinking: /home/rens/linorobot2_ws/install/linorobot2_description/share/linorobot2_description/urdf/mech/wheel.urdf.xacro
[9.304s] -- Symlinking: /home/rens/linorobot2_ws/install/linorobot2_description/share/linorobot2_description/urdf/robots/2wd.urdf.xacro
[9.381s] -- Symlinking: /home/rens/linorobot2_ws/install/linorobot2_description/share/linorobot2_description/urdf/robots/4wd.urdf.xacro
[9.457s] -- Symlinking: /home/rens/linorobot2_ws/install/linorobot2_description/share/linorobot2_description/urdf/robots/mecanum.urdf.xacro
[9.530s] -- Symlinking: /home/rens/linorobot2_ws/install/linorobot2_description/share/linorobot2_description/urdf/robots/turtlebot.urdf.xacro
[9.617s] -- Symlinking: /home/rens/linorobot2_ws/install/linorobot2_description/share/linorobot2_description/urdf/robots/vattenkar.urdf.xacro
[9.692s] -- Symlinking: /home/rens/linorobot2_ws/install/linorobot2_description/share/linorobot2_description/urdf/sensors/depth_sensor.urdf.xacro
[9.785s] -- Symlinking: /home/rens/linorobot2_ws/install/linorobot2_description/share/linorobot2_description/urdf/sensors/generic_laser.urdf.xacro
[9.853s] -- Symlinking: /home/rens/linorobot2_ws/install/linorobot2_description/share/linorobot2_description/urdf/sensors/imu.urdf.xacro
[9.941s] -- Symlinking: /home/rens/linorobot2_ws/install/linorobot2_description/share/linorobot2_description/urdf/sensors/laser.urdf.xacro
[10.018s] -- Symlinking: /home/rens/linorobot2_ws/install/linorobot2_description/share/linorobot2_description/urdf/sensors/plugins.urdf.xacro
[10.107s] -- Symlinking: /home/rens/linorobot2_ws/install/linorobot2_description/share/linorobot2_description/rviz/description.rviz
[10.191s] -- Symlinking: /home/rens/linorobot2_ws/install/linorobot2_description/share/linorobot2_description/meshes/base.dae
[10.289s] -- Symlinking: /home/rens/linorobot2_ws/install/linorobot2_description/share/linorobot2_description/meshes/tire.dae
[10.370s] -- Symlinking: /home/rens/linorobot2_ws/install/linorobot2_description/share/ament_index/resource_index/package_run_dependencies/linorobot2_description
[10.471s] -- Symlinking: /home/rens/linorobot2_ws/install/linorobot2_description/share/ament_index/resource_index/parent_prefix_path/linorobot2_description
[10.554s] -- Symlinking: /home/rens/linorobot2_ws/install/linorobot2_description/share/linorobot2_description/environment/ament_prefix_path.sh
[10.664s] -- Symlinking: /home/rens/linorobot2_ws/install/linorobot2_description/share/linorobot2_description/environment/ament_prefix_path.dsv
[10.756s] -- Symlinking: /home/rens/linorobot2_ws/install/linorobot2_description/share/linorobot2_description/environment/path.sh
[10.823s] -- Symlinking: /home/rens/linorobot2_ws/install/linorobot2_description/share/linorobot2_description/environment/path.dsv
[10.908s] -- Symlinking: /home/rens/linorobot2_ws/install/linorobot2_description/share/linorobot2_description/local_setup.bash
[11.008s] -- Symlinking: /home/rens/linorobot2_ws/install/linorobot2_description/share/linorobot2_description/local_setup.sh
[11.101s] -- Symlinking: /home/rens/linorobot2_ws/install/linorobot2_description/share/linorobot2_description/local_setup.zsh
[11.186s] -- Symlinking: /home/rens/linorobot2_ws/install/linorobot2_description/share/linorobot2_description/local_setup.dsv
[11.267s] -- Symlinking: /home/rens/linorobot2_ws/install/linorobot2_description/share/linorobot2_description/package.dsv
[11.354s] -- Symlinking: /home/rens/linorobot2_ws/install/linorobot2_description/share/ament_index/resource_index/packages/linorobot2_description
[11.432s] -- Symlinking: /home/rens/linorobot2_ws/install/linorobot2_description/share/linorobot2_description/cmake/linorobot2_descriptionConfig.cmake
[11.563s] -- Symlinking: /home/rens/linorobot2_ws/install/linorobot2_description/share/linorobot2_description/cmake/linorobot2_descriptionConfig-version.cmake
[11.708s] -- Symlinking: /home/rens/linorobot2_ws/install/linorobot2_description/share/linorobot2_description/package.xml
[11.816s] Invoked command in '/home/rens/linorobot2_ws/build/linorobot2_description' returned '0': CMAKE_PREFIX_PATH=${CMAKE_PREFIX_PATH}:/opt/ros/jazzy /usr/bin/cmake --install /home/rens/linorobot2_ws/build/linorobot2_description
