[0.098s] Invoking command in '/home/rens/linorobot2_ws/build/micro_ros_setup': CMAKE_PREFIX_PATH=${CMAKE_PREFIX_PATH}:/opt/ros/jazzy /usr/bin/cmake /home/rens/linorobot2_ws/src/micro_ros_setup -DAMENT_CMAKE_SYMLINK_INSTALL=1 -DCMAKE_INSTALL_PREFIX=/home/rens/linorobot2_ws/install/micro_ros_setup
[0.211s] -- Found ament_cmake: 2.5.4 (/opt/ros/jazzy/share/ament_cmake/cmake)
[1.750s] -- Override CMake install command with custom implementation using symlinks instead of copying resources
[1.811s] -- Found ament_lint_auto: 0.17.3 (/opt/ros/jazzy/share/ament_lint_auto/cmake)
[2.448s] -- Configuring done (2.3s)
[2.515s] -- Generating done (0.1s)
[2.543s] -- Build files have been written to: /home/rens/linorobot2_ws/build/micro_ros_setup
[2.565s] Invoked command in '/home/rens/linorobot2_ws/build/micro_ros_setup' returned '0': CMAKE_PREFIX_PATH=${CMAKE_PREFIX_PATH}:/opt/ros/jazzy /usr/bin/cmake /home/rens/linorobot2_ws/src/micro_ros_setup -DAMENT_CMAKE_SYMLINK_INSTALL=1 -DCMAKE_INSTALL_PREFIX=/home/rens/linorobot2_ws/install/micro_ros_setup
[2.572s] Invoking command in '/home/rens/linorobot2_ws/build/micro_ros_setup': CMAKE_PREFIX_PATH=${CMAKE_PREFIX_PATH}:/opt/ros/jazzy /usr/bin/cmake --build /home/rens/linorobot2_ws/build/micro_ros_setup -- -j4 -l4
[3.016s] Invoked command in '/home/rens/linorobot2_ws/build/micro_ros_setup' returned '0': CMAKE_PREFIX_PATH=${CMAKE_PREFIX_PATH}:/opt/ros/jazzy /usr/bin/cmake --build /home/rens/linorobot2_ws/build/micro_ros_setup -- -j4 -l4
[3.028s] Invoking command in '/home/rens/linorobot2_ws/build/micro_ros_setup': CMAKE_PREFIX_PATH=${CMAKE_PREFIX_PATH}:/opt/ros/jazzy /usr/bin/cmake --install /home/rens/linorobot2_ws/build/micro_ros_setup
[3.137s] -- Install configuration: ""
[3.142s] -- Execute custom install script
[3.149s] -- Up-to-date symlink: /home/rens/linorobot2_ws/install/micro_ros_setup/share/ament_index/resource_index/package_run_dependencies/micro_ros_setup
[3.152s] -- Up-to-date symlink: /home/rens/linorobot2_ws/install/micro_ros_setup/share/ament_index/resource_index/parent_prefix_path/micro_ros_setup
[3.153s] -- Up-to-date symlink: /home/rens/linorobot2_ws/install/micro_ros_setup/share/micro_ros_setup/environment/ament_prefix_path.sh
[3.159s] -- Up-to-date symlink: /home/rens/linorobot2_ws/install/micro_ros_setup/share/micro_ros_setup/environment/ament_prefix_path.dsv
[3.160s] -- Up-to-date symlink: /home/rens/linorobot2_ws/install/micro_ros_setup/share/micro_ros_setup/environment/path.sh
[3.161s] -- Up-to-date symlink: /home/rens/linorobot2_ws/install/micro_ros_setup/share/micro_ros_setup/environment/path.dsv
[3.178s] -- Up-to-date symlink: /home/rens/linorobot2_ws/install/micro_ros_setup/share/micro_ros_setup/local_setup.bash
[3.179s] -- Up-to-date symlink: /home/rens/linorobot2_ws/install/micro_ros_setup/share/micro_ros_setup/local_setup.sh
[3.183s] -- Up-to-date symlink: /home/rens/linorobot2_ws/install/micro_ros_setup/share/micro_ros_setup/local_setup.zsh
[3.184s] -- Up-to-date symlink: /home/rens/linorobot2_ws/install/micro_ros_setup/share/micro_ros_setup/local_setup.dsv
[3.197s] -- Symlinking: /home/rens/linorobot2_ws/install/micro_ros_setup/share/micro_ros_setup/package.dsv
[3.364s] -- Up-to-date symlink: /home/rens/linorobot2_ws/install/micro_ros_setup/share/ament_index/resource_index/packages/micro_ros_setup
[3.377s] -- Up-to-date symlink: /home/rens/linorobot2_ws/install/micro_ros_setup/share/micro_ros_setup/cmake/micro_ros_setupConfig.cmake
[3.378s] -- Up-to-date symlink: /home/rens/linorobot2_ws/install/micro_ros_setup/share/micro_ros_setup/cmake/micro_ros_setupConfig-version.cmake
[3.379s] -- Up-to-date symlink: /home/rens/linorobot2_ws/install/micro_ros_setup/share/micro_ros_setup/package.xml
[3.389s] -- Up-to-date symlink: /home/rens/linorobot2_ws/install/micro_ros_setup/lib/micro_ros_setup/create_ws.sh
[3.390s] -- Up-to-date symlink: /home/rens/linorobot2_ws/install/micro_ros_setup/lib/micro_ros_setup/create_agent_ws.sh
[3.390s] -- Up-to-date symlink: /home/rens/linorobot2_ws/install/micro_ros_setup/lib/micro_ros_setup/create_firmware_ws.sh
[3.416s] -- Up-to-date symlink: /home/rens/linorobot2_ws/install/micro_ros_setup/lib/micro_ros_setup/configure_firmware.sh
[3.417s] -- Up-to-date symlink: /home/rens/linorobot2_ws/install/micro_ros_setup/lib/micro_ros_setup/flash_firmware.sh
[3.418s] -- Up-to-date symlink: /home/rens/linorobot2_ws/install/micro_ros_setup/lib/micro_ros_setup/build_firmware.sh
[3.419s] -- Up-to-date symlink: /home/rens/linorobot2_ws/install/micro_ros_setup/lib/micro_ros_setup/build_agent.sh
[3.426s] -- Up-to-date symlink: /home/rens/linorobot2_ws/install/micro_ros_setup/lib/micro_ros_setup/yaml_filter.py
[3.427s] -- Up-to-date symlink: /home/rens/linorobot2_ws/install/micro_ros_setup/lib/micro_ros_setup/clean_env.sh
[3.430s] -- Up-to-date symlink: /home/rens/linorobot2_ws/install/micro_ros_setup/lib/micro_ros_setup/component
[3.431s] -- Up-to-date: /home/rens/linorobot2_ws/install/micro_ros_setup/./config
[3.437s] -- Up-to-date: /home/rens/linorobot2_ws/install/micro_ros_setup/./config/generate_lib
[3.438s] -- Up-to-date: /home/rens/linorobot2_ws/install/micro_ros_setup/./config/generate_lib/generic
[3.441s] -- Up-to-date: /home/rens/linorobot2_ws/install/micro_ros_setup/./config/generate_lib/generic/demo_toolchain.cmake
[3.443s] -- Up-to-date: /home/rens/linorobot2_ws/install/micro_ros_setup/./config/generate_lib/generic/package.xml
[3.444s] -- Up-to-date: /home/rens/linorobot2_ws/install/micro_ros_setup/./config/generate_lib/generic/flash.sh
[3.447s] -- Up-to-date: /home/rens/linorobot2_ws/install/micro_ros_setup/./config/generate_lib/generic/client-colcon.meta
[3.452s] -- Up-to-date: /home/rens/linorobot2_ws/install/micro_ros_setup/./config/generate_lib/generic/create.sh
[3.457s] -- Up-to-date: /home/rens/linorobot2_ws/install/micro_ros_setup/./config/generate_lib/generic/client_uros_packages.repos
[3.458s] -- Up-to-date: /home/rens/linorobot2_ws/install/micro_ros_setup/./config/generate_lib/generic/build.sh
[3.461s] -- Up-to-date: /home/rens/linorobot2_ws/install/micro_ros_setup/./config/generate_lib/dev_ros2_packages.txt
[3.463s] -- Up-to-date: /home/rens/linorobot2_ws/install/micro_ros_setup/./config/generate_lib/dev_uros_packages.repos
[3.466s] -- Up-to-date: /home/rens/linorobot2_ws/install/micro_ros_setup/./config/host
[3.469s] -- Up-to-date: /home/rens/linorobot2_ws/install/micro_ros_setup/./config/host/client_ros2_packages.txt
[3.470s] -- Up-to-date: /home/rens/linorobot2_ws/install/micro_ros_setup/./config/host/generic
[3.474s] -- Up-to-date: /home/rens/linorobot2_ws/install/micro_ros_setup/./config/host/generic/client-host-colcon.meta
[3.475s] -- Up-to-date: /home/rens/linorobot2_ws/install/micro_ros_setup/./config/host/generic/package.xml
[3.475s] -- Up-to-date: /home/rens/linorobot2_ws/install/micro_ros_setup/./config/host/generic/flash.sh
[3.476s] -- Up-to-date: /home/rens/linorobot2_ws/install/micro_ros_setup/./config/host/generic/create.sh
[3.476s] -- Up-to-date: /home/rens/linorobot2_ws/install/micro_ros_setup/./config/host/generic/client_host_packages.repos
[3.477s] -- Up-to-date: /home/rens/linorobot2_ws/install/micro_ros_setup/./config/host/generic/build.sh
[3.477s] -- Up-to-date: /home/rens/linorobot2_ws/install/micro_ros_setup/./config/host/dev_ros2_packages.txt
[3.478s] -- Up-to-date: /home/rens/linorobot2_ws/install/micro_ros_setup/./config/host/dev_uros_packages.repos
[3.478s] -- Up-to-date: /home/rens/linorobot2_ws/install/micro_ros_setup/./config/utils.sh
[3.481s] -- Up-to-date: /home/rens/linorobot2_ws/install/micro_ros_setup/./config/zephyr
[3.483s] -- Up-to-date: /home/rens/linorobot2_ws/install/micro_ros_setup/./config/zephyr/list_apps.sh
[3.484s] -- Up-to-date: /home/rens/linorobot2_ws/install/micro_ros_setup/./config/zephyr/generic
[3.489s] -- Up-to-date: /home/rens/linorobot2_ws/install/micro_ros_setup/./config/zephyr/generic/package.xml
[3.495s] -- Up-to-date: /home/rens/linorobot2_ws/install/micro_ros_setup/./config/zephyr/generic/flash.sh
[3.495s] -- Up-to-date: /home/rens/linorobot2_ws/install/micro_ros_setup/./config/zephyr/generic/supported_platforms
[3.496s] -- Up-to-date: /home/rens/linorobot2_ws/install/micro_ros_setup/./config/zephyr/generic/client-colcon.meta
[3.496s] -- Up-to-date: /home/rens/linorobot2_ws/install/micro_ros_setup/./config/zephyr/generic/create.sh
[3.497s] -- Up-to-date: /home/rens/linorobot2_ws/install/micro_ros_setup/./config/zephyr/generic/client_uros_packages.repos
[3.502s] -- Up-to-date: /home/rens/linorobot2_ws/install/micro_ros_setup/./config/zephyr/generic/board.repos
[3.503s] -- Up-to-date: /home/rens/linorobot2_ws/install/micro_ros_setup/./config/zephyr/generic/build.sh
[3.503s] -- Up-to-date: /home/rens/linorobot2_ws/install/micro_ros_setup/./config/zephyr/generic/configure.sh
[3.504s] -- Up-to-date: /home/rens/linorobot2_ws/install/micro_ros_setup/./config/zephyr/dev_ros2_packages.txt
[3.504s] -- Up-to-date: /home/rens/linorobot2_ws/install/micro_ros_setup/./config/zephyr/dev_uros_packages.repos
[3.505s] -- Up-to-date: /home/rens/linorobot2_ws/install/micro_ros_setup/./config/client_ros2_packages.txt
[3.505s] -- Up-to-date: /home/rens/linorobot2_ws/install/micro_ros_setup/./config/agent_uros_packages.repos
[3.506s] -- Up-to-date: /home/rens/linorobot2_ws/install/micro_ros_setup/./config/raspbian
[3.509s] -- Up-to-date: /home/rens/linorobot2_ws/install/micro_ros_setup/./config/raspbian/generic
[3.511s] -- Up-to-date: /home/rens/linorobot2_ws/install/micro_ros_setup/./config/raspbian/generic/flash.sh
[3.511s] -- Up-to-date: /home/rens/linorobot2_ws/install/micro_ros_setup/./config/raspbian/generic/supported_platforms
[3.512s] -- Up-to-date: /home/rens/linorobot2_ws/install/micro_ros_setup/./config/raspbian/generic/client-colcon.meta
[3.512s] -- Up-to-date: /home/rens/linorobot2_ws/install/micro_ros_setup/./config/raspbian/generic/create.sh
[3.515s] -- Up-to-date: /home/rens/linorobot2_ws/install/micro_ros_setup/./config/raspbian/generic/client_uros_packages.repos
[3.516s] -- Up-to-date: /home/rens/linorobot2_ws/install/micro_ros_setup/./config/raspbian/generic/build.sh
[3.517s] -- Up-to-date: /home/rens/linorobot2_ws/install/micro_ros_setup/./config/raspbian/generic/configure.sh
[3.517s] -- Up-to-date: /home/rens/linorobot2_ws/install/micro_ros_setup/./config/raspbian/dev_ros2_packages.txt
[3.518s] -- Up-to-date: /home/rens/linorobot2_ws/install/micro_ros_setup/./config/raspbian/dev_uros_packages.repos
[3.519s] -- Up-to-date: /home/rens/linorobot2_ws/install/micro_ros_setup/./config/client_uros_packages.repos
[3.522s] -- Up-to-date: /home/rens/linorobot2_ws/install/micro_ros_setup/./config/android
[3.527s] -- Up-to-date: /home/rens/linorobot2_ws/install/micro_ros_setup/./config/android/generic
[3.527s] -- Up-to-date: /home/rens/linorobot2_ws/install/micro_ros_setup/./config/android/generic/package.xml
[3.528s] -- Up-to-date: /home/rens/linorobot2_ws/install/micro_ros_setup/./config/android/generic/flash.sh
[3.532s] -- Up-to-date: /home/rens/linorobot2_ws/install/micro_ros_setup/./config/android/generic/client-colcon.meta
[3.533s] -- Up-to-date: /home/rens/linorobot2_ws/install/micro_ros_setup/./config/android/generic/create.sh
[3.533s] -- Up-to-date: /home/rens/linorobot2_ws/install/micro_ros_setup/./config/android/generic/client_uros_packages.repos
[3.534s] -- Up-to-date: /home/rens/linorobot2_ws/install/micro_ros_setup/./config/android/generic/build.sh
[3.535s] -- Up-to-date: /home/rens/linorobot2_ws/install/micro_ros_setup/./config/android/dev_ros2_packages.txt
[3.536s] -- Up-to-date: /home/rens/linorobot2_ws/install/micro_ros_setup/./config/android/dev_uros_packages.repos
[3.536s] -- Up-to-date: /home/rens/linorobot2_ws/install/micro_ros_setup/./config/freertos
[3.537s] -- Up-to-date: /home/rens/linorobot2_ws/install/micro_ros_setup/./config/freertos/list_apps.sh
[3.537s] -- Up-to-date: /home/rens/linorobot2_ws/install/micro_ros_setup/./config/freertos/nucleo_f446re
[3.545s] -- Up-to-date: /home/rens/linorobot2_ws/install/micro_ros_setup/./config/freertos/nucleo_f446re/package.xml
[3.546s] -- Up-to-date: /home/rens/linorobot2_ws/install/micro_ros_setup/./config/freertos/nucleo_f446re/flash.sh
[3.547s] -- Up-to-date: /home/rens/linorobot2_ws/install/micro_ros_setup/./config/freertos/nucleo_f446re/client-colcon.meta
[3.548s] -- Up-to-date: /home/rens/linorobot2_ws/install/micro_ros_setup/./config/freertos/nucleo_f446re/create.sh
[3.555s] -- Up-to-date: /home/rens/linorobot2_ws/install/micro_ros_setup/./config/freertos/nucleo_f446re/client_uros_packages.repos
[3.556s] -- Up-to-date: /home/rens/linorobot2_ws/install/micro_ros_setup/./config/freertos/nucleo_f446re/board.repos
[3.556s] -- Up-to-date: /home/rens/linorobot2_ws/install/micro_ros_setup/./config/freertos/nucleo_f446re/build.sh
[3.560s] -- Up-to-date: /home/rens/linorobot2_ws/install/micro_ros_setup/./config/freertos/nucleo_f446re/configure.sh
[3.564s] -- Up-to-date: /home/rens/linorobot2_ws/install/micro_ros_setup/./config/freertos/nucleo_f446ze
[3.564s] -- Up-to-date: /home/rens/linorobot2_ws/install/micro_ros_setup/./config/freertos/nucleo_f446ze/package.xml
[3.565s] -- Up-to-date: /home/rens/linorobot2_ws/install/micro_ros_setup/./config/freertos/nucleo_f446ze/flash.sh
[3.567s] -- Up-to-date: /home/rens/linorobot2_ws/install/micro_ros_setup/./config/freertos/nucleo_f446ze/client-colcon.meta
[3.568s] -- Up-to-date: /home/rens/linorobot2_ws/install/micro_ros_setup/./config/freertos/nucleo_f446ze/create.sh
[3.568s] -- Up-to-date: /home/rens/linorobot2_ws/install/micro_ros_setup/./config/freertos/nucleo_f446ze/client_uros_packages.repos
[3.572s] -- Up-to-date: /home/rens/linorobot2_ws/install/micro_ros_setup/./config/freertos/nucleo_f446ze/board.repos
[3.572s] -- Up-to-date: /home/rens/linorobot2_ws/install/micro_ros_setup/./config/freertos/nucleo_f446ze/build.sh
[3.573s] -- Up-to-date: /home/rens/linorobot2_ws/install/micro_ros_setup/./config/freertos/nucleo_f446ze/configure.sh
[3.574s] -- Up-to-date: /home/rens/linorobot2_ws/install/micro_ros_setup/./config/freertos/olimex-stm32-e407
[3.574s] -- Up-to-date: /home/rens/linorobot2_ws/install/micro_ros_setup/./config/freertos/olimex-stm32-e407/package.xml
[3.575s] -- Up-to-date: /home/rens/linorobot2_ws/install/micro_ros_setup/./config/freertos/olimex-stm32-e407/flash.sh
[3.580s] -- Up-to-date: /home/rens/linorobot2_ws/install/micro_ros_setup/./config/freertos/olimex-stm32-e407/client-colcon.meta
[3.581s] -- Up-to-date: /home/rens/linorobot2_ws/install/micro_ros_setup/./config/freertos/olimex-stm32-e407/create.sh
[3.582s] -- Up-to-date: /home/rens/linorobot2_ws/install/micro_ros_setup/./config/freertos/olimex-stm32-e407/client_uros_packages.repos
[3.584s] -- Up-to-date: /home/rens/linorobot2_ws/install/micro_ros_setup/./config/freertos/olimex-stm32-e407/board.repos
[3.588s] -- Up-to-date: /home/rens/linorobot2_ws/install/micro_ros_setup/./config/freertos/olimex-stm32-e407/build.sh
[3.589s] -- Up-to-date: /home/rens/linorobot2_ws/install/micro_ros_setup/./config/freertos/olimex-stm32-e407/configure.sh
[3.589s] -- Up-to-date: /home/rens/linorobot2_ws/install/micro_ros_setup/./config/freertos/nucleo_f767zi
[3.590s] -- Up-to-date: /home/rens/linorobot2_ws/install/micro_ros_setup/./config/freertos/nucleo_f767zi/package.xml
[3.591s] -- Up-to-date: /home/rens/linorobot2_ws/install/micro_ros_setup/./config/freertos/nucleo_f767zi/flash.sh
[3.591s] -- Up-to-date: /home/rens/linorobot2_ws/install/micro_ros_setup/./config/freertos/nucleo_f767zi/client-colcon.meta
[3.596s] -- Up-to-date: /home/rens/linorobot2_ws/install/micro_ros_setup/./config/freertos/nucleo_f767zi/create.sh
[3.598s] -- Up-to-date: /home/rens/linorobot2_ws/install/micro_ros_setup/./config/freertos/nucleo_f767zi/client_uros_packages.repos
[3.598s] -- Up-to-date: /home/rens/linorobot2_ws/install/micro_ros_setup/./config/freertos/nucleo_f767zi/board.repos
[3.599s] -- Up-to-date: /home/rens/linorobot2_ws/install/micro_ros_setup/./config/freertos/nucleo_f767zi/build.sh
[3.600s] -- Up-to-date: /home/rens/linorobot2_ws/install/micro_ros_setup/./config/freertos/nucleo_f767zi/configure.sh
[3.606s] -- Up-to-date: /home/rens/linorobot2_ws/install/micro_ros_setup/./config/freertos/nucleo_f746zg
[3.607s] -- Up-to-date: /home/rens/linorobot2_ws/install/micro_ros_setup/./config/freertos/nucleo_f746zg/package.xml
[3.608s] -- Up-to-date: /home/rens/linorobot2_ws/install/micro_ros_setup/./config/freertos/nucleo_f746zg/flash.sh
[3.608s] -- Up-to-date: /home/rens/linorobot2_ws/install/micro_ros_setup/./config/freertos/nucleo_f746zg/client-colcon.meta
[3.609s] -- Up-to-date: /home/rens/linorobot2_ws/install/micro_ros_setup/./config/freertos/nucleo_f746zg/create.sh
[3.613s] -- Up-to-date: /home/rens/linorobot2_ws/install/micro_ros_setup/./config/freertos/nucleo_f746zg/client_uros_packages.repos
[3.614s] -- Up-to-date: /home/rens/linorobot2_ws/install/micro_ros_setup/./config/freertos/nucleo_f746zg/board.repos
[3.618s] -- Up-to-date: /home/rens/linorobot2_ws/install/micro_ros_setup/./config/freertos/nucleo_f746zg/build.sh
[3.619s] -- Up-to-date: /home/rens/linorobot2_ws/install/micro_ros_setup/./config/freertos/nucleo_f746zg/configure.sh
[3.619s] -- Up-to-date: /home/rens/linorobot2_ws/install/micro_ros_setup/./config/freertos/dev_ros2_packages.txt
[3.620s] -- Up-to-date: /home/rens/linorobot2_ws/install/micro_ros_setup/./config/freertos/crazyflie21
[3.623s] -- Up-to-date: /home/rens/linorobot2_ws/install/micro_ros_setup/./config/freertos/crazyflie21/package.xml
[3.623s] -- Up-to-date: /home/rens/linorobot2_ws/install/micro_ros_setup/./config/freertos/crazyflie21/flash.sh
[3.624s] -- Up-to-date: /home/rens/linorobot2_ws/install/micro_ros_setup/./config/freertos/crazyflie21/client-colcon.meta
[3.624s] -- Up-to-date: /home/rens/linorobot2_ws/install/micro_ros_setup/./config/freertos/crazyflie21/create.sh
[3.625s] -- Up-to-date: /home/rens/linorobot2_ws/install/micro_ros_setup/./config/freertos/crazyflie21/client_uros_packages.repos
[3.632s] -- Up-to-date: /home/rens/linorobot2_ws/install/micro_ros_setup/./config/freertos/crazyflie21/board.repos
[3.633s] -- Up-to-date: /home/rens/linorobot2_ws/install/micro_ros_setup/./config/freertos/crazyflie21/build.sh
[3.634s] -- Up-to-date: /home/rens/linorobot2_ws/install/micro_ros_setup/./config/freertos/crazyflie21/configure.sh
[3.635s] -- Up-to-date: /home/rens/linorobot2_ws/install/micro_ros_setup/./config/freertos/esp32
[3.642s] -- Up-to-date: /home/rens/linorobot2_ws/install/micro_ros_setup/./config/freertos/esp32/package.xml
[3.645s] -- Up-to-date: /home/rens/linorobot2_ws/install/micro_ros_setup/./config/freertos/esp32/flash.sh
[3.651s] -- Up-to-date: /home/rens/linorobot2_ws/install/micro_ros_setup/./config/freertos/esp32/client-colcon.meta
[3.652s] -- Up-to-date: /home/rens/linorobot2_ws/install/micro_ros_setup/./config/freertos/esp32/create.sh
[3.655s] -- Up-to-date: /home/rens/linorobot2_ws/install/micro_ros_setup/./config/freertos/esp32/client_uros_packages.repos
[3.658s] -- Up-to-date: /home/rens/linorobot2_ws/install/micro_ros_setup/./config/freertos/esp32/board.repos
[3.658s] -- Up-to-date: /home/rens/linorobot2_ws/install/micro_ros_setup/./config/freertos/esp32/README.md
[3.663s] -- Up-to-date: /home/rens/linorobot2_ws/install/micro_ros_setup/./config/freertos/esp32/build.sh
[3.669s] -- Up-to-date: /home/rens/linorobot2_ws/install/micro_ros_setup/./config/freertos/esp32/configure.sh
[3.679s] -- Up-to-date: /home/rens/linorobot2_ws/install/micro_ros_setup/./config/freertos/dev_uros_packages.repos
[3.680s] -- Up-to-date: /home/rens/linorobot2_ws/install/micro_ros_setup/./config/agent_ros2_packages.txt
[3.681s] Invoked command in '/home/rens/linorobot2_ws/build/micro_ros_setup' returned '0': CMAKE_PREFIX_PATH=${CMAKE_PREFIX_PATH}:/opt/ros/jazzy /usr/bin/cmake --install /home/rens/linorobot2_ws/build/micro_ros_setup
