[0.200s] Invoking command in '/home/rens/linorobot2_ws/build/drive_base_msgs': CMAKE_PREFIX_PATH=${CMAKE_PREFIX_PATH}:/opt/ros/jazzy /usr/bin/cmake --build /home/rens/linorobot2_ws/build/drive_base_msgs -- -j4 -l4
[1.030s] [  1%] Built target drive_base_msgs__rosidl_generator_type_description
[1.582s] [  1%] Built target ament_cmake_python_symlink_drive_base_msgs
[1.981s] [  3%] Built target drive_base_msgs__cpp
[5.986s] running egg_info
[6.044s] writing drive_base_msgs.egg-info/PKG-INFO
[6.048s] writing dependency_links to drive_base_msgs.egg-info/dependency_links.txt
[6.062s] writing top-level names to drive_base_msgs.egg-info/top_level.txt
[6.889s] reading manifest file 'drive_base_msgs.egg-info/SOURCES.txt'
[6.895s] writing manifest file 'drive_base_msgs.egg-info/SOURCES.txt'
[7.200s] [  3%] Built target ament_cmake_python_build_drive_base_msgs_egg
[7.514s] [ 25%] Built target drive_base_msgs__rosidl_generator_c
[7.828s] [ 34%] Built target drive_base_msgs__rosidl_typesupport_fastrtps_c
[8.073s] [ 43%] Built target drive_base_msgs__rosidl_typesupport_c
[8.354s] [ 53%] Built target drive_base_msgs__rosidl_typesupport_introspection_cpp
[8.603s] [ 62%] Built target drive_base_msgs__rosidl_typesupport_cpp
[8.883s] [ 71%] Built target drive_base_msgs__rosidl_typesupport_introspection_c
[9.138s] [ 81%] Built target drive_base_msgs__rosidl_typesupport_fastrtps_cpp
[9.368s] [ 81%] Built target drive_base_msgs
[9.596s] [ 82%] Built target drive_base_msgs__py
[9.843s] [ 90%] Built target drive_base_msgs__rosidl_generator_py
[10.142s] [ 93%] Built target drive_base_msgs_s__rosidl_typesupport_fastrtps_c
[10.407s] [ 96%] Built target drive_base_msgs_s__rosidl_typesupport_c
[10.654s] [100%] Built target drive_base_msgs_s__rosidl_typesupport_introspection_c
[10.810s] Invoked command in '/home/rens/linorobot2_ws/build/drive_base_msgs' returned '0': CMAKE_PREFIX_PATH=${CMAKE_PREFIX_PATH}:/opt/ros/jazzy /usr/bin/cmake --build /home/rens/linorobot2_ws/build/drive_base_msgs -- -j4 -l4
[10.822s] Invoking command in '/home/rens/linorobot2_ws/build/drive_base_msgs': CMAKE_PREFIX_PATH=${CMAKE_PREFIX_PATH}:/opt/ros/jazzy /usr/bin/cmake --install /home/rens/linorobot2_ws/build/drive_base_msgs
[10.912s] -- Install configuration: ""
[10.921s] -- Execute custom install script
[10.923s] -- Up-to-date symlink: /home/rens/linorobot2_ws/install/drive_base_msgs/share/ament_index/resource_index/rosidl_interfaces/drive_base_msgs
[10.929s] -- Up-to-date symlink: /home/rens/linorobot2_ws/install/drive_base_msgs/share/drive_base_msgs/msg/CommandHeader.json
[10.931s] -- Up-to-date symlink: /home/rens/linorobot2_ws/install/drive_base_msgs/share/drive_base_msgs/msg/BaseInfo.json
[10.932s] -- Up-to-date symlink: /home/rens/linorobot2_ws/install/drive_base_msgs/share/drive_base_msgs/msg/CommandStatus.json
[10.936s] -- Up-to-date symlink: /home/rens/linorobot2_ws/install/drive_base_msgs/share/drive_base_msgs/msg/TRVCommand.json
[10.937s] -- Up-to-date symlink: /home/rens/linorobot2_ws/install/drive_base_msgs/include/drive_base_msgs/drive_base_msgs/msg/base_info.h
[10.940s] -- Up-to-date symlink: /home/rens/linorobot2_ws/install/drive_base_msgs/include/drive_base_msgs/drive_base_msgs/msg/command_header.h
[10.941s] -- Up-to-date symlink: /home/rens/linorobot2_ws/install/drive_base_msgs/include/drive_base_msgs/drive_base_msgs/msg/command_status.h
[10.941s] -- Up-to-date symlink: /home/rens/linorobot2_ws/install/drive_base_msgs/include/drive_base_msgs/drive_base_msgs/msg/detail/base_info__functions.h
[10.942s] -- Up-to-date symlink: /home/rens/linorobot2_ws/install/drive_base_msgs/include/drive_base_msgs/drive_base_msgs/msg/detail/base_info__struct.h
[10.943s] -- Up-to-date symlink: /home/rens/linorobot2_ws/install/drive_base_msgs/include/drive_base_msgs/drive_base_msgs/msg/detail/base_info__type_support.h
[10.944s] -- Up-to-date symlink: /home/rens/linorobot2_ws/install/drive_base_msgs/include/drive_base_msgs/drive_base_msgs/msg/detail/command_header__functions.h
[10.944s] -- Up-to-date symlink: /home/rens/linorobot2_ws/install/drive_base_msgs/include/drive_base_msgs/drive_base_msgs/msg/detail/command_header__struct.h
[10.946s] -- Up-to-date symlink: /home/rens/linorobot2_ws/install/drive_base_msgs/include/drive_base_msgs/drive_base_msgs/msg/detail/command_header__type_support.h
[10.950s] -- Up-to-date symlink: /home/rens/linorobot2_ws/install/drive_base_msgs/include/drive_base_msgs/drive_base_msgs/msg/detail/command_status__functions.h
[10.950s] -- Up-to-date symlink: /home/rens/linorobot2_ws/install/drive_base_msgs/include/drive_base_msgs/drive_base_msgs/msg/detail/command_status__struct.h
[10.957s] -- Up-to-date symlink: /home/rens/linorobot2_ws/install/drive_base_msgs/include/drive_base_msgs/drive_base_msgs/msg/detail/command_status__type_support.h
[10.965s] -- Up-to-date symlink: /home/rens/linorobot2_ws/install/drive_base_msgs/include/drive_base_msgs/drive_base_msgs/msg/detail/trv_command__functions.h
[10.970s] -- Up-to-date symlink: /home/rens/linorobot2_ws/install/drive_base_msgs/include/drive_base_msgs/drive_base_msgs/msg/detail/trv_command__struct.h
[10.973s] -- Up-to-date symlink: /home/rens/linorobot2_ws/install/drive_base_msgs/include/drive_base_msgs/drive_base_msgs/msg/detail/trv_command__type_support.h
[10.974s] -- Up-to-date symlink: /home/rens/linorobot2_ws/install/drive_base_msgs/include/drive_base_msgs/drive_base_msgs/msg/rosidl_generator_c__visibility_control.h
[10.975s] -- Up-to-date symlink: /home/rens/linorobot2_ws/install/drive_base_msgs/include/drive_base_msgs/drive_base_msgs/msg/trv_command.h
[10.980s] -- Up-to-date symlink: /home/rens/linorobot2_ws/install/drive_base_msgs/share/drive_base_msgs/environment/library_path.sh
[10.981s] -- Up-to-date symlink: /home/rens/linorobot2_ws/install/drive_base_msgs/share/drive_base_msgs/environment/library_path.dsv
[10.990s] -- Up-to-date symlink: /home/rens/linorobot2_ws/install/drive_base_msgs/include/drive_base_msgs/drive_base_msgs/msg/detail/base_info__rosidl_typesupport_fastrtps_c.h
[10.991s] -- Up-to-date symlink: /home/rens/linorobot2_ws/install/drive_base_msgs/include/drive_base_msgs/drive_base_msgs/msg/detail/command_header__rosidl_typesupport_fastrtps_c.h
[10.999s] -- Up-to-date symlink: /home/rens/linorobot2_ws/install/drive_base_msgs/include/drive_base_msgs/drive_base_msgs/msg/detail/command_status__rosidl_typesupport_fastrtps_c.h
[11.000s] -- Up-to-date symlink: /home/rens/linorobot2_ws/install/drive_base_msgs/include/drive_base_msgs/drive_base_msgs/msg/detail/trv_command__rosidl_typesupport_fastrtps_c.h
[11.005s] -- Up-to-date symlink: /home/rens/linorobot2_ws/install/drive_base_msgs/include/drive_base_msgs/drive_base_msgs/msg/rosidl_typesupport_fastrtps_c__visibility_control.h
[11.011s] -- Up-to-date symlink: /home/rens/linorobot2_ws/install/drive_base_msgs/include/drive_base_msgs/drive_base_msgs/msg/base_info.hpp
[11.013s] -- Up-to-date symlink: /home/rens/linorobot2_ws/install/drive_base_msgs/include/drive_base_msgs/drive_base_msgs/msg/command_header.hpp
[11.015s] -- Up-to-date symlink: /home/rens/linorobot2_ws/install/drive_base_msgs/include/drive_base_msgs/drive_base_msgs/msg/command_status.hpp
[11.016s] -- Up-to-date symlink: /home/rens/linorobot2_ws/install/drive_base_msgs/include/drive_base_msgs/drive_base_msgs/msg/detail/base_info__builder.hpp
[11.026s] -- Up-to-date symlink: /home/rens/linorobot2_ws/install/drive_base_msgs/include/drive_base_msgs/drive_base_msgs/msg/detail/base_info__struct.hpp
[11.026s] -- Up-to-date symlink: /home/rens/linorobot2_ws/install/drive_base_msgs/include/drive_base_msgs/drive_base_msgs/msg/detail/base_info__traits.hpp
[11.031s] -- Up-to-date symlink: /home/rens/linorobot2_ws/install/drive_base_msgs/include/drive_base_msgs/drive_base_msgs/msg/detail/base_info__type_support.hpp
[11.035s] -- Up-to-date symlink: /home/rens/linorobot2_ws/install/drive_base_msgs/include/drive_base_msgs/drive_base_msgs/msg/detail/command_header__builder.hpp
[11.039s] -- Up-to-date symlink: /home/rens/linorobot2_ws/install/drive_base_msgs/include/drive_base_msgs/drive_base_msgs/msg/detail/command_header__struct.hpp
[11.041s] -- Up-to-date symlink: /home/rens/linorobot2_ws/install/drive_base_msgs/include/drive_base_msgs/drive_base_msgs/msg/detail/command_header__traits.hpp
[11.042s] -- Up-to-date symlink: /home/rens/linorobot2_ws/install/drive_base_msgs/include/drive_base_msgs/drive_base_msgs/msg/detail/command_header__type_support.hpp
[11.043s] -- Up-to-date symlink: /home/rens/linorobot2_ws/install/drive_base_msgs/include/drive_base_msgs/drive_base_msgs/msg/detail/command_status__builder.hpp
[11.044s] -- Up-to-date symlink: /home/rens/linorobot2_ws/install/drive_base_msgs/include/drive_base_msgs/drive_base_msgs/msg/detail/command_status__struct.hpp
[11.047s] -- Up-to-date symlink: /home/rens/linorobot2_ws/install/drive_base_msgs/include/drive_base_msgs/drive_base_msgs/msg/detail/command_status__traits.hpp
[11.053s] -- Up-to-date symlink: /home/rens/linorobot2_ws/install/drive_base_msgs/include/drive_base_msgs/drive_base_msgs/msg/detail/command_status__type_support.hpp
[11.055s] -- Up-to-date symlink: /home/rens/linorobot2_ws/install/drive_base_msgs/include/drive_base_msgs/drive_base_msgs/msg/detail/trv_command__builder.hpp
[11.065s] -- Up-to-date symlink: /home/rens/linorobot2_ws/install/drive_base_msgs/include/drive_base_msgs/drive_base_msgs/msg/detail/trv_command__struct.hpp
[11.069s] -- Up-to-date symlink: /home/rens/linorobot2_ws/install/drive_base_msgs/include/drive_base_msgs/drive_base_msgs/msg/detail/trv_command__traits.hpp
[11.070s] -- Up-to-date symlink: /home/rens/linorobot2_ws/install/drive_base_msgs/include/drive_base_msgs/drive_base_msgs/msg/detail/trv_command__type_support.hpp
[11.070s] -- Up-to-date symlink: /home/rens/linorobot2_ws/install/drive_base_msgs/include/drive_base_msgs/drive_base_msgs/msg/rosidl_generator_cpp__visibility_control.hpp
[11.080s] -- Up-to-date symlink: /home/rens/linorobot2_ws/install/drive_base_msgs/include/drive_base_msgs/drive_base_msgs/msg/trv_command.hpp
[11.083s] -- Up-to-date symlink: /home/rens/linorobot2_ws/install/drive_base_msgs/include/drive_base_msgs/drive_base_msgs/msg/detail/base_info__rosidl_typesupport_fastrtps_cpp.hpp
[11.086s] -- Up-to-date symlink: /home/rens/linorobot2_ws/install/drive_base_msgs/include/drive_base_msgs/drive_base_msgs/msg/detail/command_header__rosidl_typesupport_fastrtps_cpp.hpp
[11.089s] -- Up-to-date symlink: /home/rens/linorobot2_ws/install/drive_base_msgs/include/drive_base_msgs/drive_base_msgs/msg/detail/command_status__rosidl_typesupport_fastrtps_cpp.hpp
[11.092s] -- Up-to-date symlink: /home/rens/linorobot2_ws/install/drive_base_msgs/include/drive_base_msgs/drive_base_msgs/msg/detail/trv_command__rosidl_typesupport_fastrtps_cpp.hpp
[11.097s] -- Up-to-date symlink: /home/rens/linorobot2_ws/install/drive_base_msgs/include/drive_base_msgs/drive_base_msgs/msg/rosidl_typesupport_fastrtps_cpp__visibility_control.h
[11.099s] -- Up-to-date symlink: /home/rens/linorobot2_ws/install/drive_base_msgs/include/drive_base_msgs/drive_base_msgs/msg/detail/base_info__rosidl_typesupport_introspection_c.h
[11.103s] -- Up-to-date symlink: /home/rens/linorobot2_ws/install/drive_base_msgs/include/drive_base_msgs/drive_base_msgs/msg/detail/command_header__rosidl_typesupport_introspection_c.h
[11.106s] -- Up-to-date symlink: /home/rens/linorobot2_ws/install/drive_base_msgs/include/drive_base_msgs/drive_base_msgs/msg/detail/command_status__rosidl_typesupport_introspection_c.h
[11.109s] -- Up-to-date symlink: /home/rens/linorobot2_ws/install/drive_base_msgs/include/drive_base_msgs/drive_base_msgs/msg/detail/trv_command__rosidl_typesupport_introspection_c.h
[11.111s] -- Up-to-date symlink: /home/rens/linorobot2_ws/install/drive_base_msgs/include/drive_base_msgs/drive_base_msgs/msg/rosidl_typesupport_introspection_c__visibility_control.h
[11.115s] -- Up-to-date symlink: /home/rens/linorobot2_ws/install/drive_base_msgs/include/drive_base_msgs/drive_base_msgs/msg/detail/base_info__rosidl_typesupport_introspection_cpp.hpp
[11.118s] -- Up-to-date symlink: /home/rens/linorobot2_ws/install/drive_base_msgs/include/drive_base_msgs/drive_base_msgs/msg/detail/command_header__rosidl_typesupport_introspection_cpp.hpp
[11.122s] -- Up-to-date symlink: /home/rens/linorobot2_ws/install/drive_base_msgs/include/drive_base_msgs/drive_base_msgs/msg/detail/command_status__rosidl_typesupport_introspection_cpp.hpp
[11.126s] -- Up-to-date symlink: /home/rens/linorobot2_ws/install/drive_base_msgs/include/drive_base_msgs/drive_base_msgs/msg/detail/trv_command__rosidl_typesupport_introspection_cpp.hpp
[11.129s] -- Up-to-date symlink: /home/rens/linorobot2_ws/install/drive_base_msgs/share/drive_base_msgs/environment/pythonpath.sh
[11.132s] -- Up-to-date symlink: /home/rens/linorobot2_ws/install/drive_base_msgs/share/drive_base_msgs/environment/pythonpath.dsv
[11.135s] -- Up-to-date symlink: /home/rens/linorobot2_ws/install/drive_base_msgs/lib/python3.12/site-packages/drive_base_msgs-0.0.0-py3.12.egg-info/PKG-INFO
[11.139s] -- Up-to-date symlink: /home/rens/linorobot2_ws/install/drive_base_msgs/lib/python3.12/site-packages/drive_base_msgs-0.0.0-py3.12.egg-info/SOURCES.txt
[11.142s] -- Up-to-date symlink: /home/rens/linorobot2_ws/install/drive_base_msgs/lib/python3.12/site-packages/drive_base_msgs-0.0.0-py3.12.egg-info/dependency_links.txt
[11.145s] -- Up-to-date symlink: /home/rens/linorobot2_ws/install/drive_base_msgs/lib/python3.12/site-packages/drive_base_msgs-0.0.0-py3.12.egg-info/top_level.txt
[11.149s] -- Up-to-date symlink: /home/rens/linorobot2_ws/install/drive_base_msgs/lib/python3.12/site-packages/drive_base_msgs/__init__.py
[11.152s] -- Up-to-date symlink: /home/rens/linorobot2_ws/install/drive_base_msgs/lib/python3.12/site-packages/drive_base_msgs/_drive_base_msgs_s.ep.rosidl_typesupport_c.c
[11.156s] -- Up-to-date symlink: /home/rens/linorobot2_ws/install/drive_base_msgs/lib/python3.12/site-packages/drive_base_msgs/_drive_base_msgs_s.ep.rosidl_typesupport_fastrtps_c.c
[11.160s] -- Up-to-date symlink: /home/rens/linorobot2_ws/install/drive_base_msgs/lib/python3.12/site-packages/drive_base_msgs/_drive_base_msgs_s.ep.rosidl_typesupport_introspection_c.c
[11.163s] -- Up-to-date symlink: /home/rens/linorobot2_ws/install/drive_base_msgs/lib/python3.12/site-packages/drive_base_msgs/drive_base_msgs_s__rosidl_typesupport_c.so
[11.167s] -- Up-to-date symlink: /home/rens/linorobot2_ws/install/drive_base_msgs/lib/python3.12/site-packages/drive_base_msgs/drive_base_msgs_s__rosidl_typesupport_fastrtps_c.so
[11.172s] -- Up-to-date symlink: /home/rens/linorobot2_ws/install/drive_base_msgs/lib/python3.12/site-packages/drive_base_msgs/drive_base_msgs_s__rosidl_typesupport_introspection_c.so
[11.178s] -- Up-to-date symlink: /home/rens/linorobot2_ws/install/drive_base_msgs/lib/python3.12/site-packages/drive_base_msgs/msg/__init__.py
[11.180s] -- Up-to-date symlink: /home/rens/linorobot2_ws/install/drive_base_msgs/lib/python3.12/site-packages/drive_base_msgs/msg/_base_info.py
[11.183s] -- Up-to-date symlink: /home/rens/linorobot2_ws/install/drive_base_msgs/lib/python3.12/site-packages/drive_base_msgs/msg/_base_info_s.c
[11.186s] -- Up-to-date symlink: /home/rens/linorobot2_ws/install/drive_base_msgs/lib/python3.12/site-packages/drive_base_msgs/msg/_command_header.py
[11.190s] -- Up-to-date symlink: /home/rens/linorobot2_ws/install/drive_base_msgs/lib/python3.12/site-packages/drive_base_msgs/msg/_command_header_s.c
[11.193s] -- Up-to-date symlink: /home/rens/linorobot2_ws/install/drive_base_msgs/lib/python3.12/site-packages/drive_base_msgs/msg/_command_status.py
[11.196s] -- Up-to-date symlink: /home/rens/linorobot2_ws/install/drive_base_msgs/lib/python3.12/site-packages/drive_base_msgs/msg/_command_status_s.c
[11.199s] -- Up-to-date symlink: /home/rens/linorobot2_ws/install/drive_base_msgs/lib/python3.12/site-packages/drive_base_msgs/msg/_trv_command.py
[11.203s] -- Up-to-date symlink: /home/rens/linorobot2_ws/install/drive_base_msgs/lib/python3.12/site-packages/drive_base_msgs/msg/_trv_command_s.c
[11.206s] -- Up-to-date symlink: /home/rens/linorobot2_ws/install/drive_base_msgs/lib/python3.12/site-packages/drive_base_msgs/drive_base_msgs_s__rosidl_typesupport_fastrtps_c.so
[11.210s] -- Up-to-date symlink: /home/rens/linorobot2_ws/install/drive_base_msgs/lib/python3.12/site-packages/drive_base_msgs/drive_base_msgs_s__rosidl_typesupport_introspection_c.so
[11.213s] -- Up-to-date symlink: /home/rens/linorobot2_ws/install/drive_base_msgs/lib/python3.12/site-packages/drive_base_msgs/drive_base_msgs_s__rosidl_typesupport_c.so
[11.217s] -- Up-to-date symlink: /home/rens/linorobot2_ws/install/drive_base_msgs/share/drive_base_msgs/msg/CommandHeader.idl
[11.220s] -- Up-to-date symlink: /home/rens/linorobot2_ws/install/drive_base_msgs/share/drive_base_msgs/msg/BaseInfo.idl
[11.223s] -- Up-to-date symlink: /home/rens/linorobot2_ws/install/drive_base_msgs/share/drive_base_msgs/msg/CommandStatus.idl
[11.226s] -- Up-to-date symlink: /home/rens/linorobot2_ws/install/drive_base_msgs/share/drive_base_msgs/msg/TRVCommand.idl
[11.230s] -- Up-to-date symlink: /home/rens/linorobot2_ws/install/drive_base_msgs/share/drive_base_msgs/msg/CommandHeader.msg
[11.234s] -- Up-to-date symlink: /home/rens/linorobot2_ws/install/drive_base_msgs/share/drive_base_msgs/msg/BaseInfo.msg
[11.237s] -- Up-to-date symlink: /home/rens/linorobot2_ws/install/drive_base_msgs/share/drive_base_msgs/msg/CommandStatus.msg
[11.242s] -- Up-to-date symlink: /home/rens/linorobot2_ws/install/drive_base_msgs/share/drive_base_msgs/msg/TRVCommand.msg
[11.246s] -- Up-to-date symlink: /home/rens/linorobot2_ws/install/drive_base_msgs/share/ament_index/resource_index/package_run_dependencies/drive_base_msgs
[11.250s] -- Up-to-date symlink: /home/rens/linorobot2_ws/install/drive_base_msgs/share/ament_index/resource_index/parent_prefix_path/drive_base_msgs
[11.253s] -- Up-to-date symlink: /home/rens/linorobot2_ws/install/drive_base_msgs/share/drive_base_msgs/environment/ament_prefix_path.sh
[11.257s] -- Up-to-date symlink: /home/rens/linorobot2_ws/install/drive_base_msgs/share/drive_base_msgs/environment/ament_prefix_path.dsv
[11.260s] -- Up-to-date symlink: /home/rens/linorobot2_ws/install/drive_base_msgs/share/drive_base_msgs/environment/path.sh
[11.264s] -- Up-to-date symlink: /home/rens/linorobot2_ws/install/drive_base_msgs/share/drive_base_msgs/environment/path.dsv
[11.267s] -- Up-to-date symlink: /home/rens/linorobot2_ws/install/drive_base_msgs/share/drive_base_msgs/local_setup.bash
[11.270s] -- Up-to-date symlink: /home/rens/linorobot2_ws/install/drive_base_msgs/share/drive_base_msgs/local_setup.sh
[11.274s] -- Up-to-date symlink: /home/rens/linorobot2_ws/install/drive_base_msgs/share/drive_base_msgs/local_setup.zsh
[11.277s] -- Up-to-date symlink: /home/rens/linorobot2_ws/install/drive_base_msgs/share/drive_base_msgs/local_setup.dsv
[11.281s] -- Symlinking: /home/rens/linorobot2_ws/install/drive_base_msgs/share/drive_base_msgs/package.dsv
[11.362s] -- Up-to-date symlink: /home/rens/linorobot2_ws/install/drive_base_msgs/share/ament_index/resource_index/packages/drive_base_msgs
[11.373s] -- Up-to-date symlink: /home/rens/linorobot2_ws/install/drive_base_msgs/share/drive_base_msgs/cmake/rosidl_cmake-extras.cmake
[11.385s] -- Up-to-date symlink: /home/rens/linorobot2_ws/install/drive_base_msgs/share/drive_base_msgs/cmake/ament_cmake_export_dependencies-extras.cmake
[11.393s] -- Up-to-date symlink: /home/rens/linorobot2_ws/install/drive_base_msgs/share/drive_base_msgs/cmake/ament_cmake_export_include_directories-extras.cmake
[11.399s] -- Up-to-date symlink: /home/rens/linorobot2_ws/install/drive_base_msgs/share/drive_base_msgs/cmake/ament_cmake_export_libraries-extras.cmake
[11.399s] -- Up-to-date symlink: /home/rens/linorobot2_ws/install/drive_base_msgs/share/drive_base_msgs/cmake/ament_cmake_export_targets-extras.cmake
[11.400s] -- Up-to-date symlink: /home/rens/linorobot2_ws/install/drive_base_msgs/share/drive_base_msgs/cmake/rosidl_cmake_export_typesupport_targets-extras.cmake
[11.400s] -- Up-to-date symlink: /home/rens/linorobot2_ws/install/drive_base_msgs/share/drive_base_msgs/cmake/rosidl_cmake_export_typesupport_libraries-extras.cmake
[11.406s] -- Up-to-date symlink: /home/rens/linorobot2_ws/install/drive_base_msgs/share/drive_base_msgs/cmake/drive_base_msgsConfig.cmake
[11.408s] -- Up-to-date symlink: /home/rens/linorobot2_ws/install/drive_base_msgs/share/drive_base_msgs/cmake/drive_base_msgsConfig-version.cmake
[11.411s] -- Up-to-date symlink: /home/rens/linorobot2_ws/install/drive_base_msgs/share/drive_base_msgs/package.xml
[11.411s] -- Up-to-date: /home/rens/linorobot2_ws/install/drive_base_msgs/lib/libdrive_base_msgs__rosidl_generator_c.so
[11.422s] -- Up-to-date: /home/rens/linorobot2_ws/install/drive_base_msgs/lib/libdrive_base_msgs__rosidl_typesupport_fastrtps_c.so
[11.440s] -- Up-to-date: /home/rens/linorobot2_ws/install/drive_base_msgs/lib/libdrive_base_msgs__rosidl_typesupport_fastrtps_cpp.so
[11.445s] -- Up-to-date: /home/rens/linorobot2_ws/install/drive_base_msgs/lib/libdrive_base_msgs__rosidl_typesupport_introspection_c.so
[11.456s] -- Up-to-date: /home/rens/linorobot2_ws/install/drive_base_msgs/lib/libdrive_base_msgs__rosidl_typesupport_c.so
[11.471s] -- Up-to-date: /home/rens/linorobot2_ws/install/drive_base_msgs/lib/libdrive_base_msgs__rosidl_typesupport_introspection_cpp.so
[11.475s] -- Up-to-date: /home/rens/linorobot2_ws/install/drive_base_msgs/lib/libdrive_base_msgs__rosidl_typesupport_cpp.so
[11.868s] Listing '/home/rens/linorobot2_ws/install/drive_base_msgs/lib/python3.12/site-packages/drive_base_msgs'...
[11.879s] Listing '/home/rens/linorobot2_ws/install/drive_base_msgs/lib/python3.12/site-packages/drive_base_msgs/msg'...
[11.933s] -- Up-to-date: /home/rens/linorobot2_ws/install/drive_base_msgs/lib/libdrive_base_msgs__rosidl_generator_py.so
[11.941s] -- Up-to-date: /home/rens/linorobot2_ws/install/drive_base_msgs/share/drive_base_msgs/cmake/export_drive_base_msgs__rosidl_generator_cExport.cmake
[11.942s] -- Up-to-date: /home/rens/linorobot2_ws/install/drive_base_msgs/share/drive_base_msgs/cmake/export_drive_base_msgs__rosidl_generator_cExport-noconfig.cmake
[11.943s] -- Up-to-date: /home/rens/linorobot2_ws/install/drive_base_msgs/share/drive_base_msgs/cmake/export_drive_base_msgs__rosidl_typesupport_fastrtps_cExport.cmake
[11.947s] -- Up-to-date: /home/rens/linorobot2_ws/install/drive_base_msgs/share/drive_base_msgs/cmake/export_drive_base_msgs__rosidl_typesupport_fastrtps_cExport-noconfig.cmake
[11.952s] -- Up-to-date: /home/rens/linorobot2_ws/install/drive_base_msgs/share/drive_base_msgs/cmake/export_drive_base_msgs__rosidl_generator_cppExport.cmake
[11.952s] -- Up-to-date: /home/rens/linorobot2_ws/install/drive_base_msgs/share/drive_base_msgs/cmake/export_drive_base_msgs__rosidl_typesupport_fastrtps_cppExport.cmake
[11.953s] -- Up-to-date: /home/rens/linorobot2_ws/install/drive_base_msgs/share/drive_base_msgs/cmake/export_drive_base_msgs__rosidl_typesupport_fastrtps_cppExport-noconfig.cmake
[11.965s] -- Up-to-date: /home/rens/linorobot2_ws/install/drive_base_msgs/share/drive_base_msgs/cmake/drive_base_msgs__rosidl_typesupport_introspection_cExport.cmake
[11.969s] -- Up-to-date: /home/rens/linorobot2_ws/install/drive_base_msgs/share/drive_base_msgs/cmake/drive_base_msgs__rosidl_typesupport_introspection_cExport-noconfig.cmake
[11.978s] -- Up-to-date: /home/rens/linorobot2_ws/install/drive_base_msgs/share/drive_base_msgs/cmake/drive_base_msgs__rosidl_typesupport_cExport.cmake
[11.981s] -- Up-to-date: /home/rens/linorobot2_ws/install/drive_base_msgs/share/drive_base_msgs/cmake/drive_base_msgs__rosidl_typesupport_cExport-noconfig.cmake
[11.981s] -- Up-to-date: /home/rens/linorobot2_ws/install/drive_base_msgs/share/drive_base_msgs/cmake/drive_base_msgs__rosidl_typesupport_introspection_cppExport.cmake
[11.983s] -- Up-to-date: /home/rens/linorobot2_ws/install/drive_base_msgs/share/drive_base_msgs/cmake/drive_base_msgs__rosidl_typesupport_introspection_cppExport-noconfig.cmake
[11.984s] -- Up-to-date: /home/rens/linorobot2_ws/install/drive_base_msgs/share/drive_base_msgs/cmake/drive_base_msgs__rosidl_typesupport_cppExport.cmake
[11.990s] -- Up-to-date: /home/rens/linorobot2_ws/install/drive_base_msgs/share/drive_base_msgs/cmake/drive_base_msgs__rosidl_typesupport_cppExport-noconfig.cmake
[11.991s] -- Up-to-date: /home/rens/linorobot2_ws/install/drive_base_msgs/share/drive_base_msgs/cmake/export_drive_base_msgs__rosidl_generator_pyExport.cmake
[11.999s] -- Up-to-date: /home/rens/linorobot2_ws/install/drive_base_msgs/share/drive_base_msgs/cmake/export_drive_base_msgs__rosidl_generator_pyExport-noconfig.cmake
[12.006s] Invoked command in '/home/rens/linorobot2_ws/build/drive_base_msgs' returned '0': CMAKE_PREFIX_PATH=${CMAKE_PREFIX_PATH}:/opt/ros/jazzy /usr/bin/cmake --install /home/rens/linorobot2_ws/build/drive_base_msgs
