[0.132s] Invoking command in '/home/rens/linorobot2_ws/build/sllidar_ros2': CMAKE_PREFIX_PATH=${CMAKE_PREFIX_PATH}:/opt/ros/jazzy /usr/bin/cmake --build /home/rens/linorobot2_ws/build/sllidar_ros2 -- -j4 -l4
[1.138s] [ 10%] Built target sllidar_client
[1.148s] [100%] Built target sllidar_node
[1.448s] Invoked command in '/home/rens/linorobot2_ws/build/sllidar_ros2' returned '0': CMAKE_PREFIX_PATH=${CMAKE_PREFIX_PATH}:/opt/ros/jazzy /usr/bin/cmake --build /home/rens/linorobot2_ws/build/sllidar_ros2 -- -j4 -l4
[1.451s] Invoking command in '/home/rens/linorobot2_ws/build/sllidar_ros2': CMAKE_PREFIX_PATH=${CMAKE_PREFIX_PATH}:/opt/ros/jazzy /usr/bin/cmake --install /home/rens/linorobot2_ws/build/sllidar_ros2
[1.517s] -- Install configuration: ""
[1.519s] -- Execute custom install script
[1.524s] -- Up-to-date symlink: /home/rens/linorobot2_ws/install/sllidar_ros2/share/sllidar_ros2/launch/sllidar_a1_launch.py
[1.525s] -- Up-to-date symlink: /home/rens/linorobot2_ws/install/sllidar_ros2/share/sllidar_ros2/launch/sllidar_a2m12_launch .py
[1.527s] -- Up-to-date symlink: /home/rens/linorobot2_ws/install/sllidar_ros2/share/sllidar_ros2/launch/sllidar_a2m7_launch.py
[1.529s] -- Up-to-date symlink: /home/rens/linorobot2_ws/install/sllidar_ros2/share/sllidar_ros2/launch/sllidar_a2m8_launch.py
[1.531s] -- Up-to-date symlink: /home/rens/linorobot2_ws/install/sllidar_ros2/share/sllidar_ros2/launch/sllidar_a3_launch.py
[1.533s] -- Up-to-date symlink: /home/rens/linorobot2_ws/install/sllidar_ros2/share/sllidar_ros2/launch/sllidar_c1_launch.py
[1.535s] -- Up-to-date symlink: /home/rens/linorobot2_ws/install/sllidar_ros2/share/sllidar_ros2/launch/sllidar_s1_launch.py
[1.537s] -- Up-to-date symlink: /home/rens/linorobot2_ws/install/sllidar_ros2/share/sllidar_ros2/launch/sllidar_s1_tcp_launch.py
[1.539s] -- Up-to-date symlink: /home/rens/linorobot2_ws/install/sllidar_ros2/share/sllidar_ros2/launch/sllidar_s2_launch.py
[1.539s] -- Up-to-date symlink: /home/rens/linorobot2_ws/install/sllidar_ros2/share/sllidar_ros2/launch/sllidar_s2e_launch.py
[1.542s] -- Up-to-date symlink: /home/rens/linorobot2_ws/install/sllidar_ros2/share/sllidar_ros2/launch/sllidar_s3_launch.py
[1.543s] -- Up-to-date symlink: /home/rens/linorobot2_ws/install/sllidar_ros2/share/sllidar_ros2/launch/sllidar_t1_launch.py
[1.546s] -- Up-to-date symlink: /home/rens/linorobot2_ws/install/sllidar_ros2/share/sllidar_ros2/launch/view_sllidar_a1_launch.py
[1.546s] -- Up-to-date symlink: /home/rens/linorobot2_ws/install/sllidar_ros2/share/sllidar_ros2/launch/view_sllidar_a2m12_launch.py
[1.548s] -- Up-to-date symlink: /home/rens/linorobot2_ws/install/sllidar_ros2/share/sllidar_ros2/launch/view_sllidar_a2m7_launch.py
[1.551s] -- Up-to-date symlink: /home/rens/linorobot2_ws/install/sllidar_ros2/share/sllidar_ros2/launch/view_sllidar_a2m8_launch.py
[1.551s] -- Up-to-date symlink: /home/rens/linorobot2_ws/install/sllidar_ros2/share/sllidar_ros2/launch/view_sllidar_a3_launch.py
[1.553s] -- Up-to-date symlink: /home/rens/linorobot2_ws/install/sllidar_ros2/share/sllidar_ros2/launch/view_sllidar_c1_launch.py
[1.554s] -- Up-to-date symlink: /home/rens/linorobot2_ws/install/sllidar_ros2/share/sllidar_ros2/launch/view_sllidar_s1_launch.py
[1.556s] -- Up-to-date symlink: /home/rens/linorobot2_ws/install/sllidar_ros2/share/sllidar_ros2/launch/view_sllidar_s1_tcp_launch.py
[1.559s] -- Up-to-date symlink: /home/rens/linorobot2_ws/install/sllidar_ros2/share/sllidar_ros2/launch/view_sllidar_s2_launch.py
[1.559s] -- Up-to-date symlink: /home/rens/linorobot2_ws/install/sllidar_ros2/share/sllidar_ros2/launch/view_sllidar_s2e_launch.py
[1.561s] -- Up-to-date symlink: /home/rens/linorobot2_ws/install/sllidar_ros2/share/sllidar_ros2/launch/view_sllidar_s3_launch.py
[1.562s] -- Up-to-date symlink: /home/rens/linorobot2_ws/install/sllidar_ros2/share/sllidar_ros2/launch/view_sllidar_t1_launch.py
[1.565s] -- Up-to-date symlink: /home/rens/linorobot2_ws/install/sllidar_ros2/share/sllidar_ros2/rviz/sllidar_ros2.rviz
[1.566s] -- Up-to-date symlink: /home/rens/linorobot2_ws/install/sllidar_ros2/lib/sllidar_ros2/sllidar_node
[1.567s] -- Up-to-date symlink: /home/rens/linorobot2_ws/install/sllidar_ros2/lib/sllidar_ros2/sllidar_client
[1.567s] -- Up-to-date symlink: /home/rens/linorobot2_ws/install/sllidar_ros2/share/ament_index/resource_index/package_run_dependencies/sllidar_ros2
[1.568s] -- Up-to-date symlink: /home/rens/linorobot2_ws/install/sllidar_ros2/share/ament_index/resource_index/parent_prefix_path/sllidar_ros2
[1.572s] -- Up-to-date symlink: /home/rens/linorobot2_ws/install/sllidar_ros2/share/sllidar_ros2/environment/ament_prefix_path.sh
[1.578s] -- Up-to-date symlink: /home/rens/linorobot2_ws/install/sllidar_ros2/share/sllidar_ros2/environment/ament_prefix_path.dsv
[1.579s] -- Up-to-date symlink: /home/rens/linorobot2_ws/install/sllidar_ros2/share/sllidar_ros2/environment/path.sh
[1.579s] -- Up-to-date symlink: /home/rens/linorobot2_ws/install/sllidar_ros2/share/sllidar_ros2/environment/path.dsv
[1.580s] -- Up-to-date symlink: /home/rens/linorobot2_ws/install/sllidar_ros2/share/sllidar_ros2/local_setup.bash
[1.581s] -- Up-to-date symlink: /home/rens/linorobot2_ws/install/sllidar_ros2/share/sllidar_ros2/local_setup.sh
[1.581s] -- Up-to-date symlink: /home/rens/linorobot2_ws/install/sllidar_ros2/share/sllidar_ros2/local_setup.zsh
[1.582s] -- Up-to-date symlink: /home/rens/linorobot2_ws/install/sllidar_ros2/share/sllidar_ros2/local_setup.dsv
[1.582s] -- Symlinking: /home/rens/linorobot2_ws/install/sllidar_ros2/share/sllidar_ros2/package.dsv
[1.649s] -- Up-to-date symlink: /home/rens/linorobot2_ws/install/sllidar_ros2/share/ament_index/resource_index/packages/sllidar_ros2
[1.655s] -- Up-to-date symlink: /home/rens/linorobot2_ws/install/sllidar_ros2/share/sllidar_ros2/cmake/ament_cmake_export_dependencies-extras.cmake
[1.658s] -- Up-to-date symlink: /home/rens/linorobot2_ws/install/sllidar_ros2/share/sllidar_ros2/cmake/ament_cmake_export_include_directories-extras.cmake
[1.666s] -- Up-to-date symlink: /home/rens/linorobot2_ws/install/sllidar_ros2/share/sllidar_ros2/cmake/sllidar_ros2Config.cmake
[1.671s] -- Up-to-date symlink: /home/rens/linorobot2_ws/install/sllidar_ros2/share/sllidar_ros2/cmake/sllidar_ros2Config-version.cmake
[1.673s] -- Up-to-date symlink: /home/rens/linorobot2_ws/install/sllidar_ros2/share/sllidar_ros2/package.xml
[1.698s] Invoked command in '/home/rens/linorobot2_ws/build/sllidar_ros2' returned '0': CMAKE_PREFIX_PATH=${CMAKE_PREFIX_PATH}:/opt/ros/jazzy /usr/bin/cmake --install /home/rens/linorobot2_ws/build/sllidar_ros2
