[0.129s] Invoking command in '/home/rens/linorobot2_ws/build/sllidar_ros2': CMAKE_PREFIX_PATH=${CMAKE_PREFIX_PATH}:/opt/ros/jazzy /usr/bin/cmake --build /home/rens/linorobot2_ws/build/sllidar_ros2 -- -j4 -l4
[1.106s] [ 90%] Built target sllidar_node
[2.034s] [100%] Built target sllidar_client
[2.078s] Invoked command in '/home/rens/linorobot2_ws/build/sllidar_ros2' returned '0': CMAKE_PREFIX_PATH=${CMAKE_PREFIX_PATH}:/opt/ros/jazzy /usr/bin/cmake --build /home/rens/linorobot2_ws/build/sllidar_ros2 -- -j4 -l4
[2.089s] Invoking command in '/home/rens/linorobot2_ws/build/sllidar_ros2': CMAKE_PREFIX_PATH=${CMAKE_PREFIX_PATH}:/opt/ros/jazzy /usr/bin/cmake --install /home/rens/linorobot2_ws/build/sllidar_ros2
[2.232s] -- Install configuration: ""
[2.244s] -- Execute custom install script
[2.262s] -- Up-to-date symlink: /home/rens/linorobot2_ws/install/sllidar_ros2/share/sllidar_ros2/launch/sllidar_a1_launch.py
[2.263s] -- Up-to-date symlink: /home/rens/linorobot2_ws/install/sllidar_ros2/share/sllidar_ros2/launch/sllidar_a2m12_launch .py
[2.267s] -- Up-to-date symlink: /home/rens/linorobot2_ws/install/sllidar_ros2/share/sllidar_ros2/launch/sllidar_a2m7_launch.py
[2.269s] -- Up-to-date symlink: /home/rens/linorobot2_ws/install/sllidar_ros2/share/sllidar_ros2/launch/sllidar_a2m8_launch.py
[2.272s] -- Up-to-date symlink: /home/rens/linorobot2_ws/install/sllidar_ros2/share/sllidar_ros2/launch/sllidar_a3_launch.py
[2.276s] -- Up-to-date symlink: /home/rens/linorobot2_ws/install/sllidar_ros2/share/sllidar_ros2/launch/sllidar_c1_launch.py
[2.277s] -- Up-to-date symlink: /home/rens/linorobot2_ws/install/sllidar_ros2/share/sllidar_ros2/launch/sllidar_s1_launch.py
[2.284s] -- Up-to-date symlink: /home/rens/linorobot2_ws/install/sllidar_ros2/share/sllidar_ros2/launch/sllidar_s1_tcp_launch.py
[2.288s] -- Up-to-date symlink: /home/rens/linorobot2_ws/install/sllidar_ros2/share/sllidar_ros2/launch/sllidar_s2_launch.py
[2.293s] -- Up-to-date symlink: /home/rens/linorobot2_ws/install/sllidar_ros2/share/sllidar_ros2/launch/sllidar_s2e_launch.py
[2.296s] -- Up-to-date symlink: /home/rens/linorobot2_ws/install/sllidar_ros2/share/sllidar_ros2/launch/sllidar_s3_launch.py
[2.297s] -- Up-to-date symlink: /home/rens/linorobot2_ws/install/sllidar_ros2/share/sllidar_ros2/launch/sllidar_t1_launch.py
[2.305s] -- Up-to-date symlink: /home/rens/linorobot2_ws/install/sllidar_ros2/share/sllidar_ros2/launch/view_sllidar_a1_launch.py
[2.317s] -- Up-to-date symlink: /home/rens/linorobot2_ws/install/sllidar_ros2/share/sllidar_ros2/launch/view_sllidar_a2m12_launch.py
[2.317s] -- Up-to-date symlink: /home/rens/linorobot2_ws/install/sllidar_ros2/share/sllidar_ros2/launch/view_sllidar_a2m7_launch.py
[2.321s] -- Up-to-date symlink: /home/rens/linorobot2_ws/install/sllidar_ros2/share/sllidar_ros2/launch/view_sllidar_a2m8_launch.py
[2.324s] -- Up-to-date symlink: /home/rens/linorobot2_ws/install/sllidar_ros2/share/sllidar_ros2/launch/view_sllidar_a3_launch.py
[2.324s] -- Up-to-date symlink: /home/rens/linorobot2_ws/install/sllidar_ros2/share/sllidar_ros2/launch/view_sllidar_c1_launch.py
[2.329s] -- Up-to-date symlink: /home/rens/linorobot2_ws/install/sllidar_ros2/share/sllidar_ros2/launch/view_sllidar_s1_launch.py
[2.333s] -- Up-to-date symlink: /home/rens/linorobot2_ws/install/sllidar_ros2/share/sllidar_ros2/launch/view_sllidar_s1_tcp_launch.py
[2.335s] -- Up-to-date symlink: /home/rens/linorobot2_ws/install/sllidar_ros2/share/sllidar_ros2/launch/view_sllidar_s2_launch.py
[2.336s] -- Up-to-date symlink: /home/rens/linorobot2_ws/install/sllidar_ros2/share/sllidar_ros2/launch/view_sllidar_s2e_launch.py
[2.340s] -- Up-to-date symlink: /home/rens/linorobot2_ws/install/sllidar_ros2/share/sllidar_ros2/launch/view_sllidar_s3_launch.py
[2.343s] -- Up-to-date symlink: /home/rens/linorobot2_ws/install/sllidar_ros2/share/sllidar_ros2/launch/view_sllidar_t1_launch.py
[2.344s] -- Up-to-date symlink: /home/rens/linorobot2_ws/install/sllidar_ros2/share/sllidar_ros2/rviz/sllidar_ros2.rviz
[2.352s] -- Up-to-date symlink: /home/rens/linorobot2_ws/install/sllidar_ros2/lib/sllidar_ros2/sllidar_node
[2.355s] -- Up-to-date symlink: /home/rens/linorobot2_ws/install/sllidar_ros2/lib/sllidar_ros2/sllidar_client
[2.363s] -- Up-to-date symlink: /home/rens/linorobot2_ws/install/sllidar_ros2/share/ament_index/resource_index/package_run_dependencies/sllidar_ros2
[2.364s] -- Up-to-date symlink: /home/rens/linorobot2_ws/install/sllidar_ros2/share/ament_index/resource_index/parent_prefix_path/sllidar_ros2
[2.368s] -- Up-to-date symlink: /home/rens/linorobot2_ws/install/sllidar_ros2/share/sllidar_ros2/environment/ament_prefix_path.sh
[2.374s] -- Up-to-date symlink: /home/rens/linorobot2_ws/install/sllidar_ros2/share/sllidar_ros2/environment/ament_prefix_path.dsv
[2.377s] -- Up-to-date symlink: /home/rens/linorobot2_ws/install/sllidar_ros2/share/sllidar_ros2/environment/path.sh
[2.382s] -- Up-to-date symlink: /home/rens/linorobot2_ws/install/sllidar_ros2/share/sllidar_ros2/environment/path.dsv
[2.387s] -- Up-to-date symlink: /home/rens/linorobot2_ws/install/sllidar_ros2/share/sllidar_ros2/local_setup.bash
[2.391s] -- Up-to-date symlink: /home/rens/linorobot2_ws/install/sllidar_ros2/share/sllidar_ros2/local_setup.sh
[2.395s] -- Up-to-date symlink: /home/rens/linorobot2_ws/install/sllidar_ros2/share/sllidar_ros2/local_setup.zsh
[2.397s] -- Up-to-date symlink: /home/rens/linorobot2_ws/install/sllidar_ros2/share/sllidar_ros2/local_setup.dsv
[2.401s] -- Symlinking: /home/rens/linorobot2_ws/install/sllidar_ros2/share/sllidar_ros2/package.dsv
[2.605s] -- Up-to-date symlink: /home/rens/linorobot2_ws/install/sllidar_ros2/share/ament_index/resource_index/packages/sllidar_ros2
[2.608s] -- Up-to-date symlink: /home/rens/linorobot2_ws/install/sllidar_ros2/share/sllidar_ros2/cmake/ament_cmake_export_dependencies-extras.cmake
[2.613s] -- Up-to-date symlink: /home/rens/linorobot2_ws/install/sllidar_ros2/share/sllidar_ros2/cmake/ament_cmake_export_include_directories-extras.cmake
[2.617s] -- Up-to-date symlink: /home/rens/linorobot2_ws/install/sllidar_ros2/share/sllidar_ros2/cmake/sllidar_ros2Config.cmake
[2.630s] -- Up-to-date symlink: /home/rens/linorobot2_ws/install/sllidar_ros2/share/sllidar_ros2/cmake/sllidar_ros2Config-version.cmake
[2.632s] -- Up-to-date symlink: /home/rens/linorobot2_ws/install/sllidar_ros2/share/sllidar_ros2/package.xml
[2.669s] Invoked command in '/home/rens/linorobot2_ws/build/sllidar_ros2' returned '0': CMAKE_PREFIX_PATH=${CMAKE_PREFIX_PATH}:/opt/ros/jazzy /usr/bin/cmake --install /home/rens/linorobot2_ws/build/sllidar_ros2
