[0.110s] Invoking command in '/home/rens/linorobot2_ws/build/linorobot2': CMAKE_PREFIX_PATH=${CMAKE_PREFIX_PATH}:/opt/ros/jazzy /usr/bin/cmake --build /home/rens/linorobot2_ws/build/linorobot2 -- -j4 -l4
[0.636s] Invoked command in '/home/rens/linorobot2_ws/build/linorobot2' returned '0': CMAKE_PREFIX_PATH=${CMAKE_PREFIX_PATH}:/opt/ros/jazzy /usr/bin/cmake --build /home/rens/linorobot2_ws/build/linorobot2 -- -j4 -l4
[0.645s] Invoking command in '/home/rens/linorobot2_ws/build/linorobot2': CMAKE_PREFIX_PATH=${CMAKE_PREFIX_PATH}:/opt/ros/jazzy /usr/bin/cmake --install /home/rens/linorobot2_ws/build/linorobot2
[0.732s] -- Install configuration: ""
[0.732s] -- Execute custom install script
[0.735s] -- Up-to-date symlink: /home/rens/linorobot2_ws/install/linorobot2/share/ament_index/resource_index/package_run_dependencies/linorobot2
[0.737s] -- Up-to-date symlink: /home/rens/linorobot2_ws/install/linorobot2/share/ament_index/resource_index/parent_prefix_path/linorobot2
[0.739s] -- Up-to-date symlink: /home/rens/linorobot2_ws/install/linorobot2/share/linorobot2/environment/ament_prefix_path.sh
[0.740s] -- Up-to-date symlink: /home/rens/linorobot2_ws/install/linorobot2/share/linorobot2/environment/ament_prefix_path.dsv
[0.741s] -- Up-to-date symlink: /home/rens/linorobot2_ws/install/linorobot2/share/linorobot2/environment/path.sh
[0.744s] -- Up-to-date symlink: /home/rens/linorobot2_ws/install/linorobot2/share/linorobot2/environment/path.dsv
[0.746s] -- Up-to-date symlink: /home/rens/linorobot2_ws/install/linorobot2/share/linorobot2/local_setup.bash
[0.747s] -- Up-to-date symlink: /home/rens/linorobot2_ws/install/linorobot2/share/linorobot2/local_setup.sh
[0.748s] -- Up-to-date symlink: /home/rens/linorobot2_ws/install/linorobot2/share/linorobot2/local_setup.zsh
[0.748s] -- Up-to-date symlink: /home/rens/linorobot2_ws/install/linorobot2/share/linorobot2/local_setup.dsv
[0.749s] -- Symlinking: /home/rens/linorobot2_ws/install/linorobot2/share/linorobot2/package.dsv
[0.826s] -- Up-to-date symlink: /home/rens/linorobot2_ws/install/linorobot2/share/ament_index/resource_index/packages/linorobot2
[0.828s] -- Up-to-date symlink: /home/rens/linorobot2_ws/install/linorobot2/share/linorobot2/cmake/linorobot2Config.cmake
[0.829s] -- Up-to-date symlink: /home/rens/linorobot2_ws/install/linorobot2/share/linorobot2/cmake/linorobot2Config-version.cmake
[0.832s] -- Up-to-date symlink: /home/rens/linorobot2_ws/install/linorobot2/share/linorobot2/package.xml
[0.961s] Invoked command in '/home/rens/linorobot2_ws/build/linorobot2' returned '0': CMAKE_PREFIX_PATH=${CMAKE_PREFIX_PATH}:/opt/ros/jazzy /usr/bin/cmake --install /home/rens/linorobot2_ws/build/linorobot2
